 --- Init ---
SarsaLambdaBot
 --- Bot used 84 milliseconds ---
-----------------------------------------------------------------------------
 --- Frame #1 ---
7 15 0 
 --- Bot used 34 milliseconds ---
-----------------------------------------------------------------------------
 --- Frame #2 ---
7 15 3 
 --- Bot used 39 milliseconds ---
-----------------------------------------------------------------------------
 --- Frame #3 ---
7 15 3 7 16 4 
 --- Bot used 31 milliseconds ---
-----------------------------------------------------------------------------
 --- Frame #4 ---
7 15 2 7 16 3 
 --- Bot used 23 milliseconds ---
-----------------------------------------------------------------------------
 --- Frame #5 ---
7 15 0 7 16 0 
 --- Bot used 22 milliseconds ---
-----------------------------------------------------------------------------
 --- Frame #6 ---
7 15 2 7 16 2 
 --- Bot used 26 milliseconds ---
-----------------------------------------------------------------------------
 --- Frame #7 ---
7 15 3 7 16 3 
 --- Bot used 43 milliseconds ---
-----------------------------------------------------------------------------
 --- Frame #8 ---
7 15 2 7 16 2 
 --- Bot used 21 milliseconds ---
-----------------------------------------------------------------------------
 --- Frame #9 ---
7 16 4 7 15 2 
 --- Bot used 22 milliseconds ---
-----------------------------------------------------------------------------
 --- Frame #10 ---
7 16 2 7 15 0 
 --- Bot used 28 milliseconds ---
-----------------------------------------------------------------------------
 --- Frame #11 ---
7 15 4 7 16 0 
 --- Bot used 41 milliseconds ---
-----------------------------------------------------------------------------
 --- Frame #12 ---
7 15 1 7 16 0 
 --- Bot used 20 milliseconds ---
-----------------------------------------------------------------------------
 --- Frame #13 ---
7 16 1 7 15 1 
 --- Bot used 21 milliseconds ---
-----------------------------------------------------------------------------
 --- Frame #14 ---
7 15 1 7 16 3 
 --- Bot used 21 milliseconds ---
-----------------------------------------------------------------------------
 --- Frame #15 ---
7 16 2 7 15 4 
 --- Bot used 30 milliseconds ---
-----------------------------------------------------------------------------
 --- Frame #16 ---
7 16 2 7 15 2 
 --- Bot used 40 milliseconds ---
-----------------------------------------------------------------------------
 --- Frame #17 ---
7 16 3 7 15 1 
 --- Bot used 23 milliseconds ---
-----------------------------------------------------------------------------
 --- Frame #18 ---
7 15 1 7 16 1 
 --- Bot used 23 milliseconds ---
-----------------------------------------------------------------------------
 --- Frame #19 ---
7 16 1 7 15 2 
 --- Bot used 28 milliseconds ---
-----------------------------------------------------------------------------
 --- Frame #20 ---
7 15 3 7 16 3 
 --- Bot used 21 milliseconds ---
-----------------------------------------------------------------------------
 --- Frame #21 ---
7 16 4 7 15 2 
 --- Bot used 21 milliseconds ---
-----------------------------------------------------------------------------
 --- Frame #22 ---
7 15 0 7 16 1 
 --- Bot used 24 milliseconds ---
-----------------------------------------------------------------------------
 --- Frame #23 ---
7 15 0 7 16 2 
 --- Bot used 32 milliseconds ---
-----------------------------------------------------------------------------
 --- Frame #24 ---
7 15 2 7 16 3 
 --- Bot used 21 milliseconds ---
-----------------------------------------------------------------------------
 --- Frame #25 ---
7 16 3 7 15 1 
 --- Bot used 21 milliseconds ---
-----------------------------------------------------------------------------
 --- Frame #26 ---
7 15 4 7 16 3 
 --- Bot used 24 milliseconds ---
-----------------------------------------------------------------------------
 --- Frame #27 ---
7 15 2 7 16 3 
 --- Bot used 32 milliseconds ---
-----------------------------------------------------------------------------
 --- Frame #28 ---
7 15 0 7 16 0 
 --- Bot used 21 milliseconds ---
-----------------------------------------------------------------------------
 --- Frame #29 ---
7 16 2 7 15 3 
 --- Bot used 21 milliseconds ---
-----------------------------------------------------------------------------
 --- Frame #30 ---
7 16 3 7 15 2 
 --- Bot used 24 milliseconds ---
-----------------------------------------------------------------------------
 --- Frame #31 ---
7 16 4 7 15 0 
 --- Bot used 30 milliseconds ---
-----------------------------------------------------------------------------
 --- Frame #32 ---
7 15 0 7 16 3 
 --- Bot used 21 milliseconds ---
-----------------------------------------------------------------------------
 --- Frame #33 ---
7 16 1 7 15 1 
 --- Bot used 20 milliseconds ---
-----------------------------------------------------------------------------
 --- Frame #34 ---
7 15 1 7 16 3 
 --- Bot used 20 milliseconds ---
-----------------------------------------------------------------------------
 --- Frame #35 ---
7 16 4 7 15 1 
 --- Bot used 25 milliseconds ---
-----------------------------------------------------------------------------
 --- Frame #36 ---
7 16 1 7 15 2 
 --- Bot used 32 milliseconds ---
-----------------------------------------------------------------------------
 --- Frame #37 ---
7 16 4 7 15 1 
 --- Bot used 24 milliseconds ---
-----------------------------------------------------------------------------
 --- Frame #38 ---
7 16 2 7 15 0 
 --- Bot used 21 milliseconds ---
-----------------------------------------------------------------------------
 --- Frame #39 ---
7 16 3 7 15 2 
 --- Bot used 25 milliseconds ---
-----------------------------------------------------------------------------
 --- Frame #40 ---
7 15 3 7 16 0 
 --- Bot used 65 milliseconds ---
-----------------------------------------------------------------------------
 --- Frame #41 ---
7 16 0 7 15 1 
 --- Bot used 33 milliseconds ---
-----------------------------------------------------------------------------
 --- Frame #42 ---
7 16 1 7 15 4 
 --- Bot used 30 milliseconds ---
-----------------------------------------------------------------------------
 --- Frame #43 ---
7 15 3 7 16 0 
 --- Bot used 40 milliseconds ---
-----------------------------------------------------------------------------
 --- Frame #44 ---
7 15 4 7 16 1 
 --- Bot used 21 milliseconds ---
-----------------------------------------------------------------------------
 --- Frame #45 ---
7 15 3 7 16 3 
 --- Bot used 21 milliseconds ---
-----------------------------------------------------------------------------
 --- Frame #46 ---
7 15 2 7 16 2 
 --- Bot used 26 milliseconds ---
-----------------------------------------------------------------------------
 --- Frame #47 ---
7 15 2 7 16 4 
 --- Bot used 37 milliseconds ---
-----------------------------------------------------------------------------
 --- Frame #48 ---
7 15 1 7 16 0 
 --- Bot used 29 milliseconds ---
-----------------------------------------------------------------------------
 --- Frame #49 ---
7 15 4 7 16 4 
 --- Bot used 25 milliseconds ---
-----------------------------------------------------------------------------
 --- Frame #50 ---
7 15 2 7 16 0 
 --- Bot used 39 milliseconds ---
-----------------------------------------------------------------------------
 --- Frame #51 ---
7 15 2 7 16 2 
 --- Bot used 21 milliseconds ---
-----------------------------------------------------------------------------
 --- Frame #52 ---
7 15 1 7 16 0 8 16 1 
 --- Bot used 24 milliseconds ---
-----------------------------------------------------------------------------
 --- Frame #53 ---
7 15 4 7 16 4 8 16 3 
 --- Bot used 31 milliseconds ---
-----------------------------------------------------------------------------
 --- Frame #54 ---
7 15 0 8 16 2 6 16 2 7 16 3 
 --- Bot used 31 milliseconds ---
-----------------------------------------------------------------------------
 --- Frame #55 ---
7 16 4 6 16 4 7 15 0 8 16 0 
 --- Bot used 22 milliseconds ---
-----------------------------------------------------------------------------
 --- Frame #56 ---
7 15 1 6 16 1 7 16 0 8 16 4 
 --- Bot used 22 milliseconds ---
-----------------------------------------------------------------------------
 --- Frame #57 ---
7 15 3 7 16 0 6 16 3 8 16 0 
 --- Bot used 27 milliseconds ---
-----------------------------------------------------------------------------
 --- Frame #58 ---
8 16 4 6 16 4 7 16 4 7 15 1 
 --- Bot used 44 milliseconds ---
-----------------------------------------------------------------------------
 --- Frame #59 ---
7 16 0 7 15 3 8 16 3 6 16 4 
 --- Bot used 23 milliseconds ---
-----------------------------------------------------------------------------
 --- Frame #60 ---
8 16 3 7 15 4 6 16 1 7 16 3 
 --- Bot used 24 milliseconds ---
-----------------------------------------------------------------------------
 --- Frame #61 ---
7 16 1 8 16 0 7 15 3 6 16 3 
 --- Bot used 33 milliseconds ---
-----------------------------------------------------------------------------
 --- Frame #62 ---
8 16 2 7 15 2 6 16 4 7 16 1 
 --- Bot used 31 milliseconds ---
-----------------------------------------------------------------------------
 --- Frame #63 ---
8 16 4 7 15 2 7 16 3 6 16 0 
 --- Bot used 23 milliseconds ---
-----------------------------------------------------------------------------
 --- Frame #64 ---
8 16 2 7 15 2 6 16 2 7 16 2 
 --- Bot used 28 milliseconds ---
-----------------------------------------------------------------------------
 --- Frame #65 ---
7 16 0 8 16 2 7 15 4 6 16 4 
 --- Bot used 42 milliseconds ---
-----------------------------------------------------------------------------
 --- Frame #66 ---
6 16 3 7 16 1 7 15 3 8 16 1 
 --- Bot used 22 milliseconds ---
-----------------------------------------------------------------------------
 --- Frame #67 ---
6 16 3 8 16 1 7 16 3 7 15 1 
 --- Bot used 22 milliseconds ---
-----------------------------------------------------------------------------
 --- Frame #68 ---
6 16 2 7 16 2 7 15 1 8 16 1 
 --- Bot used 23 milliseconds ---
-----------------------------------------------------------------------------
 --- Frame #69 ---
7 16 3 7 15 4 6 16 4 8 16 3 
 --- Bot used 28 milliseconds ---
-----------------------------------------------------------------------------
 --- Frame #70 ---
7 16 1 7 15 4 6 16 4 8 16 3 
 --- Bot used 35 milliseconds ---
-----------------------------------------------------------------------------
 --- Frame #71 ---
8 16 0 7 15 4 6 16 3 7 16 0 
 --- Bot used 23 milliseconds ---
-----------------------------------------------------------------------------
 --- Frame #72 ---
7 16 0 8 16 4 7 15 1 6 16 4 
 --- Bot used 26 milliseconds ---
-----------------------------------------------------------------------------
 --- Frame #73 ---
7 16 0 6 16 3 8 16 0 7 15 3 
 --- Bot used 34 milliseconds ---
-----------------------------------------------------------------------------
 --- Frame #74 ---
6 16 2 7 16 4 7 15 0 8 16 1 
 --- Bot used 26 milliseconds ---
-----------------------------------------------------------------------------
 --- Frame #75 ---
6 16 0 7 15 0 7 16 0 8 16 0 
 --- Bot used 23 milliseconds ---
-----------------------------------------------------------------------------
 --- Frame #76 ---
8 16 0 6 16 3 7 16 4 7 15 2 
 --- Bot used 27 milliseconds ---
-----------------------------------------------------------------------------
 --- Frame #77 ---
8 16 3 6 17 4 7 15 0 7 16 0 6 16 3 
 --- Bot used 33 milliseconds ---
-----------------------------------------------------------------------------
 --- Frame #78 ---
6 16 4 6 17 3 8 16 0 5 17 0 7 16 4 7 15 1 
 --- Bot used 24 milliseconds ---
-----------------------------------------------------------------------------
 --- Frame #79 ---
6 16 2 8 16 4 7 15 1 6 17 2 7 16 0 5 17 0 
 --- Bot used 24 milliseconds ---
-----------------------------------------------------------------------------
 --- Frame #80 ---
7 16 2 5 17 2 8 16 4 6 16 0 6 17 1 7 15 1 
 --- Bot used 31 milliseconds ---
-----------------------------------------------------------------------------
 --- Frame #81 ---
6 17 3 6 16 1 7 15 2 7 16 2 5 17 2 8 16 1 
 --- Bot used 33 milliseconds ---
-----------------------------------------------------------------------------
 --- Frame #82 ---
8 16 1 7 15 4 6 16 4 6 17 3 8 15 3 5 17 4 6 18 0 7 16 3 
 --- Bot used 25 milliseconds ---
-----------------------------------------------------------------------------
 --- Frame #83 ---
8 15 1 5 17 1 7 15 1 7 16 3 6 16 3 8 16 2 6 18 1 6 17 3 
 --- Bot used 30 milliseconds ---
-----------------------------------------------------------------------------
 --- Frame #84 ---
7 15 2 5 17 3 7 16 1 8 16 2 6 17 3 8 15 1 6 18 4 6 16 4 
 --- Bot used 36 milliseconds ---
-----------------------------------------------------------------------------
 --- Frame #85 ---
5 17 3 7 15 3 8 16 3 6 17 0 7 16 0 6 16 2 6 18 2 8 15 3 
 --- Bot used 25 milliseconds ---
-----------------------------------------------------------------------------
 --- Frame #86 ---
5 17 2 7 16 2 7 15 2 8 16 2 6 18 1 8 15 0 6 17 4 6 16 1 
 --- Bot used 28 milliseconds ---
-----------------------------------------------------------------------------
 --- Frame #87 ---
6 16 3 5 17 4 8 16 4 7 15 3 6 17 4 6 18 1 8 15 3 7 16 3 
 --- Bot used 32 milliseconds ---
-----------------------------------------------------------------------------
 --- Frame #88 ---
8 16 0 7 16 0 7 15 2 5 17 0 8 15 1 6 17 4 6 18 4 6 16 4 
 --- Bot used 30 milliseconds ---
-----------------------------------------------------------------------------
 --- Frame #89 ---
7 16 0 5 17 2 6 17 3 8 15 4 6 16 4 7 15 2 8 16 0 6 18 2 
 --- Bot used 25 milliseconds ---
-----------------------------------------------------------------------------
 --- Frame #90 ---
6 17 0 8 16 0 7 15 3 6 18 3 8 15 2 5 17 3 6 16 4 7 16 0 
 --- Bot used 29 milliseconds ---
-----------------------------------------------------------------------------
 --- Frame #91 ---
5 17 2 7 15 3 8 15 3 6 16 0 6 17 3 6 18 1 7 16 4 8 16 1 
 --- Bot used 44 milliseconds ---
-----------------------------------------------------------------------------
 --- Frame #92 ---
7 16 1 6 16 1 8 16 0 7 15 2 5 17 2 6 18 1 6 17 1 8 15 0 
 --- Bot used 25 milliseconds ---
-----------------------------------------------------------------------------
 --- Frame #93 ---
6 16 1 5 17 2 8 16 3 7 16 3 6 17 3 6 18 4 7 15 4 8 15 0 
 --- Bot used 30 milliseconds ---
-----------------------------------------------------------------------------
 --- Frame #94 ---
8 16 4 6 18 0 7 16 0 8 15 1 7 15 4 5 17 4 6 16 4 6 17 3 
 --- Bot used 34 milliseconds ---
-----------------------------------------------------------------------------
 --- Frame #95 ---
5 17 2 8 16 0 6 18 4 6 17 2 6 16 2 8 15 0 7 16 0 7 15 1 
 --- Bot used 25 milliseconds ---
-----------------------------------------------------------------------------
 --- Frame #96 ---
6 18 3 5 18 1 8 16 3 5 17 0 7 16 2 8 15 1 6 17 0 6 16 4 7 15 2 
 --- Bot used 25 milliseconds ---
-----------------------------------------------------------------------------
 --- Frame #97 ---
6 16 3 5 17 1 5 18 2 6 17 3 8 15 0 7 16 1 7 15 2 6 18 1 8 16 0 
 --- Bot used 25 milliseconds ---
-----------------------------------------------------------------------------
 --- Frame #98 ---
7 15 1 8 16 1 5 18 4 6 18 0 5 17 0 7 16 0 5 16 3 6 16 4 6 17 4 8 15 4 
 --- Bot used 31 milliseconds ---
-----------------------------------------------------------------------------
 --- Frame #99 ---
5 17 0 5 16 3 7 15 4 7 16 0 5 18 1 6 16 2 8 15 0 6 17 3 6 18 3 8 16 1 
 --- Bot used 46 milliseconds ---
-----------------------------------------------------------------------------
 --- Frame #100 ---
6 19 3 5 18 4 6 16 2 8 16 4 6 18 3 5 16 2 6 17 4 8 15 0 5 17 2 7 15 3 7 16 0 
 --- Bot used 52 milliseconds ---
-----------------------------------------------------------------------------
 --- Frame #101 ---
8 15 0 7 16 4 6 17 3 5 18 2 5 17 4 8 16 4 6 19 3 6 16 3 7 15 2 6 18 3 5 16 1 
 --- Bot used 45 milliseconds ---
-----------------------------------------------------------------------------
 --- Frame #102 ---
8 16 0 7 16 2 5 16 4 8 15 0 6 18 3 7 15 2 6 17 4 5 17 4 6 19 3 5 18 4 6 16 3 
 --- Bot used 43 milliseconds ---
-----------------------------------------------------------------------------
 --- Frame #103 ---
6 19 4 6 17 1 5 17 0 7 16 3 5 18 4 5 16 4 8 16 0 8 15 0 6 18 2 6 16 4 7 15 1 
 --- Bot used 33 milliseconds ---
-----------------------------------------------------------------------------
 --- Frame #104 ---
7 15 2 7 16 3 6 16 2 6 19 3 5 16 3 5 19 4 6 18 2 5 18 2 8 16 1 8 15 4 6 17 3 5 17 1 
 --- Bot used 47 milliseconds ---
-----------------------------------------------------------------------------
 --- Frame #105 ---
8 15 2 8 16 2 7 16 4 5 17 2 6 17 1 5 19 1 7 15 4 6 18 3 6 19 4 5 16 3 6 16 2 4 19 4 5 18 3 
 --- Bot used 29 milliseconds ---
-----------------------------------------------------------------------------
 --- Frame #106 ---
7 15 2 5 17 4 4 19 1 6 19 3 5 19 4 6 17 1 7 16 4 3 19 4 6 16 3 6 18 2 8 16 2 5 16 4 5 18 3 8 15 1 6 15 3 
 --- Bot used 34 milliseconds ---
-----------------------------------------------------------------------------
 --- Frame #107 ---
8 16 4 3 19 3 6 17 1 5 17 2 6 19 2 5 19 2 7 15 2 4 17 0 7 16 0 6 18 0 5 16 3 6 16 2 4 19 2 6 15 2 8 15 3 5 18 2 
 --- Bot used 47 milliseconds ---
-----------------------------------------------------------------------------
 --- Frame #108 ---
8 15 0 3 19 2 5 19 2 6 16 0 5 17 0 7 15 4 6 15 4 5 16 3 6 17 2 5 18 4 4 19 3 8 16 0 6 19 1 7 16 0 4 17 3 6 18 0 
 --- Bot used 34 milliseconds ---
-----------------------------------------------------------------------------
 --- Frame #109 ---
5 19 4 6 17 4 8 16 3 6 19 4 6 16 1 6 18 0 4 19 3 7 16 4 8 15 2 5 16 1 5 18 1 6 15 2 3 19 1 4 17 2 7 15 4 5 17 4 4 18 0 
 --- Bot used 37 milliseconds ---
-----------------------------------------------------------------------------
 --- Frame #110 ---
6 15 0 7 15 2 5 19 3 3 19 2 4 19 4 5 17 2 6 18 0 5 18 1 5 16 1 8 15 3 6 19 2 6 17 2 4 18 2 8 16 3 7 16 4 4 17 4 6 16 1 
 --- Bot used 48 milliseconds ---
-----------------------------------------------------------------------------
 --- Frame #111 ---
3 19 2 4 18 0 7 15 2 6 19 0 6 18 1 5 19 3 8 15 1 6 15 4 5 16 0 5 17 4 6 16 0 6 17 3 7 16 2 4 19 4 5 18 2 8 16 0 4 17 4 
 --- Bot used 31 milliseconds ---
-----------------------------------------------------------------------------
 --- Frame #112 ---
5 16 0 6 19 2 8 15 2 6 15 4 5 19 0 5 17 4 4 19 3 5 15 1 3 19 3 6 16 0 7 16 2 6 18 4 7 15 2 5 18 3 4 17 2 6 17 0 4 18 3 8 16 3 
 --- Bot used 40 milliseconds ---
-----------------------------------------------------------------------------
 --- Frame #113 ---
8 15 1 8 16 4 7 16 1 4 18 0 5 17 4 5 16 4 6 18 1 6 17 3 6 15 2 7 15 4 5 15 0 5 18 4 4 19 4 3 19 1 6 16 2 4 17 1 5 19 3 6 19 4 
 --- Bot used 44 milliseconds ---
-----------------------------------------------------------------------------
 --- Frame #114 ---
5 16 1 4 18 0 8 16 4 3 19 3 4 17 3 7 16 1 5 15 1 6 15 3 6 16 3 6 19 1 5 17 0 5 18 2 8 15 0 6 18 3 5 19 0 4 19 1 6 17 2 7 15 1 
 --- Bot used 32 milliseconds ---
-----------------------------------------------------------------------------
 --- Frame #115 ---
6 19 4 5 15 3 4 17 1 6 16 3 8 16 2 5 16 3 8 15 4 5 17 2 6 18 2 7 15 1 6 17 0 3 19 2 7 16 3 4 19 3 5 18 4 6 15 3 4 18 2 5 19 2 
 --- Bot used 41 milliseconds ---
-----------------------------------------------------------------------------
 --- Frame #116 ---
5 19 1 4 17 4 6 19 0 4 18 4 6 15 1 4 19 0 7 15 1 6 18 2 5 18 3 6 17 1 5 15 3 5 17 4 3 19 4 8 16 1 7 16 3 6 16 4 5 16 1 8 15 2 
 --- Bot used 67 milliseconds ---
-----------------------------------------------------------------------------
 --- Frame #117 ---
5 15 4 5 16 1 8 16 4 6 15 1 6 16 2 5 19 4 3 19 1 7 15 1 5 18 4 5 17 4 7 16 0 4 19 1 8 15 2 6 19 3 6 18 1 4 18 4 4 17 2 6 17 0 
 --- Bot used 53 milliseconds ---
-----------------------------------------------------------------------------
 --- Frame #118 ---
4 18 2 6 16 4 5 19 2 5 17 4 6 17 2 6 15 2 3 19 1 6 20 2 6 18 4 7 16 1 8 15 1 5 18 2 8 16 0 5 16 1 7 15 3 5 15 4 4 17 0 6 19 4 4 19 1 
 --- Bot used 70 milliseconds ---
-----------------------------------------------------------------------------
 --- Frame #119 ---
6 19 4 5 19 2 4 19 1 3 19 4 6 18 0 5 15 1 5 18 2 7 15 2 4 17 4 6 17 3 4 18 4 5 17 4 6 20 4 8 16 3 7 16 3 6 16 3 5 16 0 6 15 0 8 15 0 
 --- Bot used 51 milliseconds ---
-----------------------------------------------------------------------------
 --- Frame #120 ---
6 15 1 4 19 2 4 18 4 3 18 4 6 17 2 6 18 2 3 17 1 8 16 3 7 16 0 8 15 3 3 19 3 5 16 2 6 16 0 6 20 0 5 15 1 7 15 0 5 18 1 5 19 4 6 19 3 5 17 3 4 17 0 
 --- Bot used 78 milliseconds ---
-----------------------------------------------------------------------------
 --- Frame #121 ---
6 15 4 4 18 0 4 17 0 5 18 4 2 18 0 6 18 0 5 15 0 7 18 4 7 16 4 6 20 3 8 16 0 4 19 1 5 19 2 6 19 1 3 17 0 7 15 2 5 16 4 5 17 2 6 17 0 3 19 1 8 15 4 3 18 2 6 16 3 
 --- Bot used 55 milliseconds ---
-----------------------------------------------------------------------------
 --- Frame #122 ---
7 15 3 4 19 0 6 20 1 7 18 2 6 18 1 5 18 2 4 17 3 4 18 4 8 16 1 3 18 0 3 19 4 5 15 4 6 17 3 5 17 3 3 17 0 5 16 4 6 16 0 8 15 0 2 18 2 6 19 2 6 15 3 7 16 0 5 19 4 
 --- Bot used 76 milliseconds ---
-----------------------------------------------------------------------------
 --- Frame #123 ---
8 16 3 5 16 0 7 15 4 6 18 0 7 18 0 4 17 2 6 20 4 7 16 1 5 18 4 3 17 1 8 15 0 5 15 3 6 16 2 6 19 2 5 19 1 6 17 4 4 19 2 3 19 2 2 18 4 5 17 0 3 18 2 6 15 4 4 18 3 
 --- Bot used 52 milliseconds ---
-----------------------------------------------------------------------------
 --- Frame #124 ---
4 19 4 8 15 3 5 16 0 7 15 0 5 17 4 4 18 3 6 17 1 6 16 1 3 19 0 5 18 4 4 17 4 2 18 3 6 18 4 3 17 1 8 16 0 3 18 0 5 15 0 7 18 2 6 20 4 6 19 3 7 16 1 5 19 2 6 15 3 
 --- Bot used 77 milliseconds ---
-----------------------------------------------------------------------------
 --- Frame #125 ---
3 16 0 3 19 3 8 15 3 4 17 1 8 16 2 7 18 4 6 17 0 5 16 0 5 15 3 6 15 3 2 18 2 7 16 3 6 16 1 5 19 4 6 18 0 5 17 4 3 18 3 7 15 0 6 19 0 6 20 2 3 17 1 4 18 4 5 18 2 4 19 1 
 --- Bot used 57 milliseconds ---
-----------------------------------------------------------------------------
 --- Frame #126 ---
6 17 1 3 19 1 7 15 2 4 18 2 6 18 2 5 18 4 2 18 1 9 16 4 4 16 1 8 16 1 5 16 0 6 20 3 5 15 0 4 19 0 3 17 1 5 19 2 8 15 2 6 15 1 3 18 3 7 16 0 3 16 4 7 18 3 6 16 2 6 19 2 5 17 1 4 17 0 3 20 0 
 --- Bot used 55 milliseconds ---
-----------------------------------------------------------------------------
 --- Frame #127 ---
7 18 1 4 16 1 9 16 4 3 18 0 7 15 1 4 15 4 6 20 1 4 19 0 5 15 3 5 19 1 3 20 1 6 19 0 3 19 4 5 18 4 4 17 2 6 17 3 5 17 0 3 16 4 8 16 4 5 16 0 6 16 2 6 15 3 4 18 2 7 16 0 3 17 3 2 18 1 6 18 2 8 15 0 
 --- Bot used 43 milliseconds ---
-----------------------------------------------------------------------------
 --- Frame #128 ---
4 18 3 3 18 3 3 16 2 5 15 2 6 18 4 6 19 4 3 17 2 5 19 0 7 18 0 6 15 0 3 15 4 5 18 1 4 19 3 2 18 1 7 17 1 6 17 1 8 15 0 4 15 3 7 15 2 5 17 3 6 20 1 3 20 1 4 17 0 9 16 4 8 16 1 7 16 2 6 16 2 3 19 4 5 16 3 4 16 3 
 --- Bot used 57 milliseconds ---
-----------------------------------------------------------------------------
 --- Frame #129 ---
4 19 0 4 15 4 7 17 1 3 18 4 2 18 3 3 19 3 7 18 4 4 17 1 7 16 3 3 20 4 6 18 3 3 16 1 5 17 1 6 17 0 5 15 1 4 20 0 8 15 2 7 15 3 2 19 1 6 15 4 6 19 2 3 15 0 6 20 4 3 17 2 5 19 4 6 16 2 5 18 3 8 16 1 4 18 1 4 16 3 5 16 2 9 16 0 
 --- Bot used 76 milliseconds ---
-----------------------------------------------------------------------------
 --- Frame #130 ---
3 17 0 3 20 1 6 20 3 5 17 3 4 16 3 4 19 4 7 16 2 4 18 4 5 18 1 6 18 3 5 16 1 2 18 2 5 15 2 5 19 4 8 16 3 8 15 3 9 16 2 6 15 3 6 17 0 3 18 3 4 17 0 4 20 1 3 15 1 7 15 4 6 16 0 7 18 4 7 17 0 2 19 0 9 15 3 3 19 3 3 16 4 4 15 2 6 19 0 
 --- Bot used 64 milliseconds ---
-----------------------------------------------------------------------------
 --- Frame #131 ---
5 19 2 3 17 1 6 20 3 5 15 4 3 16 4 4 20 0 6 16 2 7 17 0 6 17 3 7 18 3 3 20 4 2 19 3 2 18 1 3 19 3 5 16 3 8 15 0 7 15 2 9 16 4 6 15 0 8 16 2 6 19 4 4 15 1 3 18 1 5 17 1 7 16 4 5 18 3 4 18 4 9 15 4 4 17 4 4 19 2 6 18 4 3 15 0 4 16 1 
 --- Bot used 71 milliseconds ---
-----------------------------------------------------------------------------
 --- Frame #132 ---
9 16 2 4 15 3 5 15 2 3 20 3 6 20 2 7 15 1 4 17 0 5 17 2 6 17 0 4 16 3 7 17 0 2 18 1 6 15 0 3 17 1 3 18 2 4 18 3 5 18 3 6 18 1 7 18 4 5 16 4 2 19 0 3 19 2 6 16 1 4 20 4 4 19 3 7 16 2 3 15 2 3 16 1 8 15 1 8 16 3 9 15 4 5 19 0 6 19 1 
 --- Bot used 59 milliseconds ---
-----------------------------------------------------------------------------
 --- Frame #133 ---
4 18 4 4 15 3 3 20 0 4 20 4 2 18 1 6 17 1 7 17 4 7 15 4 5 19 2 6 15 0 5 16 1 6 16 0 5 18 2 6 18 0 7 18 4 7 16 4 2 19 2 3 19 4 8 16 2 4 19 3 3 16 0 9 16 2 3 15 0 10 16 3 5 15 0 3 17 1 3 18 1 6 19 1 4 17 4 4 16 2 3 21 3 9 15 3 8 15 3 5 17 0 6 20 3 
 --- Bot used 48 milliseconds ---
-----------------------------------------------------------------------------
 --- Frame #134 ---
3 17 3 4 18 0 4 17 1 3 18 0 5 17 0 2 18 0 3 21 4 6 17 0 3 20 0 6 15 3 3 22 4 7 17 1 5 15 1 4 20 4 4 19 4 3 16 3 4 15 0 5 19 0 7 15 3 6 19 2 8 15 4 9 15 1 3 15 3 6 20 3 4 16 4 5 16 4 6 16 4 3 19 3 7 16 4 2 19 4 8 16 1 7 18 2 9 16 1 6 18 2 10 16 0 5 18 1 
 --- Bot used 67 milliseconds ---
-----------------------------------------------------------------------------
 --- Frame #135 ---
6 19 4 5 15 2 2 18 4 5 19 2 3 16 2 7 17 2 4 19 0 6 17 2 3 19 0 3 15 1 5 17 1 2 19 0 4 17 1 7 18 0 3 17 3 6 18 1 10 16 4 5 18 4 9 16 4 4 18 0 8 16 1 7 16 3 6 16 0 4 15 1 5 16 0 3 20 2 4 16 2 3 21 3 3 22 0 9 15 3 4 20 3 8 15 0 6 20 2 7 15 0 7 19 0 6 15 4 3 18 4 
 --- Bot used 78 milliseconds ---
-----------------------------------------------------------------------------
 --- Frame #136 ---
8 16 4 5 17 2 3 20 0 7 15 4 4 18 4 5 18 4 3 21 2 6 18 4 8 15 4 4 16 1 3 16 4 9 15 1 6 15 4 4 15 3 4 20 3 4 17 2 7 16 4 6 17 4 9 16 0 10 16 4 3 19 3 6 16 2 3 17 4 4 19 1 7 17 1 5 19 3 2 18 0 3 15 0 3 18 2 5 16 0 6 19 0 5 15 3 7 19 1 7 18 4 3 22 3 2 19 0 6 20 0 
 --- Bot used 55 milliseconds ---
-----------------------------------------------------------------------------
 --- Frame #137 ---
6 18 2 6 17 3 4 16 0 3 20 1 2 19 1 7 16 1 10 16 1 8 15 2 7 15 3 6 15 1 3 16 3 7 18 0 3 21 0 8 16 3 4 17 2 3 15 3 4 21 2 3 19 4 3 22 3 4 19 3 3 17 0 5 19 1 4 15 1 6 19 4 5 17 2 9 15 2 7 19 0 5 16 1 6 16 0 7 17 3 5 15 2 4 20 4 2 18 0 3 18 3 6 20 0 4 18 4 5 18 1 9 16 1 
 --- Bot used 48 milliseconds ---
-----------------------------------------------------------------------------
 --- Frame #138 ---
3 18 2 4 20 2 6 16 2 5 15 4 2 18 4 6 15 0 4 15 1 3 19 1 5 17 0 7 19 1 6 20 1 6 17 0 3 21 1 4 17 0 3 20 0 3 17 1 7 15 4 10 16 1 4 21 2 9 16 2 3 16 0 8 16 2 3 22 1 7 16 1 3 15 3 7 18 0 5 16 4 4 19 4 7 17 4 4 16 0 2 19 3 5 19 4 6 18 2 6 19 2 9 15 1 5 18 3 8 15 2 4 18 4 
 --- Bot used 68 milliseconds ---
-----------------------------------------------------------------------------
 --- Frame #139 ---
4 15 2 4 18 2 3 22 1 6 15 2 6 17 3 7 15 2 6 18 3 4 17 2 2 19 2 3 17 2 7 18 0 5 17 2 3 19 2 9 16 0 8 16 4 3 18 1 7 16 1 6 16 2 4 16 2 3 20 1 3 15 0 9 15 1 8 15 0 7 17 1 5 15 4 3 16 4 2 18 3 4 19 3 5 19 2 7 19 1 10 16 4 6 20 3 5 16 2 6 19 2 4 20 0 5 18 3 3 21 1 4 21 4 1 18 3 
 --- Bot used 78 milliseconds ---
-----------------------------------------------------------------------------
 --- Frame #140 ---
2 16 2 3 18 2 3 16 1 4 18 1 4 16 2 3 15 2 5 18 4 5 16 4 6 18 3 6 16 1 7 18 4 2 19 0 3 19 3 7 16 0 4 19 2 8 16 4 5 19 2 9 16 0 1 19 0 6 19 3 10 16 0 4 15 1 7 19 4 3 17 0 1 18 2 6 20 2 4 17 0 5 15 3 4 20 0 5 17 3 6 15 4 6 17 3 7 15 2 3 21 0 7 17 2 8 15 2 4 21 1 3 20 4 9 15 4 3 22 4 2 18 1 
 --- Bot used 97 milliseconds ---
-----------------------------------------------------------------------------
 --- Frame #141 ---
2 18 4 4 20 4 3 20 0 7 17 3 6 17 4 5 17 3 4 17 3 3 17 1 10 16 1 9 16 2 8 16 2 6 20 2 7 16 3 4 21 1 6 16 3 5 16 3 3 22 0 4 16 4 3 16 0 2 16 4 3 21 4 9 15 1 8 15 3 7 15 3 6 15 4 5 15 4 1 18 4 4 15 4 1 19 1 5 18 4 7 19 0 7 18 3 6 18 3 4 19 4 3 19 3 4 18 4 2 19 2 3 18 3 6 19 3 5 19 3 3 15 2 
 --- Bot used 74 milliseconds ---
-----------------------------------------------------------------------------
 --- Frame #142 ---
8 15 1 4 21 2 3 20 4 9 15 3 3 22 1 2 18 1 2 16 2 3 18 0 3 16 3 4 18 1 4 16 0 3 15 2 5 18 3 5 16 1 6 18 1 6 16 3 7 18 1 7 16 2 8 16 3 2 19 0 9 16 1 3 19 2 10 16 3 4 19 1 3 17 3 5 19 4 1 19 1 6 19 4 4 15 4 7 19 0 1 18 0 6 20 3 4 17 4 5 15 2 4 20 1 5 17 0 6 15 3 6 17 3 7 15 0 3 21 3 7 17 2 
 --- Bot used 60 milliseconds ---
-----------------------------------------------------------------------------
 --- Frame #143 ---
6 17 1 4 17 0 10 16 2 9 15 1 7 16 4 6 16 2 3 16 3 2 16 2 5 18 4 8 15 3 7 15 0 6 15 0 5 15 2 1 19 2 4 15 3 6 21 2 3 15 1 4 18 4 3 18 3 2 18 4 1 18 2 8 17 2 7 17 3 5 17 0 3 17 0 9 16 0 8 16 2 2 20 1 5 16 1 3 20 1 4 16 3 4 20 3 3 21 1 6 18 0 4 21 4 7 18 3 6 20 2 3 22 3 2 19 2 3 19 0 4 19 1 5 19 2 6 19 2 7 19 2 
 --- Bot used 53 milliseconds ---
-----------------------------------------------------------------------------
 --- Frame #144 ---
4 20 4 6 19 2 5 17 3 3 20 3 5 19 4 9 16 0 9 15 1 6 15 4 5 16 2 6 16 0 3 17 4 8 15 2 2 16 2 5 15 2 3 16 4 1 18 1 7 19 1 4 15 0 4 19 3 1 19 3 6 18 3 2 19 2 4 21 1 7 15 2 7 18 3 7 16 3 8 16 1 10 16 2 2 20 0 6 21 3 9 17 0 8 17 0 3 22 2 7 17 3 6 17 3 3 18 0 5 18 0 6 20 0 4 18 4 4 17 1 3 21 0 4 16 4 2 18 1 3 15 0 3 19 2 
 --- Bot used 66 milliseconds ---
-----------------------------------------------------------------------------
 --- Frame #145 ---
6 21 4 8 17 0 3 20 4 2 20 2 5 17 2 3 17 1 1 18 3 4 21 4 9 16 1 3 22 3 8 16 1 6 16 1 5 16 0 4 16 1 3 16 0 7 19 3 4 20 2 7 15 3 7 18 4 6 19 0 6 18 2 5 19 0 5 18 2 4 18 3 3 21 0 3 18 1 2 18 2 7 17 1 6 17 0 4 17 4 9 17 3 4 19 1 7 16 0 3 19 3 10 16 0 2 19 3 2 16 1 6 20 4 9 15 1 8 15 2 6 15 4 5 15 4 1 19 0 4 15 0 2 17 3 3 15 1 
 --- Bot used 55 milliseconds ---
-----------------------------------------------------------------------------
 --- Frame #146 ---
8 15 0 5 20 2 4 20 4 3 20 4 8 16 0 2 20 2 4 16 3 7 19 2 7 20 1 4 19 1 3 19 3 3 17 0 3 21 2 6 18 1 4 18 1 2 18 4 9 17 3 8 17 1 5 17 4 6 16 1 10 16 3 7 16 3 6 15 2 3 16 1 6 20 3 4 17 3 3 15 1 9 15 3 2 19 0 7 15 4 5 16 4 4 15 2 4 21 0 2 17 4 3 22 4 7 18 0 5 19 2 5 18 0 3 18 3 1 19 1 6 21 4 7 17 0 6 17 1 6 19 3 2 16 4 1 18 2 5 15 3 9 18 3 9 16 2 
 --- Bot used 65 milliseconds ---
-----------------------------------------------------------------------------
 --- Frame #147 ---
7 18 3 6 18 3 5 18 0 3 18 2 4 18 2 2 18 2 1 19 2 9 17 4 8 17 1 7 17 1 3 15 1 6 17 2 5 17 3 4 17 4 3 17 0 1 18 3 10 16 4 3 22 2 9 16 1 8 16 1 4 21 4 7 16 0 6 21 3 6 16 0 7 20 1 5 16 1 6 20 2 4 16 3 5 20 2 3 16 0 4 20 0 2 16 0 3 20 1 9 15 3 2 20 0 8 15 2 7 19 1 7 15 4 6 19 4 6 15 2 5 19 1 5 15 1 4 19 1 9 18 2 3 19 1 4 15 4 2 19 3 2 17 3 3 21 0 
 --- Bot used 55 milliseconds ---
-----------------------------------------------------------------------------
 --- Frame #148 ---
5 14 3 3 16 4 8 16 0 6 16 1 6 15 0 7 19 3 4 16 2 3 22 3 1 18 0 2 16 1 4 21 1 3 21 0 7 18 2 5 18 2 9 18 0 2 18 1 6 21 2 7 17 4 7 16 4 7 15 0 6 20 2 5 20 3 2 17 0 5 15 0 3 15 1 4 20 0 3 20 3 2 20 3 4 15 3 8 15 0 9 16 2 9 15 1 6 19 3 5 19 0 4 19 1 3 19 0 2 19 1 6 18 2 5 16 0 4 18 1 3 18 1 1 19 0 7 20 4 9 17 0 8 17 0 6 17 2 5 17 4 4 17 2 3 17 4 10 16 4 
 --- Bot used 73 milliseconds ---
-----------------------------------------------------------------------------
 --- Frame #149 ---
7 18 0 5 18 3 3 18 1 2 18 3 9 17 4 5 14 2 7 17 4 6 17 1 5 17 2 3 17 2 10 16 1 8 16 4 7 16 0 5 16 4 4 16 1 2 16 1 9 15 0 7 15 4 6 15 3 4 15 4 3 22 2 2 15 2 9 14 3 1 19 2 8 18 1 6 18 0 4 21 3 4 18 4 3 21 2 2 21 3 8 17 1 7 20 0 6 20 3 5 20 2 4 20 2 4 17 1 3 20 1 1 18 3 2 20 3 9 16 4 7 19 4 6 16 3 6 19 0 3 16 4 5 19 3 8 15 3 4 19 2 5 15 4 3 19 3 3 15 2 2 19 4 2 17 4 6 21 2 9 18 2 
 --- Bot used 75 milliseconds ---
-----------------------------------------------------------------------------
 --- Frame #150 ---
4 19 3 3 20 1 1 17 3 5 20 2 7 20 2 2 21 0 8 17 4 9 18 4 5 19 0 3 19 1 3 21 2 5 16 1 3 17 3 8 15 0 2 18 3 7 16 2 9 15 1 6 18 1 9 16 4 2 22 4 8 16 2 3 15 0 6 21 0 4 17 1 4 16 4 6 15 1 4 15 2 1 19 3 5 18 1 6 16 0 7 19 2 4 18 4 4 20 2 6 20 0 7 18 4 3 18 3 3 16 4 2 16 0 5 15 3 2 19 1 2 20 4 4 21 4 10 16 1 3 22 4 5 14 3 7 17 0 6 17 4 9 17 1 8 18 1 2 15 2 6 19 3 5 17 4 2 17 2 7 15 0 1 18 3 9 14 3 
 --- Bot used 61 milliseconds ---
-----------------------------------------------------------------------------
 --- Frame #151 ---
2 18 2 8 17 3 6 17 4 3 22 4 4 17 0 2 17 4 1 17 0 4 21 1 9 16 1 3 21 4 7 16 0 2 21 4 7 20 4 4 16 0 6 20 4 2 16 1 5 20 0 8 15 0 4 20 1 6 15 2 5 15 1 4 15 4 3 15 3 2 15 3 9 14 4 1 19 4 3 20 4 4 18 3 3 18 2 2 22 0 9 17 2 7 17 4 2 20 1 5 17 1 7 19 1 3 17 0 6 19 1 10 16 1 8 16 4 6 16 1 5 16 1 5 19 2 3 16 1 4 19 4 9 15 0 3 19 2 7 15 2 2 19 3 6 21 0 9 18 4 8 18 2 1 18 1 7 18 4 6 18 4 5 18 4 5 14 4 
 --- Bot used 76 milliseconds ---
-----------------------------------------------------------------------------
 --- Frame #152 ---
2 21 4 3 15 3 2 19 0 8 17 0 4 19 2 4 20 4 5 19 0 7 20 3 2 20 3 7 16 1 6 18 0 5 20 1 1 19 4 6 20 1 1 18 0 5 15 1 9 17 3 8 15 2 2 17 4 2 16 3 4 16 4 8 18 0 7 19 2 6 16 2 9 16 0 6 15 3 3 19 1 5 16 3 2 22 2 3 18 2 2 18 1 4 18 2 3 20 0 5 18 3 4 21 0 3 22 2 3 21 0 6 17 0 10 16 1 8 16 3 6 19 4 9 14 3 2 15 4 5 14 3 3 17 3 4 15 4 5 17 3 7 15 2 4 17 1 6 21 4 9 15 1 1 17 3 3 16 3 7 17 3 9 18 3 7 18 4 
 --- Bot used 61 milliseconds ---
-----------------------------------------------------------------------------
 --- Frame #153 ---
8 18 0 7 18 0 9 18 2 6 18 3 3 22 3 5 18 3 2 19 2 3 19 2 6 21 2 4 19 4 4 18 0 5 19 0 3 18 1 6 19 0 2 18 1 7 19 2 1 21 2 2 20 2 9 17 4 3 20 4 8 17 0 4 20 3 7 17 0 6 17 4 2 22 3 5 17 3 4 17 2 3 17 4 2 17 2 1 17 2 10 16 0 9 16 1 8 16 1 7 16 0 6 16 4 5 20 0 5 16 1 6 20 1 4 16 3 7 20 4 3 16 3 2 16 0 9 15 4 8 15 0 7 15 4 6 15 1 5 15 2 4 15 1 3 15 0 2 15 2 9 14 2 1 19 2 1 18 0 2 21 2 3 21 2 4 21 4 5 14 1 5 21 2 
 --- Bot used 76 milliseconds ---
-----------------------------------------------------------------------------
 --- Frame #154 ---
1 21 1 1 18 2 2 22 1 3 15 1 7 20 3 4 18 3 5 21 4 4 19 1 5 15 2 8 15 0 10 16 2 1 17 1 7 18 4 5 14 4 2 15 3 2 20 4 4 20 0 6 20 3 8 18 0 9 15 1 2 17 4 3 18 0 7 15 1 5 18 4 6 21 1 6 17 2 4 15 3 6 18 3 2 21 2 9 17 0 4 17 4 3 19 0 3 21 1 6 19 0 3 17 3 4 16 0 9 18 3 8 16 4 3 22 4 6 16 4 7 17 3 8 17 2 1 19 3 9 16 4 6 15 3 5 17 3 7 19 3 3 20 4 3 16 4 2 16 3 7 16 4 5 19 3 5 16 2 4 21 4 5 20 1 2 19 0 2 18 0 9 14 3 
 --- Bot used 94 milliseconds ---
-----------------------------------------------------------------------------
 --- Frame #155 ---
7 19 4 2 20 2 9 18 3 7 20 0 8 18 3 7 18 0 6 18 1 5 18 1 4 18 0 3 18 4 5 19 3 2 18 0 1 21 3 9 17 3 8 17 4 7 17 3 6 17 4 2 21 4 5 17 4 4 17 2 3 17 2 2 17 3 6 21 2 1 17 2 4 21 1 3 19 1 5 21 4 10 16 3 3 21 1 9 16 1 8 16 4 5 20 2 7 16 2 4 19 2 6 16 1 3 22 3 5 16 3 4 16 4 3 16 0 2 16 4 9 15 2 4 20 4 8 15 0 7 15 1 6 19 2 3 20 4 6 20 0 6 15 1 5 15 2 4 15 0 3 15 2 2 15 0 1 19 3 5 14 3 1 18 0 9 14 0 2 19 2 2 22 0 3 14 1 
 --- Bot used 68 milliseconds ---
-----------------------------------------------------------------------------
 --- Frame #156 ---
8 15 1 9 15 3 4 19 2 2 16 3 5 19 2 3 16 0 6 19 2 4 16 4 7 19 4 2 20 4 3 20 0 4 20 0 5 16 4 5 20 3 6 16 3 6 20 0 7 16 0 7 20 1 8 16 4 2 22 0 9 16 0 2 21 0 3 22 0 10 16 1 3 21 0 1 17 0 4 21 1 2 17 4 5 21 3 3 17 4 4 17 4 3 14 1 5 17 4 6 17 2 7 17 4 8 17 4 9 17 4 1 21 0 7 15 0 2 18 2 5 15 4 3 18 2 4 18 4 5 18 0 9 14 2 6 18 4 1 18 3 7 18 4 5 14 4 8 18 4 2 15 3 9 18 4 1 19 1 6 21 4 3 15 4 2 19 0 6 15 2 3 19 4 4 15 3 
 --- Bot used 83 milliseconds ---
-----------------------------------------------------------------------------
 --- Frame #157 ---
6 21 1 9 18 1 3 21 0 2 22 4 8 18 3 2 19 0 7 18 2 3 19 1 7 20 4 4 19 2 6 18 1 5 19 3 5 18 2 6 19 0 4 18 2 3 18 1 2 18 1 7 19 2 3 22 0 1 21 0 2 20 4 9 17 4 8 17 2 7 17 4 6 17 3 5 17 1 4 17 2 3 20 0 3 17 2 2 17 1 1 17 1 10 16 3 5 21 4 4 20 0 9 16 2 5 20 4 8 16 2 7 16 4 6 16 4 5 16 0 4 16 2 2 21 0 3 16 2 2 16 1 9 15 3 8 15 2 7 15 3 6 15 3 5 15 0 6 20 3 4 15 3 3 15 2 1 18 4 10 14 0 4 21 3 2 15 3 5 14 2 1 19 0 9 14 3 3 14 0 
 --- Bot used 91 milliseconds ---
-----------------------------------------------------------------------------
 --- Frame #158 ---
9 14 1 3 22 0 1 18 2 5 14 3 3 18 4 2 15 3 4 18 4 10 14 0 5 18 0 1 16 0 6 18 2 3 15 2 7 18 3 4 15 3 8 18 4 5 15 1 9 18 2 6 15 2 6 21 4 7 15 0 2 19 3 8 15 4 3 19 0 9 15 0 4 19 0 1 19 1 5 19 1 2 16 0 6 19 0 3 16 2 7 19 2 4 16 2 2 20 0 5 16 0 3 20 1 6 16 0 4 20 1 7 16 3 5 20 4 9 16 2 6 20 3 8 16 4 7 20 0 10 16 4 1 22 3 2 22 0 1 17 4 2 21 1 2 17 3 3 21 4 3 17 3 4 21 3 4 17 1 5 17 2 5 21 4 6 17 2 3 14 4 7 17 4 8 17 2 9 17 0 1 21 3 2 18 2 
 --- Bot used 70 milliseconds ---
-----------------------------------------------------------------------------
 --- Frame #159 ---
6 19 1 4 20 3 5 19 3 4 19 4 3 19 1 2 19 0 4 21 4 9 18 4 8 18 3 7 18 2 6 18 0 5 18 1 4 18 3 3 18 0 2 18 3 7 19 2 1 21 3 9 17 1 8 17 2 5 21 2 7 20 3 7 17 0 6 20 0 6 17 3 5 17 0 4 17 2 3 17 2 2 17 0 1 17 3 10 16 3 9 16 0 8 16 3 7 16 2 6 16 2 5 16 0 4 16 0 3 20 1 3 16 1 2 16 1 1 19 4 9 15 1 8 15 0 7 15 4 6 15 3 5 15 0 4 15 4 3 15 3 1 16 4 10 14 3 3 21 4 2 15 2 2 21 2 5 14 4 1 18 0 9 14 2 3 22 0 5 20 0 2 20 0 6 21 3 1 22 3 2 22 1 3 14 2 
 --- Bot used 82 milliseconds ---
-----------------------------------------------------------------------------
 --- Frame #160 ---
Traceback (most recent call last):
 --- Bot used 92 milliseconds ---
ERRORED!
Response received (if any):
Traceback (most recent call last):
 --- Bot was killed. Below is the rest of its output (if any): ---
  File "MyBot.py", line 200, in <module>
    loc_states = get_states(gameMap, myID)
  File "MyBot.py", line 44, in get_states
    ss = gameMap.getSite(loc)
  File "/home/michalis/Development/Halite/hlt.py", line 96, in getSite
    return self.contents[l.y][l.x]
IndexError: list index out of range

 --- End bot output ---