 --- Init ---
SarsaLambdaBot
 --- Bot used 94 milliseconds ---
-----------------------------------------------------------------------------
 --- Frame #1 ---
15 7 0 
 --- Bot used 21 milliseconds ---
-----------------------------------------------------------------------------
 --- Frame #2 ---
15 7 2 
 --- Bot used 25 milliseconds ---
-----------------------------------------------------------------------------
 --- Frame #3 ---
15 7 1 
 --- Bot used 46 milliseconds ---
-----------------------------------------------------------------------------
 --- Frame #4 ---
15 7 3 
 --- Bot used 32 milliseconds ---
-----------------------------------------------------------------------------
 --- Frame #5 ---
15 7 1 
 --- Bot used 28 milliseconds ---
-----------------------------------------------------------------------------
 --- Frame #6 ---
15 7 3 
 --- Bot used 32 milliseconds ---
-----------------------------------------------------------------------------
 --- Frame #7 ---
15 7 4 
 --- Bot used 21 milliseconds ---
-----------------------------------------------------------------------------
 --- Frame #8 ---
15 7 2 
 --- Bot used 21 milliseconds ---
-----------------------------------------------------------------------------
 --- Frame #9 ---
15 7 3 
 --- Bot used 24 milliseconds ---
-----------------------------------------------------------------------------
 --- Frame #10 ---
15 7 4 
 --- Bot used 32 milliseconds ---
-----------------------------------------------------------------------------
 --- Frame #11 ---
15 7 4 
 --- Bot used 21 milliseconds ---
-----------------------------------------------------------------------------
 --- Frame #12 ---
15 7 2 
 --- Bot used 21 milliseconds ---
-----------------------------------------------------------------------------
 --- Frame #13 ---
15 7 1 
 --- Bot used 25 milliseconds ---
-----------------------------------------------------------------------------
 --- Frame #14 ---
15 7 4 
 --- Bot used 30 milliseconds ---
-----------------------------------------------------------------------------
 --- Frame #15 ---
15 7 4 
 --- Bot used 21 milliseconds ---
-----------------------------------------------------------------------------
 --- Frame #16 ---
15 7 2 
 --- Bot used 20 milliseconds ---
-----------------------------------------------------------------------------
 --- Frame #17 ---
15 7 2 
 --- Bot used 21 milliseconds ---
-----------------------------------------------------------------------------
 --- Frame #18 ---
15 7 4 
 --- Bot used 25 milliseconds ---
-----------------------------------------------------------------------------
 --- Frame #19 ---
15 7 2 
 --- Bot used 33 milliseconds ---
-----------------------------------------------------------------------------
 --- Frame #20 ---
15 7 3 
 --- Bot used 21 milliseconds ---
-----------------------------------------------------------------------------
 --- Frame #21 ---
15 7 2 
 --- Bot used 21 milliseconds ---
-----------------------------------------------------------------------------
 --- Frame #22 ---
15 7 2 
 --- Bot used 24 milliseconds ---
-----------------------------------------------------------------------------
 --- Frame #23 ---
15 7 2 
 --- Bot used 34 milliseconds ---
-----------------------------------------------------------------------------
 --- Frame #24 ---
15 7 2 
 --- Bot used 22 milliseconds ---
-----------------------------------------------------------------------------
 --- Frame #25 ---
15 7 3 
 --- Bot used 22 milliseconds ---
-----------------------------------------------------------------------------
 --- Frame #26 ---
15 7 0 
 --- Bot used 25 milliseconds ---
-----------------------------------------------------------------------------
 --- Frame #27 ---
15 7 1 
 --- Bot used 34 milliseconds ---
-----------------------------------------------------------------------------
 --- Frame #28 ---
15 7 3 
 --- Bot used 21 milliseconds ---
-----------------------------------------------------------------------------
 --- Frame #29 ---
15 7 3 
 --- Bot used 21 milliseconds ---
-----------------------------------------------------------------------------
 --- Frame #30 ---
15 7 4 
 --- Bot used 21 milliseconds ---
-----------------------------------------------------------------------------
 --- Frame #31 ---
15 7 0 
 --- Bot used 25 milliseconds ---
-----------------------------------------------------------------------------
 --- Frame #32 ---
15 7 4 
 --- Bot used 34 milliseconds ---
-----------------------------------------------------------------------------
 --- Frame #33 ---
15 7 0 
 --- Bot used 21 milliseconds ---
-----------------------------------------------------------------------------
 --- Frame #34 ---
15 7 2 
 --- Bot used 22 milliseconds ---
-----------------------------------------------------------------------------
 --- Frame #35 ---
15 7 4 
 --- Bot used 26 milliseconds ---
-----------------------------------------------------------------------------
 --- Frame #36 ---
15 7 4 
 --- Bot used 37 milliseconds ---
-----------------------------------------------------------------------------
 --- Frame #37 ---
15 7 2 
 --- Bot used 29 milliseconds ---
-----------------------------------------------------------------------------
 --- Frame #38 ---
15 7 4 
 --- Bot used 25 milliseconds ---
-----------------------------------------------------------------------------
 --- Frame #39 ---
15 7 0 
 --- Bot used 25 milliseconds ---
-----------------------------------------------------------------------------
 --- Frame #40 ---
15 7 0 
 --- Bot used 35 milliseconds ---
-----------------------------------------------------------------------------
 --- Frame #41 ---
15 7 1 
 --- Bot used 37 milliseconds ---
-----------------------------------------------------------------------------
 --- Frame #42 ---
15 7 3 
 --- Bot used 31 milliseconds ---
-----------------------------------------------------------------------------
 --- Frame #43 ---
15 7 2 
 --- Bot used 28 milliseconds ---
-----------------------------------------------------------------------------
 --- Frame #44 ---
15 7 4 
 --- Bot used 23 milliseconds ---
-----------------------------------------------------------------------------
 --- Frame #45 ---
15 7 3 
 --- Bot used 25 milliseconds ---
-----------------------------------------------------------------------------
 --- Frame #46 ---
15 7 0 
 --- Bot used 31 milliseconds ---
-----------------------------------------------------------------------------
 --- Frame #47 ---
15 7 4 
 --- Bot used 22 milliseconds ---
-----------------------------------------------------------------------------
 --- Frame #48 ---
15 7 0 
 --- Bot used 21 milliseconds ---
-----------------------------------------------------------------------------
 --- Frame #49 ---
15 7 1 
 --- Bot used 25 milliseconds ---
-----------------------------------------------------------------------------
 --- Frame #50 ---
15 7 0 
 --- Bot used 30 milliseconds ---
-----------------------------------------------------------------------------
 --- Frame #51 ---
15 7 3 
 --- Bot used 22 milliseconds ---
-----------------------------------------------------------------------------
 --- Frame #52 ---
15 7 1 
 --- Bot used 21 milliseconds ---
-----------------------------------------------------------------------------
 --- Frame #53 ---
15 7 0 
 --- Bot used 25 milliseconds ---
-----------------------------------------------------------------------------
 --- Frame #54 ---
15 7 2 
 --- Bot used 32 milliseconds ---
-----------------------------------------------------------------------------
 --- Frame #55 ---
15 7 3 
 --- Bot used 21 milliseconds ---
-----------------------------------------------------------------------------
 --- Frame #56 ---
15 7 4 
 --- Bot used 21 milliseconds ---
-----------------------------------------------------------------------------
 --- Frame #57 ---
15 7 4 
 --- Bot used 26 milliseconds ---
-----------------------------------------------------------------------------
 --- Frame #58 ---
15 7 4 
 --- Bot used 30 milliseconds ---
-----------------------------------------------------------------------------
 --- Frame #59 ---
15 7 3 
 --- Bot used 21 milliseconds ---
-----------------------------------------------------------------------------
 --- Frame #60 ---
15 7 1 
 --- Bot used 20 milliseconds ---
-----------------------------------------------------------------------------
 --- Frame #61 ---
15 7 2 
 --- Bot used 24 milliseconds ---
-----------------------------------------------------------------------------
 --- Frame #62 ---
15 7 4 
 --- Bot used 63 milliseconds ---
-----------------------------------------------------------------------------
 --- Frame #63 ---
15 7 0 
 --- Bot used 31 milliseconds ---
-----------------------------------------------------------------------------
 --- Frame #64 ---
15 7 2 
 --- Bot used 32 milliseconds ---
-----------------------------------------------------------------------------
 --- Frame #65 ---
15 7 1 
 --- Bot used 29 milliseconds ---
-----------------------------------------------------------------------------
 --- Frame #66 ---
15 7 2 
 --- Bot used 26 milliseconds ---
-----------------------------------------------------------------------------
 --- Frame #67 ---
15 7 4 
 --- Bot used 22 milliseconds ---
-----------------------------------------------------------------------------
 --- Frame #68 ---
15 7 3 
 --- Bot used 26 milliseconds ---
-----------------------------------------------------------------------------
 --- Frame #69 ---
15 7 4 
 --- Bot used 31 milliseconds ---
-----------------------------------------------------------------------------
 --- Frame #70 ---
15 7 1 
 --- Bot used 23 milliseconds ---
-----------------------------------------------------------------------------
 --- Frame #71 ---
15 7 1 
 --- Bot used 21 milliseconds ---
-----------------------------------------------------------------------------
 --- Frame #72 ---
15 7 2 
 --- Bot used 24 milliseconds ---
-----------------------------------------------------------------------------
 --- Frame #73 ---
15 7 4 
 --- Bot used 34 milliseconds ---
-----------------------------------------------------------------------------
 --- Frame #74 ---
15 7 4 
 --- Bot used 21 milliseconds ---
-----------------------------------------------------------------------------
 --- Frame #75 ---
15 7 2 
 --- Bot used 22 milliseconds ---
-----------------------------------------------------------------------------
 --- Frame #76 ---
15 7 3 
 --- Bot used 26 milliseconds ---
-----------------------------------------------------------------------------
 --- Frame #77 ---
15 7 3 
 --- Bot used 51 milliseconds ---
-----------------------------------------------------------------------------
 --- Frame #78 ---
15 7 1 
 --- Bot used 24 milliseconds ---
-----------------------------------------------------------------------------
 --- Frame #79 ---
15 7 3 
 --- Bot used 31 milliseconds ---
-----------------------------------------------------------------------------
 --- Frame #80 ---
15 7 2 
 --- Bot used 36 milliseconds ---
-----------------------------------------------------------------------------
 --- Frame #81 ---
15 7 1 
 --- Bot used 30 milliseconds ---
-----------------------------------------------------------------------------
 --- Frame #82 ---
15 7 4 
 --- Bot used 25 milliseconds ---
-----------------------------------------------------------------------------
 --- Frame #83 ---
15 7 4 
 --- Bot used 36 milliseconds ---
-----------------------------------------------------------------------------
 --- Frame #84 ---
15 7 0 
 --- Bot used 22 milliseconds ---
-----------------------------------------------------------------------------
 --- Frame #85 ---
15 7 2 
 --- Bot used 24 milliseconds ---
-----------------------------------------------------------------------------
 --- Frame #86 ---
15 7 0 
 --- Bot used 26 milliseconds ---
-----------------------------------------------------------------------------
 --- Frame #87 ---
15 7 0 
 --- Bot used 27 milliseconds ---
-----------------------------------------------------------------------------
 --- Frame #88 ---
15 7 4 
 --- Bot used 21 milliseconds ---
-----------------------------------------------------------------------------
 --- Frame #89 ---
15 7 0 
 --- Bot used 26 milliseconds ---
-----------------------------------------------------------------------------
 --- Frame #90 ---
15 7 4 
 --- Bot used 32 milliseconds ---
-----------------------------------------------------------------------------
 --- Frame #91 ---
15 7 3 
 --- Bot used 29 milliseconds ---
-----------------------------------------------------------------------------
 --- Frame #92 ---
15 7 1 
 --- Bot used 28 milliseconds ---
-----------------------------------------------------------------------------
 --- Frame #93 ---
15 7 0 
 --- Bot used 23 milliseconds ---
-----------------------------------------------------------------------------
 --- Frame #94 ---
15 7 0 
 --- Bot used 35 milliseconds ---
-----------------------------------------------------------------------------
 --- Frame #95 ---
15 7 0 
 --- Bot used 22 milliseconds ---
-----------------------------------------------------------------------------
 --- Frame #96 ---
15 7 0 
 --- Bot used 22 milliseconds ---
-----------------------------------------------------------------------------
 --- Frame #97 ---
15 7 0 
 --- Bot used 26 milliseconds ---
-----------------------------------------------------------------------------
 --- Frame #98 ---
15 7 0 
 --- Bot used 35 milliseconds ---
-----------------------------------------------------------------------------
 --- Frame #99 ---
15 7 1 
 --- Bot used 20 milliseconds ---
-----------------------------------------------------------------------------
 --- Frame #100 ---
15 7 4 15 6 3 
 --- Bot used 21 milliseconds ---
-----------------------------------------------------------------------------
 --- Frame #101 ---
15 6 3 15 7 0 
 --- Bot used 22 milliseconds ---
-----------------------------------------------------------------------------
 --- Frame #102 ---
15 6 3 15 7 4 
 --- Bot used 26 milliseconds ---
-----------------------------------------------------------------------------
 --- Frame #103 ---
15 6 4 14 7 3 15 7 3 
 --- Bot used 35 milliseconds ---
-----------------------------------------------------------------------------
 --- Frame #104 ---
15 6 1 14 7 2 15 7 0 
 --- Bot used 23 milliseconds ---
-----------------------------------------------------------------------------
 --- Frame #105 ---
15 7 3 15 6 2 14 7 2 
 --- Bot used 26 milliseconds ---
-----------------------------------------------------------------------------
 --- Frame #106 ---
15 7 2 14 7 1 15 6 4 
 --- Bot used 26 milliseconds ---
-----------------------------------------------------------------------------
 --- Frame #107 ---
14 7 2 15 6 2 15 7 4 
 --- Bot used 39 milliseconds ---
-----------------------------------------------------------------------------
 --- Frame #108 ---
15 6 3 14 7 0 15 7 4 
 --- Bot used 22 milliseconds ---
-----------------------------------------------------------------------------
 --- Frame #109 ---
14 7 2 15 7 4 15 6 3 
 --- Bot used 22 milliseconds ---
-----------------------------------------------------------------------------
 --- Frame #110 ---
14 7 3 15 7 4 15 6 0 
 --- Bot used 27 milliseconds ---
-----------------------------------------------------------------------------
 --- Frame #111 ---
15 7 2 14 7 4 15 6 3 
 --- Bot used 33 milliseconds ---
-----------------------------------------------------------------------------
 --- Frame #112 ---
15 7 3 15 6 1 14 7 1 
 --- Bot used 24 milliseconds ---
-----------------------------------------------------------------------------
 --- Frame #113 ---
14 7 4 15 6 1 15 7 0 
 --- Bot used 23 milliseconds ---
-----------------------------------------------------------------------------
 --- Frame #114 ---
14 7 1 15 7 4 15 6 0 
 --- Bot used 26 milliseconds ---
-----------------------------------------------------------------------------
 --- Frame #115 ---
14 7 3 15 6 2 15 7 0 
 --- Bot used 37 milliseconds ---
-----------------------------------------------------------------------------
 --- Frame #116 ---
15 7 0 15 6 4 14 7 3 
 --- Bot used 23 milliseconds ---
-----------------------------------------------------------------------------
 --- Frame #117 ---
15 7 1 14 7 1 15 6 2 
 --- Bot used 27 milliseconds ---
-----------------------------------------------------------------------------
 --- Frame #118 ---
14 7 0 15 6 3 15 7 1 
 --- Bot used 34 milliseconds ---
-----------------------------------------------------------------------------
 --- Frame #119 ---
14 7 4 15 7 0 15 6 0 
 --- Bot used 35 milliseconds ---
-----------------------------------------------------------------------------
 --- Frame #120 ---
15 6 1 15 7 1 14 7 4 
 --- Bot used 33 milliseconds ---
-----------------------------------------------------------------------------
 --- Frame #121 ---
15 7 0 14 7 3 15 6 4 
 --- Bot used 32 milliseconds ---
-----------------------------------------------------------------------------
 --- Frame #122 ---
15 6 0 15 7 1 14 7 1 
 --- Bot used 23 milliseconds ---
-----------------------------------------------------------------------------
 --- Frame #123 ---
15 7 3 15 6 0 14 7 1 
 --- Bot used 23 milliseconds ---
-----------------------------------------------------------------------------
 --- Frame #124 ---
14 7 1 15 7 2 15 6 3 
 --- Bot used 27 milliseconds ---
-----------------------------------------------------------------------------
 --- Frame #125 ---
14 7 2 15 6 0 15 7 1 
 --- Bot used 35 milliseconds ---
-----------------------------------------------------------------------------
 --- Frame #126 ---
14 7 4 15 7 2 15 6 4 
 --- Bot used 23 milliseconds ---
-----------------------------------------------------------------------------
 --- Frame #127 ---
14 6 4 15 6 1 14 7 0 15 7 0 
 --- Bot used 28 milliseconds ---
-----------------------------------------------------------------------------
 --- Frame #128 ---
14 6 0 15 7 0 15 6 2 14 7 0 
 --- Bot used 35 milliseconds ---
-----------------------------------------------------------------------------
 --- Frame #129 ---
15 6 0 14 7 0 14 6 3 15 7 4 
 --- Bot used 32 milliseconds ---
-----------------------------------------------------------------------------
 --- Frame #130 ---
14 7 3 15 7 0 14 6 0 15 6 1 
 --- Bot used 44 milliseconds ---
-----------------------------------------------------------------------------
 --- Frame #131 ---
14 6 4 15 7 1 14 8 3 15 6 2 14 7 0 
 --- Bot used 55 milliseconds ---
-----------------------------------------------------------------------------
 --- Frame #132 ---
14 8 2 15 6 4 14 7 2 14 6 0 15 7 0 
 --- Bot used 32 milliseconds ---
-----------------------------------------------------------------------------
 --- Frame #133 ---
14 8 3 14 6 4 15 7 1 14 7 1 15 6 3 
 --- Bot used 30 milliseconds ---
-----------------------------------------------------------------------------
 --- Frame #134 ---
13 6 0 15 7 4 14 7 1 15 6 3 14 8 1 14 6 4 
 --- Bot used 40 milliseconds ---
-----------------------------------------------------------------------------
 --- Frame #135 ---
14 8 4 15 6 2 13 6 2 14 6 1 14 7 0 15 7 0 
 --- Bot used 25 milliseconds ---
-----------------------------------------------------------------------------
 --- Frame #136 ---
14 6 4 15 7 2 14 8 0 14 7 0 15 6 1 13 6 3 
 --- Bot used 30 milliseconds ---
-----------------------------------------------------------------------------
 --- Frame #137 ---
13 6 1 14 6 1 15 6 0 14 8 1 16 7 2 14 7 2 15 7 0 
 --- Bot used 36 milliseconds ---
-----------------------------------------------------------------------------
 --- Frame #138 ---
14 6 3 14 7 1 15 6 4 14 8 1 16 7 1 15 7 0 13 6 2 
 --- Bot used 26 milliseconds ---
-----------------------------------------------------------------------------
 --- Frame #139 ---
13 6 2 16 7 0 15 6 3 14 8 2 14 7 0 14 6 2 15 7 1 
 --- Bot used 27 milliseconds ---
-----------------------------------------------------------------------------
 --- Frame #140 ---
15 7 3 13 6 1 16 7 3 14 6 2 14 7 3 14 8 3 15 6 1 
 --- Bot used 30 milliseconds ---
-----------------------------------------------------------------------------
 --- Frame #141 ---
13 6 4 15 7 0 14 7 3 14 6 0 15 6 0 16 7 3 14 8 3 15 5 0 
 --- Bot used 53 milliseconds ---
-----------------------------------------------------------------------------
 --- Frame #142 ---
15 6 1 14 6 0 14 8 1 15 7 3 13 6 2 16 7 2 15 5 1 14 7 0 
 --- Bot used 37 milliseconds ---
-----------------------------------------------------------------------------
 --- Frame #143 ---
15 5 4 16 7 4 14 6 3 13 6 3 15 7 4 14 8 3 15 6 0 14 7 3 
 --- Bot used 30 milliseconds ---
-----------------------------------------------------------------------------
 --- Frame #144 ---
16 7 2 14 7 1 15 7 2 15 6 0 15 5 1 14 8 2 13 6 3 14 6 4 
 --- Bot used 42 milliseconds ---
-----------------------------------------------------------------------------
 --- Frame #145 ---
14 6 1 13 6 0 15 6 2 16 7 0 14 8 1 15 5 4 15 7 2 14 7 2 
 --- Bot used 27 milliseconds ---
-----------------------------------------------------------------------------
 --- Frame #146 ---
14 6 1 13 6 3 15 6 3 15 7 2 16 7 0 15 5 2 14 8 3 14 7 0 
 --- Bot used 30 milliseconds ---
-----------------------------------------------------------------------------
 --- Frame #147 ---
13 6 3 15 6 1 14 6 0 14 8 0 15 7 4 14 7 1 15 5 2 16 7 1 
 --- Bot used 37 milliseconds ---
-----------------------------------------------------------------------------
 --- Frame #148 ---
13 6 3 14 6 0 16 7 3 15 6 0 15 7 0 14 8 4 15 5 2 14 7 1 
 --- Bot used 26 milliseconds ---
-----------------------------------------------------------------------------
 --- Frame #149 ---
14 7 3 14 6 3 15 6 0 14 8 4 16 7 0 15 5 4 15 7 4 13 6 1 
 --- Bot used 29 milliseconds ---
-----------------------------------------------------------------------------
 --- Frame #150 ---
15 6 2 14 8 1 14 7 3 13 6 1 15 5 3 14 6 4 15 7 2 16 7 2 
 --- Bot used 30 milliseconds ---
-----------------------------------------------------------------------------
 --- Frame #151 ---
14 8 2 13 6 0 14 6 1 15 6 4 16 7 1 15 7 4 14 7 4 15 5 1 
 --- Bot used 33 milliseconds ---
-----------------------------------------------------------------------------
 --- Frame #152 ---
15 7 2 16 7 1 15 5 3 15 6 1 13 6 0 14 6 4 14 7 1 14 8 2 
 --- Bot used 27 milliseconds ---
-----------------------------------------------------------------------------
 --- Frame #153 ---
14 7 2 14 8 0 15 7 3 13 6 3 14 6 2 15 8 4 16 7 3 15 6 4 15 5 4 
 --- Bot used 32 milliseconds ---
-----------------------------------------------------------------------------
 --- Frame #154 ---
13 6 2 16 7 3 15 5 0 15 6 4 14 8 3 14 7 1 14 6 3 15 8 1 15 7 4 
 --- Bot used 43 milliseconds ---
-----------------------------------------------------------------------------
 --- Frame #155 ---
13 6 0 15 7 4 14 7 1 15 8 2 15 5 0 16 7 1 14 8 2 15 6 3 14 6 1 
 --- Bot used 27 milliseconds ---
-----------------------------------------------------------------------------
 --- Frame #156 ---
13 6 3 14 8 3 15 7 3 16 7 4 15 8 3 15 5 0 14 7 4 15 6 3 14 6 1 
 --- Bot used 32 milliseconds ---
-----------------------------------------------------------------------------
 --- Frame #157 ---
13 6 4 15 7 2 15 8 3 16 7 3 14 7 2 14 8 2 15 5 3 15 6 2 14 6 4 13 7 4 
 --- Bot used 45 milliseconds ---
-----------------------------------------------------------------------------
 --- Frame #158 ---
14 8 0 13 7 1 13 6 2 14 7 3 15 5 1 16 7 2 15 7 2 15 6 2 15 8 2 14 6 3 
 --- Bot used 28 milliseconds ---
-----------------------------------------------------------------------------
 --- Frame #159 ---
14 6 2 15 8 4 15 7 3 16 7 0 14 8 2 16 6 0 13 7 3 15 6 0 13 6 2 15 5 1 14 7 2 
 --- Bot used 32 milliseconds ---
-----------------------------------------------------------------------------
 --- Frame #160 ---
13 7 2 16 6 0 14 8 2 14 7 2 13 6 1 15 7 2 15 8 1 15 5 4 15 6 4 16 7 4 14 6 0 
 --- Bot used 38 milliseconds ---
-----------------------------------------------------------------------------
 --- Frame #161 ---
13 6 2 15 7 2 14 6 0 13 7 0 16 7 0 16 6 4 14 7 4 15 8 4 15 5 4 14 8 2 15 6 2 
 --- Bot used 29 milliseconds ---
-----------------------------------------------------------------------------
 --- Frame #162 ---
15 8 1 14 6 2 16 6 1 14 8 1 15 7 4 14 7 2 13 6 2 15 5 0 13 7 4 15 6 1 16 7 3 
 --- Bot used 30 milliseconds ---
-----------------------------------------------------------------------------
 --- Frame #163 ---
15 5 4 15 7 3 15 8 1 14 7 0 13 6 2 16 7 0 15 6 0 14 8 3 14 6 1 16 6 2 13 7 1 
 --- Bot used 32 milliseconds ---
-----------------------------------------------------------------------------
 --- Frame #164 ---
16 6 1 14 6 1 13 6 0 15 8 2 16 7 3 15 6 1 14 7 4 13 7 2 14 8 0 14 5 2 15 7 0 15 5 1 
 --- Bot used 36 milliseconds ---
-----------------------------------------------------------------------------
 --- Frame #165 ---
14 6 1 16 6 1 15 8 3 14 5 1 15 5 0 16 7 1 13 6 4 15 7 0 14 7 1 14 8 3 13 7 1 15 6 4 
 --- Bot used 29 milliseconds ---
-----------------------------------------------------------------------------
 --- Frame #166 ---
14 5 2 14 6 2 13 7 4 14 7 1 14 8 3 15 7 2 13 6 3 15 8 1 15 5 1 16 7 4 16 6 2 15 6 1 
 --- Bot used 35 milliseconds ---
-----------------------------------------------------------------------------
 --- Frame #167 ---
14 6 1 15 6 4 16 7 1 16 6 4 14 5 0 14 8 3 15 4 1 15 8 1 14 7 4 15 7 0 15 5 0 13 6 1 13 7 4 
 --- Bot used 43 milliseconds ---
-----------------------------------------------------------------------------
 --- Frame #168 ---
15 8 4 16 6 1 14 5 3 15 5 4 15 7 0 13 6 3 14 8 1 14 7 3 13 7 1 16 7 0 15 3 3 15 6 3 15 4 3 14 6 0 
 --- Bot used 31 milliseconds ---
-----------------------------------------------------------------------------
 --- Frame #169 ---
15 4 2 16 6 0 15 8 1 13 6 1 16 7 0 15 6 0 14 5 2 13 7 3 15 5 1 14 8 3 14 6 3 15 7 3 14 7 3 15 3 4 
 --- Bot used 38 milliseconds ---
-----------------------------------------------------------------------------
 --- Frame #170 ---
15 4 2 15 8 3 14 5 3 13 7 4 14 7 1 16 6 1 16 7 4 15 6 0 14 6 4 15 3 3 14 8 2 15 5 4 13 6 1 16 4 3 15 7 2 
 --- Bot used 42 milliseconds ---
-----------------------------------------------------------------------------
 --- Frame #171 ---
15 7 4 14 5 0 14 8 2 15 4 1 13 7 3 16 6 0 16 7 4 15 6 3 15 3 1 14 6 2 14 7 2 16 4 2 15 8 0 15 5 4 13 6 0 
 --- Bot used 31 milliseconds ---
-----------------------------------------------------------------------------
 --- Frame #172 ---
16 4 0 13 7 1 14 5 2 16 6 1 15 3 0 14 7 2 15 7 2 15 5 0 15 4 2 14 6 4 15 6 1 14 8 2 15 8 0 13 6 3 16 7 3 
 --- Bot used 36 milliseconds ---
-----------------------------------------------------------------------------
 --- Frame #173 ---
14 7 1 14 5 4 16 4 0 15 4 1 15 5 1 16 7 4 15 8 3 13 7 1 14 6 0 13 6 1 15 6 4 15 7 3 16 6 1 14 8 3 15 3 2 
 --- Bot used 41 milliseconds ---
-----------------------------------------------------------------------------
 --- Frame #174 ---
16 4 1 16 7 0 15 4 0 13 7 2 15 6 3 14 7 1 15 7 4 15 8 0 16 6 1 14 6 0 15 3 2 15 5 2 13 6 1 14 5 4 14 8 1 
 --- Bot used 34 milliseconds ---
-----------------------------------------------------------------------------
 --- Frame #175 ---
15 6 4 15 5 1 13 6 3 16 4 4 15 4 2 14 5 1 14 8 0 13 7 3 14 6 3 15 8 3 15 3 0 15 7 0 16 7 4 16 6 4 14 7 1 
 --- Bot used 34 milliseconds ---
-----------------------------------------------------------------------------
 --- Frame #176 ---
13 6 1 15 8 0 15 5 4 14 5 3 16 7 0 14 8 0 14 6 0 15 6 0 16 6 1 13 7 2 15 3 0 14 7 4 15 4 0 15 7 2 16 4 3 
 --- Bot used 44 milliseconds ---
-----------------------------------------------------------------------------
 --- Frame #177 ---
13 6 3 14 6 1 14 5 2 14 7 3 15 5 2 16 4 1 14 8 4 15 3 0 15 7 0 15 8 1 16 6 1 15 4 4 16 5 0 15 6 2 13 7 4 16 7 1 
 --- Bot used 32 milliseconds ---
-----------------------------------------------------------------------------
 --- Frame #178 ---
14 7 1 14 8 1 16 4 4 15 5 4 15 4 0 15 7 4 16 7 4 16 5 4 15 6 1 13 7 4 15 3 3 13 6 1 16 6 0 14 5 2 15 8 0 14 6 0 
 --- Bot used 36 milliseconds ---
-----------------------------------------------------------------------------
 --- Frame #179 ---
15 8 2 15 5 1 15 6 1 14 5 3 14 6 3 14 8 0 13 6 0 16 5 0 16 7 1 15 7 0 15 4 0 14 7 3 16 4 4 13 7 0 15 3 0 16 6 2 
 --- Bot used 44 milliseconds ---
-----------------------------------------------------------------------------
 --- Frame #180 ---
15 4 4 16 6 1 14 6 4 16 4 1 15 7 4 14 7 0 13 7 2 15 8 0 14 5 4 14 8 1 15 6 4 15 3 0 13 6 2 16 5 0 15 5 1 16 7 1 
 --- Bot used 31 milliseconds ---
-----------------------------------------------------------------------------
 --- Frame #181 ---
15 5 2 14 7 1 15 8 2 16 4 1 16 7 4 15 4 3 14 8 4 15 7 4 14 4 3 14 5 0 13 7 4 16 5 2 13 6 3 16 6 1 15 6 1 14 6 2 15 3 2 
 --- Bot used 32 milliseconds ---
-----------------------------------------------------------------------------
 --- Frame #182 ---
15 3 1 15 4 3 16 7 2 15 7 4 14 8 0 16 5 2 13 7 0 14 4 4 15 5 4 13 6 2 14 6 0 16 3 2 15 6 2 16 4 4 15 8 2 16 6 0 14 7 0 14 5 1 
 --- Bot used 37 milliseconds ---
-----------------------------------------------------------------------------
 --- Frame #183 ---
15 7 2 14 4 1 15 5 2 16 5 4 15 3 4 15 8 4 13 6 1 15 6 3 14 6 2 16 3 0 14 5 2 16 7 0 16 6 3 14 8 3 13 7 2 15 4 0 14 7 1 16 4 2 
 --- Bot used 47 milliseconds ---
-----------------------------------------------------------------------------
 --- Frame #184 ---
15 5 1 16 4 3 14 7 0 14 6 0 16 3 3 14 4 1 15 3 0 13 6 2 14 5 0 16 6 2 16 7 2 16 5 1 15 7 1 15 6 3 13 7 0 15 4 4 15 8 3 14 3 2 14 8 1 
 --- Bot used 33 milliseconds ---
-----------------------------------------------------------------------------
 --- Frame #185 ---
15 5 2 14 4 4 15 4 0 16 6 2 16 3 1 15 6 3 15 3 4 16 4 2 13 7 3 14 6 0 16 5 3 13 6 0 14 5 0 14 7 2 14 8 1 15 8 4 16 7 2 14 3 1 15 7 1 
 --- Bot used 33 milliseconds ---
-----------------------------------------------------------------------------
 --- Frame #186 ---
15 8 3 14 8 2 14 7 1 13 6 1 15 5 3 15 6 1 16 4 3 14 3 3 16 6 0 15 7 1 15 4 1 15 3 0 13 7 4 16 5 2 16 3 4 14 6 0 14 4 1 14 5 3 16 7 2 
 --- Bot used 39 milliseconds ---
-----------------------------------------------------------------------------
 --- Frame #187 ---
15 8 2 14 5 4 14 7 2 13 7 2 15 3 1 15 7 1 14 4 2 16 7 3 15 5 4 15 4 0 16 5 3 16 4 0 13 6 0 14 6 1 15 6 0 16 6 2 14 8 2 14 3 3 
 --- Bot used 40 milliseconds ---
-----------------------------------------------------------------------------
 --- Frame #188 ---
13 6 2 16 5 0 15 5 1 16 4 0 15 4 4 15 7 3 14 4 4 14 5 1 15 3 4 14 8 2 14 7 3 15 6 0 16 7 1 15 8 3 13 7 2 14 6 2 16 6 1 14 3 0 
 --- Bot used 33 milliseconds ---
-----------------------------------------------------------------------------
 --- Frame #189 ---
15 6 3 15 7 0 14 4 1 15 8 1 16 5 3 15 4 0 16 6 1 15 5 0 13 7 4 16 4 3 14 3 2 14 7 1 15 3 2 13 6 2 16 7 3 14 8 2 14 5 4 14 6 4 
 --- Bot used 38 milliseconds ---
-----------------------------------------------------------------------------
 --- Frame #190 ---
14 3 1 15 7 0 15 3 0 15 8 3 14 4 2 16 5 3 14 7 4 16 3 2 16 4 4 14 5 3 15 4 1 13 6 0 13 7 1 16 6 3 15 6 3 14 6 2 14 8 3 15 5 2 16 7 0 
 --- Bot used 41 milliseconds ---
-----------------------------------------------------------------------------
 --- Frame #191 ---
15 5 3 13 7 4 15 6 0 16 4 0 15 4 2 14 8 0 14 6 2 16 6 4 14 4 4 13 6 2 15 8 4 16 7 1 15 7 1 14 5 0 16 5 3 14 7 1 16 3 1 15 3 3 14 2 3 
 --- Bot used 33 milliseconds ---
-----------------------------------------------------------------------------
 --- Frame #192 ---
15 4 2 15 3 2 14 7 3 14 4 1 14 3 3 15 5 2 15 8 2 16 5 1 15 6 0 13 6 1 16 6 4 16 7 2 13 7 4 16 4 1 15 7 2 14 2 3 14 5 2 14 6 3 14 8 4 
 --- Bot used 38 milliseconds ---
-----------------------------------------------------------------------------
 --- Frame #193 ---
14 8 0 15 8 4 14 4 0 16 5 1 15 6 2 13 6 4 16 6 3 15 7 3 13 7 3 14 3 0 15 5 4 14 5 2 14 7 4 16 3 0 14 6 1 16 4 0 16 7 1 15 4 3 
 --- Bot used 77 milliseconds ---
-----------------------------------------------------------------------------
 --- Frame #194 ---
14 6 1 16 7 3 15 5 1 16 5 3 14 8 2 14 5 1 16 3 3 14 4 4 15 7 0 16 6 3 13 7 4 14 3 2 15 8 3 14 7 4 13 6 1 15 4 2 16 4 1 15 6 4 
 --- Bot used 52 milliseconds ---
-----------------------------------------------------------------------------
 --- Frame #195 ---
15 5 1 14 7 3 16 3 0 13 4 4 14 4 0 13 6 0 16 5 0 14 6 2 13 7 2 15 6 3 14 8 0 15 3 1 15 4 4 16 7 4 14 5 4 15 8 3 16 6 4 16 4 4 15 7 3 
 --- Bot used 45 milliseconds ---
-----------------------------------------------------------------------------
 --- Frame #196 ---
13 6 4 16 5 2 12 4 3 14 4 2 15 5 2 15 7 0 13 7 4 15 8 0 15 6 0 16 7 0 15 4 3 14 5 0 16 6 4 13 4 2 15 3 1 14 7 3 16 3 1 16 4 1 14 6 0 14 8 4 
 --- Bot used 35 milliseconds ---
-----------------------------------------------------------------------------
 --- Frame #197 ---
16 7 2 15 6 1 14 5 4 16 3 3 15 5 4 14 6 0 14 7 0 13 6 2 16 4 3 13 7 4 14 4 1 15 7 4 16 2 2 15 4 3 15 8 4 12 4 2 15 3 4 12 5 0 16 5 0 14 8 2 13 4 0 16 6 2 
 --- Bot used 44 milliseconds ---
-----------------------------------------------------------------------------
 --- Frame #198 ---
14 8 1 16 3 1 13 6 4 16 7 0 16 5 2 14 4 1 12 5 3 15 3 1 15 5 4 15 4 3 14 5 2 15 7 3 13 5 2 13 7 3 12 4 3 13 4 0 14 7 1 16 4 0 15 8 3 16 6 3 15 6 3 14 6 0 16 2 4 
 --- Bot used 42 milliseconds ---
-----------------------------------------------------------------------------
 --- Frame #199 ---
13 7 3 12 5 3 15 8 0 12 4 1 12 6 1 13 4 3 14 7 1 15 7 0 14 8 4 13 5 1 14 5 0 15 5 1 16 5 3 16 3 1 16 7 4 13 6 4 15 4 2 14 6 0 15 6 0 16 6 0 16 4 3 16 2 0 
 --- Bot used 35 milliseconds ---
-----------------------------------------------------------------------------
 --- Frame #200 ---
14 8 1 16 6 0 13 4 1 14 5 2 12 4 0 15 6 2 16 4 4 15 4 3 13 7 4 15 7 3 15 5 3 16 2 3 16 7 4 16 3 0 13 5 3 14 6 2 12 5 4 16 5 2 13 6 4 12 6 0 14 7 4 15 8 0 
 --- Bot used 38 milliseconds ---
-----------------------------------------------------------------------------
 --- Frame #201 ---
14 6 2 14 7 4 15 8 0 16 7 3 11 5 2 13 7 4 15 6 4 12 5 0 13 6 3 13 5 2 16 2 2 14 8 1 12 6 1 12 4 3 16 5 2 16 6 2 15 5 3 15 7 0 16 3 4 16 4 0 
 --- Bot used 47 milliseconds ---
-----------------------------------------------------------------------------
 --- Frame #202 ---
14 8 2 13 6 0 13 5 2 16 5 1 11 5 1 15 5 2 12 6 2 16 4 3 16 7 2 15 7 2 14 5 2 12 4 4 14 7 2 13 7 3 16 6 0 12 5 4 15 6 3 15 8 4 14 6 3 
 --- Bot used 35 milliseconds ---
-----------------------------------------------------------------------------
 --- Frame #203 ---
13 6 0 16 5 4 16 7 1 15 5 0 16 4 3 13 8 1 14 7 0 15 8 1 13 5 4 13 7 3 12 5 4 15 6 3 15 7 0 16 6 4 11 5 0 12 4 2 14 8 4 14 6 1 12 6 2 
 --- Bot used 43 milliseconds ---
-----------------------------------------------------------------------------
 --- Frame #204 ---
12 5 0 15 8 1 13 7 3 15 5 1 14 8 3 13 8 3 14 6 2 14 7 4 15 6 4 16 7 1 16 4 1 13 6 1 16 5 1 11 5 1 16 6 2 12 6 3 15 7 0 
 --- Bot used 38 milliseconds ---
-----------------------------------------------------------------------------
 --- Frame #205 ---
13 7 4 15 7 3 16 5 4 12 6 1 13 5 2 12 5 2 11 5 0 16 4 0 15 4 4 14 7 3 16 7 3 15 5 3 16 6 0 13 8 3 14 8 4 13 6 4 15 6 1 15 8 3 14 6 0 11 4 4 
 --- Bot used 38 milliseconds ---
-----------------------------------------------------------------------------
 --- Frame #206 ---
12 6 2 15 6 2 16 4 4 14 6 0 11 5 4 14 7 3 13 8 1 12 7 4 11 4 3 13 7 1 15 8 0 14 4 4 14 8 1 13 6 2 13 5 3 16 7 1 12 5 0 10 4 1 16 6 3 14 5 1 15 5 4 16 5 4 15 7 2 
 --- Bot used 55 milliseconds ---
-----------------------------------------------------------------------------
 --- Frame #207 ---
15 6 4 12 5 1 14 5 1 11 7 1 15 7 3 13 7 1 15 5 0 13 8 3 15 4 0 13 4 4 12 6 4 14 4 4 16 4 3 11 5 3 13 5 2 12 7 1 14 7 1 16 5 4 15 8 4 16 7 2 13 6 3 14 8 4 10 3 0 16 6 1 10 4 2 11 4 1 14 6 0 
 --- Bot used 70 milliseconds ---
-----------------------------------------------------------------------------
 --- Frame #208 ---
13 7 3 12 4 4 15 6 4 10 3 2 12 6 2 15 5 0 15 7 1 14 6 2 16 4 0 16 7 2 13 4 1 14 7 0 13 5 1 11 7 3 11 4 2 10 4 1 15 4 1 14 8 4 11 6 4 12 7 1 14 5 3 13 8 2 11 5 0 15 8 3 12 5 2 16 6 4 16 5 2 13 6 4 
 --- Bot used 52 milliseconds ---
-----------------------------------------------------------------------------
 --- Frame #209 ---
14 8 4 12 4 4 11 5 3 12 5 2 11 4 0 13 7 4 16 4 2 16 5 3 14 6 0 11 7 3 12 7 2 11 6 1 12 6 2 10 3 4 14 7 3 15 5 4 15 6 2 16 6 3 13 5 3 10 6 2 15 3 1 15 7 3 10 4 3 13 6 4 16 7 4 15 8 1 13 8 2 
 --- Bot used 39 milliseconds ---
-----------------------------------------------------------------------------
 --- Frame #210 ---
10 4 0 11 4 3 15 8 0 11 6 3 12 7 4 14 6 0 16 6 0 13 5 1 13 6 4 16 4 1 14 7 1 15 6 3 16 7 2 10 3 0 12 6 3 12 4 3 15 2 2 15 5 4 11 5 2 14 8 0 12 5 3 13 8 2 11 7 1 10 6 4 16 5 1 13 7 4 15 7 1 
 --- Bot used 51 milliseconds ---
-----------------------------------------------------------------------------
 --- Frame #211 ---
16 5 3 16 6 4 13 5 4 14 6 2 13 8 2 11 4 4 10 4 4 16 7 2 12 7 1 15 7 0 15 6 3 11 6 3 13 6 4 12 5 2 11 5 3 16 3 2 14 7 0 10 6 2 10 3 3 13 7 4 15 8 4 11 7 0 14 8 0 12 6 4 12 4 3 16 2 3 
 --- Bot used 40 milliseconds ---
-----------------------------------------------------------------------------
 --- Frame #212 ---
12 5 4 11 6 4 14 8 2 12 6 1 16 3 3 16 7 2 10 4 3 11 4 3 10 6 2 13 7 2 15 7 3 16 2 1 11 5 1 13 5 2 15 8 4 14 7 2 15 6 1 13 6 4 12 4 0 16 5 2 13 8 1 10 3 3 16 6 3 11 7 4 14 6 4 12 7 4 
 --- Bot used 42 milliseconds ---
-----------------------------------------------------------------------------
 --- Frame #213 ---
13 7 3 15 6 0 14 6 0 16 5 1 14 7 3 12 6 3 11 6 0 15 8 3 12 7 1 11 7 4 13 6 1 14 5 0 13 5 0 16 6 1 12 5 1 11 5 0 10 7 4 13 8 3 12 4 2 11 4 4 10 4 0 10 6 1 16 7 3 16 4 4 14 8 0 15 7 4 15 5 3 10 3 1 
 --- Bot used 49 milliseconds ---
-----------------------------------------------------------------------------
 --- Frame #214 ---
11 6 3 15 9 0 16 5 1 15 5 1 14 5 3 15 8 2 13 5 4 12 5 0 15 6 3 13 8 4 16 6 3 11 5 0 16 4 2 16 7 3 13 4 1 14 7 0 12 4 0 11 7 2 11 4 4 10 7 1 10 4 1 12 6 1 10 6 0 10 5 2 14 8 0 10 3 3 15 7 2 13 7 1 12 7 0 14 6 2 13 6 1 9 7 1 
 --- Bot used 43 milliseconds ---
-----------------------------------------------------------------------------
 --- Frame #215 ---
14 6 3 12 5 3 15 9 0 10 6 1 13 7 3 13 3 0 13 5 0 11 4 3 10 7 4 14 8 0 13 4 1 15 8 2 15 7 1 13 6 0 15 6 1 13 8 3 14 7 1 12 4 0 11 7 0 16 5 1 14 5 4 16 6 3 12 7 4 12 6 4 16 7 1 11 6 1 10 5 4 9 7 0 11 5 4 10 4 1 10 3 2 
 --- Bot used 53 milliseconds ---
-----------------------------------------------------------------------------
 --- Frame #216 ---
10 3 3 15 8 1 14 8 1 11 3 4 13 8 1 16 7 1 13 3 1 15 7 4 14 7 3 13 7 2 12 7 3 11 7 2 10 7 4 9 7 1 16 6 4 15 6 1 10 4 2 14 6 1 13 6 4 12 4 1 12 6 0 11 6 3 10 6 3 11 4 3 13 4 2 15 5 4 14 5 4 13 5 3 12 5 1 11 5 2 10 5 0 15 9 3 
 --- Bot used 74 milliseconds ---
-----------------------------------------------------------------------------
 --- Frame #217 ---
9 7 1 16 6 2 15 6 2 14 8 0 14 6 3 15 8 2 13 6 3 12 6 1 11 6 2 10 6 0 15 5 3 14 5 1 13 5 3 12 5 0 11 5 4 15 9 1 14 4 1 13 4 1 12 4 2 13 8 1 11 4 3 15 7 2 12 3 4 10 4 1 11 3 3 16 7 0 10 5 0 15 10 1 14 7 2 10 7 1 11 7 3 12 7 1 13 7 4 10 3 2 
 --- Bot used 62 milliseconds ---
-----------------------------------------------------------------------------
 --- Frame #218 ---
15 10 3 15 6 0 14 6 0 15 8 3 13 6 3 14 8 0 12 6 3 11 6 0 9 7 1 14 5 4 15 7 1 13 5 1 14 7 3 12 5 2 11 5 4 15 9 4 14 4 0 13 4 2 10 6 2 11 4 2 10 4 0 13 3 3 12 4 1 10 5 4 11 3 1 12 3 2 16 7 1 13 7 0 13 8 4 12 7 0 11 7 1 10 7 4 10 3 0 
 --- Bot used 49 milliseconds ---
-----------------------------------------------------------------------------
 --- Frame #219 ---
16 6 2 15 6 4 14 6 2 14 8 0 13 6 2 12 6 4 11 6 4 15 9 1 10 7 2 14 5 0 13 5 0 14 7 3 12 5 4 11 5 2 16 7 0 10 5 0 13 8 0 10 6 2 14 4 0 13 4 4 15 8 1 12 4 3 11 4 4 10 4 3 13 3 1 12 3 3 9 5 0 11 3 2 12 7 4 13 7 1 15 10 3 15 7 0 11 7 0 9 7 0 10 3 3 
 --- Bot used 49 milliseconds ---
-----------------------------------------------------------------------------
 --- Frame #220 ---
10 7 4 9 7 3 16 6 1 15 6 4 14 6 2 13 6 2 12 6 3 11 6 0 15 9 3 14 5 3 13 5 2 12 5 4 12 3 0 10 5 4 13 8 3 9 5 0 14 4 1 13 4 0 12 4 3 11 4 3 10 4 0 13 3 1 11 5 3 10 6 3 11 3 0 15 10 4 16 7 2 15 7 1 14 7 3 12 7 1 13 7 3 15 8 0 14 8 4 11 7 0 10 3 4 
 --- Bot used 54 milliseconds ---
-----------------------------------------------------------------------------
 --- Frame #221 ---
11 7 3 10 7 3 15 10 3 15 6 0 14 6 4 13 6 4 12 6 0 11 6 0 9 7 0 14 5 2 13 5 2 12 5 0 16 7 0 10 5 4 10 6 4 15 7 0 13 4 2 12 4 1 11 4 3 11 3 3 15 9 1 12 3 3 14 3 3 11 5 2 12 7 3 10 4 1 9 5 1 13 8 0 14 8 0 13 7 0 14 7 3 15 8 4 10 3 0 
 --- Bot used 47 milliseconds ---
-----------------------------------------------------------------------------
 --- Frame #222 ---
10 7 4 11 8 0 15 9 2 15 6 3 14 6 3 13 6 4 12 6 4 16 7 3 11 6 2 10 6 0 15 5 1 14 5 4 13 5 2 12 5 4 11 5 1 10 5 3 14 7 3 9 5 2 14 4 4 13 4 1 15 7 0 11 4 3 12 7 3 10 4 2 9 4 0 9 7 0 12 3 1 15 10 3 14 3 0 11 3 0 13 8 3 12 4 1 11 7 4 13 7 4 14 8 1 15 8 4 10 3 3 
 --- Bot used 95 milliseconds ---
-----------------------------------------------------------------------------
 --- Frame #223 ---
15 6 1 14 6 4 13 6 2 12 6 4 11 6 3 10 6 3 15 9 4 15 8 1 15 5 0 14 5 0 13 5 0 12 5 0 11 5 0 10 5 3 12 3 2 15 4 0 14 4 3 13 4 4 12 4 0 11 4 1 10 4 3 9 4 2 14 3 2 13 3 4 13 8 4 9 7 4 11 3 1 9 5 1 11 8 2 16 7 2 13 7 3 15 7 0 15 10 3 12 7 4 10 7 1 11 7 3 14 8 0 14 7 2 10 3 1 
 --- Bot used 65 milliseconds ---
-----------------------------------------------------------------------------
 --- Frame #224 ---
16 7 1 12 6 1 11 6 4 10 6 2 15 7 3 14 7 4 15 5 1 14 5 2 13 5 3 12 5 4 11 5 2 14 8 3 10 5 0 13 8 0 15 4 1 14 4 4 13 4 4 12 4 2 11 4 1 10 4 4 9 7 3 15 3 4 14 3 0 13 3 4 12 3 4 9 5 1 11 3 2 9 4 1 14 6 3 13 7 3 15 6 4 15 10 4 13 6 2 12 7 1 11 7 2 11 8 0 15 9 4 15 8 3 10 7 2 10 3 0 
 --- Bot used 84 milliseconds ---
-----------------------------------------------------------------------------
 --- Frame #225 ---
16 6 1 9 7 1 15 6 2 14 6 3 13 6 2 12 6 1 11 8 4 11 6 1 10 6 3 15 5 4 14 5 0 13 5 4 12 5 1 11 5 0 14 3 0 15 9 1 15 4 4 14 4 0 13 4 3 12 4 4 11 4 1 10 4 1 13 8 0 15 3 3 10 5 3 13 3 3 12 3 0 9 5 4 11 3 2 9 4 2 10 7 0 16 7 3 15 7 4 15 10 3 14 7 3 14 8 3 15 8 0 13 7 2 12 7 0 11 7 0 10 3 0 
 --- Bot used 59 milliseconds ---
-----------------------------------------------------------------------------
 --- Frame #226 ---
9 7 3 16 6 1 15 6 4 14 6 3 13 6 3 12 6 1 11 6 2 13 8 3 16 5 1 15 5 0 14 5 2 13 5 0 12 5 2 11 5 0 14 3 2 10 6 4 15 4 2 14 4 1 13 4 1 12 4 2 11 4 4 14 7 4 10 4 0 15 9 1 15 3 2 10 5 4 13 3 4 12 3 0 9 5 0 11 8 3 16 7 4 11 3 1 9 4 0 15 7 3 14 8 0 15 8 0 10 7 3 11 7 1 12 7 2 13 7 2 10 3 2 15 10 2 
 --- Bot used 53 milliseconds ---
-----------------------------------------------------------------------------
 --- Frame #227 ---
15 6 3 13 6 4 12 6 0 10 6 2 9 6 4 11 8 2 14 5 3 12 5 2 11 5 1 9 5 0 15 4 3 13 4 2 12 4 0 10 4 0 14 3 4 14 7 1 13 8 1 16 7 0 15 9 1 12 7 2 9 7 3 16 6 1 14 6 1 13 7 1 11 6 4 16 5 0 15 5 4 13 5 3 15 7 3 10 5 1 16 4 1 14 4 2 14 8 2 11 4 4 9 4 0 13 3 1 12 3 3 10 8 4 15 10 1 11 3 0 15 8 1 10 7 1 11 7 0 10 3 0 
 --- Bot used 110 milliseconds ---
-----------------------------------------------------------------------------
 --- Frame #228 ---
15 6 3 13 6 1 11 6 0 9 6 3 16 5 1 14 5 2 10 8 3 9 4 2 10 5 4 16 4 3 14 4 0 11 4 2 11 8 1 15 10 0 13 3 3 16 3 4 16 7 3 14 7 2 13 7 3 12 7 3 15 9 4 14 8 1 11 7 3 9 7 0 16 6 1 14 6 0 12 6 0 10 6 1 15 5 4 13 5 0 12 5 4 11 5 2 9 5 1 15 4 4 13 4 0 12 4 1 10 4 3 13 8 0 14 3 4 12 3 4 9 8 0 11 3 1 15 7 0 15 8 4 10 7 2 10 3 2 
 --- Bot used 70 milliseconds ---
-----------------------------------------------------------------------------
 --- Frame #229 ---
14 6 3 10 3 2 15 6 4 16 6 2 9 7 3 10 7 2 11 7 1 12 7 2 13 7 2 14 7 4 15 7 4 15 3 0 16 7 4 11 3 0 9 8 2 9 4 2 10 8 4 12 3 3 11 8 0 13 3 3 15 10 4 13 8 3 14 8 1 15 9 3 15 8 2 10 4 4 11 4 3 12 4 3 13 4 2 14 4 2 15 4 4 16 4 2 9 5 1 10 5 1 11 5 3 12 5 2 13 5 1 14 5 4 15 5 3 16 5 4 9 6 2 10 6 1 11 6 0 12 6 3 13 6 2 
 --- Bot used 86 milliseconds ---
-----------------------------------------------------------------------------
 --- Frame #230 ---
13 7 3 12 7 0 11 7 0 10 7 2 9 7 3 16 6 4 15 6 4 14 6 1 13 6 3 12 6 1 11 6 1 10 6 0 9 6 0 16 5 3 15 5 0 14 5 0 13 5 2 12 5 1 15 7 4 14 7 0 11 5 4 14 8 2 11 8 0 10 5 0 9 5 1 16 4 2 15 4 0 14 4 2 13 4 1 12 4 1 11 4 4 10 4 2 15 9 1 13 8 2 13 3 2 12 3 3 9 4 1 11 3 0 15 3 3 16 7 4 15 8 0 15 10 3 10 8 3 9 8 2 10 3 1 
 --- Bot used 63 milliseconds ---
-----------------------------------------------------------------------------
 --- Frame #231 ---
16 7 2 15 7 0 14 7 1 13 7 2 12 7 3 11 7 4 10 7 2 9 7 2 16 6 2 15 6 3 14 6 0 13 6 1 12 6 0 11 6 1 10 6 1 9 6 4 15 8 4 16 5 2 15 5 1 14 5 3 13 5 3 14 8 0 12 5 1 9 8 2 15 10 2 11 5 1 10 5 4 9 5 0 16 4 3 15 4 0 14 4 3 13 4 2 12 4 3 11 4 1 10 4 1 15 9 2 13 3 1 12 3 3 13 8 3 11 3 4 9 4 3 10 8 3 11 8 2 10 3 2 
 --- Bot used 55 milliseconds ---
-----------------------------------------------------------------------------
 --- Frame #232 ---
15 7 3 14 7 2 13 7 3 12 7 3 11 7 1 10 7 2 9 7 3 16 6 2 15 6 1 14 6 4 13 6 4 12 6 1 11 6 2 10 6 1 9 6 1 13 8 1 16 5 4 15 5 2 14 5 3 13 5 0 12 5 2 11 5 4 10 5 2 9 5 0 16 4 2 8 6 0 13 4 4 12 4 0 11 4 3 10 4 1 9 4 2 12 3 3 11 3 2 15 8 4 15 4 2 14 8 0 10 3 3 15 10 3 15 9 4 11 8 0 10 8 2 9 8 1 16 7 4 13 2 1 
 --- Bot used 62 milliseconds ---
-----------------------------------------------------------------------------
 --- Frame #233 ---
11 4 3 14 6 1 12 4 2 15 6 3 15 5 2 13 1 4 16 6 2 9 5 3 9 7 0 10 5 0 10 7 0 11 5 3 11 7 2 12 5 4 12 7 1 13 5 1 13 7 0 8 6 2 14 7 0 15 7 2 15 9 2 16 7 4 16 4 4 9 8 1 16 5 4 13 2 3 10 8 3 13 8 3 10 3 4 11 8 0 9 6 1 11 3 0 15 10 3 10 6 4 12 3 4 14 8 3 11 6 0 9 4 2 15 8 2 12 6 4 10 4 1 13 6 2 
 --- Bot used 53 milliseconds ---
-----------------------------------------------------------------------------
 --- Frame #234 ---
10 4 0 9 5 0 13 7 3 11 3 3 12 7 4 10 3 1 11 7 3 15 4 4 10 7 4 9 7 0 9 4 3 16 6 2 13 1 1 15 6 3 9 3 0 14 6 0 13 6 4 12 6 1 11 6 4 10 6 3 9 6 1 13 8 1 11 8 1 15 10 0 16 5 0 15 7 1 13 5 4 9 8 3 10 8 2 12 5 4 11 5 3 10 5 2 8 6 4 15 9 1 14 7 1 15 8 2 16 7 3 13 4 0 12 4 2 14 8 0 11 4 0 12 1 4 
 --- Bot used 59 milliseconds ---
-----------------------------------------------------------------------------
 --- Frame #235 ---
9 3 4 13 7 2 9 8 3 12 7 3 11 4 0 14 7 2 11 7 4 10 4 0 15 7 2 11 8 3 10 7 2 8 6 4 16 7 0 9 7 2 11 3 1 15 10 3 16 6 4 9 4 1 10 3 4 15 6 1 15 9 2 14 6 1 13 6 3 12 6 1 14 8 2 11 6 4 10 6 3 15 8 0 9 6 2 13 8 3 16 5 4 13 5 3 12 5 3 11 5 1 10 8 0 10 5 2 9 5 1 14 4 1 13 4 4 12 4 2 
 --- Bot used 47 milliseconds ---
-----------------------------------------------------------------------------
 --- Frame #236 ---
10 7 3 16 6 1 15 6 1 13 6 1 11 6 2 9 6 3 16 5 1 15 10 1 14 5 2 15 8 1 12 5 2 14 8 2 11 5 2 10 5 1 9 5 0 14 4 0 13 4 3 11 4 1 10 4 2 14 3 2 11 3 2 10 3 4 8 6 3 9 3 4 11 7 3 9 7 3 14 6 1 12 6 2 10 6 4 15 9 4 13 8 4 15 5 4 11 8 4 13 5 2 10 8 4 9 8 2 16 7 4 15 7 2 12 4 4 14 7 3 9 4 0 13 7 4 13 9 1 12 7 4 
 --- Bot used 64 milliseconds ---
-----------------------------------------------------------------------------
 --- Frame #237 ---
11 6 0 10 6 0 13 8 2 15 5 2 13 5 1 12 5 2 11 5 1 10 5 4 9 5 0 13 9 4 14 4 2 15 6 3 11 4 1 16 4 2 15 3 2 12 3 1 11 3 4 9 4 0 10 3 0 8 6 4 13 6 2 9 3 1 12 6 2 10 7 2 9 6 0 16 5 4 14 5 1 16 7 3 9 8 0 10 8 1 11 8 0 15 9 0 16 6 3 14 8 4 13 4 4 12 4 0 14 6 1 12 7 3 15 7 1 9 7 0 10 4 2 15 8 0 14 7 2 15 10 2 11 7 2 13 7 3 
 --- Bot used 53 milliseconds ---
-----------------------------------------------------------------------------
 --- Frame #238 ---
12 6 0 11 6 2 9 6 1 16 5 1 14 5 4 13 5 1 14 6 0 10 5 4 15 4 2 12 4 1 11 4 1 10 4 1 16 3 3 14 4 2 15 3 4 10 3 3 8 6 3 9 3 0 15 10 3 15 8 0 13 6 0 10 6 0 13 8 4 15 5 3 15 6 4 12 5 1 11 5 4 9 5 3 16 4 4 13 9 3 13 7 0 14 7 3 15 7 4 16 7 3 9 8 3 9 4 3 10 8 2 11 3 0 11 8 3 12 7 1 14 8 3 11 7 3 10 7 3 9 7 2 15 9 0 16 6 2 
 --- Bot used 66 milliseconds ---
-----------------------------------------------------------------------------
 --- Frame #239 ---
15 10 4 10 7 2 11 7 4 15 6 4 12 7 3 14 6 3 15 8 4 13 6 4 13 7 1 12 6 2 11 6 3 10 6 3 9 6 1 13 8 1 16 5 4 15 5 0 14 5 4 13 5 3 12 5 3 11 5 0 10 5 4 9 5 4 16 4 1 15 4 3 14 4 1 13 4 1 15 7 2 16 7 3 10 8 2 11 8 1 12 4 3 11 4 0 10 4 1 9 4 1 16 6 4 16 3 0 15 3 1 13 9 0 12 3 2 9 7 1 11 3 2 8 6 4 10 3 4 14 3 4 9 3 3 14 7 4 9 8 1 15 9 0 14 8 2 
 --- Bot used 55 milliseconds ---
-----------------------------------------------------------------------------
 --- Frame #240 ---
15 7 1 15 9 4 9 8 2 11 8 4 10 7 4 13 8 4 16 5 4 15 5 3 14 5 2 13 5 4 12 5 0 11 5 2 10 5 0 9 5 2 14 8 1 16 4 4 10 6 1 11 7 0 14 6 4 15 6 0 12 7 1 15 4 1 14 4 4 13 7 1 14 7 1 16 7 3 10 8 4 13 4 1 12 4 2 11 4 3 10 4 2 9 4 1 16 3 1 8 5 2 13 3 3 12 3 2 11 3 1 13 9 3 15 3 0 10 3 4 8 6 1 16 6 3 12 6 0 9 6 1 11 6 4 15 8 2 13 6 3 9 3 4 15 10 1 9 7 0 
 --- Bot used 79 milliseconds ---
-----------------------------------------------------------------------------
 --- Frame #241 ---
10 6 4 16 2 0 11 6 1 12 6 3 15 10 1 8 6 4 9 3 3 8 5 1 10 3 4 13 6 4 11 3 2 14 6 2 12 3 2 15 6 4 13 3 1 16 6 4 16 3 2 9 7 0 9 4 2 10 7 4 10 4 4 11 7 2 11 4 0 12 7 4 12 4 3 13 7 2 13 4 4 14 7 2 14 4 0 15 7 4 15 4 0 16 7 1 16 4 0 9 8 1 13 9 0 10 8 0 9 5 0 11 8 0 10 5 3 15 9 3 11 5 2 14 8 2 12 5 2 15 8 0 13 5 2 14 5 2 15 5 3 16 5 1 13 8 3 9 6 1 
 --- Bot used 57 milliseconds ---
-----------------------------------------------------------------------------
 --- Frame #242 ---
11 5 0 10 5 3 9 7 1 14 6 2 13 9 4 9 5 1 15 6 0 16 4 2 15 4 3 14 4 2 13 4 4 12 4 0 11 4 2 10 4 4 11 7 2 10 7 0 16 7 3 15 9 2 13 3 2 9 4 3 16 3 2 14 8 4 14 7 2 15 7 4 11 3 0 10 3 1 9 8 2 8 6 4 16 2 2 11 6 1 8 5 1 13 7 0 12 3 1 12 6 0 11 8 1 13 2 2 9 3 4 12 7 4 14 5 3 16 5 3 16 6 2 13 6 1 9 6 1 10 6 4 15 8 4 10 8 0 13 8 0 15 5 0 13 5 2 15 10 1 12 5 1 
 --- Bot used 70 milliseconds ---
-----------------------------------------------------------------------------
 --- Frame #243 ---
15 6 2 9 4 3 10 8 1 15 9 0 11 7 0 10 4 0 16 6 1 15 5 1 12 6 4 9 6 3 15 4 1 14 8 2 13 7 3 14 6 0 15 8 2 17 2 0 8 5 4 10 7 4 13 8 2 13 4 0 12 5 0 11 8 1 14 2 2 13 5 0 12 7 4 12 3 3 13 6 1 11 6 0 16 3 2 9 3 1 15 7 4 9 8 4 16 7 4 9 5 2 13 9 4 16 4 1 10 5 4 14 5 4 10 3 1 14 7 1 14 3 3 8 6 1 9 7 0 11 5 0 16 5 4 15 10 3 12 4 0 16 2 1 14 4 1 11 3 2 11 4 0 10 6 3 13 3 3 
 --- Bot used 56 milliseconds ---
-----------------------------------------------------------------------------
 --- Frame #244 ---
14 7 2 14 5 4 13 5 0 12 5 2 15 10 1 11 5 4 9 7 1 16 6 4 11 8 3 15 6 2 11 6 4 16 5 0 15 5 1 15 9 4 10 6 2 13 8 2 10 5 1 9 6 1 9 5 0 10 7 1 11 7 3 16 4 4 15 4 4 14 4 4 13 4 2 12 4 4 14 8 3 11 4 3 10 4 2 9 4 4 16 3 3 15 3 1 14 3 1 13 3 3 12 7 1 13 7 2 16 7 3 12 3 1 11 3 2 9 8 4 10 3 2 8 5 0 17 2 1 16 2 0 8 6 4 15 2 3 9 3 3 15 8 3 10 8 4 15 7 4 14 6 0 13 6 3 14 2 0 12 6 4 13 9 4 
 --- Bot used 97 milliseconds ---
-----------------------------------------------------------------------------
 --- Frame #245 ---
17 1 3 8 5 0 12 7 2 9 5 4 13 6 1 10 5 1 11 7 4 14 3 0 16 4 3 11 6 1 9 7 0 15 6 2 15 7 4 15 8 0 10 8 1 12 3 0 12 5 1 14 5 4 10 3 3 13 5 3 13 8 2 11 8 3 9 3 1 16 5 1 13 7 0 11 4 3 10 4 0 13 9 1 9 4 2 9 6 1 14 7 2 11 3 2 17 2 4 14 4 2 14 6 4 13 3 2 13 4 2 12 4 3 15 3 2 14 8 3 15 2 0 15 5 0 16 6 4 16 7 2 11 5 0 10 7 1 15 4 4 15 9 1 16 2 0 12 6 0 10 6 4 15 10 0 8 6 2 9 8 1 16 3 2 
 --- Bot used 86 milliseconds ---
-----------------------------------------------------------------------------
 --- Frame #246 ---
14 8 4 11 7 3 15 8 0 15 10 2 11 8 0 15 3 1 17 1 1 16 3 0 14 7 0 9 4 4 13 8 4 10 4 2 11 9 3 10 8 1 15 4 3 11 4 1 13 9 1 12 4 0 9 7 4 14 4 2 10 7 1 15 6 1 10 3 2 16 7 3 16 4 1 9 6 4 14 6 4 9 5 1 13 6 3 10 5 4 11 5 3 12 7 1 12 5 2 13 5 4 8 6 3 14 5 0 16 2 0 15 5 0 9 3 1 16 5 4 17 2 0 8 5 4 14 9 4 16 6 3 11 3 0 15 7 2 12 3 4 11 6 1 13 3 2 12 6 3 10 6 2 9 8 2 13 4 4 13 7 4 15 9 1 14 3 0 
 --- Bot used 115 milliseconds ---
-----------------------------------------------------------------------------
 --- Frame #247 ---
13 9 0 11 5 4 16 2 0 13 8 1 12 5 2 14 8 4 13 5 4 14 5 3 15 5 0 16 5 3 15 8 4 9 3 2 17 2 1 11 8 1 8 6 0 10 3 3 11 3 1 12 3 2 14 9 2 13 3 2 15 10 4 14 3 3 9 6 3 15 3 2 10 6 1 16 3 1 11 6 0 12 6 2 13 6 4 14 6 3 15 6 2 15 9 0 9 4 0 16 6 0 10 4 2 9 7 4 11 4 2 10 7 1 12 4 3 11 7 4 13 4 4 12 7 0 14 4 4 13 7 2 15 4 2 14 7 4 16 4 0 15 7 2 7 5 3 11 9 4 16 7 2 8 5 4 9 8 3 9 5 2 10 8 0 10 5 2 
 --- Bot used 76 milliseconds ---
-----------------------------------------------------------------------------
 --- Frame #248 ---
10 4 1 13 7 3 9 4 1 13 5 0 15 10 1 10 7 3 14 4 3 14 5 2 11 9 0 13 8 3 15 7 3 9 8 1 11 6 2 15 4 4 14 8 3 12 7 3 11 7 0 14 7 2 13 4 3 16 3 2 12 4 1 15 3 2 14 3 0 13 3 1 14 9 4 12 3 0 11 3 4 10 3 4 7 6 0 17 2 0 10 5 1 16 2 4 11 2 2 9 5 3 16 4 0 8 6 3 12 5 2 8 5 2 9 3 0 11 8 1 11 4 0 15 6 0 9 7 3 12 6 0 10 6 2 11 5 1 17 7 1 13 6 0 9 6 1 7 5 4 13 9 4 14 6 2 16 7 3 15 8 1 16 6 4 16 5 4 15 5 0 15 9 1 17 1 3 10 8 2 
 --- Bot used 65 milliseconds ---
-----------------------------------------------------------------------------
 --- Frame #249 ---
10 3 4 16 7 0 9 5 4 8 5 0 16 2 4 15 9 0 7 6 0 12 3 2 9 3 1 12 7 1 15 7 1 7 5 1 15 10 0 15 4 4 14 9 1 13 4 4 11 4 3 9 4 3 16 3 0 15 3 0 17 6 4 15 5 0 14 5 0 12 8 2 16 5 2 11 8 4 10 8 2 13 9 3 13 8 0 13 7 0 16 4 2 14 4 2 12 4 2 8 6 2 14 7 3 9 6 2 10 6 4 15 8 4 11 6 2 11 3 3 12 6 4 13 6 0 14 6 0 15 6 1 13 3 2 14 3 0 14 8 1 13 5 4 10 4 3 12 5 3 11 5 1 10 5 3 11 9 1 16 6 3 17 1 0 15 2 0 17 7 1 11 7 2 9 8 2 10 7 1 17 2 4 9 7 4 8 7 3 
 --- Bot used 79 milliseconds ---
-----------------------------------------------------------------------------
 --- Frame #250 ---
16 2 3 14 3 0 15 8 4 15 2 2 14 8 4 11 8 1 11 4 4 13 8 1 10 4 2 12 8 3 12 5 4 9 5 4 13 5 2 15 10 0 12 4 4 17 4 2 13 4 1 14 4 2 11 3 1 12 3 2 13 3 2 17 7 4 16 7 2 15 7 3 14 7 0 14 9 2 9 3 3 12 7 4 8 8 1 11 7 0 10 7 2 8 5 1 16 4 2 15 4 2 11 5 4 15 9 4 9 2 0 15 3 0 17 6 4 16 3 4 13 9 2 9 4 3 13 7 3 9 7 1 8 7 2 10 5 0 10 3 0 16 6 1 9 8 4 14 5 3 17 2 4 13 6 3 12 6 1 10 8 1 11 6 3 10 6 4 9 6 2 15 6 2 8 6 1 7 6 3 16 5 2 15 5 4 11 9 2 14 6 0 7 5 1 
 --- Bot used 65 milliseconds ---
-----------------------------------------------------------------------------
 --- Frame #251 ---
13 4 2 12 4 3 16 7 0 12 5 2 7 6 3 8 6 3 9 6 4 14 5 0 16 5 1 9 8 1 13 8 0 9 7 3 15 7 2 14 7 2 13 7 1 14 9 4 11 7 4 10 7 3 11 4 4 10 4 0 9 4 3 11 5 4 14 4 1 13 5 1 15 5 3 16 3 0 15 10 2 15 3 1 14 3 0 13 3 3 12 3 1 15 8 2 11 3 4 10 3 2 10 6 4 17 2 4 16 2 2 7 5 2 11 2 1 9 3 3 15 2 0 17 6 3 12 7 0 16 6 2 8 7 1 14 6 1 13 6 3 12 6 1 13 9 1 15 4 1 16 4 1 11 9 1 17 4 1 15 9 4 7 7 1 11 6 1 8 5 1 9 5 0 15 6 0 17 7 2 14 8 3 12 8 3 8 8 0 9 2 0 10 8 0 10 5 1 11 8 1 
 --- Bot used 79 milliseconds ---
-----------------------------------------------------------------------------
 --- Frame #252 ---
11 5 3 13 7 1 11 6 4 17 4 3 16 4 2 15 10 3 8 7 4 15 4 4 8 5 0 9 5 2 10 5 4 10 7 0 14 4 2 13 4 2 12 4 2 11 4 4 10 4 2 13 8 0 9 4 1 15 7 1 16 3 1 15 3 4 14 3 1 13 3 2 15 6 4 11 8 1 10 8 0 12 7 3 12 8 4 15 5 1 16 5 1 14 9 4 13 5 1 7 6 4 14 7 0 11 9 4 14 8 4 16 7 2 15 8 1 7 7 3 12 3 2 11 3 1 10 3 4 12 6 3 17 2 1 12 5 2 9 3 3 13 9 0 8 6 3 17 6 1 12 2 0 11 2 1 14 5 3 16 2 2 7 5 4 14 6 2 8 8 4 11 7 0 15 9 0 9 8 1 9 6 0 13 6 3 16 6 1 10 6 1 17 7 1 9 2 3 9 7 1 
 --- Bot used 70 milliseconds ---
-----------------------------------------------------------------------------
 --- Frame #253 ---
7 7 3 10 5 4 13 6 1 15 9 2 12 7 2 11 5 0 16 2 3 9 7 2 8 7 2 10 7 0 11 3 2 11 6 1 13 8 2 12 3 4 13 3 2 10 4 2 8 8 0 14 6 0 17 7 3 13 9 4 17 1 2 11 2 2 12 5 0 15 10 3 11 4 4 14 9 0 14 7 3 15 7 1 9 4 4 11 7 0 16 3 2 15 3 1 13 4 4 8 5 3 12 4 2 13 5 1 15 4 3 9 5 3 14 4 2 17 4 1 9 2 2 9 8 2 14 2 3 11 8 1 15 8 3 12 2 2 14 8 1 9 3 0 7 5 0 13 7 2 16 4 3 10 8 1 14 5 0 16 6 0 17 2 4 15 6 3 7 6 4 17 6 2 10 3 1 12 6 1 12 8 3 10 6 0 9 6 0 8 6 3 6 6 3 17 5 1 16 7 1 16 5 4 15 5 2 14 3 2 11 9 1 
 --- Bot used 82 milliseconds ---
-----------------------------------------------------------------------------
 --- Frame #254 ---
17 7 3 15 10 3 15 6 3 16 6 4 13 6 0 9 2 3 9 8 3 13 5 2 14 9 0 11 8 4 18 1 1 12 5 3 12 6 4 6 7 4 7 7 2 8 7 0 11 6 1 12 7 1 13 7 3 10 5 2 11 5 1 10 7 3 9 3 3 8 6 2 16 7 1 16 5 2 12 3 0 13 3 0 14 3 4 15 3 0 12 8 3 16 3 0 9 7 3 17 6 0 11 7 0 11 3 4 9 4 1 10 3 3 16 2 0 15 7 1 12 4 0 13 4 3 14 4 4 10 4 0 10 8 0 10 6 3 11 2 0 17 4 2 9 5 3 11 4 4 15 9 2 9 6 1 14 7 2 7 6 4 14 5 0 16 4 1 7 5 3 15 8 1 13 8 0 6 6 4 17 2 2 17 5 3 15 5 4 15 4 1 8 5 4 14 6 3 14 8 3 12 2 4 13 9 2 8 8 3 11 9 0 
 --- Bot used 88 milliseconds ---
-----------------------------------------------------------------------------
 --- Frame #255 ---
Traceback (most recent call last):
 --- Bot used 63 milliseconds ---
ERRORED!
Response received (if any):
Traceback (most recent call last):
 --- Bot was killed. Below is the rest of its output (if any): ---
  File "MyBot.py", line 200, in <module>
    loc_states = get_states(gameMap, myID)
  File "MyBot.py", line 44, in get_states
    ss = gameMap.getSite(loc)
  File "/home/michalis/Development/Halite/hlt.py", line 96, in getSite
    return self.contents[l.y][l.x]
IndexError: list index out of range

 --- End bot output ---