 --- Init ---
SarsaLambdaBot
 --- Bot used 55 milliseconds ---
-----------------------------------------------------------------------------
 --- Frame #1 ---
7 15 0 
 --- Bot used 23 milliseconds ---
-----------------------------------------------------------------------------
 --- Frame #2 ---
7 15 4 
 --- Bot used 36 milliseconds ---
-----------------------------------------------------------------------------
 --- Frame #3 ---
7 15 2 
 --- Bot used 34 milliseconds ---
-----------------------------------------------------------------------------
 --- Frame #4 ---
7 15 1 
 --- Bot used 28 milliseconds ---
-----------------------------------------------------------------------------
 --- Frame #5 ---
7 15 4 
 --- Bot used 63 milliseconds ---
-----------------------------------------------------------------------------
 --- Frame #6 ---
7 15 0 
 --- Bot used 32 milliseconds ---
-----------------------------------------------------------------------------
 --- Frame #7 ---
7 15 2 
 --- Bot used 27 milliseconds ---
-----------------------------------------------------------------------------
 --- Frame #8 ---
7 15 3 
 --- Bot used 34 milliseconds ---
-----------------------------------------------------------------------------
 --- Frame #9 ---
7 15 0 
 --- Bot used 32 milliseconds ---
-----------------------------------------------------------------------------
 --- Frame #10 ---
7 15 1 
 --- Bot used 22 milliseconds ---
-----------------------------------------------------------------------------
 --- Frame #11 ---
7 15 0 
 --- Bot used 28 milliseconds ---
-----------------------------------------------------------------------------
 --- Frame #12 ---
7 15 0 
 --- Bot used 55 milliseconds ---
-----------------------------------------------------------------------------
 --- Frame #13 ---
7 15 1 
 --- Bot used 38 milliseconds ---
-----------------------------------------------------------------------------
 --- Frame #14 ---
7 15 3 
 --- Bot used 33 milliseconds ---
-----------------------------------------------------------------------------
 --- Frame #15 ---
7 15 2 
 --- Bot used 28 milliseconds ---
-----------------------------------------------------------------------------
 --- Frame #16 ---
7 15 2 
 --- Bot used 35 milliseconds ---
-----------------------------------------------------------------------------
 --- Frame #17 ---
7 15 3 
 --- Bot used 24 milliseconds ---
-----------------------------------------------------------------------------
 --- Frame #18 ---
7 15 4 
 --- Bot used 23 milliseconds ---
-----------------------------------------------------------------------------
 --- Frame #19 ---
7 15 0 
 --- Bot used 27 milliseconds ---
-----------------------------------------------------------------------------
 --- Frame #20 ---
7 15 1 
 --- Bot used 35 milliseconds ---
-----------------------------------------------------------------------------
 --- Frame #21 ---
7 14 1 7 15 0 
 --- Bot used 26 milliseconds ---
-----------------------------------------------------------------------------
 --- Frame #22 ---
7 15 0 7 14 0 
 --- Bot used 21 milliseconds ---
-----------------------------------------------------------------------------
 --- Frame #23 ---
7 14 0 7 15 3 
 --- Bot used 22 milliseconds ---
-----------------------------------------------------------------------------
 --- Frame #24 ---
7 14 1 7 15 0 
 --- Bot used 29 milliseconds ---
-----------------------------------------------------------------------------
 --- Frame #25 ---
7 14 3 7 15 3 
 --- Bot used 28 milliseconds ---
-----------------------------------------------------------------------------
 --- Frame #26 ---
7 14 1 7 16 2 7 15 1 
 --- Bot used 28 milliseconds ---
-----------------------------------------------------------------------------
 --- Frame #27 ---
7 15 4 7 14 4 7 16 4 
 --- Bot used 24 milliseconds ---
-----------------------------------------------------------------------------
 --- Frame #28 ---
7 16 4 7 15 3 7 14 2 
 --- Bot used 28 milliseconds ---
-----------------------------------------------------------------------------
 --- Frame #29 ---
7 16 2 7 14 3 7 15 4 
 --- Bot used 59 milliseconds ---
-----------------------------------------------------------------------------
 --- Frame #30 ---
7 15 1 7 14 3 7 16 4 
 --- Bot used 40 milliseconds ---
-----------------------------------------------------------------------------
 --- Frame #31 ---
7 15 1 7 16 2 7 14 3 
 --- Bot used 36 milliseconds ---
-----------------------------------------------------------------------------
 --- Frame #32 ---
7 14 2 7 16 4 7 15 0 
 --- Bot used 64 milliseconds ---
-----------------------------------------------------------------------------
 --- Frame #33 ---
7 16 4 7 14 4 7 15 3 
 --- Bot used 30 milliseconds ---
-----------------------------------------------------------------------------
 --- Frame #34 ---
7 14 4 7 16 4 7 15 0 
 --- Bot used 33 milliseconds ---
-----------------------------------------------------------------------------
 --- Frame #35 ---
7 15 2 7 16 0 7 14 4 
 --- Bot used 24 milliseconds ---
-----------------------------------------------------------------------------
 --- Frame #36 ---
7 15 1 7 14 3 8 15 1 7 16 1 
 --- Bot used 41 milliseconds ---
-----------------------------------------------------------------------------
 --- Frame #37 ---
8 15 1 7 16 2 7 15 2 7 14 3 
 --- Bot used 44 milliseconds ---
-----------------------------------------------------------------------------
 --- Frame #38 ---
7 14 1 7 15 3 7 16 0 8 15 0 
 --- Bot used 24 milliseconds ---
-----------------------------------------------------------------------------
 --- Frame #39 ---
7 14 1 8 15 0 7 16 4 7 15 3 
 --- Bot used 28 milliseconds ---
-----------------------------------------------------------------------------
 --- Frame #40 ---
7 14 4 7 16 2 7 15 1 8 15 4 
 --- Bot used 47 milliseconds ---
-----------------------------------------------------------------------------
 --- Frame #41 ---
7 14 4 7 16 1 8 15 3 7 15 2 
 --- Bot used 31 milliseconds ---
-----------------------------------------------------------------------------
 --- Frame #42 ---
7 15 1 7 16 0 8 15 1 7 14 2 
 --- Bot used 29 milliseconds ---
-----------------------------------------------------------------------------
 --- Frame #43 ---
7 16 3 8 15 1 7 15 4 7 14 2 8 14 0 
 --- Bot used 32 milliseconds ---
-----------------------------------------------------------------------------
 --- Frame #44 ---
7 14 3 8 15 4 8 14 3 7 15 4 7 16 1 
 --- Bot used 56 milliseconds ---
-----------------------------------------------------------------------------
 --- Frame #45 ---
7 15 4 7 16 1 7 14 4 8 15 1 8 14 2 
 --- Bot used 42 milliseconds ---
-----------------------------------------------------------------------------
 --- Frame #46 ---
8 14 4 7 15 2 7 16 3 7 14 2 8 15 3 
 --- Bot used 30 milliseconds ---
-----------------------------------------------------------------------------
 --- Frame #47 ---
7 16 1 8 15 2 7 15 2 7 14 4 8 14 1 
 --- Bot used 75 milliseconds ---
-----------------------------------------------------------------------------
 --- Frame #48 ---
8 15 2 8 14 4 7 15 3 7 16 0 7 14 1 
 --- Bot used 44 milliseconds ---
-----------------------------------------------------------------------------
 --- Frame #49 ---
7 15 1 7 16 1 8 15 3 7 14 2 8 14 4 
 --- Bot used 74 milliseconds ---
-----------------------------------------------------------------------------
 --- Frame #50 ---
7 16 1 8 15 2 8 14 4 7 14 4 7 15 0 
 --- Bot used 36 milliseconds ---
-----------------------------------------------------------------------------
 --- Frame #51 ---
7 15 4 7 16 4 8 15 0 7 14 4 8 14 2 
 --- Bot used 31 milliseconds ---
-----------------------------------------------------------------------------
 --- Frame #52 ---
8 15 1 6 15 0 7 14 1 7 16 2 7 15 3 8 14 4 
 --- Bot used 63 milliseconds ---
-----------------------------------------------------------------------------
 --- Frame #53 ---
7 16 2 8 14 1 8 15 1 7 15 1 7 14 0 6 15 2 
 --- Bot used 46 milliseconds ---
-----------------------------------------------------------------------------
 --- Frame #54 ---
6 15 3 8 14 4 7 14 0 8 15 4 7 16 3 7 15 4 
 --- Bot used 29 milliseconds ---
-----------------------------------------------------------------------------
 --- Frame #55 ---
6 15 2 7 15 1 7 14 4 8 14 1 7 16 4 8 15 2 
 --- Bot used 71 milliseconds ---
-----------------------------------------------------------------------------
 --- Frame #56 ---
7 16 0 8 14 1 7 14 0 7 15 0 6 15 4 8 15 3 
 --- Bot used 54 milliseconds ---
-----------------------------------------------------------------------------
 --- Frame #57 ---
8 14 3 6 15 2 7 16 2 8 15 1 7 14 3 7 15 0 
 --- Bot used 33 milliseconds ---
-----------------------------------------------------------------------------
 --- Frame #58 ---
7 16 2 6 15 3 8 14 1 7 15 0 7 14 0 8 15 0 
 --- Bot used 60 milliseconds ---
-----------------------------------------------------------------------------
 --- Frame #59 ---
7 16 0 8 15 0 7 15 3 8 14 3 6 15 1 7 14 2 
 --- Bot used 43 milliseconds ---
-----------------------------------------------------------------------------
 --- Frame #60 ---
8 14 0 6 15 0 7 14 3 8 15 4 7 15 0 7 16 0 
 --- Bot used 34 milliseconds ---
-----------------------------------------------------------------------------
 --- Frame #61 ---
8 14 0 6 15 4 7 16 2 8 15 4 7 14 2 7 15 2 
 --- Bot used 48 milliseconds ---
-----------------------------------------------------------------------------
 --- Frame #62 ---
7 15 0 8 15 3 8 14 0 8 16 3 7 14 3 6 15 4 7 16 1 
 --- Bot used 27 milliseconds ---
-----------------------------------------------------------------------------
 --- Frame #63 ---
8 16 3 7 14 2 8 14 0 6 15 4 7 16 1 7 15 3 8 17 1 8 15 0 
 --- Bot used 35 milliseconds ---
-----------------------------------------------------------------------------
 --- Frame #64 ---
7 16 2 8 14 0 8 17 2 8 16 0 6 15 2 8 15 0 7 15 4 7 14 4 
 --- Bot used 63 milliseconds ---
-----------------------------------------------------------------------------
 --- Frame #65 ---
7 16 2 8 16 0 8 15 2 8 14 1 8 17 4 7 14 4 6 15 3 9 17 2 7 15 4 
 --- Bot used 30 milliseconds ---
-----------------------------------------------------------------------------
 --- Frame #66 ---
8 14 3 6 15 3 8 17 4 9 17 4 7 15 1 8 15 0 8 16 0 7 16 2 8 13 2 7 14 0 
 --- Bot used 33 milliseconds ---
-----------------------------------------------------------------------------
 --- Frame #67 ---
7 16 3 9 17 0 8 13 0 7 15 3 8 14 0 7 14 2 9 13 4 8 16 1 6 15 2 8 15 1 8 17 0 
 --- Bot used 53 milliseconds ---
-----------------------------------------------------------------------------
 --- Frame #68 ---
6 15 4 8 16 3 8 14 4 9 17 2 8 13 2 8 15 0 7 14 4 7 15 2 9 13 2 8 17 2 7 16 3 
 --- Bot used 39 milliseconds ---
-----------------------------------------------------------------------------
 --- Frame #69 ---
7 14 1 8 16 1 8 13 4 8 17 4 7 15 0 9 13 0 8 14 3 7 16 0 6 15 0 8 15 2 9 17 4 
 --- Bot used 38 milliseconds ---
-----------------------------------------------------------------------------
 --- Frame #70 ---
8 14 2 8 13 1 7 16 2 9 13 0 9 15 3 6 15 1 7 14 2 9 17 3 8 15 1 7 15 4 8 16 4 7 13 0 8 17 3 
 --- Bot used 42 milliseconds ---
-----------------------------------------------------------------------------
 --- Frame #71 ---
7 13 1 8 14 2 9 15 2 8 15 1 7 14 0 9 17 3 6 15 3 7 15 3 8 13 2 7 16 2 9 13 3 9 16 3 8 17 1 8 16 2 
 --- Bot used 57 milliseconds ---
-----------------------------------------------------------------------------
 --- Frame #72 ---
8 13 0 6 15 1 9 14 2 7 15 1 9 17 3 8 14 3 8 17 4 7 13 1 9 16 2 8 16 2 9 13 3 8 15 2 7 14 0 9 15 1 7 16 0 
 --- Bot used 36 milliseconds ---
-----------------------------------------------------------------------------
 --- Frame #73 ---
9 18 4 8 13 0 9 13 1 9 15 2 8 16 2 7 14 0 8 15 4 9 17 2 9 14 1 7 15 4 7 16 2 6 15 3 9 16 1 8 17 1 7 13 1 8 14 3 
 --- Bot used 44 milliseconds ---
-----------------------------------------------------------------------------
 --- Frame #74 ---
9 13 1 7 16 3 7 14 4 9 15 0 8 17 0 8 15 4 9 18 1 7 15 0 8 18 1 6 15 0 9 17 0 9 14 0 7 13 0 8 13 3 9 16 2 8 14 3 8 16 1 6 16 3 
 --- Bot used 66 milliseconds ---
-----------------------------------------------------------------------------
 --- Frame #75 ---
8 15 4 8 18 1 6 16 0 9 14 2 7 14 2 8 17 0 9 17 2 9 13 0 9 16 3 9 18 1 7 16 4 6 14 3 8 14 1 8 16 0 8 13 0 7 15 3 7 13 3 6 15 4 9 15 1 
 --- Bot used 48 milliseconds ---
-----------------------------------------------------------------------------
 --- Frame #76 ---
8 15 0 7 13 0 7 15 1 6 15 3 8 16 2 8 18 3 9 14 4 8 14 2 8 13 4 7 16 1 6 16 3 7 14 3 9 17 0 8 17 3 9 13 1 9 18 0 9 16 0 9 15 1 6 14 0 
 --- Bot used 56 milliseconds ---
-----------------------------------------------------------------------------
 --- Frame #77 ---
6 15 4 6 14 1 8 18 1 8 17 0 9 13 1 6 16 3 8 13 1 7 16 3 8 16 0 9 14 4 7 13 1 7 14 1 9 15 2 9 18 0 8 14 0 9 17 2 8 15 2 9 16 1 7 15 2 
 --- Bot used 34 milliseconds ---
-----------------------------------------------------------------------------
 --- Frame #78 ---
6 17 2 6 14 1 7 15 2 7 14 3 7 12 1 6 15 2 8 16 4 9 13 3 9 14 4 9 18 1 8 13 3 8 17 3 9 17 1 7 13 0 7 16 0 8 18 2 6 16 2 9 15 4 9 16 1 8 14 2 8 15 1 
 --- Bot used 46 milliseconds ---
-----------------------------------------------------------------------------
 --- Frame #79 ---
7 12 0 7 17 3 9 13 3 8 18 2 8 17 3 7 15 2 9 18 1 9 17 3 7 14 3 8 15 3 6 17 2 8 13 0 6 15 1 7 13 3 9 14 2 9 16 0 8 16 0 7 16 2 6 14 2 6 16 3 8 14 0 9 15 0 
 --- Bot used 59 milliseconds ---
-----------------------------------------------------------------------------
 --- Frame #80 ---
10 14 2 6 16 2 9 16 3 8 14 0 8 13 0 7 13 0 7 12 2 6 15 3 7 16 1 9 14 4 9 18 4 8 18 2 9 17 1 7 14 1 8 17 3 6 14 1 7 17 1 9 13 1 9 15 1 8 16 4 6 17 0 7 15 3 8 15 4 
 --- Bot used 68 milliseconds ---
-----------------------------------------------------------------------------
 --- Frame #81 ---
6 14 3 7 13 4 7 14 0 9 16 2 7 16 3 6 15 2 8 16 0 9 14 2 8 15 0 10 14 2 7 15 0 8 14 4 9 15 0 8 13 3 7 12 3 6 16 0 8 18 4 9 17 0 8 17 0 9 13 4 7 17 2 9 18 0 6 17 4 
 --- Bot used 56 milliseconds ---
-----------------------------------------------------------------------------
 --- Frame #82 ---
7 16 1 9 13 1 7 15 3 7 18 0 9 14 1 7 13 4 10 14 3 8 13 0 7 14 3 9 18 4 8 14 3 8 18 3 9 15 2 9 17 4 9 16 3 8 15 2 7 12 4 8 16 0 6 16 1 6 15 4 6 17 3 6 14 4 8 17 0 7 17 2 
 --- Bot used 44 milliseconds ---
-----------------------------------------------------------------------------
 --- Frame #83 ---
10 14 3 8 15 0 6 15 2 9 15 0 9 17 3 7 12 2 8 17 2 6 17 4 8 14 4 8 18 3 7 14 4 6 16 3 9 16 2 9 14 3 9 13 2 8 13 0 7 13 1 9 18 4 7 16 1 8 16 1 6 14 4 7 15 1 7 18 3 7 17 3 
 --- Bot used 42 milliseconds ---
-----------------------------------------------------------------------------
 --- Frame #84 ---
9 15 2 6 14 2 8 15 1 8 14 0 10 14 0 7 17 4 7 12 2 7 13 3 7 16 2 6 17 1 7 18 0 8 13 0 9 18 3 8 18 4 9 17 0 6 15 0 8 17 0 7 15 3 9 14 0 9 16 1 9 13 3 7 14 3 7 19 0 8 16 3 6 16 2 
 --- Bot used 55 milliseconds ---
-----------------------------------------------------------------------------
 --- Frame #85 ---
9 15 3 8 15 2 7 14 4 7 13 3 10 15 1 7 18 4 6 15 4 9 18 1 7 16 2 9 16 2 8 17 1 8 18 3 7 17 1 10 14 2 6 17 1 9 14 0 8 16 3 9 17 1 6 16 1 7 15 1 8 13 0 9 13 0 8 14 1 7 12 2 6 14 4 7 19 2 
 --- Bot used 44 milliseconds ---
-----------------------------------------------------------------------------
 --- Frame #86 ---
9 15 4 9 17 1 7 12 2 9 18 1 8 13 3 7 17 1 7 18 0 7 15 0 6 15 4 8 17 0 8 14 0 8 18 3 7 16 3 10 14 0 11 14 3 9 16 2 8 19 1 6 17 2 8 15 0 9 13 1 8 16 1 7 13 3 7 14 3 6 14 3 6 16 2 9 14 1 10 15 3 7 19 2 
 --- Bot used 42 milliseconds ---
-----------------------------------------------------------------------------
 --- Frame #87 ---
8 16 1 10 14 2 8 13 2 8 17 0 6 14 2 9 15 0 8 15 3 7 12 0 10 15 3 9 16 0 9 14 2 7 17 0 6 16 3 10 16 2 7 13 4 6 15 0 7 15 1 11 14 4 9 17 3 6 17 0 8 18 2 9 18 3 9 13 4 8 14 3 7 18 4 7 19 1 7 16 3 7 14 4 8 19 0 
 --- Bot used 51 milliseconds ---
-----------------------------------------------------------------------------
 --- Frame #88 ---
6 18 2 8 17 0 11 16 3 9 17 1 6 17 4 11 14 2 6 16 4 9 16 0 8 16 1 9 13 0 7 17 2 7 16 0 7 14 4 8 19 0 8 13 2 7 13 1 7 12 1 9 18 1 7 19 3 9 15 0 10 14 4 9 14 2 10 16 3 8 14 4 10 15 1 8 15 2 8 18 1 6 14 3 7 18 2 7 15 2 6 15 4 
 --- Bot used 60 milliseconds ---
-----------------------------------------------------------------------------
 --- Frame #89 ---
8 19 0 9 18 4 11 14 3 7 19 0 8 18 0 10 16 1 7 17 0 7 13 4 7 16 3 9 17 2 9 14 1 6 16 3 8 17 4 6 17 1 11 16 3 9 16 3 6 15 3 8 16 4 6 18 3 10 15 2 6 14 0 10 14 1 8 13 2 11 17 4 9 13 1 7 18 3 7 14 1 9 15 0 8 15 2 7 12 3 7 15 0 8 14 0 
 --- Bot used 68 milliseconds ---
-----------------------------------------------------------------------------
 --- Frame #90 ---
6 16 3 9 17 4 11 14 4 8 17 3 10 14 1 7 17 1 7 18 4 10 15 1 6 17 0 8 19 4 9 12 2 11 16 0 9 15 2 10 16 0 9 18 0 9 16 3 8 15 0 8 16 3 6 15 2 6 18 3 9 13 0 7 19 2 10 17 4 11 17 4 8 18 3 7 13 2 7 15 3 7 16 0 7 12 0 8 14 4 8 13 4 7 14 2 6 14 4 9 14 0 
 --- Bot used 64 milliseconds ---
-----------------------------------------------------------------------------
 --- Frame #91 ---
7 13 3 11 17 1 8 13 3 8 17 4 8 18 1 9 13 1 7 18 1 7 14 0 6 16 1 8 14 0 10 16 0 11 16 2 6 14 3 9 16 3 9 14 1 10 15 4 8 16 4 7 15 2 7 19 3 8 15 1 9 12 0 9 15 2 9 18 2 11 14 4 7 16 2 8 19 3 10 17 0 7 12 4 7 17 1 5 14 4 6 17 4 6 18 4 10 14 4 9 17 3 6 15 2 
 --- Bot used 95 milliseconds ---
-----------------------------------------------------------------------------
 --- Frame #92 ---
8 16 3 9 15 0 7 20 0 8 15 2 11 17 4 7 15 4 6 18 4 6 15 4 7 18 1 6 17 3 8 18 4 7 17 2 11 14 2 9 18 3 8 17 2 11 16 0 10 16 2 9 17 4 10 14 4 9 14 0 8 19 0 10 17 3 9 16 2 7 14 4 7 16 3 6 14 4 6 16 0 9 13 1 8 13 3 7 19 3 10 15 2 9 12 0 5 14 3 7 13 0 8 14 3 5 17 2 7 12 1 
 --- Bot used 107 milliseconds ---
-----------------------------------------------------------------------------
 --- Frame #93 ---
8 16 3 11 16 3 9 15 0 6 14 3 5 14 3 8 19 1 7 14 0 7 19 1 7 18 2 6 16 4 8 13 4 7 16 0 6 18 0 9 13 4 10 16 2 7 15 3 6 15 0 6 17 3 11 14 4 7 17 4 7 13 0 8 17 3 10 15 1 9 12 4 8 15 2 9 17 4 7 12 0 10 14 1 5 17 1 7 20 0 9 18 0 9 14 1 9 16 2 10 17 3 11 17 2 8 14 2 8 18 3 
 --- Bot used 79 milliseconds ---
-----------------------------------------------------------------------------
 --- Frame #94 ---
8 18 3 9 16 0 5 14 4 7 17 0 7 16 3 5 17 0 9 17 1 10 15 3 6 17 4 10 16 1 9 15 0 8 15 2 7 15 0 6 15 0 11 14 3 10 14 1 9 14 2 8 14 1 6 18 1 7 14 0 6 14 1 6 16 1 9 13 2 8 13 1 7 19 1 9 12 1 7 13 4 7 20 4 8 12 2 8 19 4 8 16 3 8 17 3 11 16 1 10 17 4 9 18 1 11 17 2 7 12 1 7 18 2 
 --- Bot used 70 milliseconds ---
-----------------------------------------------------------------------------
 --- Frame #95 ---
9 14 4 8 16 0 10 17 1 8 18 2 8 13 2 8 19 0 8 14 1 6 16 2 9 12 1 9 13 3 8 15 0 5 14 4 10 16 2 7 16 0 9 15 3 9 16 4 6 18 4 10 15 2 5 17 3 7 20 3 9 17 3 6 13 0 7 13 4 8 12 1 7 15 1 11 17 2 7 18 4 6 15 2 8 17 4 11 14 2 6 17 3 7 19 1 6 14 0 7 12 4 11 16 0 7 14 0 10 14 4 7 17 4 6 20 3 9 18 4 
 --- Bot used 50 milliseconds ---
-----------------------------------------------------------------------------
 --- Frame #96 ---
8 17 1 9 12 3 6 14 3 7 17 0 9 18 0 10 17 1 6 20 1 8 12 4 8 19 4 7 19 1 7 20 1 7 14 4 7 18 0 8 18 4 7 12 3 11 14 1 6 17 1 6 15 3 11 16 3 10 16 4 8 14 0 9 16 1 8 16 1 7 16 4 6 16 2 5 17 0 6 18 0 10 15 4 9 15 1 10 14 4 9 17 1 9 14 0 8 13 3 7 13 4 9 13 0 6 13 4 5 14 4 11 17 4 8 15 4 7 15 3 
 --- Bot used 54 milliseconds ---
-----------------------------------------------------------------------------
 --- Frame #97 ---
7 20 1 8 13 0 6 18 1 8 14 4 8 19 2 7 12 4 11 14 1 6 20 3 8 18 4 8 15 3 6 14 0 7 18 0 6 15 4 6 16 3 11 16 3 11 17 3 9 18 0 6 17 4 7 13 3 10 16 4 9 14 1 9 16 2 7 16 0 9 17 0 8 16 2 8 12 1 8 17 2 7 19 2 7 17 0 7 14 1 7 15 4 6 13 1 10 14 1 10 17 0 9 12 1 10 15 1 5 14 1 9 13 1 9 15 0 5 17 2 
 --- Bot used 62 milliseconds ---
-----------------------------------------------------------------------------
 --- Frame #98 ---
9 14 3 8 16 2 6 13 4 5 14 3 6 17 3 9 12 4 7 15 4 8 15 2 11 17 4 6 16 3 11 14 4 9 17 3 10 14 4 5 17 2 8 17 0 10 15 3 9 15 4 6 18 1 7 14 2 6 14 0 8 19 1 8 13 4 6 20 2 10 17 1 8 12 4 9 18 1 7 13 4 5 15 0 8 18 4 11 16 3 7 18 4 10 16 3 7 12 2 9 16 2 8 14 1 7 17 1 7 19 3 9 13 2 6 15 1 7 16 2 7 20 1 
 --- Bot used 55 milliseconds ---
-----------------------------------------------------------------------------
 --- Frame #99 ---
10 17 3 6 18 0 9 17 1 6 13 3 6 14 1 9 13 2 10 16 4 8 13 0 7 13 3 8 12 1 8 14 1 8 17 3 7 17 1 6 17 4 6 20 2 8 18 3 11 16 4 9 15 1 9 16 0 7 12 0 7 16 3 5 17 1 10 15 0 8 15 1 7 15 3 7 18 0 6 15 4 6 16 0 8 16 3 11 14 3 10 14 2 9 18 0 9 12 3 7 19 0 7 14 3 11 17 0 5 14 2 5 15 2 9 14 3 7 20 2 8 19 2 
 --- Bot used 113 milliseconds ---
-----------------------------------------------------------------------------
 --- Frame #100 ---
8 18 0 11 16 0 9 18 4 8 17 2 7 14 3 7 12 0 9 13 0 5 17 3 8 19 3 11 17 3 10 17 4 9 17 3 9 16 3 5 15 0 7 17 0 9 14 2 6 17 1 6 18 1 8 14 3 6 13 4 10 16 3 8 16 3 7 16 0 10 14 3 7 20 1 10 15 3 9 15 4 8 15 4 7 15 2 6 20 0 8 13 0 7 13 0 11 14 1 9 12 0 5 14 2 8 12 4 6 15 4 7 19 1 6 14 3 7 18 3 6 16 0 
 --- Bot used 118 milliseconds ---
-----------------------------------------------------------------------------
 --- Frame #101 ---
7 17 4 8 20 0 6 17 4 11 16 0 10 16 3 9 16 0 8 16 3 7 16 4 5 17 3 10 15 2 9 13 1 9 15 0 8 15 4 7 15 2 8 17 1 6 15 0 6 16 0 9 17 3 11 14 3 10 14 4 9 14 0 10 17 1 8 14 4 7 14 1 11 17 0 6 14 4 7 19 1 6 18 0 8 13 2 7 13 0 7 18 3 6 13 2 5 15 0 9 12 1 8 18 3 5 13 4 8 12 3 9 18 2 5 14 2 6 20 3 8 19 4 7 20 3 7 12 3 
 --- Bot used 57 milliseconds ---
-----------------------------------------------------------------------------
 --- Frame #102 ---
8 12 4 6 17 1 9 16 0 8 19 4 7 12 2 9 13 0 7 20 2 10 15 0 5 15 1 8 20 2 6 20 1 6 18 0 6 13 1 7 14 4 9 12 0 10 17 0 9 17 3 11 16 3 10 16 2 7 17 3 8 16 0 7 16 0 5 17 2 5 14 3 9 15 0 5 13 1 8 18 3 8 15 4 7 15 1 7 18 3 6 15 4 8 17 2 6 16 4 11 14 3 10 14 2 9 14 1 8 14 4 11 17 2 8 13 1 6 14 3 7 13 1 9 18 0 7 19 2 
 --- Bot used 75 milliseconds ---
-----------------------------------------------------------------------------
 --- Frame #103 ---
8 17 3 7 17 4 10 16 4 9 16 3 8 16 1 10 14 1 6 16 0 5 16 1 9 15 3 7 15 0 8 14 1 7 14 1 6 14 0 6 18 4 7 16 0 6 17 3 7 20 4 12 17 1 5 15 2 5 13 0 5 14 3 9 12 3 7 12 0 9 20 2 7 18 1 7 19 0 8 20 3 11 16 0 10 15 2 8 15 1 6 15 4 11 14 2 9 14 4 5 17 1 9 13 3 8 13 3 8 19 1 7 13 0 6 13 0 11 17 0 8 12 0 9 17 4 6 20 1 9 18 3 10 17 1 8 18 1 
 --- Bot used 60 milliseconds ---
-----------------------------------------------------------------------------
 --- Frame #104 ---
6 20 4 7 12 0 8 20 4 11 16 1 10 16 2 8 16 0 5 16 4 8 19 3 7 15 0 5 18 0 12 17 4 11 17 1 10 17 2 9 15 0 9 14 4 6 14 2 9 13 1 7 13 4 6 13 0 5 15 1 5 13 2 5 14 1 8 17 3 7 18 2 7 17 1 6 17 2 9 20 3 9 16 3 7 16 3 6 16 0 10 15 2 8 15 1 9 18 3 8 18 0 6 15 3 7 19 0 11 14 3 10 14 2 8 14 2 7 14 0 5 17 1 8 13 1 9 19 3 9 12 0 8 12 0 9 17 1 7 20 3 6 18 3 
 --- Bot used 72 milliseconds ---
-----------------------------------------------------------------------------
 --- Frame #105 ---
6 18 0 12 17 0 10 17 2 9 19 3 8 17 3 7 19 1 6 13 2 6 16 2 5 13 3 10 15 3 7 15 2 11 14 0 6 20 3 6 14 0 9 13 3 5 15 0 5 16 1 6 19 0 9 18 3 6 17 4 7 13 4 9 16 0 7 16 3 8 18 2 7 18 1 9 12 2 11 17 1 9 20 0 9 17 0 8 15 1 6 15 4 8 13 3 8 12 3 7 12 4 9 14 4 8 14 2 9 15 1 5 14 1 10 14 1 5 17 4 5 18 2 8 19 2 7 14 2 8 20 0 7 17 3 11 16 3 10 16 4 8 16 4 7 20 0 
 --- Bot used 61 milliseconds ---
-----------------------------------------------------------------------------
 --- Frame #106 ---
7 16 1 6 18 0 10 15 3 12 17 2 8 15 2 11 14 3 8 16 3 8 17 1 6 15 3 9 12 4 5 16 2 6 16 0 10 17 0 11 17 4 8 13 2 6 12 4 6 20 2 6 14 2 9 17 2 10 16 0 8 14 2 7 18 0 5 15 3 10 12 0 9 13 4 7 12 1 8 12 4 7 13 2 8 20 0 11 16 1 10 14 2 7 20 1 5 14 4 9 14 4 9 16 0 9 15 0 9 18 2 6 19 3 7 19 1 8 19 2 9 19 4 5 18 4 9 20 3 7 14 1 7 17 1 5 13 2 5 17 0 7 15 4 6 13 4 8 18 1 6 17 4 
 --- Bot used 80 milliseconds ---
-----------------------------------------------------------------------------
 --- Frame #107 ---
7 12 1 9 13 4 5 15 3 5 18 1 8 20 2 5 13 4 12 17 0 11 17 0 10 15 4 10 17 3 7 17 4 6 15 0 6 16 2 6 20 0 9 16 3 10 14 3 8 18 4 8 14 1 7 20 0 9 15 1 7 13 4 6 13 1 9 18 0 5 14 2 7 14 1 10 16 2 11 14 3 6 14 4 7 16 3 6 19 2 6 18 0 8 12 1 7 18 2 8 16 1 7 15 2 9 21 0 7 19 4 6 12 2 9 20 0 5 17 2 9 14 4 6 17 4 8 15 2 8 13 4 10 12 1 9 17 3 5 16 2 9 19 4 9 12 3 8 17 3 8 19 4 11 16 1 
 --- Bot used 58 milliseconds ---
-----------------------------------------------------------------------------
 --- Frame #108 ---
5 18 2 7 19 0 7 16 2 6 16 0 10 15 4 9 19 4 8 15 2 7 15 4 7 20 2 11 14 3 6 18 1 7 18 3 8 14 2 8 18 2 6 14 4 9 13 1 6 13 1 9 12 0 5 15 4 9 16 2 9 18 4 10 16 2 10 18 2 11 16 2 8 20 4 6 19 1 8 16 3 6 17 1 5 16 3 7 17 2 9 15 0 8 17 1 6 15 3 9 17 1 10 17 0 9 14 4 9 21 0 11 17 0 6 20 1 7 14 2 5 17 2 10 14 2 8 13 4 7 13 1 5 13 1 10 12 3 8 19 3 8 12 4 7 12 2 5 14 3 9 20 0 6 12 1 12 17 1 
 --- Bot used 99 milliseconds ---
-----------------------------------------------------------------------------
 --- Frame #109 ---
5 17 4 12 16 2 11 16 0 10 16 2 9 16 3 12 17 0 8 19 1 8 16 0 7 16 3 6 20 0 6 16 0 7 18 0 5 16 1 7 19 4 6 18 3 10 15 2 9 18 3 9 21 4 9 15 1 7 17 2 8 15 1 6 17 3 7 15 1 8 20 0 6 15 1 8 18 3 11 18 0 7 20 0 11 14 1 11 17 1 10 14 2 10 18 1 9 14 0 8 14 4 7 14 2 6 14 0 6 19 0 9 13 2 8 17 2 8 13 2 7 13 3 6 13 4 9 19 3 5 13 2 10 12 1 9 12 4 5 18 1 8 12 2 5 15 2 7 12 3 5 14 4 9 17 0 10 17 0 9 20 3 6 12 2 
 --- Bot used 65 milliseconds ---
-----------------------------------------------------------------------------
 --- Frame #110 ---
8 20 3 5 17 3 7 20 0 12 16 4 9 17 1 11 16 1 10 16 0 9 16 1 8 16 2 6 18 1 10 18 3 7 16 3 8 18 0 6 16 3 9 19 2 5 16 0 10 17 4 10 15 3 9 15 1 11 18 4 8 17 2 8 15 3 7 15 1 6 15 3 7 17 0 6 20 2 7 19 0 11 14 1 10 14 0 9 14 0 7 18 3 8 14 3 8 21 2 7 14 2 6 14 1 8 19 1 6 17 2 9 13 3 9 18 0 8 13 1 7 13 1 11 17 3 6 13 0 12 17 0 5 13 0 10 12 3 9 20 3 9 12 0 8 12 3 5 15 2 7 12 4 5 18 3 5 14 0 6 19 1 9 21 0 6 12 0 
 --- Bot used 92 milliseconds ---
-----------------------------------------------------------------------------
 --- Frame #111 ---
6 17 0 5 17 4 12 16 2 11 16 3 10 16 3 9 20 4 9 16 3 8 16 4 7 16 1 6 16 0 7 19 3 8 21 3 11 15 2 8 18 2 10 15 3 6 20 3 8 20 2 7 20 3 11 18 1 10 18 1 7 17 2 9 18 1 10 17 4 5 18 3 9 15 1 8 15 2 7 15 1 6 15 1 6 19 4 11 14 1 10 14 3 9 14 4 8 14 0 7 14 3 6 14 4 5 16 1 9 13 0 8 13 4 7 13 3 6 13 1 5 13 0 9 21 0 10 12 4 9 12 3 8 12 4 7 18 4 5 15 3 7 12 2 5 14 0 9 19 4 8 19 1 10 19 4 8 17 3 9 17 1 11 17 3 12 17 0 6 18 2 6 12 1 
 --- Bot used 66 milliseconds ---
-----------------------------------------------------------------------------
 --- Frame #112 ---
10 17 4 5 13 2 7 19 3 11 17 3 9 20 4 7 13 0 10 18 2 8 16 3 8 13 0 7 17 2 7 16 3 8 12 3 11 16 4 5 15 1 6 16 1 9 13 1 10 16 4 7 20 2 6 19 1 9 18 2 8 18 3 10 14 0 6 15 0 8 15 2 8 20 1 12 15 3 11 15 1 9 16 3 5 16 0 10 12 1 7 18 1 8 19 1 5 18 0 6 13 3 7 12 2 6 18 1 6 20 0 5 14 4 9 12 3 9 17 2 5 17 1 12 16 2 10 19 2 9 19 4 9 21 3 6 14 2 7 14 0 8 14 4 9 14 2 11 14 4 11 18 2 7 15 0 9 15 4 8 21 1 8 17 0 10 15 0 6 12 2 6 17 1 12 17 3 
 --- Bot used 92 milliseconds ---
-----------------------------------------------------------------------------
 --- Frame #113 ---
9 17 3 7 19 3 8 21 4 10 19 1 12 17 4 5 18 4 6 18 3 5 14 1 10 14 1 5 15 1 9 22 2 9 20 4 8 20 3 7 20 3 11 14 1 7 12 1 11 18 4 6 15 2 8 15 2 7 15 0 8 14 4 7 13 4 5 13 1 10 12 1 9 12 2 9 15 2 9 14 0 8 17 0 10 15 0 6 14 2 6 20 0 9 13 3 6 19 3 11 15 0 12 18 3 12 15 3 5 16 3 6 16 4 7 16 1 8 16 1 7 17 4 10 17 3 7 14 2 11 17 4 8 18 1 9 18 1 10 18 2 7 18 4 9 16 1 10 16 0 11 16 2 8 13 1 12 16 0 9 21 4 6 13 3 9 19 3 5 17 4 6 17 4 6 12 1 8 19 3 8 12 0 
 --- Bot used 77 milliseconds ---
-----------------------------------------------------------------------------
 --- Frame #114 ---
8 19 4 7 17 1 7 20 0 6 13 4 8 17 3 7 13 4 9 17 1 8 13 0 9 13 1 12 18 2 6 14 3 7 14 4 8 14 1 9 14 3 10 14 0 9 22 0 10 19 1 10 17 0 11 17 0 9 19 3 12 17 3 6 19 2 5 18 4 6 18 4 7 19 4 7 18 3 9 21 3 8 18 1 11 14 3 9 18 4 11 18 1 10 18 3 6 15 2 6 12 2 9 20 4 7 15 1 8 15 3 9 15 1 6 20 0 10 15 4 11 15 3 12 15 0 5 16 0 8 21 4 6 16 0 8 20 2 7 16 1 5 14 4 8 16 4 7 12 2 9 16 4 5 15 3 10 16 4 8 12 3 11 16 3 9 12 2 12 16 2 10 12 2 5 17 4 5 13 3 6 17 0 
 --- Bot used 96 milliseconds ---
-----------------------------------------------------------------------------
 --- Frame #115 ---
7 15 4 6 12 0 8 15 4 6 19 2 9 15 2 10 15 1 11 15 4 9 19 1 12 15 1 9 21 3 5 16 2 6 16 3 7 16 3 7 19 2 7 20 0 8 16 1 8 19 1 5 14 2 9 16 1 7 12 0 10 16 4 5 15 3 11 16 4 8 12 1 12 16 1 8 21 3 9 12 3 5 17 0 10 12 1 6 17 4 5 13 0 7 17 2 6 13 0 8 17 3 7 13 4 9 17 0 8 13 1 10 17 2 9 13 4 11 17 1 12 18 2 6 14 4 7 14 2 8 14 1 9 14 3 10 14 4 11 14 4 9 20 0 11 18 1 7 21 4 6 20 4 12 17 0 5 18 1 6 18 0 8 20 1 7 18 4 10 19 4 8 18 0 9 18 1 9 22 0 10 18 1 6 15 2 
 --- Bot used 99 milliseconds ---
-----------------------------------------------------------------------------
 --- Frame #116 ---
5 18 1 5 14 2 9 15 4 10 15 2 11 15 3 11 18 2 12 15 2 5 16 2 6 16 2 7 16 3 8 16 1 9 16 2 10 16 1 11 16 0 9 21 1 6 12 2 9 18 4 8 19 3 8 21 2 12 17 3 7 21 1 11 14 1 6 18 3 7 18 2 8 18 4 9 19 1 6 21 4 5 13 1 8 20 2 6 13 1 7 12 0 12 18 4 7 13 2 10 18 1 10 12 1 9 13 3 9 20 0 7 15 4 11 17 2 8 15 0 5 20 1 8 13 4 5 15 3 8 12 0 7 20 1 9 12 0 7 19 2 10 19 4 12 16 0 6 20 0 5 17 4 6 17 2 6 15 1 7 17 4 9 14 0 8 17 2 10 17 1 8 14 4 6 14 2 9 22 1 6 19 1 10 14 3 9 17 4 7 14 2 
 --- Bot used 120 milliseconds ---
-----------------------------------------------------------------------------
 --- Frame #117 ---
10 19 1 8 17 2 9 21 1 8 14 3 8 20 0 7 14 1 9 17 1 10 17 4 11 17 2 5 13 2 7 20 2 12 17 1 9 19 4 8 12 4 10 14 4 9 14 0 11 14 1 4 17 0 8 21 3 8 13 0 6 15 2 7 15 0 8 15 3 11 18 2 9 15 1 5 17 0 10 15 3 11 15 2 12 15 2 5 16 3 6 16 1 6 17 0 7 16 2 10 18 3 8 16 2 9 16 0 10 16 4 9 12 3 7 17 1 11 16 3 12 16 2 9 20 0 7 13 0 7 18 0 8 18 1 9 18 3 5 18 4 9 22 4 6 20 2 6 13 4 6 18 1 8 19 2 12 18 1 7 21 3 6 12 4 6 21 4 10 12 2 7 12 0 5 14 1 5 20 0 9 13 1 6 19 1 7 19 1 5 15 4 6 14 0 
 --- Bot used 70 milliseconds ---
-----------------------------------------------------------------------------
 --- Frame #118 ---
7 15 1 7 20 2 13 16 1 7 19 0 10 16 0 8 12 0 10 17 4 8 17 0 9 16 3 9 12 1 7 21 2 7 14 3 11 17 4 8 20 3 8 14 3 9 14 3 10 14 0 9 19 3 8 19 2 4 17 1 5 13 2 6 20 3 8 21 1 12 15 0 11 15 3 5 17 3 10 19 3 8 18 1 7 13 1 6 21 4 6 18 2 11 18 1 9 18 3 6 15 0 9 21 2 12 16 3 5 16 1 7 18 0 6 16 1 10 18 3 11 16 4 6 14 0 9 17 3 6 13 4 10 12 4 7 17 4 8 15 3 12 17 0 5 18 0 5 15 2 5 20 4 12 18 1 5 14 0 8 16 3 10 15 3 6 19 0 9 20 1 6 17 2 9 13 0 9 22 3 7 12 4 11 14 0 8 13 3 7 16 2 9 15 4 6 12 0 
 --- Bot used 88 milliseconds ---
-----------------------------------------------------------------------------
 --- Frame #119 ---
6 21 3 4 17 0 10 16 1 9 16 0 8 16 1 7 16 1 8 20 2 6 16 0 5 16 0 11 16 4 8 18 1 12 15 2 11 15 0 6 17 4 10 15 0 9 15 0 8 15 1 7 15 3 6 15 1 9 17 0 10 17 0 8 19 0 4 16 3 11 14 1 9 19 1 7 20 1 8 17 0 10 14 1 9 14 0 8 14 2 7 14 1 6 14 3 7 17 2 9 18 3 6 20 3 10 19 2 9 13 4 8 13 1 7 13 2 12 16 4 6 13 2 5 13 1 6 19 2 10 12 1 11 17 3 9 22 0 9 12 1 12 17 4 7 18 3 9 20 2 6 18 4 5 18 3 5 17 4 11 18 3 8 12 3 10 18 4 5 15 3 7 12 4 5 14 1 7 21 0 9 21 3 8 21 1 7 19 3 12 18 2 13 16 2 5 20 4 6 12 4 
 --- Bot used 90 milliseconds ---
-----------------------------------------------------------------------------
 --- Frame #120 ---
7 21 2 12 17 4 9 22 1 9 14 3 8 16 1 11 15 3 5 14 3 6 12 4 8 15 1 10 20 1 5 17 0 7 18 2 6 17 0 7 17 0 4 16 3 8 19 4 9 17 0 7 16 1 8 12 3 10 14 4 11 16 3 11 18 0 10 18 4 5 16 4 9 12 0 9 15 1 6 21 4 9 21 4 8 20 4 9 13 4 8 17 3 6 15 0 10 16 2 12 16 2 7 14 4 7 20 0 6 14 1 7 15 4 5 12 1 7 13 3 6 13 2 8 13 2 6 20 3 13 16 4 10 17 1 5 20 1 12 15 1 7 19 1 7 12 1 5 15 0 10 15 3 6 16 0 10 19 3 11 14 3 9 18 0 8 14 1 9 19 2 4 17 1 5 18 1 10 12 1 12 18 4 11 17 3 8 21 2 5 13 4 9 20 1 6 18 0 8 18 3 6 19 2 13 15 3 9 16 0 
 --- Bot used 68 milliseconds ---
-----------------------------------------------------------------------------
 --- Frame #121 ---
9 19 4 7 14 1 5 12 0 9 20 2 6 14 3 5 13 2 9 14 1 7 12 2 9 22 2 10 14 1 7 19 2 6 19 2 8 14 2 5 11 0 8 21 3 5 14 1 9 21 1 6 16 0 7 21 0 12 17 1 11 14 3 10 12 0 12 14 3 4 16 0 7 13 1 8 20 3 8 12 0 9 16 2 6 20 3 8 13 0 10 19 3 7 18 4 9 17 2 8 19 0 5 15 1 10 17 4 12 16 2 6 15 1 13 16 2 7 20 4 4 13 3 4 17 1 6 21 2 5 17 4 6 12 4 6 17 1 7 15 4 5 18 2 7 17 3 8 15 4 8 17 0 9 13 3 7 16 3 11 17 2 5 16 0 12 18 1 9 12 4 10 16 1 5 20 3 13 15 0 9 18 0 8 18 4 11 16 0 11 18 4 10 18 2 6 13 1 6 18 4 10 20 3 12 15 0 11 15 4 10 15 2 8 16 0 9 15 0 
 --- Bot used 107 milliseconds ---
-----------------------------------------------------------------------------
 --- Frame #122 ---
13 16 0 9 15 1 5 16 1 8 20 2 4 16 3 10 15 4 6 14 3 6 19 1 9 13 3 7 14 0 10 14 4 10 18 3 9 18 3 5 14 3 11 18 0 8 15 1 13 15 1 10 12 1 6 21 3 6 12 3 5 12 0 9 12 1 8 12 4 4 17 4 7 12 1 5 13 0 12 15 4 11 14 1 8 21 2 7 17 0 6 17 2 5 17 4 6 18 0 6 20 1 5 20 2 12 18 2 10 17 1 9 17 1 11 15 3 12 17 4 7 18 4 8 18 0 8 19 0 8 17 1 7 19 4 9 19 2 10 20 2 8 13 3 11 17 4 7 13 3 6 13 0 8 14 4 9 14 1 12 14 4 5 15 1 6 15 2 7 15 4 7 20 4 6 16 3 7 16 3 8 16 2 11 16 4 9 16 1 10 19 4 9 21 1 9 22 3 5 18 2 9 20 4 5 11 3 4 13 0 12 16 4 7 21 3 10 16 2 
 --- Bot used 78 milliseconds ---
-----------------------------------------------------------------------------
 --- Frame #123 ---
12 17 2 8 16 4 9 14 0 6 13 4 11 17 1 7 13 0 8 13 0 7 14 2 5 18 2 8 14 1 9 16 2 10 16 4 10 18 3 11 16 4 7 19 4 7 20 1 8 20 2 5 16 4 5 13 3 9 13 3 6 21 2 7 17 0 6 14 3 9 19 0 8 19 4 11 14 1 12 14 1 5 20 0 5 15 0 6 15 1 7 15 3 8 15 4 9 15 4 10 15 0 11 15 4 13 15 2 9 21 2 4 13 2 12 18 3 8 17 0 5 14 1 10 12 4 9 12 1 6 16 0 6 17 1 10 17 2 11 18 0 7 16 4 10 14 2 9 22 3 10 19 1 10 20 2 9 17 4 6 18 0 8 21 1 13 16 2 7 21 3 4 17 2 5 17 2 7 18 4 12 16 3 9 20 3 8 12 4 6 19 3 12 15 2 5 11 1 7 12 3 6 20 3 6 12 0 9 18 4 8 18 4 4 16 0 5 12 2 
 --- Bot used 96 milliseconds ---
-----------------------------------------------------------------------------
 --- Frame #124 ---
7 14 4 12 17 0 8 19 0 8 13 2 5 14 2 5 13 2 11 17 0 6 13 2 9 18 1 5 16 2 8 14 4 6 16 4 6 14 3 6 21 0 7 16 1 7 13 0 8 16 0 8 12 2 9 16 2 6 18 0 9 12 2 10 16 1 10 12 3 11 16 2 7 20 4 12 18 2 5 20 2 10 19 3 9 19 1 6 19 1 9 21 4 8 21 0 9 20 2 6 20 0 7 18 3 9 14 1 5 18 4 10 14 1 11 14 4 12 14 0 7 19 4 5 15 4 12 16 0 7 21 0 6 15 2 13 16 1 8 18 1 7 15 3 4 17 1 8 15 3 9 15 2 9 22 1 4 13 1 10 15 3 11 15 4 10 20 4 12 15 0 6 17 2 13 15 4 11 18 3 5 12 0 4 16 4 6 12 3 7 12 2 5 11 3 10 17 3 9 17 0 8 20 2 8 17 2 9 13 2 5 17 4 10 18 2 7 17 3 
 --- Bot used 77 milliseconds ---
-----------------------------------------------------------------------------
 --- Frame #125 ---
12 16 4 9 21 0 11 16 3 9 18 1 10 16 3 9 16 4 8 16 1 7 16 0 6 16 4 5 16 3 5 20 2 4 16 3 13 15 2 10 19 3 12 15 0 11 15 2 10 15 3 9 15 3 8 15 2 7 15 4 8 18 2 6 15 4 5 15 2 11 18 2 12 14 0 11 14 1 10 18 1 10 14 4 8 17 1 6 19 4 10 20 3 8 20 1 9 19 1 7 21 4 10 17 3 9 17 0 4 17 4 5 17 4 7 20 0 9 14 3 8 14 0 7 14 0 6 14 4 7 17 3 9 13 2 8 13 2 7 13 3 9 22 2 6 13 4 5 13 3 5 14 1 12 17 3 10 12 4 9 12 1 6 18 3 8 12 1 7 12 0 6 20 0 6 12 2 5 12 1 4 13 4 6 17 2 9 20 1 8 19 1 12 18 1 5 18 2 6 21 4 8 21 3 11 17 0 13 16 0 5 11 1 7 18 3 7 19 1 
 --- Bot used 85 milliseconds ---
-----------------------------------------------------------------------------
 --- Frame #126 ---
7 20 1 13 15 0 4 16 4 12 16 4 6 20 3 9 17 4 10 17 2 11 17 4 7 14 0 4 17 0 5 17 3 5 20 1 5 14 0 7 18 4 5 15 4 8 18 3 6 15 4 9 18 2 7 15 4 10 18 1 7 17 4 11 18 1 10 20 2 7 13 2 6 13 3 8 17 3 8 19 4 10 14 1 7 19 3 9 20 3 11 14 1 10 12 1 12 14 3 8 12 2 8 20 2 10 16 1 6 19 1 9 22 4 8 21 0 9 12 0 9 14 3 8 14 1 6 14 0 5 19 3 6 18 2 12 18 2 5 16 0 10 19 3 7 12 4 6 16 2 13 16 1 7 16 0 5 18 0 8 16 3 8 15 3 9 16 2 9 15 4 11 16 0 10 15 3 3 17 1 11 15 0 12 15 2 6 12 2 4 13 1 9 13 4 10 13 1 6 21 3 5 13 4 5 12 2 7 21 2 12 17 0 9 21 3 6 17 2 5 11 4 9 19 1 8 13 0 
 --- Bot used 93 milliseconds ---
-----------------------------------------------------------------------------
 --- Frame #127 ---
7 19 2 6 18 0 5 13 1 10 12 3 6 19 0 4 17 1 9 15 2 5 20 2 12 16 1 8 14 1 5 17 4 5 18 3 5 11 2 7 16 4 6 21 4 7 17 4 8 16 2 10 15 2 9 16 2 11 15 0 10 16 0 12 15 4 13 15 1 9 21 2 7 13 0 8 19 2 12 17 4 8 13 4 5 14 3 13 18 1 9 13 3 8 21 2 9 14 3 7 21 2 7 14 3 11 17 3 12 18 3 7 18 2 3 16 4 10 19 4 6 14 1 5 15 1 9 22 1 6 15 2 11 18 0 6 20 3 9 12 1 10 18 4 4 15 3 12 14 1 4 13 1 7 15 1 5 12 4 10 17 1 11 16 3 9 20 3 13 16 2 8 15 0 4 16 2 10 20 2 10 13 3 5 19 3 5 16 2 6 13 4 6 16 2 9 18 0 6 17 4 9 17 0 8 17 2 8 20 2 3 17 1 9 19 4 8 18 3 11 14 0 7 12 3 7 20 3 8 12 1 10 14 2 6 12 1 
 --- Bot used 91 milliseconds ---
-----------------------------------------------------------------------------
 --- Frame #128 ---
10 18 2 3 16 0 12 17 2 12 14 3 11 14 3 10 14 1 9 14 4 8 14 2 7 14 3 11 17 1 5 20 4 7 17 4 8 17 3 13 16 2 6 21 4 12 16 3 6 14 3 5 14 3 10 13 1 7 18 0 9 13 4 9 18 1 8 13 1 7 13 2 10 20 3 13 18 3 6 13 2 12 15 0 13 15 1 2 16 2 7 20 3 5 16 3 6 18 1 8 21 4 9 19 2 10 17 3 6 17 2 11 15 2 5 13 3 10 16 2 10 12 0 8 18 2 9 12 4 8 12 2 9 17 3 7 12 4 6 12 0 5 12 0 11 16 1 13 17 4 4 12 2 5 19 4 4 13 3 6 19 0 7 21 4 7 16 2 6 20 2 7 19 4 5 18 3 3 17 4 11 18 1 5 11 3 8 20 4 13 14 2 4 15 0 9 22 3 10 19 2 5 15 4 5 17 0 6 15 1 7 15 1 5 21 1 8 15 2 8 19 2 9 15 1 9 16 4 8 16 4 4 17 2 9 20 3 9 21 4 12 18 4 6 16 2 4 16 3 10 15 2 
 --- Bot used 96 milliseconds ---
-----------------------------------------------------------------------------
 --- Frame #129 ---
10 19 1 8 17 3 7 17 3 6 17 3 9 19 0 5 17 3 4 17 1 8 18 3 13 16 3 12 16 3 7 18 1 11 16 0 8 19 2 10 16 4 6 21 1 9 16 1 8 16 4 7 16 4 6 16 4 5 16 1 4 16 0 3 16 2 2 16 2 13 15 2 9 17 3 12 15 0 11 15 1 6 18 4 10 15 2 9 15 4 5 20 3 8 15 0 5 19 0 7 15 1 6 15 0 5 15 2 4 15 4 4 19 3 13 14 0 12 14 0 13 18 1 12 18 2 10 20 3 11 14 2 10 14 2 9 14 0 8 14 3 7 14 0 6 14 4 5 14 0 10 13 0 9 13 2 7 21 0 8 13 2 7 13 3 6 13 1 5 21 1 5 13 2 9 20 4 3 17 2 10 12 3 9 12 4 8 21 4 8 12 2 6 20 2 7 12 0 6 12 4 7 19 0 5 12 0 5 18 1 10 17 1 4 12 3 10 18 3 4 13 4 8 20 4 12 17 3 6 19 4 7 20 1 9 18 2 9 22 1 11 18 4 5 11 3 13 17 2 11 17 2 9 21 3 
 --- Bot used 75 milliseconds ---
-----------------------------------------------------------------------------
 --- Frame #130 ---
4 15 1 6 16 3 8 13 4 9 12 2 5 18 3 11 18 3 8 14 2 12 18 1 10 12 1 8 15 3 5 19 4 5 14 3 6 15 2 8 19 0 13 18 3 9 13 3 9 19 1 10 19 0 8 16 3 5 17 2 13 17 2 9 22 1 7 20 2 8 20 1 9 20 3 10 20 0 11 15 2 6 21 1 3 17 1 5 20 1 9 14 4 10 18 1 10 13 0 6 13 0 7 15 0 6 20 0 11 16 4 2 16 2 3 16 0 8 21 2 9 21 4 4 13 2 7 18 3 4 16 0 7 12 2 6 14 3 9 18 2 7 13 1 4 12 2 8 18 3 10 17 4 10 14 4 9 17 0 9 15 4 10 15 1 12 15 2 5 15 2 12 17 0 12 14 0 4 19 1 12 16 2 4 20 4 9 16 3 7 21 4 6 17 3 5 13 0 4 17 2 6 18 1 11 17 2 13 16 0 8 12 0 6 12 1 5 11 0 5 21 2 13 14 3 6 19 3 10 16 1 7 16 4 7 17 2 11 14 1 5 12 3 7 19 2 7 14 4 13 15 1 8 17 2 5 16 2 
 --- Bot used 111 milliseconds ---
-----------------------------------------------------------------------------
 --- Frame #131 ---
6 17 1 10 15 2 8 15 4 8 20 2 6 13 2 5 13 0 11 14 0 6 15 1 8 13 4 5 14 4 3 17 2 5 17 3 8 18 4 4 15 1 7 14 0 8 21 2 9 12 3 8 12 3 6 21 4 7 21 1 7 20 1 8 17 3 4 12 4 8 14 2 13 16 4 6 20 0 11 16 4 9 13 4 6 12 2 12 18 2 13 14 2 4 19 1 11 17 1 7 17 3 13 15 3 3 16 3 10 13 2 7 19 1 10 16 3 9 16 2 7 16 3 6 19 0 13 18 2 5 20 2 7 15 2 6 14 0 9 15 0 7 13 0 10 20 3 8 19 0 13 17 0 10 14 2 9 14 4 5 15 2 9 22 1 12 14 4 4 17 0 10 12 3 12 17 2 5 19 1 11 18 0 10 18 0 10 19 3 6 18 2 5 11 4 9 18 3 4 20 4 4 13 2 5 18 1 12 16 1 7 12 4 7 18 4 5 12 4 11 15 3 5 21 0 12 15 2 6 16 1 2 16 2 4 16 2 9 20 1 9 21 4 10 17 3 8 16 2 9 19 0 5 16 2 9 17 1 
 --- Bot used 88 milliseconds ---
-----------------------------------------------------------------------------
 --- Frame #132 ---
10 13 4 13 14 2 5 14 3 9 21 1 6 15 3 4 13 0 9 14 1 8 21 4 5 17 3 5 13 0 6 13 2 4 16 0 4 12 3 10 16 1 6 14 3 7 16 3 3 16 3 5 16 2 3 17 3 6 21 3 5 21 3 9 15 2 7 15 2 9 12 1 8 12 0 10 20 3 9 13 0 7 13 0 12 14 1 7 12 0 8 15 2 4 15 1 4 17 4 4 18 1 9 19 3 8 20 0 7 19 3 6 18 4 5 19 4 13 18 1 11 18 4 10 14 4 13 16 2 13 15 4 8 18 3 9 18 3 5 11 0 8 14 3 9 16 2 11 17 1 10 12 4 5 12 3 5 15 0 13 17 3 12 17 2 7 17 4 5 18 0 12 16 1 6 12 1 8 16 0 6 16 1 7 21 1 8 17 2 9 20 0 11 14 4 8 13 0 7 14 2 6 17 4 7 20 4 5 20 2 9 17 0 6 20 3 8 19 3 10 15 0 6 19 1 10 17 1 4 19 4 12 18 1 10 18 0 9 22 4 11 13 4 2 16 3 12 15 0 10 19 2 11 15 1 7 18 2 4 20 3 11 16 4 
 --- Bot used 105 milliseconds ---
-----------------------------------------------------------------------------
 --- Frame #133 ---
7 13 3 6 21 1 9 16 1 4 12 0 4 18 2 10 20 3 4 19 1 6 13 0 8 13 3 5 11 2 7 18 4 5 19 2 5 13 4 5 14 2 10 12 0 9 22 3 3 17 3 9 21 4 4 13 4 10 18 3 9 12 0 8 12 3 7 12 4 6 12 3 4 20 3 5 12 1 9 20 4 9 18 1 7 19 0 7 21 4 13 17 3 12 17 2 5 22 1 7 17 4 8 18 4 5 17 4 10 13 3 13 18 0 12 18 1 11 18 1 10 19 4 8 19 3 10 16 2 8 16 3 9 13 3 7 16 4 11 17 3 6 16 0 2 16 2 5 16 2 5 18 4 4 16 3 3 16 4 9 19 3 13 15 3 12 15 3 11 15 4 10 15 3 12 16 4 9 15 4 8 15 1 7 15 2 6 15 4 7 20 0 5 15 1 4 15 1 8 20 4 10 17 2 9 17 0 8 17 0 6 20 3 6 17 4 11 13 2 4 17 3 13 16 4 8 21 2 11 16 1 13 14 4 5 20 0 12 14 1 11 14 2 5 21 2 10 14 2 9 14 3 8 14 0 7 14 3 6 14 0 6 18 1 6 19 2 
 --- Bot used 129 milliseconds ---
-----------------------------------------------------------------------------
 --- Frame #134 ---
13 15 3 5 22 0 9 17 3 6 14 1 9 12 2 5 11 1 5 15 1 5 13 4 11 16 1 10 17 2 9 21 4 12 17 4 8 17 4 11 14 4 4 17 0 12 14 3 6 15 3 8 21 0 11 13 2 13 16 3 4 12 0 5 16 1 9 15 1 7 12 2 8 16 4 4 15 3 7 14 3 5 14 4 6 11 2 6 16 4 10 19 0 9 14 1 6 21 0 10 14 0 5 21 0 10 20 0 5 18 3 9 20 3 10 15 3 9 19 0 10 12 4 10 18 4 10 13 0 4 20 2 13 17 4 7 13 4 11 15 2 7 21 2 4 13 0 4 18 2 13 14 0 7 16 0 8 20 0 12 16 1 6 20 4 8 12 3 5 12 2 4 16 3 2 16 2 7 17 2 9 13 2 12 15 3 8 15 3 3 16 0 9 16 1 9 22 4 6 13 1 8 19 2 10 16 3 7 19 4 7 20 1 6 17 1 7 15 0 4 19 3 13 18 2 6 19 2 12 18 3 5 17 2 11 18 0 3 17 1 9 18 2 8 18 0 8 14 4 6 12 2 7 18 1 5 19 2 6 18 3 5 20 4 8 13 1 11 17 3 
 --- Bot used 83 milliseconds ---
-----------------------------------------------------------------------------
 --- Frame #135 ---
4 17 1 13 17 1 13 16 3 12 16 0 7 21 2 11 16 2 10 16 3 7 17 0 11 17 4 9 16 1 8 16 0 7 16 0 9 22 1 5 16 2 4 16 2 3 16 4 2 16 4 12 15 3 11 15 3 13 15 4 10 15 1 9 15 3 8 15 0 7 15 1 6 15 2 5 15 3 4 15 0 13 14 3 14 18 4 11 14 3 10 14 3 9 14 4 5 22 2 10 19 2 8 14 3 9 19 3 8 19 2 7 19 1 7 14 4 6 14 4 12 17 2 6 17 4 8 20 1 7 20 1 6 20 0 10 13 3 6 21 4 5 20 1 8 13 0 10 17 4 5 17 3 7 13 0 6 13 4 5 13 4 5 21 1 5 14 2 10 12 0 9 12 1 8 12 3 7 12 1 6 12 1 8 17 1 6 19 4 5 12 4 4 12 4 6 16 0 7 11 1 8 21 1 12 14 0 3 17 1 6 11 3 4 13 2 9 17 3 13 18 0 12 18 1 11 13 4 9 21 3 4 18 4 11 18 0 10 18 2 9 18 3 8 18 2 7 18 4 6 18 1 5 18 3 5 19 2 10 20 2 9 20 4 5 11 3 4 19 1 9 13 2 4 20 3 
 --- Bot used 120 milliseconds ---
-----------------------------------------------------------------------------
 --- Frame #136 ---
11 17 3 8 17 4 6 11 3 13 16 4 12 18 3 12 16 4 11 16 0 13 17 0 12 14 0 10 16 4 7 17 0 9 16 1 8 16 1 5 19 2 5 18 4 9 19 3 7 16 4 13 18 0 6 16 2 5 16 4 4 16 1 5 22 0 3 16 1 2 16 2 6 17 0 12 15 2 11 15 2 9 21 2 10 17 0 11 18 0 10 15 3 9 18 2 7 18 3 4 18 4 9 15 4 7 12 2 8 15 0 4 19 0 8 20 4 7 20 3 7 15 0 8 21 2 5 20 4 5 15 3 6 13 0 9 17 1 4 17 2 4 20 4 5 17 2 6 15 1 4 15 1 7 21 0 13 14 0 11 14 3 5 21 4 9 14 2 7 14 1 14 18 1 6 14 0 12 17 2 13 15 3 11 13 3 8 14 1 10 13 4 9 13 2 9 22 3 8 13 4 7 13 4 5 13 4 11 20 4 5 14 2 7 19 2 10 12 0 10 20 3 9 12 0 8 12 4 11 19 3 9 20 2 10 14 4 6 12 4 5 12 2 4 12 3 10 19 2 4 13 3 3 17 3 9 11 3 8 19 1 8 18 1 6 18 4 3 18 2 6 19 4 6 20 0 6 21 0 10 18 0 5 11 2 7 11 3 
 --- Bot used 139 milliseconds ---
-----------------------------------------------------------------------------
 --- Frame #137 ---
9 14 4 8 16 2 5 22 2 7 21 0 7 13 1 10 14 2 5 16 4 5 17 0 7 17 2 6 16 2 12 16 0 6 13 1 7 15 2 9 16 2 9 21 2 7 16 0 9 12 4 10 18 1 8 21 1 11 14 4 8 15 2 9 15 4 5 15 4 11 15 1 10 13 2 13 14 1 8 18 2 12 15 1 7 20 2 5 20 1 3 17 3 4 20 1 5 11 4 10 19 2 10 15 0 9 19 1 6 20 3 8 19 3 6 21 2 4 14 4 7 19 2 10 12 4 9 11 2 6 18 3 8 17 0 11 17 3 8 14 0 9 22 4 4 16 4 9 13 4 6 17 4 8 13 4 8 12 4 11 20 3 6 19 1 4 17 0 11 13 1 13 16 4 12 17 4 5 21 3 10 16 2 10 20 3 13 18 4 12 18 0 7 11 1 5 13 1 9 18 1 4 13 0 7 18 4 9 20 0 6 15 0 4 15 4 5 18 1 11 18 2 12 14 3 4 18 1 5 19 1 13 15 4 3 16 2 8 20 1 6 14 0 2 16 3 4 19 1 7 14 0 11 16 2 6 11 0 5 12 0 11 19 3 10 17 0 9 17 4 6 12 0 13 17 4 7 12 0 14 18 3 3 18 3 4 12 4 5 14 4 
 --- Bot used 146 milliseconds ---
-----------------------------------------------------------------------------
 --- Frame #138 ---
5 11 1 12 18 2 11 16 4 9 16 3 8 16 4 7 16 0 5 16 2 4 16 2 3 16 0 2 16 0 5 19 0 3 17 4 12 15 2 11 15 4 10 15 0 11 20 0 9 15 4 8 15 4 7 17 4 6 15 1 5 15 2 9 21 1 4 15 2 13 14 3 9 22 1 12 14 0 11 14 4 10 14 1 9 14 2 8 14 2 7 21 1 7 14 3 6 14 0 6 16 2 6 21 3 8 18 2 8 17 0 6 20 4 8 19 3 4 14 3 11 13 1 10 13 3 10 18 2 9 19 0 10 20 3 8 13 4 5 21 0 8 20 4 7 13 4 6 17 0 5 13 4 4 19 3 3 15 1 9 12 3 7 20 1 8 12 0 7 12 3 6 12 0 5 12 1 4 12 0 5 20 2 4 13 3 7 11 0 9 13 1 9 11 4 6 19 1 6 11 2 7 18 3 6 18 4 8 21 0 5 18 4 4 18 2 5 22 3 13 15 2 13 17 3 12 16 0 14 18 4 4 17 0 13 16 3 9 18 4 10 16 4 4 20 2 7 15 4 12 17 4 10 12 1 9 20 4 5 14 1 11 18 1 5 17 2 11 17 0 10 17 2 13 18 2 11 19 3 11 21 1 9 17 0 10 19 4 3 18 4 7 19 4 6 13 3 
 --- Bot used 130 milliseconds ---
-----------------------------------------------------------------------------
 --- Frame #139 ---
6 14 0 5 12 2 5 14 1 8 21 0 10 14 0 7 13 4 9 14 1 7 16 3 11 17 1 12 17 0 7 11 0 6 21 4 4 19 4 9 21 0 10 15 2 4 20 2 12 15 2 6 18 2 7 18 0 11 21 1 8 18 1 4 17 3 13 16 2 10 12 2 9 18 3 12 18 2 13 18 2 4 13 0 3 17 1 6 20 3 8 17 3 9 13 4 10 18 2 8 13 1 9 17 1 7 14 0 4 14 1 7 20 3 5 13 1 3 15 4 11 18 2 9 12 0 9 22 0 10 17 1 11 14 1 7 19 1 8 19 2 8 20 2 9 19 3 5 21 2 3 18 1 10 19 2 7 12 0 11 19 0 5 15 2 12 16 4 8 14 2 6 12 3 5 20 1 9 20 1 10 13 1 5 19 1 6 13 2 5 11 1 8 12 2 7 15 4 8 15 2 6 17 3 4 15 0 10 20 2 11 15 0 6 19 0 13 15 4 14 18 2 3 16 1 13 17 2 12 14 3 2 16 3 11 20 3 11 13 1 5 16 0 6 11 0 9 15 3 4 12 3 9 11 1 5 22 2 6 15 1 6 16 1 4 18 2 6 22 3 13 14 3 9 16 0 11 16 4 5 17 3 5 18 2 4 16 0 7 17 1 10 16 0 7 21 1 8 16 0 
 --- Bot used 153 milliseconds ---
-----------------------------------------------------------------------------
 --- Frame #140 ---
6 20 1 8 16 1 5 22 4 5 17 2 8 20 0 13 16 4 6 16 2 5 16 3 11 16 0 4 16 2 3 16 3 9 22 0 2 16 1 13 15 4 12 15 4 11 15 2 10 15 3 9 15 1 7 15 1 8 15 3 4 20 4 11 19 2 10 19 4 5 20 1 5 21 4 4 15 2 6 17 1 13 14 2 12 14 4 7 18 0 9 19 3 10 14 1 8 19 0 7 19 3 6 15 1 6 19 2 8 14 0 9 21 0 5 19 0 8 18 0 5 15 3 9 20 4 14 18 2 7 17 0 13 18 3 12 18 2 6 14 0 11 18 4 5 14 1 4 14 0 11 13 2 10 13 3 9 13 3 8 13 4 4 17 4 12 16 3 7 13 3 6 13 3 5 13 2 6 21 0 10 16 3 3 15 4 10 12 2 9 12 0 8 21 0 8 12 3 7 16 1 9 14 3 6 22 4 10 18 4 7 12 3 6 12 2 9 18 2 5 12 1 7 14 1 11 14 2 4 12 3 4 13 4 6 18 0 5 18 1 7 11 3 4 18 0 4 19 4 9 11 1 6 11 1 13 17 2 3 17 3 9 16 0 7 21 3 12 17 1 11 17 4 10 17 4 9 17 2 11 20 1 10 20 3 8 17 0 11 21 2 3 18 0 7 20 3 5 11 1 
 --- Bot used 139 milliseconds ---
-----------------------------------------------------------------------------
 --- Frame #141 ---
9 16 3 4 20 4 8 16 0 7 16 2 6 16 3 5 16 0 12 21 0 4 16 0 3 16 0 2 16 4 13 15 0 6 11 1 11 15 3 6 22 0 10 15 3 9 15 4 8 15 2 5 20 1 7 15 2 6 15 2 10 16 4 5 15 3 4 15 0 9 19 4 6 17 1 13 14 0 8 19 1 12 14 1 11 14 3 10 14 4 9 14 3 6 18 1 7 19 0 7 14 1 6 14 3 11 16 3 6 20 1 5 14 4 6 19 1 5 19 0 9 18 4 4 14 3 4 19 3 15 18 3 11 13 3 7 20 2 10 13 0 10 19 1 14 18 0 13 18 3 9 22 4 6 21 1 12 18 1 8 13 4 11 18 1 10 18 0 7 13 2 6 13 1 5 13 0 4 13 1 3 13 4 9 13 3 10 12 0 10 20 3 9 12 2 8 12 3 7 12 1 6 12 3 5 12 4 4 12 3 3 17 1 7 11 2 9 11 0 4 17 4 12 15 0 9 21 1 7 21 0 12 16 3 5 17 4 13 16 0 11 19 2 8 18 4 3 15 0 7 18 2 9 20 1 8 14 2 5 22 3 8 21 4 5 18 1 7 17 3 4 18 3 11 21 2 11 20 1 13 17 1 7 22 0 12 17 0 11 17 3 10 17 0 9 17 0 8 17 2 5 11 3 3 18 4 5 21 0 8 20 4 
 --- Bot used 99 milliseconds ---
-----------------------------------------------------------------------------
 --- Frame #142 ---
8 22 2 5 12 3 6 14 3 8 13 1 8 17 0 6 13 1 3 15 3 4 17 2 8 19 3 11 14 1 11 20 0 5 11 1 8 14 3 5 14 4 7 14 4 8 20 1 6 18 3 9 21 0 4 14 0 5 22 4 7 13 4 11 16 4 4 13 2 9 17 3 11 19 4 10 13 4 6 17 0 5 21 1 3 18 0 6 20 0 5 16 4 10 16 0 4 16 1 3 16 1 5 20 4 2 16 0 11 17 0 6 19 1 4 20 3 4 19 4 9 16 0 14 18 2 6 12 2 3 13 1 6 11 3 7 20 4 8 18 1 10 12 1 12 21 1 12 18 1 10 19 2 11 18 0 9 18 1 11 13 3 2 13 4 7 21 0 9 15 0 9 14 2 12 16 1 7 11 2 9 19 1 9 13 1 6 21 3 5 13 1 8 12 1 9 11 1 3 17 3 5 18 3 13 15 0 9 20 4 12 14 0 6 22 4 7 18 1 7 22 3 4 15 0 10 14 2 12 15 0 8 21 4 5 15 0 9 22 0 5 17 1 13 16 1 4 18 0 10 17 4 8 16 4 7 16 0 6 16 0 9 12 1 13 17 2 6 15 0 7 19 1 10 20 2 5 19 4 7 12 2 15 18 4 7 15 1 11 21 4 11 15 0 10 15 4 12 17 0 8 15 0 13 14 0 13 18 4 7 17 1 4 12 2 10 18 4 
 --- Bot used 158 milliseconds ---
-----------------------------------------------------------------------------
 --- Frame #143 ---
11 14 4 6 20 2 3 16 4 6 16 4 8 12 1 11 18 3 7 13 2 10 19 2 8 15 1 5 21 1 6 15 2 7 12 2 9 22 2 10 14 3 6 12 1 6 11 3 5 20 0 7 17 1 6 13 4 11 21 4 8 16 2 9 14 1 4 20 0 7 14 2 5 19 3 6 14 2 8 19 2 1 13 1 9 18 3 9 20 4 12 16 4 3 19 3 3 18 4 9 11 4 7 21 0 10 13 2 3 13 2 12 20 2 9 13 0 7 20 0 8 13 1 4 18 0 5 14 1 4 19 1 2 13 2 12 18 0 5 18 4 12 15 1 6 21 0 3 17 0 4 16 3 6 17 2 8 17 2 10 17 0 13 18 0 12 21 0 11 16 0 5 15 3 7 22 2 4 15 3 13 16 3 10 12 3 5 22 2 7 16 4 8 18 2 4 13 1 7 19 4 10 15 2 9 12 3 12 17 3 5 12 1 11 19 3 7 11 1 5 16 2 10 18 3 8 22 1 9 17 2 10 11 0 8 14 0 11 20 3 11 13 2 2 16 4 5 13 0 4 14 3 13 15 3 8 21 4 6 18 4 3 15 2 13 17 3 4 12 0 6 22 3 5 17 2 11 15 3 10 20 1 9 21 1 12 14 2 8 20 1 6 19 3 7 18 4 9 16 4 11 17 0 15 18 1 10 16 0 4 17 1 9 15 2 13 14 1 9 19 3 7 15 1 5 11 0 14 18 3 
 --- Bot used 125 milliseconds ---
-----------------------------------------------------------------------------
 --- Frame #144 ---
12 14 3 8 22 2 9 20 2 12 15 2 11 15 0 7 19 2 10 15 1 9 15 3 11 14 4 6 17 4 7 15 2 6 15 4 5 15 2 4 15 0 13 16 3 11 16 2 4 17 4 6 20 0 5 17 3 10 14 0 12 16 4 8 14 1 3 17 4 7 14 3 8 20 2 3 18 3 6 14 4 5 14 2 5 18 4 4 14 4 12 21 1 11 13 0 10 13 1 9 13 0 5 19 3 5 11 2 11 17 4 8 13 2 9 22 1 6 13 2 5 13 2 13 14 1 4 13 2 7 13 4 9 21 4 3 13 0 10 20 3 2 13 1 8 18 3 5 21 2 6 11 1 7 22 2 3 16 2 4 18 3 1 13 4 9 14 2 7 20 1 10 12 1 9 12 2 11 21 1 8 15 0 8 12 2 12 17 3 7 12 4 5 20 1 6 12 2 5 12 3 4 12 2 1 12 2 10 11 2 9 11 2 8 11 4 5 16 2 7 11 4 4 20 2 5 22 4 3 15 3 10 16 0 13 18 1 6 22 4 13 20 3 6 19 2 9 16 2 11 19 4 8 16 0 7 16 3 6 18 4 8 21 2 3 19 1 11 20 3 6 16 4 7 18 2 8 19 4 4 16 1 8 17 1 9 19 1 7 17 2 2 16 4 13 17 3 11 18 4 10 18 1 9 18 0 10 17 2 12 18 1 13 15 3 6 21 2 9 17 3 4 19 4 7 21 0 3 20 1 12 20 4 15 18 3 14 18 3 10 19 3 
 --- Bot used 137 milliseconds ---
-----------------------------------------------------------------------------
 --- Frame #145 ---
10 14 0 9 12 2 5 21 0 10 16 4 11 15 3 11 21 0 7 13 0 8 14 1 7 12 0 5 12 2 2 12 2 6 15 0 2 16 3 8 21 1 4 15 3 13 16 4 9 15 1 6 19 2 7 18 4 4 20 4 3 17 4 3 20 4 6 13 3 4 13 3 12 16 1 2 13 4 5 19 3 9 16 2 9 20 2 5 14 2 4 14 2 10 18 1 11 13 3 7 14 4 8 16 2 9 11 3 12 21 2 6 14 1 7 16 3 11 19 1 7 19 2 3 18 1 10 13 3 9 13 2 8 17 0 4 19 3 10 19 1 5 17 0 8 20 4 15 18 4 14 18 4 11 20 1 4 17 1 6 21 1 12 17 4 11 11 3 4 18 2 7 22 0 13 14 1 12 14 0 6 22 0 11 14 2 5 22 2 11 16 2 9 21 0 5 11 4 7 21 0 6 18 1 6 12 0 3 15 3 8 22 4 4 12 4 5 15 0 13 20 3 9 18 1 8 11 2 8 15 1 8 13 4 10 12 3 3 16 2 7 20 0 6 16 0 5 16 4 5 18 1 4 16 2 8 12 0 9 14 0 5 13 2 3 13 1 12 20 0 1 13 3 8 18 3 10 15 4 9 19 2 12 18 1 13 15 4 7 15 4 6 20 2 11 18 2 13 21 0 12 15 4 10 20 1 13 17 2 7 11 0 11 17 0 3 19 3 5 20 4 10 11 4 9 22 0 10 17 1 9 17 0 7 17 0 13 18 3 6 17 1 6 11 3 1 12 0 8 19 1 
 --- Bot used 130 milliseconds ---
-----------------------------------------------------------------------------
 --- Frame #146 ---
10 15 3 7 22 0 9 15 4 8 18 3 7 15 2 5 17 1 6 15 2 7 13 0 5 15 1 3 18 1 13 16 4 7 21 2 11 20 2 5 16 4 13 14 2 12 14 3 11 14 4 7 20 2 10 20 3 9 14 1 4 20 0 8 14 0 5 19 4 7 14 2 6 14 1 6 13 2 5 14 0 11 19 2 2 13 0 4 14 1 2 12 1 7 11 2 4 15 1 11 13 3 6 20 2 10 13 1 12 18 2 4 18 4 3 20 0 3 17 1 10 14 0 9 17 2 4 17 1 10 16 4 9 13 4 5 13 0 9 18 1 11 18 0 6 18 1 9 12 3 12 17 0 5 18 1 13 17 3 8 17 2 15 18 1 10 18 0 4 13 2 9 16 2 6 16 4 12 15 2 13 20 3 11 12 3 10 12 0 14 18 4 8 12 1 7 12 0 5 22 1 6 12 2 5 12 3 13 15 0 13 21 4 4 12 0 6 11 2 3 12 3 7 18 0 3 13 0 9 22 4 12 21 1 4 19 2 8 15 1 3 19 2 6 17 0 3 15 0 11 11 3 12 20 0 10 11 3 9 11 4 8 11 4 5 21 0 1 12 3 4 16 0 2 17 1 11 17 1 9 19 1 1 13 0 8 22 1 8 20 0 9 21 3 7 19 2 7 17 2 5 20 0 13 18 2 2 16 3 3 16 0 8 16 0 11 15 3 11 21 2 10 19 2 11 16 2 8 21 4 7 16 4 8 19 3 6 19 0 6 22 1 5 11 2 12 16 1 6 21 0 9 20 4 10 17 0 8 13 4 
 --- Bot used 109 milliseconds ---
-----------------------------------------------------------------------------
 --- Frame #147 ---
8 20 1 11 11 4 4 20 2 7 14 0 10 12 0 5 13 0 10 13 2 10 20 0 4 15 0 9 14 4 7 16 0 2 16 4 8 14 2 3 16 3 9 21 0 11 15 2 13 14 0 6 21 2 6 20 3 15 18 4 9 22 0 9 20 0 6 14 3 5 14 3 12 14 1 7 21 1 7 15 4 3 13 2 8 15 2 14 18 2 11 13 1 8 22 1 10 18 0 9 13 1 8 13 1 9 19 4 7 13 3 9 18 3 6 16 2 7 18 2 13 18 1 6 18 4 6 22 3 5 18 4 6 17 4 12 18 1 7 22 2 8 18 0 11 12 4 4 18 4 11 18 2 3 20 0 12 17 3 9 12 2 11 17 3 5 17 1 13 16 1 11 21 3 11 16 4 4 12 2 10 14 2 3 12 0 5 16 1 4 14 2 11 20 1 6 13 4 3 15 0 2 13 3 8 21 3 10 15 3 6 12 2 2 12 0 7 20 4 11 14 4 13 21 2 13 15 3 10 11 4 9 11 2 8 11 2 10 17 4 9 17 4 6 15 0 8 17 1 7 11 0 5 15 3 4 13 4 10 19 4 8 12 2 12 20 3 1 12 0 6 11 4 4 17 2 3 17 4 4 19 1 4 16 1 7 12 0 1 13 2 11 19 2 12 15 4 5 11 3 5 19 2 9 15 0 2 17 2 6 19 2 13 17 2 5 12 4 5 20 0 5 21 0 12 21 4 9 16 1 8 16 3 5 22 4 3 19 1 8 19 3 3 18 3 10 16 4 7 19 0 12 16 0 7 17 2 13 20 0 
 --- Bot used 174 milliseconds ---
-----------------------------------------------------------------------------
 --- Frame #148 ---
2 16 2 7 16 1 11 21 4 3 19 2 8 15 3 8 17 3 13 16 4 8 21 4 7 15 0 8 16 4 6 15 0 4 15 4 10 16 3 13 14 2 12 14 1 10 14 0 9 22 3 9 14 0 4 13 4 9 15 4 4 20 2 5 15 2 10 17 4 8 14 1 8 20 2 7 14 2 5 17 2 6 14 4 6 21 0 3 13 3 5 14 1 2 17 2 3 18 2 10 13 0 9 13 4 10 20 1 8 13 0 6 13 1 7 21 3 5 13 2 8 22 4 12 17 4 11 17 4 7 18 4 10 18 1 11 18 1 6 20 3 6 17 1 4 16 3 10 15 1 12 18 1 2 13 4 4 18 1 4 12 1 7 11 4 13 15 4 3 17 0 6 22 1 5 18 1 6 18 4 4 14 1 1 16 1 13 17 4 11 12 2 6 11 0 10 12 3 8 12 3 3 16 3 5 21 2 9 16 0 9 12 4 11 13 3 12 15 3 12 16 1 7 12 0 5 19 0 6 12 4 1 13 2 5 12 0 12 21 3 5 22 4 3 12 3 9 20 2 11 19 0 3 15 1 11 20 1 10 11 1 13 21 4 9 11 4 7 22 0 8 11 3 7 19 2 1 12 4 12 19 1 9 19 3 8 18 2 9 18 1 13 18 4 14 18 2 5 16 1 4 17 3 11 15 2 9 21 3 4 19 2 3 20 1 9 17 1 12 20 3 7 20 0 13 20 4 5 20 3 15 18 0 2 12 0 11 16 2 6 16 4 8 19 0 7 13 4 11 11 0 11 14 3 7 17 2 5 11 0 6 19 0 10 19 1 
 --- Bot used 197 milliseconds ---
-----------------------------------------------------------------------------
 --- Frame #149 ---
9 22 0 2 17 0 4 14 1 4 15 2 1 16 1 6 19 0 10 16 4 4 20 3 4 13 0 5 14 2 9 14 0 13 14 1 8 12 3 7 12 2 6 16 0 4 16 3 7 14 2 6 14 2 11 17 4 3 19 4 5 20 3 9 17 0 10 20 1 8 13 4 8 19 1 2 16 4 5 19 2 5 13 2 5 17 3 2 13 1 7 17 0 9 12 2 3 18 4 6 18 1 6 22 0 8 11 2 13 16 0 12 21 1 9 21 4 10 13 3 6 17 3 3 16 4 13 15 2 8 17 1 5 18 1 5 21 4 11 15 3 7 15 4 8 21 4 12 14 3 3 17 4 10 21 1 5 15 0 6 15 3 8 18 0 9 18 0 7 16 4 8 16 1 4 17 1 9 16 2 5 16 0 12 19 2 10 14 2 12 20 1 8 14 2 11 19 3 9 13 0 11 12 3 6 13 3 14 18 0 11 16 3 10 15 2 3 13 4 13 17 2 10 12 1 9 20 2 6 12 0 10 11 2 7 21 3 1 13 0 13 18 3 11 20 3 8 22 4 10 17 2 6 21 1 4 18 4 12 17 0 11 13 1 9 19 3 7 13 1 8 20 1 8 15 4 5 12 1 4 12 4 3 12 2 12 15 2 2 12 3 3 15 2 6 20 1 7 20 4 11 11 3 13 20 4 9 11 2 5 22 1 7 22 1 4 19 3 7 11 1 10 19 3 1 12 3 15 18 2 6 11 1 7 18 1 12 16 1 12 18 1 7 19 0 9 15 3 11 14 0 5 11 2 11 21 2 3 20 3 10 18 2 11 18 4 13 21 2 
 --- Bot used 115 milliseconds ---
-----------------------------------------------------------------------------
 --- Frame #150 ---
10 19 3 4 20 0 9 19 3 4 16 2 5 16 1 7 19 4 4 21 3 8 19 1 11 14 0 11 21 0 4 15 2 7 16 0 14 18 3 8 11 0 2 16 3 11 18 1 3 16 2 8 14 0 7 14 0 6 20 4 10 18 1 9 18 4 6 14 1 7 18 1 5 13 0 2 13 2 8 18 1 4 18 0 5 14 1 8 22 3 6 15 0 10 20 0 13 17 1 4 17 1 12 17 1 11 13 1 11 17 3 8 20 0 10 13 2 9 13 4 8 13 0 8 21 1 7 13 2 2 17 3 6 18 0 4 13 2 6 22 0 3 13 4 5 18 1 1 16 2 11 12 1 7 17 1 3 17 2 13 16 4 9 16 4 13 21 4 7 12 1 11 19 1 7 22 4 6 16 1 13 14 2 5 15 3 8 15 4 9 15 3 10 15 1 5 22 4 12 21 4 13 20 2 7 21 1 10 14 3 11 15 2 12 14 4 12 15 1 10 11 4 10 17 1 5 21 2 13 15 1 12 20 2 9 21 3 6 17 4 3 20 4 5 12 1 7 20 4 10 21 2 2 19 4 4 12 0 3 15 0 3 12 0 9 17 0 4 14 2 10 12 1 6 13 3 2 12 0 9 12 0 12 16 2 11 16 4 5 17 1 5 19 3 11 11 4 8 17 1 7 11 1 8 12 4 8 16 1 9 11 0 9 14 2 5 11 1 13 18 1 6 12 0 10 16 0 1 12 2 6 11 2 1 13 4 15 18 0 9 20 0 12 18 0 7 15 2 11 20 4 6 19 2 6 21 4 3 19 2 5 20 4 3 18 1 9 22 0 4 19 1 12 19 0 
 --- Bot used 211 milliseconds ---
-----------------------------------------------------------------------------
 --- Frame #151 ---
2 19 0 2 17 4 13 15 1 12 15 3 11 21 2 5 16 0 5 17 0 11 15 4 10 15 3 9 15 1 8 20 1 15 18 1 11 16 1 7 15 0 6 15 1 10 21 2 5 15 2 8 19 2 4 15 0 4 16 0 13 14 2 12 14 2 14 18 4 11 14 2 4 22 2 6 22 0 10 14 0 7 19 4 9 14 1 6 18 0 9 22 3 8 14 2 6 14 3 7 21 0 2 13 0 4 12 2 5 14 3 6 20 2 4 14 4 6 19 4 11 13 3 5 18 0 10 13 1 10 20 3 9 13 2 11 19 1 10 18 4 5 21 2 3 20 1 9 18 1 5 19 3 7 14 1 4 17 0 4 18 2 8 13 1 8 22 1 7 13 2 10 19 4 6 13 3 6 12 4 8 21 1 9 21 2 12 21 2 13 16 4 9 16 4 4 19 1 6 21 2 8 18 4 13 18 1 3 17 3 7 16 2 8 16 4 9 19 3 1 16 2 8 15 3 11 12 2 3 19 1 9 12 3 12 18 1 7 12 3 7 18 3 5 12 2 7 22 2 3 12 1 8 12 4 2 12 3 3 15 3 5 20 0 10 11 0 11 18 3 3 16 4 5 13 2 9 11 1 4 21 2 8 11 0 7 20 1 10 16 3 7 11 3 1 12 0 6 11 3 4 13 2 1 13 3 13 20 2 2 16 3 10 12 3 11 11 0 5 22 1 3 18 3 13 21 3 2 18 3 9 20 2 13 17 1 3 13 2 12 17 1 11 17 0 6 16 4 12 19 4 10 17 4 12 20 2 9 17 0 8 17 4 7 17 4 6 17 4 12 16 3 11 20 3 4 20 3 5 11 4 
 --- Bot used 121 milliseconds ---
-----------------------------------------------------------------------------
 --- Frame #152 ---
7 21 1 4 21 2 11 12 4 5 13 0 5 17 4 12 19 0 7 19 4 11 19 4 10 19 0 9 13 3 8 13 3 5 22 1 9 23 2 8 16 3 5 14 1 9 21 3 4 13 2 15 18 2 8 17 4 3 13 1 3 18 1 7 16 4 6 16 2 6 21 0 11 13 1 12 17 0 10 12 0 11 18 0 7 13 4 11 16 0 10 21 1 5 16 2 10 18 1 9 12 1 3 16 1 14 18 0 8 12 4 12 18 2 7 12 4 3 17 3 7 17 4 8 11 2 12 15 2 11 15 1 8 18 2 4 12 3 10 15 0 1 16 0 10 20 2 9 15 0 5 18 4 8 15 4 9 16 2 13 20 1 13 17 3 2 16 3 4 20 0 9 18 1 8 21 4 6 19 4 9 20 4 8 20 2 8 19 0 11 21 0 2 13 1 4 19 4 2 18 2 4 17 4 6 12 3 3 12 4 9 10 2 6 13 3 2 12 3 9 19 2 10 13 3 12 20 3 5 20 4 10 11 0 9 11 3 11 20 1 7 18 2 7 11 0 5 21 3 11 11 3 6 11 3 5 11 0 1 13 0 8 22 2 1 12 4 3 19 4 10 16 3 5 12 3 6 15 1 12 16 3 5 15 4 12 14 4 4 16 4 4 15 4 6 17 0 2 19 0 12 21 1 13 16 2 13 14 2 10 17 0 3 20 4 7 15 0 11 17 4 11 14 1 6 14 4 10 14 0 9 14 3 9 22 4 8 14 1 7 14 2 5 19 0 6 18 3 4 14 2 6 22 2 13 21 1 4 18 1 2 17 2 6 20 1 3 15 4 9 17 0 13 15 3 7 22 2 4 22 1 7 20 1 13 18 3 
 --- Bot used 126 milliseconds ---
-----------------------------------------------------------------------------
 --- Frame #153 ---
9 12 2 11 14 2 7 12 1 13 20 4 6 14 0 10 11 1 9 19 2 2 13 4 4 14 0 13 14 4 4 12 1 4 21 0 11 13 4 4 13 3 10 12 0 6 19 2 12 14 4 10 19 0 7 15 2 8 15 3 8 21 0 10 18 4 9 18 3 8 19 1 14 18 1 9 15 4 3 17 0 5 11 2 6 21 3 13 17 1 8 11 2 1 13 2 8 18 3 11 12 4 5 18 2 11 21 0 6 22 1 9 14 3 11 16 0 2 17 0 6 16 2 12 15 2 6 13 0 8 20 1 12 17 1 7 20 3 6 20 3 12 20 0 11 17 3 12 16 2 7 18 4 4 19 3 9 20 2 10 17 2 9 11 1 9 17 1 6 18 2 5 12 4 1 16 4 7 17 4 2 19 1 9 21 1 13 16 0 7 16 2 5 20 0 6 17 2 8 17 4 15 18 3 11 18 3 9 22 2 10 20 1 10 13 2 7 13 0 5 19 3 1 12 2 10 10 4 6 15 4 3 19 4 5 15 1 7 19 3 4 15 4 7 14 1 8 14 4 10 21 0 9 10 3 7 21 0 4 18 1 3 16 1 4 20 0 4 22 4 5 17 1 7 11 2 8 12 4 13 18 3 6 12 0 8 13 2 10 16 1 5 21 2 13 21 3 13 15 4 4 17 4 2 12 4 9 16 1 8 16 4 12 19 0 3 15 2 5 13 3 10 14 0 5 16 0 6 11 3 12 21 2 2 16 4 11 19 3 5 14 0 10 15 2 9 13 2 11 15 4 3 18 1 7 22 3 9 23 2 5 22 0 11 11 4 8 22 1 3 20 1 11 20 1 3 12 4 12 18 1 4 16 3 3 13 1 2 18 0 
 --- Bot used 147 milliseconds ---
-----------------------------------------------------------------------------
 --- Frame #154 ---
7 21 0 9 10 0 9 21 2 8 16 4 7 12 1 6 16 1 5 16 4 6 19 1 3 16 1 5 19 0 2 16 1 13 20 0 6 11 4 12 15 1 8 11 3 9 15 1 10 11 4 3 15 0 5 13 0 6 22 2 5 12 1 2 19 2 10 15 3 4 19 3 3 19 4 8 15 4 10 19 0 6 15 4 4 15 2 14 18 2 13 14 3 13 18 3 2 18 0 11 16 3 11 20 1 8 22 3 8 14 4 6 14 3 10 18 2 4 14 0 7 20 2 10 13 0 9 20 4 9 13 3 9 18 2 7 13 1 11 12 2 8 18 3 7 18 3 5 22 2 3 13 2 9 23 3 1 16 1 8 21 1 10 12 1 6 20 1 9 12 1 12 17 3 10 17 4 5 18 2 10 22 3 3 12 3 5 20 0 3 18 2 6 18 1 8 12 1 11 14 4 7 19 3 6 21 0 10 14 0 7 16 2 9 11 2 2 12 4 4 22 1 4 16 2 9 14 1 9 16 4 11 17 2 13 15 3 7 11 3 10 21 4 12 18 3 1 12 1 11 15 0 6 12 1 9 17 2 8 17 0 7 17 0 7 15 4 6 17 1 5 15 0 7 23 2 4 18 0 10 16 1 3 20 2 11 18 2 12 14 2 13 17 2 5 11 3 7 14 0 12 19 1 5 14 1 12 20 0 8 19 0 11 13 3 9 22 0 8 13 2 5 17 0 4 12 2 4 17 0 6 13 4 3 17 2 4 13 3 2 17 3 2 13 1 11 11 2 13 16 4 12 16 4 8 20 3 11 21 2 4 20 1 7 22 2 15 18 3 12 21 4 11 19 1 9 19 1 10 10 1 10 20 0 1 13 3 5 21 2 13 21 2 4 21 3 
 --- Bot used 219 milliseconds ---
-----------------------------------------------------------------------------
 --- Frame #155 ---
10 19 3 2 19 3 6 22 1 12 17 2 12 20 1 1 12 4 8 15 4 8 22 2 12 21 2 5 14 4 7 23 0 3 13 0 4 20 4 6 21 2 12 15 0 3 16 1 10 14 2 11 16 0 7 13 1 9 11 4 9 15 2 6 13 1 8 19 0 3 15 2 7 15 2 7 16 0 8 13 4 10 20 2 13 21 4 3 19 2 6 15 3 11 20 1 13 17 1 9 16 2 9 12 3 13 15 2 9 17 1 10 15 1 7 17 4 12 16 0 11 12 4 10 18 3 6 20 2 11 15 4 9 13 0 13 14 1 11 11 3 13 20 2 5 19 2 4 14 1 11 19 0 8 14 1 4 16 2 13 18 1 8 16 2 4 12 4 1 16 2 5 17 3 8 18 0 2 12 3 6 14 4 4 18 0 2 16 1 9 19 0 11 13 2 10 11 4 5 16 1 3 20 0 12 19 0 3 12 0 14 18 0 8 12 4 5 15 3 12 18 2 7 21 2 12 14 4 6 11 1 2 18 2 6 12 0 10 12 4 4 22 0 1 13 2 8 11 2 5 21 4 15 18 2 10 13 3 5 11 3 6 19 2 4 13 0 9 18 1 11 14 1 11 18 3 10 16 2 9 21 4 4 15 0 11 21 2 7 12 1 10 10 0 9 14 1 7 22 2 2 13 0 8 20 1 3 18 4 10 21 3 6 18 0 7 11 4 4 21 4 6 16 0 9 23 1 7 19 2 6 17 2 7 20 2 13 16 4 5 13 0 9 20 3 2 17 2 10 17 4 10 22 1 5 22 2 5 12 1 5 18 4 9 22 2 3 17 1 7 14 0 8 17 1 7 18 2 5 20 4 11 17 0 8 21 0 9 10 3 4 17 1 4 19 2 
 --- Bot used 138 milliseconds ---
-----------------------------------------------------------------------------
 --- Frame #156 ---
7 11 1 9 12 0 9 23 2 11 12 3 10 15 2 7 14 3 2 19 0 10 14 0 11 20 1 8 18 3 11 11 3 6 18 2 3 18 0 13 15 4 10 11 0 10 12 1 5 20 0 10 22 1 1 16 0 6 13 1 9 14 4 11 17 0 7 20 4 8 22 3 7 18 4 5 19 3 11 18 1 10 17 1 3 13 2 5 15 2 6 20 1 12 14 2 12 15 4 5 14 1 9 17 1 4 12 4 1 13 4 5 18 0 12 20 3 10 10 4 11 16 0 13 16 2 3 12 3 13 18 4 7 19 1 6 21 0 5 21 3 8 19 2 11 14 0 5 22 2 9 18 4 12 17 0 12 16 4 8 17 2 3 16 3 2 12 0 7 17 3 4 13 2 9 21 2 1 12 4 4 14 4 10 19 3 12 19 2 8 16 1 5 13 2 3 15 3 13 13 3 3 19 3 11 15 4 4 19 0 2 13 3 13 14 4 6 14 1 9 20 1 12 18 2 5 11 1 9 22 2 8 12 0 7 21 4 6 15 1 8 11 4 10 18 0 5 17 0 10 21 0 14 18 3 4 22 1 11 13 1 4 17 0 3 17 1 8 21 2 4 18 0 2 18 3 15 18 3 2 17 0 6 22 3 6 17 2 7 23 2 2 16 0 8 14 3 6 19 2 4 15 4 12 21 2 6 11 4 10 16 1 9 11 1 7 22 3 9 16 1 9 10 1 3 20 2 8 20 1 13 20 0 7 16 3 6 16 3 5 12 2 9 15 4 13 17 4 4 16 3 11 19 4 10 13 0 9 13 4 13 21 4 4 21 1 8 13 2 7 13 2 6 12 0 11 21 1 7 12 4 7 15 0 8 15 0 10 20 3 5 16 1 9 19 1 4 20 3 
 --- Bot used 135 milliseconds ---
-----------------------------------------------------------------------------
 --- Frame #157 ---
12 18 3 12 15 1 9 21 0 11 15 4 9 22 4 9 15 1 4 17 4 8 15 1 7 15 0 9 17 2 10 22 0 8 17 0 5 15 0 4 15 1 8 16 3 10 21 2 12 14 3 2 18 4 11 14 2 7 21 0 9 14 0 6 21 1 8 14 2 4 18 0 7 14 4 5 21 0 6 14 4 6 18 1 5 14 2 6 20 0 4 14 2 13 20 1 10 12 3 10 17 1 1 16 4 11 13 3 10 20 1 10 13 1 7 18 3 3 18 3 9 13 4 8 20 0 8 13 3 4 21 2 7 13 4 6 13 2 10 14 3 7 20 0 5 13 2 4 13 0 8 21 2 3 13 2 4 20 4 5 20 3 2 13 1 7 17 0 5 18 2 5 16 0 3 15 2 13 19 0 12 19 0 11 17 2 12 16 2 11 19 2 6 22 1 3 17 1 12 20 2 6 16 3 4 16 3 6 15 0 7 16 0 8 12 3 9 23 4 12 17 0 6 12 3 3 16 1 5 12 2 4 12 4 3 12 1 7 12 4 13 21 1 2 12 3 13 13 1 11 11 2 10 19 1 5 17 4 3 20 1 13 15 0 9 11 0 8 19 1 10 15 1 13 18 4 7 19 3 13 14 3 7 23 0 8 11 1 7 11 1 4 22 3 14 18 0 6 11 4 11 20 3 5 11 0 9 12 1 1 12 4 10 10 3 6 19 2 1 13 1 5 19 4 2 19 0 4 19 0 8 22 1 9 20 1 5 22 2 3 19 2 11 16 3 13 17 4 10 11 3 2 17 1 13 16 3 8 18 1 15 18 1 10 16 4 7 22 2 6 17 1 2 16 4 11 21 3 9 16 4 12 21 0 9 10 3 9 19 2 11 18 3 11 12 2 10 18 0 9 18 1 
 --- Bot used 112 milliseconds ---
-----------------------------------------------------------------------------
 --- Frame #158 ---
5 11 2 10 22 3 8 20 4 4 14 4 12 15 0 7 22 4 11 12 0 2 13 1 6 12 3 8 15 2 6 22 3 10 11 1 4 19 4 8 12 2 6 21 2 7 12 3 12 14 2 7 18 0 6 16 0 9 10 1 6 11 1 3 18 4 1 12 3 11 15 1 8 18 4 4 16 2 7 11 1 11 13 4 9 15 4 10 12 3 2 19 2 1 16 2 3 15 0 9 23 3 13 17 2 6 20 2 12 21 2 9 12 2 10 20 3 12 16 0 7 20 2 9 21 4 12 20 3 6 17 2 11 18 3 5 17 2 11 14 4 11 17 0 3 16 4 5 16 1 12 18 0 10 13 1 8 22 1 5 20 3 5 22 3 10 17 4 11 21 4 5 21 3 2 12 1 8 16 1 13 14 0 13 16 1 8 19 0 3 20 2 7 16 4 7 17 0 10 14 4 8 11 0 5 14 1 13 13 3 9 19 4 13 18 4 10 19 0 10 18 3 7 14 3 9 13 2 9 18 4 7 23 1 4 15 3 7 21 0 8 14 2 5 18 0 4 21 2 5 13 1 7 19 4 8 13 0 11 11 2 6 19 4 2 17 1 6 15 2 10 16 3 13 15 0 6 18 2 1 13 4 10 21 1 6 14 1 13 19 0 9 22 4 11 19 2 13 21 2 10 10 0 9 16 2 4 13 4 11 20 3 4 17 3 14 18 1 6 13 4 3 19 2 7 15 0 10 15 2 4 22 0 9 14 2 7 13 1 9 20 1 15 18 0 4 18 1 8 17 0 4 20 1 2 16 3 9 11 2 12 17 4 5 15 0 12 19 0 3 13 1 8 21 1 13 20 0 5 19 3 11 16 4 5 12 3 9 17 1 3 17 3 4 12 4 2 18 1 3 12 2 
 --- Bot used 135 milliseconds ---
-----------------------------------------------------------------------------
 --- Frame #159 ---
7 13 4 5 11 1 5 21 2 6 15 2 4 12 1 4 14 4 12 17 4 9 21 2 12 14 1 9 14 1 9 11 0 10 17 2 2 17 1 9 16 2 5 19 2 9 17 1 4 13 1 2 12 4 8 18 4 5 18 0 11 19 1 11 20 3 8 17 3 2 13 3 3 15 1 7 17 2 11 14 4 5 17 1 4 17 2 8 21 1 11 11 1 9 18 4 6 18 2 6 13 0 3 17 4 2 18 2 13 13 0 7 19 3 9 23 2 10 14 4 13 16 2 12 16 4 10 20 4 11 15 3 6 19 4 9 12 1 9 20 0 7 12 2 13 19 1 6 12 1 5 13 4 9 22 2 12 20 1 13 14 3 13 20 1 9 19 0 8 12 0 13 18 4 8 14 2 7 15 0 11 17 2 8 11 0 6 14 2 14 18 1 3 20 0 8 20 4 3 18 0 2 19 4 7 20 1 5 22 4 5 14 1 9 15 3 11 21 2 9 13 2 4 21 1 11 12 1 8 19 0 3 13 2 6 21 4 10 18 0 10 15 0 8 15 3 10 21 2 4 18 1 4 22 0 7 14 4 10 13 0 5 12 2 10 19 1 5 15 4 13 17 1 5 20 2 11 16 2 10 16 4 7 11 2 8 16 3 6 11 1 6 16 4 5 16 1 11 13 3 7 22 4 12 21 1 8 22 2 1 12 2 7 23 0 4 19 3 3 16 3 7 16 1 10 10 1 2 16 0 12 19 0 4 15 3 13 15 3 10 22 0 12 15 1 1 13 4 6 17 0 7 21 4 6 20 2 4 16 4 4 20 1 8 13 4 11 18 3 3 12 2 10 12 2 10 11 4 6 22 4 7 18 4 3 19 1 15 18 4 13 21 3 1 16 3 9 10 4 12 18 1 
 --- Bot used 145 milliseconds ---
-----------------------------------------------------------------------------
 --- Frame #160 ---
13 19 0 12 15 3 13 20 0 11 15 0 11 18 2 11 20 2 10 15 4 3 15 1 9 15 4 10 13 0 8 15 3 6 19 2 10 12 2 7 15 0 6 15 1 5 15 4 12 18 2 8 22 2 4 15 0 9 20 3 8 16 3 8 13 4 13 14 4 11 14 4 12 14 0 4 21 3 11 19 1 3 18 3 4 18 3 10 14 3 15 18 4 10 19 3 9 14 2 7 13 1 8 14 1 11 21 3 9 21 0 7 14 4 4 12 3 12 21 3 3 17 2 5 14 0 11 16 4 4 14 3 11 17 4 1 16 0 10 17 2 11 13 4 8 17 3 12 17 0 9 22 1 8 19 1 6 18 4 2 18 4 9 17 3 4 19 4 7 23 0 6 13 3 5 13 0 2 17 2 9 19 2 4 13 3 6 17 3 9 11 1 2 13 2 10 16 2 5 20 2 3 19 0 6 16 1 8 21 4 7 20 2 5 21 2 8 18 1 12 16 2 11 12 3 10 20 3 9 12 4 8 12 0 7 21 2 7 12 4 6 21 3 6 12 3 5 12 2 13 18 0 3 12 4 2 12 4 10 22 0 13 13 4 11 11 2 10 11 1 2 19 0 12 19 3 8 11 3 6 14 4 7 11 4 13 16 2 6 11 2 5 22 1 5 11 4 1 12 2 10 18 4 10 10 4 1 13 3 13 21 4 8 20 0 6 22 0 3 20 3 6 20 0 4 22 0 5 17 0 13 15 1 9 16 1 4 20 2 2 16 0 7 16 0 10 21 3 3 16 4 13 17 2 7 18 1 4 16 0 5 16 3 7 19 1 9 13 3 4 17 2 3 13 2 5 18 4 5 19 1 9 23 1 9 10 4 14 18 3 7 17 0 7 22 1 12 20 3 9 18 2 
 --- Bot used 146 milliseconds ---
-----------------------------------------------------------------------------
 --- Frame #161 ---
4 22 0 8 14 1 5 16 3 7 14 4 8 17 3 6 14 4 12 18 2 5 14 1 8 20 3 4 14 4 10 15 0 6 15 1 4 13 4 11 13 1 4 20 3 11 15 2 14 18 2 10 13 3 9 13 0 8 13 2 13 19 0 12 19 2 7 13 0 6 13 0 7 16 3 5 13 1 12 16 4 10 22 2 10 18 2 5 18 1 7 21 3 3 13 1 5 22 3 4 16 2 2 13 2 13 18 2 3 15 3 11 12 4 13 17 4 3 17 0 10 16 2 8 19 4 9 12 0 2 18 4 6 21 4 12 20 1 4 15 1 7 19 3 8 15 2 9 15 2 8 16 4 6 20 1 10 12 2 13 15 2 9 17 0 11 18 1 10 20 4 13 21 2 11 16 3 11 17 0 6 18 2 9 18 2 10 21 2 10 19 3 5 19 3 13 16 1 7 18 0 11 14 4 7 12 4 6 12 4 5 12 4 12 21 1 14 16 1 12 14 1 9 23 2 6 17 1 4 12 0 3 12 0 5 15 2 2 12 4 13 13 4 11 21 4 13 14 3 11 19 4 11 11 4 7 17 3 10 11 0 7 22 1 9 11 3 8 22 1 7 23 1 3 19 4 8 11 3 2 19 2 15 18 3 12 15 4 7 11 2 4 21 0 7 15 3 4 19 1 6 11 0 6 19 4 5 20 3 12 17 2 9 14 3 5 11 1 2 17 1 9 21 1 13 20 1 1 12 1 11 22 0 4 17 0 8 21 2 10 10 0 10 17 4 1 13 2 3 20 2 4 18 1 9 22 1 10 14 0 11 20 2 3 16 4 7 20 4 6 16 0 9 19 2 8 12 0 3 18 2 5 21 0 9 16 1 9 20 0 5 17 0 6 22 0 2 16 0 8 18 2 9 10 1 1 16 2 
 --- Bot used 119 milliseconds ---
-----------------------------------------------------------------------------
 --- Frame #162 ---
6 14 1 5 14 1 4 14 1 3 15 4 11 13 2 10 12 0 10 13 3 9 13 1 6 16 2 7 17 4 9 15 1 2 17 2 9 20 0 7 13 4 13 15 3 7 14 3 12 15 2 6 13 2 5 13 1 10 16 4 11 18 1 14 16 0 1 16 1 11 19 4 3 13 0 11 16 0 11 12 1 9 12 1 5 18 3 4 20 2 12 20 3 5 20 1 3 12 2 7 18 4 9 9 2 11 22 0 12 14 0 6 17 0 11 20 3 10 17 4 3 16 3 2 13 2 3 14 4 11 17 0 13 21 1 7 23 1 4 18 3 10 21 3 8 12 1 7 12 2 6 12 4 9 16 2 12 21 2 2 16 0 7 22 0 4 12 3 5 21 0 8 14 4 8 19 2 10 15 4 7 19 4 6 18 1 2 12 2 11 21 2 13 13 1 2 19 1 11 11 3 9 19 2 10 11 4 11 15 0 9 11 2 10 20 3 4 21 3 8 11 2 7 16 0 13 20 4 7 11 3 6 11 0 4 17 4 12 18 1 4 19 1 10 10 3 8 16 1 4 15 3 5 12 3 13 14 0 8 18 3 8 15 1 10 19 4 8 13 0 5 15 0 6 19 0 6 20 4 1 12 3 6 21 0 3 17 2 9 23 2 8 20 3 13 17 2 4 22 3 10 14 4 5 11 3 8 21 2 1 13 0 4 16 1 5 19 3 9 14 1 7 20 3 6 22 0 14 18 1 8 22 1 9 18 2 8 17 3 9 17 3 5 17 4 10 22 2 4 13 1 12 17 4 7 15 0 11 14 1 13 18 4 3 20 1 9 22 4 5 16 0 9 21 1 3 19 4 7 21 2 5 22 4 12 16 1 15 18 2 9 10 4 13 19 4 6 15 1 2 18 4 10 18 1 12 19 1 3 18 2 13 16 1 
 --- Bot used 144 milliseconds ---
-----------------------------------------------------------------------------
 --- Frame #163 ---
11 20 4 8 15 2 4 23 1 7 15 4 9 20 3 8 20 2 6 15 0 14 17 2 4 15 4 3 19 0 13 14 0 7 20 3 13 17 4 11 14 3 10 14 4 9 14 4 6 20 3 8 14 1 5 20 4 9 16 0 15 18 3 5 14 3 13 19 3 3 14 1 5 22 1 4 14 1 12 19 1 2 14 3 11 19 3 10 19 1 11 21 4 1 16 1 13 18 0 10 13 4 9 19 2 9 13 2 5 21 0 10 17 0 7 11 2 7 13 3 7 19 2 14 16 0 6 19 2 5 13 4 5 19 3 7 17 2 2 18 3 4 19 0 4 16 0 11 22 3 2 19 1 6 14 0 14 18 2 11 13 2 12 18 2 10 22 0 3 13 4 11 18 1 2 13 4 10 18 2 3 15 3 7 14 1 4 12 4 8 17 3 6 17 2 8 18 4 9 23 3 7 18 0 6 18 1 11 16 0 8 22 3 5 18 1 3 16 4 3 20 0 5 15 1 8 12 2 12 14 2 7 12 4 9 15 0 6 12 0 12 17 1 5 12 4 9 18 1 3 12 1 8 13 2 2 12 2 13 13 3 9 22 4 11 11 4 10 11 1 9 11 3 9 17 1 13 15 0 11 12 1 8 11 2 8 19 4 6 11 3 4 21 1 2 17 1 5 11 3 11 15 0 10 10 4 10 21 0 9 10 2 10 12 2 1 12 4 9 21 1 10 9 3 7 22 3 5 17 1 6 22 1 10 15 4 3 17 4 13 20 4 12 15 4 4 22 4 13 16 2 8 16 2 6 13 3 10 20 4 7 23 2 6 21 4 3 18 3 1 13 3 12 16 1 4 20 3 12 20 1 13 21 4 9 12 3 12 21 2 10 16 1 9 9 0 11 17 1 5 16 0 7 21 1 2 16 1 4 17 4 7 16 1 6 16 4 4 18 2 8 21 0 4 13 0 
 --- Bot used 159 milliseconds ---
-----------------------------------------------------------------------------
 --- Frame #164 ---
9 9 0 11 19 2 11 23 4 7 22 0 3 17 2 12 19 3 10 17 0 10 20 2 8 11 4 5 20 2 7 15 0 12 21 3 6 20 1 4 16 4 9 15 1 13 13 4 7 20 3 10 14 0 9 23 1 1 13 2 11 22 4 10 9 1 10 21 0 7 19 2 2 17 3 8 15 1 4 21 1 5 12 1 4 12 2 11 14 0 11 18 3 6 22 3 12 14 2 9 20 3 13 14 2 5 22 2 8 19 4 2 15 1 10 19 1 11 13 3 8 22 2 4 13 2 2 19 0 8 12 1 3 19 4 11 12 0 4 19 0 9 16 1 5 19 2 11 11 3 2 14 0 8 21 2 12 20 2 3 13 0 12 18 4 5 11 1 6 19 4 10 11 3 7 12 4 7 21 4 9 17 0 4 15 2 11 21 3 7 11 1 14 17 0 7 17 4 5 16 4 6 18 0 5 13 4 8 17 2 6 11 3 13 20 0 3 16 3 9 19 1 2 12 2 4 18 1 11 20 3 11 15 1 7 13 2 13 18 0 1 12 0 14 18 1 5 15 0 6 21 2 13 21 4 6 15 3 12 17 2 9 21 1 10 12 2 10 13 0 2 18 4 6 13 4 15 18 2 10 10 4 5 21 0 2 16 1 9 22 4 15 17 4 3 12 2 6 12 2 13 19 1 4 17 3 6 14 4 1 16 1 4 23 1 13 17 3 9 10 0 9 13 0 9 14 2 8 14 2 4 20 4 7 14 0 7 23 1 11 17 4 3 15 2 6 16 1 8 13 4 14 16 3 12 15 4 3 14 2 3 18 2 4 14 1 7 18 4 12 16 2 5 17 0 3 20 0 7 16 2 8 20 1 13 15 0 10 16 4 10 22 1 11 16 3 9 11 0 10 18 3 10 15 1 9 12 4 8 16 2 8 18 4 6 17 4 9 18 4 4 22 1 5 14 3 5 18 3 13 16 1 2 13 4 
 --- Bot used 149 milliseconds ---
-----------------------------------------------------------------------------
 --- Frame #165 ---
7 19 3 2 15 4 11 19 4 5 18 0 5 13 2 13 18 0 15 17 0 2 18 3 11 21 4 6 12 1 7 13 1 4 15 0 10 20 0 7 14 2 11 13 1 1 12 2 10 13 0 4 21 4 10 9 4 7 21 0 2 14 3 11 20 1 8 13 4 11 22 1 4 13 2 4 17 0 4 19 2 10 19 0 13 17 3 3 18 3 10 15 0 13 20 3 9 19 4 9 14 0 7 12 1 2 13 0 3 12 2 12 20 1 3 17 3 11 23 2 8 11 1 9 16 4 9 15 2 10 12 1 6 20 1 6 21 1 8 16 3 13 21 2 4 22 3 7 20 0 8 12 0 12 21 1 10 22 4 11 14 3 3 19 3 12 17 3 8 18 3 9 22 1 9 18 0 10 18 0 3 16 2 4 20 2 3 14 4 11 17 4 6 17 1 5 14 2 10 17 3 10 21 1 6 16 1 9 17 2 4 12 1 12 19 1 3 15 2 5 20 4 8 21 3 8 15 3 9 13 4 11 15 4 3 13 1 13 13 2 9 12 0 2 12 0 13 14 4 13 15 2 12 14 3 5 17 1 10 23 4 3 20 2 9 11 1 7 22 1 6 15 2 14 18 4 9 23 0 4 14 2 8 17 1 14 16 0 5 12 3 13 19 1 10 16 4 15 18 3 5 15 0 7 18 3 13 16 4 2 16 3 6 19 4 10 14 0 5 21 2 12 16 2 11 12 3 5 19 3 7 11 4 12 15 4 6 11 4 8 22 4 2 17 4 11 11 0 8 14 4 14 17 1 5 11 3 7 16 2 6 14 1 7 23 3 7 15 0 9 21 1 10 10 3 4 18 1 9 10 2 2 19 4 11 16 4 1 13 1 8 19 4 6 13 2 10 11 3 9 20 1 11 18 0 5 22 3 4 16 3 7 17 1 6 22 1 9 9 0 14 14 0 6 18 4 12 18 1 5 16 2 8 20 2 1 16 4 4 23 4 
 --- Bot used 156 milliseconds ---
-----------------------------------------------------------------------------
 --- Frame #166 ---
8 12 2 11 13 0 8 14 2 6 21 2 11 17 4 12 18 1 12 14 1 3 18 2 4 14 1 12 20 4 13 13 1 10 23 3 3 13 1 7 23 1 9 23 2 2 13 1 14 14 4 11 12 3 5 18 1 11 15 2 6 15 0 9 12 4 14 18 1 12 17 4 5 17 3 3 21 2 10 18 1 2 17 1 1 12 3 6 12 3 13 19 0 7 12 0 8 21 0 7 13 2 5 22 0 13 15 1 2 15 3 12 19 0 9 14 3 13 21 0 5 14 4 12 16 3 13 16 0 6 22 2 8 19 0 3 20 3 5 19 1 4 15 2 12 15 2 7 14 3 8 17 4 6 16 4 4 19 3 3 16 0 11 20 0 10 13 3 7 19 4 2 12 1 10 21 0 2 16 4 8 13 3 7 17 1 14 17 2 9 15 4 4 20 2 9 13 0 8 16 4 15 17 4 13 17 3 10 19 3 8 15 1 11 11 1 8 20 3 4 22 4 5 12 3 4 13 1 13 18 1 4 17 3 10 12 1 5 20 2 9 19 0 6 20 4 6 19 4 13 14 1 4 23 2 8 11 4 2 14 1 12 21 2 11 18 2 11 14 1 8 18 3 7 11 3 6 11 2 3 17 3 10 9 0 11 19 4 6 13 2 3 19 0 5 13 4 6 14 4 7 18 4 5 11 3 9 16 4 10 10 1 9 18 0 9 10 3 7 21 4 14 16 0 9 22 3 10 22 0 3 12 0 2 18 2 10 16 4 4 12 0 3 14 2 10 14 3 8 22 3 7 16 4 11 21 0 4 18 1 4 21 0 5 16 4 11 22 2 4 16 2 2 19 2 11 16 4 7 15 2 7 22 1 5 21 1 5 15 4 7 20 1 6 18 1 6 17 4 10 20 4 10 11 3 9 20 3 1 19 4 1 13 1 10 15 4 9 17 3 3 15 0 13 20 1 9 21 0 1 16 0 10 17 3 9 9 2 9 11 0 11 23 4 15 18 2 
 --- Bot used 144 milliseconds ---
-----------------------------------------------------------------------------
 --- Frame #167 ---
Traceback (most recent call last):
 --- Bot used 147 milliseconds ---
ERRORED!
Response received (if any):
Traceback (most recent call last):
 --- Bot was killed. Below is the rest of its output (if any): ---
  File "MyBot.py", line 200, in <module>
    loc_states = get_states(gameMap, myID)
  File "MyBot.py", line 44, in get_states
    ss = gameMap.getSite(loc)
  File "/home/michalis/Development/Halite/hlt.py", line 96, in getSite
    return self.contents[l.y][l.x]
IndexError: list index out of range

 --- End bot output ---