 --- Init ---
SarsaLambdaBot
 --- Bot used 69 milliseconds ---
-----------------------------------------------------------------------------
 --- Frame #1 ---
7 15 0 
 --- Bot used 16 milliseconds ---
-----------------------------------------------------------------------------
 --- Frame #2 ---
7 15 4 
 --- Bot used 52 milliseconds ---
-----------------------------------------------------------------------------
 --- Frame #3 ---
7 15 2 
 --- Bot used 34 milliseconds ---
-----------------------------------------------------------------------------
 --- Frame #4 ---
7 15 3 
 --- Bot used 29 milliseconds ---
-----------------------------------------------------------------------------
 --- Frame #5 ---
7 15 0 
 --- Bot used 29 milliseconds ---
-----------------------------------------------------------------------------
 --- Frame #6 ---
7 15 3 
 --- Bot used 40 milliseconds ---
-----------------------------------------------------------------------------
 --- Frame #7 ---
7 15 0 
 --- Bot used 23 milliseconds ---
-----------------------------------------------------------------------------
 --- Frame #8 ---
7 15 0 
 --- Bot used 23 milliseconds ---
-----------------------------------------------------------------------------
 --- Frame #9 ---
7 15 4 
 --- Bot used 32 milliseconds ---
-----------------------------------------------------------------------------
 --- Frame #10 ---
6 15 0 7 15 2 
 --- Bot used 74 milliseconds ---
-----------------------------------------------------------------------------
 --- Frame #11 ---
7 15 2 6 15 1 
 --- Bot used 37 milliseconds ---
-----------------------------------------------------------------------------
 --- Frame #12 ---
6 15 2 7 15 2 
 --- Bot used 29 milliseconds ---
-----------------------------------------------------------------------------
 --- Frame #13 ---
7 15 4 6 15 4 
 --- Bot used 53 milliseconds ---
-----------------------------------------------------------------------------
 --- Frame #14 ---
6 15 0 7 15 4 
 --- Bot used 49 milliseconds ---
-----------------------------------------------------------------------------
 --- Frame #15 ---
7 15 1 6 15 1 
 --- Bot used 28 milliseconds ---
-----------------------------------------------------------------------------
 --- Frame #16 ---
7 15 4 6 15 4 
 --- Bot used 55 milliseconds ---
-----------------------------------------------------------------------------
 --- Frame #17 ---
7 15 2 6 15 4 
 --- Bot used 45 milliseconds ---
-----------------------------------------------------------------------------
 --- Frame #18 ---
6 15 1 7 15 0 
 --- Bot used 35 milliseconds ---
-----------------------------------------------------------------------------
 --- Frame #19 ---
6 15 2 7 15 1 
 --- Bot used 42 milliseconds ---
-----------------------------------------------------------------------------
 --- Frame #20 ---
6 15 1 7 15 3 
 --- Bot used 66 milliseconds ---
-----------------------------------------------------------------------------
 --- Frame #21 ---
7 15 2 6 15 2 
 --- Bot used 40 milliseconds ---
-----------------------------------------------------------------------------
 --- Frame #22 ---
6 15 4 7 15 3 
 --- Bot used 51 milliseconds ---
-----------------------------------------------------------------------------
 --- Frame #23 ---
6 15 2 7 15 0 
 --- Bot used 23 milliseconds ---
-----------------------------------------------------------------------------
 --- Frame #24 ---
6 15 4 7 15 0 
 --- Bot used 26 milliseconds ---
-----------------------------------------------------------------------------
 --- Frame #25 ---
7 15 1 6 15 4 
 --- Bot used 39 milliseconds ---
-----------------------------------------------------------------------------
 --- Frame #26 ---
7 15 3 6 15 2 
 --- Bot used 36 milliseconds ---
-----------------------------------------------------------------------------
 --- Frame #27 ---
6 15 2 7 15 0 
 --- Bot used 54 milliseconds ---
-----------------------------------------------------------------------------
 --- Frame #28 ---
6 15 2 7 15 1 
 --- Bot used 26 milliseconds ---
-----------------------------------------------------------------------------
 --- Frame #29 ---
6 15 4 7 15 0 
 --- Bot used 60 milliseconds ---
-----------------------------------------------------------------------------
 --- Frame #30 ---
6 15 4 7 15 1 
 --- Bot used 51 milliseconds ---
-----------------------------------------------------------------------------
 --- Frame #31 ---
6 15 2 7 15 0 
 --- Bot used 47 milliseconds ---
-----------------------------------------------------------------------------
 --- Frame #32 ---
7 15 4 6 15 4 
 --- Bot used 31 milliseconds ---
-----------------------------------------------------------------------------
 --- Frame #33 ---
6 15 0 7 15 4 
 --- Bot used 55 milliseconds ---
-----------------------------------------------------------------------------
 --- Frame #34 ---
6 15 0 7 15 0 
 --- Bot used 26 milliseconds ---
-----------------------------------------------------------------------------
 --- Frame #35 ---
7 15 0 6 15 4 
 --- Bot used 23 milliseconds ---
-----------------------------------------------------------------------------
 --- Frame #36 ---
6 15 1 7 15 0 
 --- Bot used 23 milliseconds ---
-----------------------------------------------------------------------------
 --- Frame #37 ---
6 15 2 7 15 0 
 --- Bot used 35 milliseconds ---
-----------------------------------------------------------------------------
 --- Frame #38 ---
7 15 4 6 15 0 
 --- Bot used 57 milliseconds ---
-----------------------------------------------------------------------------
 --- Frame #39 ---
6 15 2 7 15 1 
 --- Bot used 45 milliseconds ---
-----------------------------------------------------------------------------
 --- Frame #40 ---
6 15 3 7 15 0 
 --- Bot used 32 milliseconds ---
-----------------------------------------------------------------------------
 --- Frame #41 ---
6 15 0 7 15 2 
 --- Bot used 33 milliseconds ---
-----------------------------------------------------------------------------
 --- Frame #42 ---
6 15 4 8 15 2 7 15 3 
 --- Bot used 24 milliseconds ---
-----------------------------------------------------------------------------
 --- Frame #43 ---
7 15 2 8 15 1 6 15 2 
 --- Bot used 29 milliseconds ---
-----------------------------------------------------------------------------
 --- Frame #44 ---
8 15 4 7 15 0 6 15 3 
 --- Bot used 24 milliseconds ---
-----------------------------------------------------------------------------
 --- Frame #45 ---
7 15 3 8 15 0 6 15 0 
 --- Bot used 28 milliseconds ---
-----------------------------------------------------------------------------
 --- Frame #46 ---
7 15 3 8 15 0 6 15 2 
 --- Bot used 39 milliseconds ---
-----------------------------------------------------------------------------
 --- Frame #47 ---
7 15 1 8 15 2 6 15 0 
 --- Bot used 25 milliseconds ---
-----------------------------------------------------------------------------
 --- Frame #48 ---
6 15 4 7 15 2 8 15 1 
 --- Bot used 25 milliseconds ---
-----------------------------------------------------------------------------
 --- Frame #49 ---
7 15 1 8 15 2 6 15 4 
 --- Bot used 36 milliseconds ---
-----------------------------------------------------------------------------
 --- Frame #50 ---
6 15 4 7 15 1 8 15 1 
 --- Bot used 51 milliseconds ---
-----------------------------------------------------------------------------
 --- Frame #51 ---
7 15 4 8 15 2 6 15 1 
 --- Bot used 50 milliseconds ---
-----------------------------------------------------------------------------
 --- Frame #52 ---
8 15 2 7 15 2 6 15 0 
 --- Bot used 23 milliseconds ---
-----------------------------------------------------------------------------
 --- Frame #53 ---
8 15 1 6 15 4 7 15 0 
 --- Bot used 38 milliseconds ---
-----------------------------------------------------------------------------
 --- Frame #54 ---
8 15 3 7 15 2 6 15 2 
 --- Bot used 51 milliseconds ---
-----------------------------------------------------------------------------
 --- Frame #55 ---
8 15 4 7 15 1 6 15 0 
 --- Bot used 37 milliseconds ---
-----------------------------------------------------------------------------
 --- Frame #56 ---
8 15 0 7 15 2 6 15 4 
 --- Bot used 44 milliseconds ---
-----------------------------------------------------------------------------
 --- Frame #57 ---
7 15 2 5 15 2 8 15 1 6 15 1 
 --- Bot used 76 milliseconds ---
-----------------------------------------------------------------------------
 --- Frame #58 ---
8 15 3 5 15 1 7 15 2 6 15 2 
 --- Bot used 43 milliseconds ---
-----------------------------------------------------------------------------
 --- Frame #59 ---
5 15 3 8 15 0 7 15 0 6 15 1 
 --- Bot used 31 milliseconds ---
-----------------------------------------------------------------------------
 --- Frame #60 ---
7 15 2 5 15 0 6 15 0 8 15 2 
 --- Bot used 44 milliseconds ---
-----------------------------------------------------------------------------
 --- Frame #61 ---
5 15 1 8 15 2 7 15 4 6 15 4 
 --- Bot used 31 milliseconds ---
-----------------------------------------------------------------------------
 --- Frame #62 ---
7 15 2 6 15 2 5 15 4 8 15 1 
 --- Bot used 25 milliseconds ---
-----------------------------------------------------------------------------
 --- Frame #63 ---
8 15 2 7 15 4 6 15 2 5 15 0 
 --- Bot used 32 milliseconds ---
-----------------------------------------------------------------------------
 --- Frame #64 ---
8 15 2 5 15 1 7 15 3 6 15 2 
 --- Bot used 42 milliseconds ---
-----------------------------------------------------------------------------
 --- Frame #65 ---
6 15 1 7 15 4 8 15 3 5 15 3 
 --- Bot used 53 milliseconds ---
-----------------------------------------------------------------------------
 --- Frame #66 ---
5 15 3 6 15 3 8 15 1 7 15 3 
 --- Bot used 39 milliseconds ---
-----------------------------------------------------------------------------
 --- Frame #67 ---
6 15 1 8 15 2 7 15 0 5 15 0 
 --- Bot used 31 milliseconds ---
-----------------------------------------------------------------------------
 --- Frame #68 ---
7 15 2 8 15 2 6 15 2 5 15 1 
 --- Bot used 41 milliseconds ---
-----------------------------------------------------------------------------
 --- Frame #69 ---
5 15 0 8 15 1 6 15 1 7 15 0 
 --- Bot used 43 milliseconds ---
-----------------------------------------------------------------------------
 --- Frame #70 ---
6 15 3 5 15 0 8 15 4 7 15 4 
 --- Bot used 24 milliseconds ---
-----------------------------------------------------------------------------
 --- Frame #71 ---
5 15 0 6 15 1 7 15 3 8 15 4 
 --- Bot used 24 milliseconds ---
-----------------------------------------------------------------------------
 --- Frame #72 ---
7 15 4 6 15 2 5 15 3 8 15 2 
 --- Bot used 50 milliseconds ---
-----------------------------------------------------------------------------
 --- Frame #73 ---
5 15 0 8 15 1 7 15 3 6 15 4 
 --- Bot used 54 milliseconds ---
-----------------------------------------------------------------------------
 --- Frame #74 ---
8 15 2 7 15 2 5 15 4 6 15 0 
 --- Bot used 38 milliseconds ---
-----------------------------------------------------------------------------
 --- Frame #75 ---
8 15 4 5 15 2 7 15 0 6 15 3 
 --- Bot used 65 milliseconds ---
-----------------------------------------------------------------------------
 --- Frame #76 ---
5 15 3 8 15 4 7 15 2 6 15 1 
 --- Bot used 38 milliseconds ---
-----------------------------------------------------------------------------
 --- Frame #77 ---
6 15 3 8 15 3 7 15 0 5 15 2 
 --- Bot used 29 milliseconds ---
-----------------------------------------------------------------------------
 --- Frame #78 ---
6 15 4 7 15 0 5 15 3 8 15 1 
 --- Bot used 42 milliseconds ---
-----------------------------------------------------------------------------
 --- Frame #79 ---
7 15 0 6 15 4 5 15 0 8 15 4 
 --- Bot used 45 milliseconds ---
-----------------------------------------------------------------------------
 --- Frame #80 ---
6 15 1 7 15 2 5 15 0 8 15 3 
 --- Bot used 29 milliseconds ---
-----------------------------------------------------------------------------
 --- Frame #81 ---
7 15 2 5 15 3 6 15 2 8 15 0 
 --- Bot used 30 milliseconds ---
-----------------------------------------------------------------------------
 --- Frame #82 ---
7 15 4 6 15 3 5 15 0 8 15 0 
 --- Bot used 64 milliseconds ---
-----------------------------------------------------------------------------
 --- Frame #83 ---
5 15 4 6 15 2 7 15 1 8 15 1 
 --- Bot used 39 milliseconds ---
-----------------------------------------------------------------------------
 --- Frame #84 ---
8 15 4 6 15 4 5 15 0 7 15 3 8 14 2 
 --- Bot used 36 milliseconds ---
-----------------------------------------------------------------------------
 --- Frame #85 ---
7 15 1 8 14 2 8 15 1 6 15 3 5 15 1 
 --- Bot used 33 milliseconds ---
-----------------------------------------------------------------------------
 --- Frame #86 ---
8 15 0 8 14 1 7 15 3 6 15 3 5 15 2 
 --- Bot used 60 milliseconds ---
-----------------------------------------------------------------------------
 --- Frame #87 ---
5 15 0 7 15 2 8 14 4 6 15 3 8 15 3 
 --- Bot used 38 milliseconds ---
-----------------------------------------------------------------------------
 --- Frame #88 ---
8 15 4 6 15 4 5 15 3 7 15 1 8 14 2 
 --- Bot used 51 milliseconds ---
-----------------------------------------------------------------------------
 --- Frame #89 ---
8 14 0 6 15 1 8 15 3 5 15 3 7 15 2 
 --- Bot used 58 milliseconds ---
-----------------------------------------------------------------------------
 --- Frame #90 ---
8 15 3 6 15 3 5 15 2 7 15 4 8 14 4 
 --- Bot used 40 milliseconds ---
-----------------------------------------------------------------------------
 --- Frame #91 ---
6 15 2 7 15 0 8 15 2 8 14 3 5 15 3 
 --- Bot used 57 milliseconds ---
-----------------------------------------------------------------------------
 --- Frame #92 ---
8 15 3 6 15 1 5 15 1 7 15 4 8 14 1 
 --- Bot used 40 milliseconds ---
-----------------------------------------------------------------------------
 --- Frame #93 ---
6 15 3 8 15 2 5 15 2 7 15 3 8 14 0 
 --- Bot used 50 milliseconds ---
-----------------------------------------------------------------------------
 --- Frame #94 ---
8 14 4 6 15 4 5 15 1 7 15 2 8 15 1 
 --- Bot used 31 milliseconds ---
-----------------------------------------------------------------------------
 --- Frame #95 ---
8 14 2 7 15 0 8 15 4 5 15 2 6 15 3 7 14 4 
 --- Bot used 33 milliseconds ---
-----------------------------------------------------------------------------
 --- Frame #96 ---
7 15 1 7 14 0 8 14 4 8 15 4 5 15 3 6 15 0 
 --- Bot used 41 milliseconds ---
-----------------------------------------------------------------------------
 --- Frame #97 ---
7 15 2 7 14 0 8 14 3 8 15 2 5 15 4 6 15 1 
 --- Bot used 27 milliseconds ---
-----------------------------------------------------------------------------
 --- Frame #98 ---
6 15 2 7 15 2 8 14 2 8 15 1 7 14 2 5 15 2 
 --- Bot used 28 milliseconds ---
-----------------------------------------------------------------------------
 --- Frame #99 ---
8 15 0 5 15 1 6 15 1 7 14 3 8 14 2 7 15 4 
 --- Bot used 41 milliseconds ---
-----------------------------------------------------------------------------
 --- Frame #100 ---
6 15 2 7 15 4 8 14 2 8 15 1 7 14 3 5 15 2 
 --- Bot used 50 milliseconds ---
-----------------------------------------------------------------------------
 --- Frame #101 ---
5 15 3 7 14 4 6 15 2 7 15 1 8 14 3 8 15 1 
 --- Bot used 39 milliseconds ---
-----------------------------------------------------------------------------
 --- Frame #102 ---
8 15 3 8 14 1 5 15 0 6 15 1 7 14 2 7 15 3 
 --- Bot used 28 milliseconds ---
-----------------------------------------------------------------------------
 --- Frame #103 ---
7 15 4 8 15 0 8 14 2 6 15 1 7 14 4 5 15 3 
 --- Bot used 30 milliseconds ---
-----------------------------------------------------------------------------
 --- Frame #104 ---
7 15 3 8 14 1 8 15 3 7 14 1 5 15 0 6 15 0 
 --- Bot used 66 milliseconds ---
-----------------------------------------------------------------------------
 --- Frame #105 ---
8 15 4 8 14 2 6 15 0 7 14 4 5 15 3 7 15 0 
 --- Bot used 37 milliseconds ---
-----------------------------------------------------------------------------
 --- Frame #106 ---
8 15 3 5 16 3 8 14 3 5 15 1 7 14 1 6 15 4 7 15 4 
 --- Bot used 95 milliseconds ---
-----------------------------------------------------------------------------
 --- Frame #107 ---
7 15 3 6 15 0 8 15 2 5 16 4 5 15 3 7 14 3 8 14 4 
 --- Bot used 44 milliseconds ---
-----------------------------------------------------------------------------
 --- Frame #108 ---
5 16 0 5 15 1 7 14 2 6 15 4 7 15 0 8 14 0 8 15 2 
 --- Bot used 33 milliseconds ---
-----------------------------------------------------------------------------
 --- Frame #109 ---
8 15 2 5 16 4 5 15 4 6 15 3 7 14 0 7 15 4 8 14 2 
 --- Bot used 71 milliseconds ---
-----------------------------------------------------------------------------
 --- Frame #110 ---
7 15 2 7 14 4 8 15 4 8 14 3 5 16 2 5 15 3 6 15 1 
 --- Bot used 40 milliseconds ---
-----------------------------------------------------------------------------
 --- Frame #111 ---
6 15 2 7 15 2 8 14 0 7 14 4 8 15 3 5 16 2 5 15 3 
 --- Bot used 30 milliseconds ---
-----------------------------------------------------------------------------
 --- Frame #112 ---
7 15 4 8 14 1 8 15 3 5 15 0 7 14 4 5 16 3 6 15 0 
 --- Bot used 71 milliseconds ---
-----------------------------------------------------------------------------
 --- Frame #113 ---
6 15 2 7 15 4 8 14 1 7 14 4 8 15 4 5 16 4 5 15 4 
 --- Bot used 50 milliseconds ---
-----------------------------------------------------------------------------
 --- Frame #114 ---
5 16 2 5 15 4 6 15 4 7 14 4 7 15 0 8 14 1 8 15 2 
 --- Bot used 48 milliseconds ---
-----------------------------------------------------------------------------
 --- Frame #115 ---
6 15 2 7 15 0 8 14 0 7 14 2 8 15 0 5 16 2 5 15 1 
 --- Bot used 55 milliseconds ---
-----------------------------------------------------------------------------
 --- Frame #116 ---
5 16 4 5 15 4 8 15 0 6 15 4 7 15 3 8 14 2 7 14 3 
 --- Bot used 43 milliseconds ---
-----------------------------------------------------------------------------
 --- Frame #117 ---
6 15 1 7 15 4 8 14 2 7 14 4 8 15 0 7 16 0 5 16 1 5 15 4 
 --- Bot used 31 milliseconds ---
-----------------------------------------------------------------------------
 --- Frame #118 ---
7 16 3 5 16 4 5 15 3 6 15 2 7 14 4 7 15 2 8 14 1 8 15 0 
 --- Bot used 45 milliseconds ---
-----------------------------------------------------------------------------
 --- Frame #119 ---
6 15 2 7 15 3 8 14 2 7 14 4 8 15 0 7 16 0 5 16 0 5 15 3 
 --- Bot used 33 milliseconds ---
-----------------------------------------------------------------------------
 --- Frame #120 ---
7 16 4 5 16 2 5 15 3 6 15 4 7 14 3 7 15 4 8 14 1 8 15 3 
 --- Bot used 29 milliseconds ---
-----------------------------------------------------------------------------
 --- Frame #121 ---
6 15 3 8 16 3 7 15 3 8 14 0 7 14 0 8 15 3 7 16 4 5 16 0 5 15 3 
 --- Bot used 42 milliseconds ---
-----------------------------------------------------------------------------
 --- Frame #122 ---
7 16 3 5 16 0 5 15 3 6 15 3 8 16 1 7 14 1 7 15 3 8 14 0 8 15 4 
 --- Bot used 59 milliseconds ---
-----------------------------------------------------------------------------
 --- Frame #123 ---
6 15 0 8 16 2 7 15 4 8 14 3 7 14 1 8 15 2 7 16 1 5 16 0 5 15 0 
 --- Bot used 32 milliseconds ---
-----------------------------------------------------------------------------
 --- Frame #124 ---
6 15 4 8 16 4 7 14 1 7 15 3 8 14 4 8 15 4 7 16 2 5 16 1 5 15 2 
 --- Bot used 42 milliseconds ---
-----------------------------------------------------------------------------
 --- Frame #125 ---
6 15 3 8 16 3 7 15 3 8 14 1 7 14 4 8 15 2 7 16 4 5 16 1 5 15 3 
 --- Bot used 50 milliseconds ---
-----------------------------------------------------------------------------
 --- Frame #126 ---
7 14 4 6 15 4 8 16 3 7 15 4 8 14 4 8 15 3 7 16 1 5 16 0 5 15 1 8 17 3 
 --- Bot used 37 milliseconds ---
-----------------------------------------------------------------------------
 --- Frame #127 ---
8 17 2 6 15 3 8 16 0 7 15 4 8 14 0 7 14 4 8 15 3 7 16 4 5 16 2 5 15 4 
 --- Bot used 46 milliseconds ---
-----------------------------------------------------------------------------
 --- Frame #128 ---
7 14 4 7 15 0 8 14 3 8 15 0 5 16 0 5 15 4 6 16 2 8 16 3 6 15 2 7 16 3 8 17 0 
 --- Bot used 60 milliseconds ---
-----------------------------------------------------------------------------
 --- Frame #129 ---
6 16 1 6 15 2 7 16 4 8 17 2 7 15 0 8 14 3 7 14 3 8 15 2 8 16 3 5 16 3 5 15 1 
 --- Bot used 43 milliseconds ---
-----------------------------------------------------------------------------
 --- Frame #130 ---
7 15 3 7 14 1 8 15 3 9 15 3 8 17 1 7 16 1 6 16 4 8 14 3 8 16 2 5 16 3 5 15 2 6 15 0 
 --- Bot used 94 milliseconds ---
-----------------------------------------------------------------------------
 --- Frame #131 ---
8 17 1 5 16 2 6 16 1 8 14 0 7 14 2 8 16 2 7 16 4 5 15 4 6 15 4 7 15 2 8 15 3 9 15 3 
 --- Bot used 30 milliseconds ---
-----------------------------------------------------------------------------
 --- Frame #132 ---
7 15 0 8 17 0 8 15 4 7 14 0 9 15 2 7 16 1 6 16 4 8 14 2 8 16 1 5 16 0 5 15 1 6 15 2 
 --- Bot used 41 milliseconds ---
-----------------------------------------------------------------------------
 --- Frame #133 ---
8 17 1 6 16 1 7 16 2 7 14 3 5 16 1 8 16 3 8 14 3 5 15 0 6 15 1 7 15 2 8 15 3 9 15 0 
 --- Bot used 86 milliseconds ---
-----------------------------------------------------------------------------
 --- Frame #134 ---
8 17 2 5 16 0 6 16 1 7 16 4 8 14 3 8 16 1 5 15 2 7 14 1 6 15 4 7 15 0 8 15 3 9 15 3 
 --- Bot used 29 milliseconds ---
-----------------------------------------------------------------------------
 --- Frame #135 ---
8 17 2 7 16 0 6 16 1 8 14 2 7 14 0 8 16 3 5 16 3 5 15 1 6 15 4 7 15 3 8 15 0 9 15 4 
 --- Bot used 37 milliseconds ---
-----------------------------------------------------------------------------
 --- Frame #136 ---
8 17 0 5 16 0 6 16 4 7 16 4 8 14 2 8 16 4 5 15 4 7 14 4 6 15 1 7 15 0 8 15 3 9 15 0 
 --- Bot used 61 milliseconds ---
-----------------------------------------------------------------------------
 --- Frame #137 ---
9 15 3 8 17 4 4 15 2 8 14 4 7 14 2 7 16 0 6 16 0 5 16 3 8 16 2 5 15 1 6 15 2 7 15 0 8 15 3 
 --- Bot used 39 milliseconds ---
-----------------------------------------------------------------------------
 --- Frame #138 ---
9 15 4 4 15 4 6 16 1 8 14 0 7 16 3 8 16 2 5 16 3 5 15 3 6 15 3 7 14 2 7 15 3 8 15 0 8 17 2 
 --- Bot used 49 milliseconds ---
-----------------------------------------------------------------------------
 --- Frame #139 ---
5 16 2 8 17 0 4 15 3 8 15 3 5 15 2 7 14 0 8 14 0 8 16 1 9 15 2 6 16 0 7 15 2 7 17 3 6 15 2 7 16 3 
 --- Bot used 36 milliseconds ---
-----------------------------------------------------------------------------
 --- Frame #140 ---
5 15 2 6 16 0 8 17 1 7 16 2 7 17 4 8 14 1 5 16 1 7 15 2 8 15 3 9 15 3 7 14 0 8 16 2 4 15 4 6 15 1 
 --- Bot used 79 milliseconds ---
-----------------------------------------------------------------------------
 --- Frame #141 ---
7 15 3 7 14 1 4 15 2 7 17 4 6 15 4 7 16 2 8 14 3 8 16 1 8 15 0 9 15 0 6 16 0 5 15 1 5 16 3 8 17 1 
 --- Bot used 43 milliseconds ---
-----------------------------------------------------------------------------
 --- Frame #142 ---
9 15 2 8 15 2 7 15 0 7 14 1 6 15 4 8 17 1 5 15 3 5 16 2 8 16 1 7 16 4 8 14 1 6 16 3 7 17 2 4 15 3 
 --- Bot used 40 milliseconds ---
-----------------------------------------------------------------------------
 --- Frame #143 ---
8 17 3 8 16 3 6 15 1 7 17 0 6 17 0 5 16 2 9 15 4 7 15 3 7 16 1 8 15 2 8 14 0 6 16 3 5 15 1 7 14 4 4 15 2 
 --- Bot used 48 milliseconds ---
-----------------------------------------------------------------------------
 --- Frame #144 ---
7 16 3 7 14 4 8 16 4 6 16 0 7 15 1 9 15 3 5 16 4 8 14 2 4 15 4 8 17 2 8 15 2 5 15 1 7 17 3 6 15 2 6 17 2 
 --- Bot used 64 milliseconds ---
-----------------------------------------------------------------------------
 --- Frame #145 ---
6 15 0 4 15 0 7 15 3 8 15 1 8 16 4 9 15 2 6 16 4 8 17 2 5 16 0 7 16 0 7 14 3 7 17 2 6 17 0 8 14 0 5 15 3 
 --- Bot used 39 milliseconds ---
-----------------------------------------------------------------------------
 --- Frame #146 ---
10 15 4 9 15 4 8 15 0 8 17 4 7 15 0 7 17 2 6 15 3 7 14 1 5 15 0 8 16 2 7 16 1 6 17 4 4 15 2 6 16 4 8 14 2 5 16 2 
 --- Bot used 50 milliseconds ---
-----------------------------------------------------------------------------
 --- Frame #147 ---
8 14 0 5 15 2 4 15 3 7 16 4 6 16 2 9 15 2 7 15 3 5 16 1 6 15 2 8 17 3 7 14 1 6 17 1 7 17 2 8 16 2 8 15 2 10 15 4 
 --- Bot used 61 milliseconds ---
-----------------------------------------------------------------------------
 --- Frame #148 ---
7 16 2 9 15 3 4 15 0 7 17 0 6 16 2 8 17 2 7 14 4 6 17 3 6 15 0 5 15 4 8 14 4 7 15 2 10 15 2 8 16 2 8 15 4 5 16 2 
 --- Bot used 46 milliseconds ---
-----------------------------------------------------------------------------
 --- Frame #149 ---
7 14 0 8 16 2 8 17 0 6 17 4 7 16 3 4 15 1 5 16 1 9 15 4 9 17 2 7 17 0 9 16 2 7 15 1 8 15 0 5 15 4 6 16 4 10 15 1 8 14 4 6 15 4 
 --- Bot used 49 milliseconds ---
-----------------------------------------------------------------------------
 --- Frame #150 ---
7 16 2 6 17 4 8 17 1 9 16 1 7 17 2 8 14 0 8 16 3 5 15 1 7 14 0 10 17 1 4 15 3 9 17 4 5 16 2 6 16 4 8 15 0 10 15 0 7 15 4 9 15 0 6 15 2 
 --- Bot used 52 milliseconds ---
-----------------------------------------------------------------------------
 --- Frame #151 ---
9 16 1 5 16 2 8 14 4 8 16 3 6 17 3 6 15 0 10 15 0 7 16 3 8 17 0 9 15 2 7 17 3 6 16 2 7 14 2 10 17 1 7 15 3 5 15 1 8 15 0 9 17 2 4 15 0 
 --- Bot used 40 milliseconds ---
-----------------------------------------------------------------------------
 --- Frame #152 ---
7 15 1 9 15 0 8 15 3 5 15 1 5 16 1 8 16 1 8 14 3 6 15 2 9 16 0 9 17 0 10 17 0 8 17 0 6 17 4 7 17 2 7 14 0 6 16 4 10 15 0 7 16 4 4 15 0 
 --- Bot used 55 milliseconds ---
-----------------------------------------------------------------------------
 --- Frame #153 ---
9 16 4 5 15 4 4 15 0 6 15 1 8 14 3 9 17 0 5 16 0 8 16 0 6 16 2 9 15 1 7 16 0 6 17 4 10 15 2 8 15 2 10 17 4 8 17 2 7 15 2 7 14 4 7 17 1 
 --- Bot used 84 milliseconds ---
-----------------------------------------------------------------------------
 --- Frame #154 ---
10 17 2 5 16 2 8 17 1 5 15 1 6 15 0 7 16 2 8 14 4 7 15 4 6 16 3 8 15 0 9 15 4 8 16 4 7 14 4 10 15 0 9 16 2 11 15 2 6 17 1 9 17 2 7 17 1 6 14 0 4 15 4 
 --- Bot used 36 milliseconds ---
-----------------------------------------------------------------------------
 --- Frame #155 ---
6 14 0 9 17 4 10 17 4 4 15 2 6 15 2 9 16 3 9 15 2 7 15 3 7 14 3 8 14 1 8 15 1 7 17 0 5 16 1 11 15 4 8 17 2 5 15 4 6 17 4 10 15 0 7 16 0 6 16 0 8 16 2 
 --- Bot used 44 milliseconds ---
-----------------------------------------------------------------------------
 --- Frame #156 ---
6 15 1 11 15 1 7 15 2 6 14 0 8 15 1 9 15 3 8 16 0 5 16 2 10 15 3 9 16 4 10 17 1 4 15 3 6 17 3 8 14 0 7 17 1 5 15 4 6 16 0 8 17 0 7 16 0 9 17 4 7 14 2 
 --- Bot used 56 milliseconds ---
-----------------------------------------------------------------------------
 --- Frame #157 ---
6 14 0 8 14 2 5 16 4 6 17 3 5 15 0 7 14 3 6 15 3 4 15 0 9 16 3 6 16 4 7 15 1 9 15 1 7 16 4 8 15 1 10 15 0 7 17 4 11 15 2 9 17 4 8 17 3 10 17 2 8 16 2 
 --- Bot used 42 milliseconds ---
-----------------------------------------------------------------------------
 --- Frame #158 ---
5 16 1 4 15 0 5 15 2 7 14 3 6 16 3 9 16 1 6 17 1 8 15 0 9 15 2 10 15 1 7 16 1 8 16 4 8 14 4 7 15 3 6 15 2 10 17 1 9 17 4 9 14 3 7 17 4 8 17 3 11 15 3 6 14 0 
 --- Bot used 35 milliseconds ---
-----------------------------------------------------------------------------
 --- Frame #159 ---
9 15 4 10 15 4 5 16 0 10 17 3 6 14 1 7 14 0 8 17 2 7 17 3 9 17 3 9 14 0 8 14 2 4 15 3 9 16 0 5 15 0 6 17 4 6 15 4 11 15 3 7 15 1 7 16 1 6 16 2 8 16 0 8 15 2 
 --- Bot used 60 milliseconds ---
-----------------------------------------------------------------------------
 --- Frame #160 ---
8 14 2 5 16 1 7 14 2 10 17 0 9 14 1 7 15 2 4 15 4 8 15 4 9 15 4 8 16 1 9 16 2 7 17 4 8 17 4 5 15 3 6 15 0 6 16 3 6 14 4 7 16 2 6 17 3 10 15 3 11 15 2 5 17 0 9 17 4 
 --- Bot used 69 milliseconds ---
-----------------------------------------------------------------------------
 --- Frame #161 ---
7 15 3 10 15 2 10 17 3 9 15 1 7 17 3 8 17 2 9 17 2 7 16 1 8 16 4 11 15 3 5 15 0 6 15 4 5 17 3 8 14 0 5 16 0 7 14 4 8 15 0 9 14 4 6 16 2 4 15 1 9 16 0 6 14 0 6 17 2 
 --- Bot used 51 milliseconds ---
-----------------------------------------------------------------------------
 --- Frame #162 ---
8 15 3 11 15 3 8 16 0 9 15 2 8 14 3 7 17 1 8 17 0 9 17 0 6 14 0 5 15 0 6 15 1 5 18 3 9 16 4 10 15 0 6 17 4 9 14 0 7 14 2 5 17 1 4 15 0 10 17 4 5 16 0 6 16 4 7 16 0 7 15 3 
 --- Bot used 64 milliseconds ---
-----------------------------------------------------------------------------
 --- Frame #163 ---
10 17 0 8 17 2 7 16 2 6 14 1 7 17 3 10 15 2 9 16 1 6 16 1 5 18 1 8 15 1 5 15 3 11 15 4 6 15 2 7 15 2 5 16 2 8 14 4 7 14 4 9 14 3 9 17 3 5 17 3 4 15 0 6 17 2 8 16 0 9 15 0 
 --- Bot used 39 milliseconds ---
-----------------------------------------------------------------------------
 --- Frame #164 ---
7 15 0 7 16 2 4 15 2 8 16 4 9 16 3 11 15 0 8 14 4 5 15 3 6 17 3 6 14 0 9 17 1 10 17 3 8 15 3 9 15 2 10 15 4 5 16 2 7 17 4 5 18 1 7 14 2 8 17 2 5 17 1 6 16 3 6 15 3 9 14 2 
 --- Bot used 44 milliseconds ---
-----------------------------------------------------------------------------
 --- Frame #165 ---
7 15 4 8 15 3 6 14 4 9 15 3 10 15 0 11 15 2 6 16 3 7 16 3 8 16 4 9 16 4 5 16 1 6 17 0 7 14 2 7 17 3 5 17 4 8 17 3 8 14 2 9 17 0 9 14 1 10 17 2 4 15 0 5 18 3 5 15 4 6 15 1 
 --- Bot used 53 milliseconds ---
-----------------------------------------------------------------------------
 --- Frame #166 ---
6 14 4 8 15 0 9 15 0 10 15 2 6 16 1 11 15 4 9 17 1 5 15 3 8 17 1 6 15 1 7 15 1 6 17 4 10 17 4 7 17 0 5 18 4 5 17 1 9 14 0 5 16 4 8 16 2 5 14 4 7 14 0 9 16 3 8 14 3 7 16 0 4 15 0 
 --- Bot used 67 milliseconds ---
-----------------------------------------------------------------------------
 --- Frame #167 ---
6 15 1 7 15 0 8 15 2 5 14 0 9 15 1 10 15 2 11 15 2 6 16 2 7 16 3 8 16 2 9 16 1 5 17 0 6 14 4 6 17 2 5 16 4 7 17 0 7 14 3 8 17 4 8 14 3 9 17 0 9 14 1 10 17 4 4 15 3 5 18 0 5 15 4 
 --- Bot used 44 milliseconds ---
-----------------------------------------------------------------------------
 --- Frame #168 ---
8 17 2 5 16 4 5 17 4 6 16 0 7 14 0 7 16 2 7 17 2 8 14 1 8 15 0 9 15 0 10 15 4 6 14 1 11 15 1 4 15 1 4 16 0 5 18 1 6 17 3 5 15 1 6 15 0 7 15 4 8 16 4 9 16 4 5 14 4 9 17 4 10 17 4 9 14 3 
 --- Bot used 84 milliseconds ---
-----------------------------------------------------------------------------
 --- Frame #169 ---
6 15 0 5 18 0 7 15 2 8 15 3 5 14 4 9 15 4 10 15 4 11 15 3 4 16 1 5 16 1 6 16 2 7 16 0 8 16 2 9 16 1 6 14 4 4 17 3 5 17 3 7 14 1 6 17 0 8 14 0 7 17 2 9 14 1 8 17 1 4 15 1 9 17 3 5 15 2 10 17 3 
 --- Bot used 41 milliseconds ---
-----------------------------------------------------------------------------
 --- Frame #170 ---
5 17 3 6 17 4 8 16 0 5 15 4 7 17 3 9 14 3 11 15 1 6 14 3 4 16 3 5 16 0 7 14 4 6 16 0 5 18 2 7 16 1 8 15 1 9 15 0 4 18 2 10 15 3 8 14 0 8 17 1 5 14 4 9 17 2 10 17 0 9 16 4 4 17 1 6 15 2 7 15 1 4 15 3 
 --- Bot used 46 milliseconds ---
-----------------------------------------------------------------------------
 --- Frame #171 ---
6 15 2 7 15 2 5 18 1 8 15 3 5 14 2 9 15 3 10 15 3 11 15 2 4 16 0 5 16 1 6 16 1 7 16 0 8 16 2 4 18 1 9 16 4 6 14 0 4 17 4 5 17 2 7 14 1 6 17 1 8 14 1 7 17 2 9 14 2 8 17 3 4 15 2 9 17 1 5 15 2 10 17 3 
 --- Bot used 63 milliseconds ---
-----------------------------------------------------------------------------
 --- Frame #172 ---
9 14 0 8 14 2 5 15 0 7 14 0 5 18 2 6 15 1 8 16 0 5 14 4 7 17 3 9 16 2 8 17 2 4 17 2 10 15 3 11 15 2 4 16 0 5 16 2 6 16 1 10 17 4 5 17 2 7 16 1 6 17 3 6 14 4 7 15 2 8 15 4 9 15 0 4 18 4 9 17 3 8 13 4 4 15 0 
 --- Bot used 50 milliseconds ---
-----------------------------------------------------------------------------
 --- Frame #173 ---
5 15 0 6 17 2 8 13 0 7 17 4 8 17 3 9 17 1 6 15 3 10 17 3 7 15 1 8 15 1 5 18 3 9 15 1 10 15 3 11 15 4 4 16 4 4 18 4 5 16 4 5 14 2 6 16 0 4 17 2 7 16 1 6 14 4 8 16 0 7 14 1 9 16 3 8 14 2 10 16 4 9 14 0 4 15 4 5 17 2 
 --- Bot used 47 milliseconds ---
-----------------------------------------------------------------------------
 --- Frame #174 ---
7 15 1 8 15 2 6 14 3 5 15 3 8 13 4 6 16 4 9 14 1 7 16 0 7 14 2 5 16 3 4 17 2 5 18 1 10 15 1 5 17 2 11 15 3 4 15 3 7 17 1 8 17 1 4 16 0 9 17 4 9 15 2 10 17 0 8 16 3 9 16 0 10 16 0 6 17 4 5 14 1 4 18 2 6 15 4 8 14 2 
 --- Bot used 114 milliseconds ---
-----------------------------------------------------------------------------
 --- Frame #175 ---
8 13 1 9 14 2 8 16 2 4 15 4 7 16 2 8 17 1 7 15 3 10 15 0 9 17 2 8 15 4 9 15 3 4 18 1 5 16 1 5 14 4 6 15 3 4 17 3 11 15 2 9 16 3 5 18 2 7 17 2 10 16 1 5 17 1 6 17 2 10 17 0 6 14 4 6 16 2 7 14 2 5 15 1 4 16 1 8 14 4 
 --- Bot used 54 milliseconds ---
-----------------------------------------------------------------------------
 --- Frame #176 ---
10 16 1 7 16 3 8 14 1 4 16 4 7 15 1 9 14 1 8 13 3 8 15 1 7 14 0 9 17 1 9 15 2 4 17 0 10 17 2 6 16 4 8 16 2 11 15 4 5 18 4 9 16 1 5 17 1 5 15 0 6 17 0 6 15 2 7 17 3 6 14 2 8 17 0 5 14 0 5 16 0 10 15 0 4 15 1 4 18 1 
 --- Bot used 94 milliseconds ---
-----------------------------------------------------------------------------
 --- Frame #177 ---
9 17 1 8 13 0 7 17 4 11 15 4 6 17 1 9 14 4 9 16 3 4 18 4 8 17 4 5 14 3 7 16 1 5 15 0 4 17 3 4 16 0 5 18 4 10 15 3 9 15 1 6 16 0 10 16 0 7 15 0 8 15 3 5 17 4 6 14 3 7 14 1 4 15 4 8 14 0 5 16 1 6 15 3 8 16 0 10 17 1 
 --- Bot used 50 milliseconds ---
-----------------------------------------------------------------------------
 --- Frame #178 ---
9 17 0 9 16 2 8 14 4 10 16 3 5 16 1 8 15 4 9 15 2 4 15 0 7 13 4 10 15 1 5 15 4 4 18 1 7 14 2 8 17 2 4 16 0 6 16 2 7 16 0 9 14 3 6 15 1 8 16 1 7 15 4 5 14 4 10 17 0 4 17 0 5 17 3 8 13 1 6 17 3 11 15 0 7 17 0 5 18 3 6 14 4 
 --- Bot used 90 milliseconds ---
-----------------------------------------------------------------------------
 --- Frame #179 ---
5 14 1 8 16 0 10 15 2 6 17 0 8 13 0 4 18 4 5 18 4 9 14 1 5 15 4 5 17 2 9 15 3 4 15 2 8 14 2 8 15 4 4 16 4 6 13 0 9 17 3 11 15 2 6 16 4 10 16 3 5 16 1 7 15 0 6 15 4 7 13 4 4 17 2 8 17 4 10 17 3 7 14 1 9 16 0 7 17 0 6 14 1 7 16 3 
 --- Bot used 46 milliseconds ---
-----------------------------------------------------------------------------
 --- Frame #180 ---
8 16 4 6 14 0 5 18 1 9 16 1 6 16 0 4 17 4 10 16 2 8 13 4 9 15 1 5 14 4 7 14 3 8 14 3 4 18 1 5 17 2 7 16 4 10 17 3 6 17 1 11 15 4 5 16 4 7 17 1 7 13 1 10 15 3 8 17 2 6 15 4 9 17 4 7 15 1 5 15 2 9 18 2 6 13 2 4 16 1 8 15 2 9 14 4 4 15 1 
 --- Bot used 66 milliseconds ---
-----------------------------------------------------------------------------
 --- Frame #181 ---
4 17 1 6 14 1 10 18 4 9 16 3 7 17 1 9 18 2 9 17 2 5 18 4 10 17 2 5 15 0 4 18 0 10 16 0 6 16 2 7 13 1 8 13 3 6 15 0 10 15 1 7 14 4 5 16 3 11 15 2 8 14 2 5 17 4 4 16 0 6 13 1 6 17 0 7 16 1 7 15 2 8 16 0 8 17 2 5 14 2 9 14 4 8 15 4 9 15 4 4 15 2 
 --- Bot used 91 milliseconds ---
-----------------------------------------------------------------------------
 --- Frame #182 ---
8 16 4 6 14 4 6 16 1 10 18 1 8 15 3 9 15 2 10 15 3 4 17 4 6 17 0 7 16 0 8 13 1 7 17 4 11 15 1 5 16 4 8 17 4 5 15 1 9 17 1 6 15 3 7 14 1 7 15 3 6 13 2 4 18 0 5 17 2 7 13 1 4 16 2 8 14 3 9 16 0 9 14 3 10 16 3 10 17 4 4 15 2 5 14 1 9 18 3 5 18 2 
 --- Bot used 70 milliseconds ---
-----------------------------------------------------------------------------
 --- Frame #183 ---
6 16 3 7 16 4 8 14 4 8 16 3 9 16 0 10 16 1 6 13 0 5 18 1 5 17 3 4 17 3 6 17 4 9 14 1 10 18 3 7 17 3 4 15 3 8 13 0 9 19 3 4 18 0 5 15 0 5 14 0 6 15 3 6 14 2 7 15 3 7 13 1 8 15 0 8 17 2 9 15 0 7 14 3 9 17 3 10 15 0 10 17 3 11 15 4 9 18 2 4 16 1 5 16 3 
 --- Bot used 66 milliseconds ---
-----------------------------------------------------------------------------
 --- Frame #184 ---
10 17 4 9 18 4 6 14 4 5 18 1 7 15 3 8 14 2 10 18 0 9 14 2 4 15 4 5 16 2 9 19 1 6 16 4 6 15 4 7 16 1 8 13 1 8 16 4 5 14 2 4 18 1 9 16 1 7 14 1 6 13 4 10 16 3 10 15 1 9 20 3 11 15 4 5 17 4 4 16 2 7 13 3 6 17 1 8 15 0 4 17 2 7 17 4 9 15 4 8 17 2 5 15 1 9 17 4 
 --- Bot used 87 milliseconds ---
-----------------------------------------------------------------------------
 --- Frame #185 ---
11 15 3 4 18 4 10 15 0 6 13 0 9 15 1 9 18 0 7 13 2 5 18 4 4 17 0 9 21 2 8 15 0 9 17 2 6 15 2 8 17 2 7 15 2 7 17 0 6 17 1 9 20 4 5 15 2 5 17 3 8 13 4 6 14 3 10 18 3 4 15 3 5 14 4 10 16 4 9 16 4 8 16 0 7 16 3 6 16 4 9 14 4 10 17 2 5 16 1 7 14 0 9 19 1 4 16 1 8 14 0 
 --- Bot used 84 milliseconds ---
-----------------------------------------------------------------------------
 --- Frame #186 ---
5 15 4 9 19 3 6 15 1 4 15 1 4 16 0 5 16 3 7 14 3 6 16 4 8 14 3 7 16 4 8 16 2 9 15 4 9 14 1 9 16 1 10 15 4 10 16 1 8 13 3 9 20 0 11 15 4 5 14 4 5 17 1 6 13 2 6 14 1 6 17 2 7 15 3 7 17 4 8 15 2 8 17 1 9 17 1 10 17 2 4 18 4 5 18 0 9 18 2 7 13 1 9 21 0 4 17 0 10 18 3 
 --- Bot used 60 milliseconds ---
-----------------------------------------------------------------------------
 --- Frame #187 ---
8 16 2 7 16 1 7 13 0 6 16 4 10 17 3 5 16 1 9 21 1 4 15 4 5 14 2 5 15 2 11 15 2 6 14 3 10 15 1 9 19 0 7 14 0 9 15 2 4 16 4 8 14 2 6 15 0 4 17 2 8 13 0 8 15 0 6 13 2 7 15 4 10 18 0 7 17 3 5 18 3 6 17 0 9 18 2 9 14 2 5 17 0 9 17 1 9 20 1 8 17 1 4 18 3 10 16 0 9 16 3 
 --- Bot used 59 milliseconds ---
-----------------------------------------------------------------------------
 --- Frame #188 ---
5 16 1 9 14 3 6 16 3 10 17 0 10 15 4 9 18 1 9 17 3 11 15 2 6 15 4 7 13 0 8 16 3 7 15 3 9 16 3 9 21 2 8 14 1 3 15 4 7 14 0 7 16 3 4 18 3 6 17 4 8 13 4 9 15 3 7 17 1 5 14 3 5 15 1 8 17 0 4 15 0 6 13 1 5 18 1 4 17 2 6 14 3 10 18 3 10 16 4 9 19 4 9 20 4 5 17 4 4 16 3 8 15 4 
 --- Bot used 53 milliseconds ---
-----------------------------------------------------------------------------
 --- Frame #189 ---
10 16 4 9 19 0 9 20 0 7 16 2 5 17 3 4 15 0 4 18 2 5 15 2 8 13 1 10 15 4 5 14 4 7 14 3 6 14 3 11 15 2 3 15 1 4 16 4 8 16 4 7 13 1 9 15 2 8 14 0 6 17 4 9 14 4 9 17 3 7 17 1 4 17 1 10 17 1 8 17 1 6 15 3 9 18 3 7 15 3 5 18 3 5 16 1 9 21 4 8 15 0 9 16 2 6 16 4 10 18 3 6 13 2 
 --- Bot used 83 milliseconds ---
-----------------------------------------------------------------------------
 --- Frame #190 ---
9 16 3 9 14 4 10 16 3 4 17 0 9 15 3 6 16 2 10 15 1 7 16 3 5 16 3 11 15 0 6 15 2 8 14 1 7 12 0 7 15 4 8 15 1 7 17 2 9 17 1 8 13 1 8 17 2 10 17 2 9 18 3 5 15 2 4 18 2 5 18 1 6 13 4 9 20 2 9 21 4 3 15 4 5 17 0 10 18 1 5 14 1 6 17 2 9 19 1 7 14 2 7 13 1 6 14 1 4 16 0 8 16 1 4 15 0 
 --- Bot used 104 milliseconds ---
-----------------------------------------------------------------------------
 --- Frame #191 ---
5 15 4 5 18 2 9 20 0 8 15 0 4 17 2 9 21 2 5 17 1 11 15 0 5 14 2 6 17 3 4 16 4 6 14 4 9 19 4 5 16 2 7 14 1 6 16 3 4 15 1 7 16 3 7 15 4 9 14 4 8 16 3 10 15 3 8 13 2 9 16 1 6 13 3 7 13 1 6 15 4 9 15 2 3 15 1 8 14 3 7 12 3 7 17 3 10 18 0 4 18 1 8 17 4 9 17 1 10 17 4 9 18 3 10 16 2 
 --- Bot used 68 milliseconds ---
-----------------------------------------------------------------------------
 --- Frame #192 ---
8 14 3 9 20 0 9 14 0 5 17 2 4 18 3 7 12 3 6 17 4 4 15 1 7 17 3 5 15 1 8 17 4 6 15 1 9 17 1 7 15 0 10 17 0 8 15 2 9 18 0 9 15 0 5 18 4 10 15 2 9 21 4 11 15 2 3 16 4 10 18 1 4 17 3 6 13 4 9 19 1 4 16 4 3 15 0 5 16 3 7 13 4 6 16 1 8 13 3 7 16 2 5 14 3 8 16 3 6 14 1 9 16 2 7 14 4 10 16 0 
 --- Bot used 51 milliseconds ---
-----------------------------------------------------------------------------
 --- Frame #193 ---
4 15 4 10 16 4 5 15 4 9 20 1 6 15 0 7 12 4 5 17 3 7 15 0 6 17 4 8 15 2 7 17 3 9 15 2 8 17 2 10 15 1 9 17 2 11 15 4 4 18 1 10 17 1 2 16 0 6 13 2 9 18 2 3 16 4 3 15 1 5 18 1 4 16 2 7 13 0 9 21 4 5 16 0 8 13 4 10 18 0 6 16 4 5 14 2 9 19 2 6 14 3 7 14 0 8 14 4 7 16 3 9 14 1 8 16 0 4 17 1 9 16 3 
 --- Bot used 53 milliseconds ---
-----------------------------------------------------------------------------
 --- Frame #194 ---
3 15 1 4 17 1 3 16 3 6 14 4 8 13 1 9 17 3 10 16 2 10 17 1 9 20 0 9 18 1 7 17 0 5 18 4 9 15 2 8 17 4 4 18 3 5 16 4 10 15 3 7 13 4 5 14 2 8 15 0 11 15 0 9 14 2 7 15 2 6 16 0 4 16 1 6 17 2 6 13 0 7 16 4 9 21 3 7 12 0 7 14 1 10 18 3 8 14 2 9 19 0 2 16 3 4 15 0 5 17 4 5 15 2 9 16 4 6 15 0 8 16 2 
 --- Bot used 77 milliseconds ---
-----------------------------------------------------------------------------
 --- Frame #195 ---
4 15 0 10 16 0 5 15 2 4 18 1 6 15 1 7 12 1 9 20 3 7 15 4 5 17 0 8 15 3 6 17 0 9 15 4 7 17 3 10 15 3 8 17 3 11 15 3 4 17 4 9 17 2 2 16 3 6 13 3 10 17 3 3 16 4 3 15 3 9 18 1 4 16 2 7 13 4 5 18 0 5 16 1 8 13 4 9 21 0 5 14 3 10 18 0 6 14 1 9 19 0 7 14 0 6 16 4 8 14 0 7 16 3 9 14 2 8 16 4 2 17 1 9 16 3 
 --- Bot used 84 milliseconds ---
-----------------------------------------------------------------------------
 --- Frame #196 ---
10 17 3 4 17 3 8 13 0 9 18 2 11 15 0 5 14 2 5 18 1 2 16 3 6 14 4 9 21 2 3 16 1 7 14 3 10 18 3 4 16 2 8 14 1 9 19 4 5 16 2 9 14 2 6 16 3 2 17 2 7 16 2 4 15 2 8 16 4 5 15 0 9 16 0 6 15 1 10 16 4 7 15 0 4 18 1 8 15 2 7 12 0 9 20 4 9 15 2 5 17 0 10 15 0 6 17 4 7 13 2 7 17 3 6 13 2 8 17 1 3 15 3 9 17 0 
 --- Bot used 57 milliseconds ---
-----------------------------------------------------------------------------
 --- Frame #197 ---
4 15 4 10 16 3 5 15 0 4 18 2 6 15 3 9 20 2 7 15 3 5 17 4 8 15 3 6 17 2 9 15 4 7 12 1 7 17 0 10 15 2 8 17 4 11 15 2 4 17 1 9 17 1 2 16 1 6 13 3 10 17 2 3 16 3 3 15 0 9 18 4 4 16 2 7 13 0 5 18 4 5 16 4 8 13 4 9 21 4 6 16 4 5 14 3 10 18 2 7 16 1 6 14 0 9 19 3 8 16 0 7 14 2 9 16 1 8 14 3 9 14 1 2 17 3 
 --- Bot used 104 milliseconds ---
-----------------------------------------------------------------------------
 --- Frame #198 ---
9 17 2 7 13 1 10 17 0 4 17 0 8 13 1 9 18 3 11 15 3 5 14 0 5 18 1 2 16 2 6 14 1 9 21 4 3 16 1 7 14 2 10 18 1 4 16 0 8 14 4 9 19 2 5 16 1 9 14 0 6 16 0 2 17 3 7 16 2 4 15 0 8 16 2 5 15 3 9 16 4 6 15 3 10 16 3 7 15 2 4 18 3 8 15 0 7 12 0 9 20 3 9 15 3 5 17 3 10 15 3 6 17 0 3 15 4 7 17 3 6 13 3 8 17 4 
 --- Bot used 59 milliseconds ---
-----------------------------------------------------------------------------
 --- Frame #199 ---
4 15 1 10 16 0 5 15 1 4 18 2 6 15 0 7 12 0 9 20 0 7 15 4 5 17 0 8 15 0 6 17 1 9 15 1 7 17 3 10 15 1 8 17 4 11 15 3 4 17 1 9 17 2 2 16 2 6 13 0 10 17 2 3 16 4 3 15 2 9 18 2 4 16 3 7 13 1 5 18 1 5 16 3 8 13 2 9 21 2 6 16 3 5 14 1 10 18 4 6 14 4 9 19 4 7 14 1 8 14 3 7 16 2 9 14 4 8 16 3 2 17 4 9 16 0 
 --- Bot used 92 milliseconds ---
-----------------------------------------------------------------------------
 --- Frame #200 ---
3 16 0 9 17 1 3 15 3 7 13 1 10 17 0 6 13 1 8 13 3 9 18 0 5 14 4 5 18 0 6 14 3 9 21 2 4 17 2 7 14 0 10 18 1 4 16 3 8 14 4 9 19 1 5 16 2 9 14 0 6 16 0 2 17 3 7 16 3 4 15 2 8 16 1 5 15 3 9 16 1 6 15 0 10 16 0 7 15 0 4 18 4 8 15 2 9 20 1 9 15 2 5 17 4 10 15 1 6 17 3 11 15 2 7 12 2 7 17 4 2 16 3 8 17 1 
 --- Bot used 60 milliseconds ---
-----------------------------------------------------------------------------
 --- Frame #201 ---
2 17 1 9 16 0 4 15 3 10 16 4 5 15 2 7 12 0 4 18 3 6 15 3 9 20 3 7 15 1 5 17 1 8 15 2 6 17 4 9 15 1 7 17 4 10 15 0 4 14 0 8 17 3 11 15 2 6 13 3 9 17 1 2 16 3 4 17 3 10 17 1 3 16 1 7 13 4 9 18 0 4 16 4 8 13 2 5 18 4 5 16 2 3 15 2 9 21 1 5 14 1 10 18 0 6 14 2 9 19 4 7 14 2 6 16 4 8 14 3 7 16 1 9 14 2 8 16 3 
 --- Bot used 66 milliseconds ---
-----------------------------------------------------------------------------
 --- Frame #202 ---
10 15 0 9 18 4 11 15 2 5 14 1 5 18 1 2 16 4 6 14 3 9 21 3 3 16 0 7 14 4 10 18 2 4 16 1 8 14 2 9 19 3 5 16 2 9 14 4 6 16 0 2 17 2 4 14 3 7 16 1 4 15 2 8 16 3 5 15 4 9 16 0 6 15 1 10 16 4 7 15 3 7 12 1 4 18 2 8 15 1 9 20 4 9 15 0 5 17 0 3 15 4 6 17 2 4 17 4 7 17 2 7 13 3 8 17 4 8 13 2 9 17 4 6 13 3 10 17 2 
 --- Bot used 56 milliseconds ---
-----------------------------------------------------------------------------
 --- Frame #203 ---
2 17 0 9 16 2 4 15 0 10 16 4 5 15 2 4 18 1 6 15 4 9 20 3 7 15 3 5 17 2 8 15 0 6 17 3 9 15 4 7 17 3 10 15 1 4 14 3 8 17 4 11 15 3 6 13 1 9 17 0 4 17 3 10 17 1 7 12 3 7 13 1 9 18 3 8 13 0 5 18 4 2 16 3 3 15 0 9 21 2 3 16 4 5 14 3 10 18 1 4 16 3 6 14 0 9 19 0 5 16 2 7 14 3 6 16 3 8 14 1 7 16 4 9 14 1 8 16 1 
 --- Bot used 133 milliseconds ---
-----------------------------------------------------------------------------
 --- Frame #204 ---
9 20 4 7 14 4 9 21 2 8 14 2 10 18 0 9 14 1 6 14 4 2 17 3 4 15 3 5 15 3 6 15 3 7 15 3 8 15 1 7 12 3 9 15 0 10 15 0 9 19 4 5 14 3 3 15 2 4 17 2 7 13 4 8 13 3 11 15 0 2 16 0 3 16 2 4 16 4 5 16 4 6 16 2 7 16 0 8 16 2 9 16 4 10 16 0 4 18 0 9 18 2 5 17 4 6 17 3 7 17 1 8 17 2 4 14 2 9 17 2 6 13 2 10 17 3 7 18 4 5 18 4 
 --- Bot used 59 milliseconds ---
-----------------------------------------------------------------------------
 --- Frame #205 ---
9 16 3 10 16 0 7 12 1 4 18 2 9 20 2 5 17 1 6 17 0 7 17 2 4 14 2 8 17 4 6 13 2 9 17 4 4 17 4 10 17 3 7 13 3 9 18 0 8 13 1 5 18 1 3 15 2 6 18 2 5 14 2 7 18 1 6 14 3 9 21 3 7 14 1 10 18 3 8 14 2 9 19 2 9 14 1 2 17 4 4 15 1 5 15 2 6 15 4 7 15 3 8 15 3 9 15 3 10 15 3 11 15 1 2 16 3 3 16 3 4 16 3 5 16 0 6 16 0 7 16 2 8 16 3 
 --- Bot used 74 milliseconds ---
-----------------------------------------------------------------------------
 --- Frame #206 ---
6 18 1 7 14 2 7 18 0 8 14 2 9 21 4 9 14 1 6 14 3 2 17 4 4 15 1 5 15 0 6 15 1 7 15 0 8 15 2 7 12 4 9 15 0 10 15 4 5 14 2 3 15 1 4 17 2 10 18 4 7 13 0 9 19 3 8 13 2 11 15 2 2 16 4 3 16 1 4 16 4 5 16 1 6 16 0 7 16 1 8 16 2 9 16 1 10 16 2 4 18 0 9 20 4 5 17 4 6 17 3 7 17 1 8 17 2 4 14 4 9 17 1 6 13 4 10 17 2 9 18 1 5 18 0 
 --- Bot used 64 milliseconds ---
-----------------------------------------------------------------------------
 --- Frame #207 ---
8 16 4 9 16 4 10 16 4 11 16 1 2 17 1 9 20 3 5 17 1 4 18 1 6 17 3 6 13 3 7 17 4 3 15 0 8 17 0 7 13 2 9 17 2 8 13 0 10 17 2 9 13 3 9 18 0 4 14 3 5 18 1 5 14 0 6 18 0 6 14 4 7 14 2 8 14 4 9 14 2 7 18 2 4 17 4 9 21 2 4 15 1 10 18 1 5 15 4 9 19 0 6 15 0 7 15 2 8 15 2 9 15 0 10 15 1 11 15 4 7 12 3 2 16 3 3 16 0 4 16 4 5 16 1 6 16 3 7 16 2 
 --- Bot used 89 milliseconds ---
-----------------------------------------------------------------------------
 --- Frame #208 ---
8 14 2 9 14 4 7 13 3 4 17 4 3 15 0 4 15 4 6 13 0 5 15 3 4 18 0 6 15 1 7 15 2 8 15 3 9 15 0 7 18 0 7 14 1 8 18 4 6 14 0 9 18 1 9 13 0 10 18 0 4 14 0 9 19 1 5 14 3 10 15 1 11 15 0 2 16 2 3 16 2 4 16 3 5 16 1 6 16 3 7 16 3 8 16 3 9 16 4 10 16 0 11 16 2 2 17 3 9 21 3 5 17 0 6 17 4 8 13 0 7 17 4 8 17 2 9 17 4 10 17 3 9 20 0 7 12 3 5 18 1 6 18 2 
 --- Bot used 80 milliseconds ---
-----------------------------------------------------------------------------
 --- Frame #209 ---
5 15 2 3 15 1 6 15 0 7 13 1 6 14 1 8 13 0 8 14 4 9 18 1 4 14 2 10 18 4 10 16 0 9 19 0 7 18 1 5 17 0 3 16 1 7 12 0 4 16 4 7 16 4 6 13 3 8 15 3 6 16 2 4 18 0 5 14 3 11 16 4 9 16 4 4 17 1 8 16 4 9 15 2 8 17 1 9 21 1 10 15 2 9 13 3 10 17 2 2 17 0 9 20 1 5 18 1 8 18 3 7 14 2 9 14 3 4 15 0 6 17 2 5 16 0 9 17 4 7 17 4 6 18 0 7 15 0 11 15 0 2 16 3 
 --- Bot used 101 milliseconds ---
-----------------------------------------------------------------------------
 --- Frame #210 ---
8 17 2 4 14 0 9 17 1 5 14 3 10 17 0 6 14 2 9 20 4 7 14 0 5 18 0 8 14 4 6 18 1 9 14 2 6 13 2 4 17 2 4 18 2 4 15 2 5 15 4 6 15 2 7 15 3 8 15 3 9 15 4 10 15 4 7 18 3 9 13 1 8 18 3 9 18 0 7 12 4 10 18 0 9 19 4 3 15 4 7 13 1 11 15 1 2 16 1 3 16 2 4 16 1 5 16 4 6 16 2 7 16 4 8 16 1 9 16 2 10 16 3 11 16 4 2 17 3 9 21 3 5 17 1 6 17 1 8 13 4 7 17 1 
 --- Bot used 59 milliseconds ---
-----------------------------------------------------------------------------
 --- Frame #211 ---
5 15 2 4 16 3 7 13 4 2 16 3 9 19 2 5 16 3 8 14 1 6 13 3 5 17 4 5 18 0 2 17 4 6 18 3 9 21 4 7 18 2 6 15 4 6 17 2 8 13 0 10 15 2 4 18 4 7 16 2 7 12 0 3 15 1 3 16 3 11 15 4 10 18 3 6 14 1 7 14 1 4 17 3 9 13 1 8 16 2 4 14 2 9 16 3 5 14 2 7 15 0 8 15 2 7 17 4 8 17 2 8 18 2 9 17 4 4 15 1 10 17 1 9 18 1 9 20 2 6 16 4 9 15 3 10 16 4 9 14 2 11 16 2 
 --- Bot used 89 milliseconds ---
-----------------------------------------------------------------------------
 --- Frame #212 ---
8 16 3 9 16 0 7 12 4 10 16 3 11 16 3 2 17 3 9 21 2 5 17 2 6 17 2 7 17 3 8 17 4 4 18 3 9 17 4 6 13 4 10 17 2 3 15 3 9 20 1 7 13 0 5 18 1 8 13 0 6 18 1 9 13 4 7 18 1 4 14 2 8 18 0 5 14 1 9 18 1 6 14 2 10 18 2 7 14 4 9 19 4 8 14 2 9 14 2 4 17 0 4 15 4 5 15 4 6 15 1 7 15 4 8 15 4 9 15 1 10 15 2 11 15 4 2 16 1 3 16 4 4 16 3 5 16 1 6 16 1 7 16 2 
 --- Bot used 58 milliseconds ---
-----------------------------------------------------------------------------
 --- Frame #213 ---
8 15 2 9 15 0 7 12 1 10 15 0 11 15 3 2 16 1 3 16 2 4 16 1 5 16 4 6 16 2 7 16 3 3 15 1 8 16 0 4 18 2 5 13 2 9 16 0 10 16 3 11 16 0 2 17 3 9 21 2 5 17 1 6 17 4 7 17 1 6 13 4 8 17 2 7 13 2 9 17 4 8 13 3 10 17 0 9 13 3 9 20 3 4 14 1 5 18 0 5 14 4 6 18 0 6 14 3 7 18 0 7 14 4 8 18 0 8 14 3 9 18 2 9 14 4 10 18 1 4 17 4 9 19 4 4 15 3 5 15 1 6 15 3 7 15 2 
 --- Bot used 79 milliseconds ---
-----------------------------------------------------------------------------
 --- Frame #214 ---
7 18 2 10 17 0 11 16 4 9 13 2 9 16 4 11 15 1 5 15 0 9 17 3 6 13 0 7 13 3 6 15 2 8 13 1 7 16 2 8 18 1 4 18 4 8 14 3 9 20 4 7 12 1 9 18 3 7 14 4 10 18 0 5 13 4 8 17 2 5 17 1 9 15 1 7 15 1 8 15 2 5 16 1 4 17 0 9 14 2 3 15 0 3 16 2 10 15 4 8 16 1 9 19 1 4 14 2 2 17 0 6 17 2 2 16 4 4 15 2 6 18 2 5 14 0 4 16 4 7 17 1 6 14 3 5 18 4 6 16 2 9 21 2 10 16 2 
 --- Bot used 131 milliseconds ---
-----------------------------------------------------------------------------
 --- Frame #215 ---
8 16 4 7 16 1 6 16 3 5 16 0 9 19 2 5 13 1 10 18 1 3 15 2 8 12 4 6 13 2 9 18 1 8 18 0 4 14 0 7 18 3 4 18 4 9 13 0 8 13 3 7 13 0 7 12 1 4 16 2 3 16 0 2 16 2 11 15 1 6 18 0 10 15 0 5 18 1 9 15 4 9 20 1 8 15 0 10 17 3 7 15 4 9 17 3 6 15 2 8 17 3 5 15 3 7 17 3 4 15 2 6 17 3 4 17 4 5 17 3 9 14 3 9 21 2 8 14 0 2 17 3 7 14 4 11 16 0 6 14 4 10 16 3 5 14 0 9 16 4 
 --- Bot used 84 milliseconds ---
-----------------------------------------------------------------------------
 --- Frame #216 ---
8 16 0 10 18 4 11 15 4 9 19 4 2 16 3 9 15 0 9 18 4 8 13 0 8 18 1 4 18 4 7 14 3 7 16 4 5 17 1 8 14 2 6 16 2 9 14 3 7 17 3 6 13 2 10 15 3 8 12 4 4 17 2 3 16 2 5 18 0 7 15 3 6 18 3 7 18 2 9 20 4 8 15 2 8 17 4 9 16 1 9 17 3 10 16 1 5 15 1 11 16 1 6 14 1 2 17 0 4 15 3 9 13 1 9 21 4 4 14 4 6 17 1 5 14 3 6 15 2 5 13 0 5 16 0 3 15 3 10 17 2 7 12 1 7 13 3 4 16 3 
 --- Bot used 55 milliseconds ---
-----------------------------------------------------------------------------
 --- Frame #217 ---
9 14 1 10 15 2 8 17 2 8 18 1 6 13 2 8 14 1 4 14 2 7 16 3 9 13 1 8 13 0 7 14 2 4 18 1 7 18 3 5 13 3 6 17 4 6 16 2 9 16 0 7 11 4 3 16 3 9 20 0 8 16 0 5 18 0 6 18 4 7 12 3 6 14 4 5 14 0 2 16 3 3 15 3 4 16 0 5 16 1 10 16 3 9 21 1 8 12 3 9 19 0 11 16 0 10 17 2 7 17 2 4 17 4 5 17 3 7 13 4 9 18 1 11 15 2 10 18 0 2 17 0 4 15 4 9 17 3 9 15 3 7 15 0 6 15 4 8 15 4 5 15 3 
 --- Bot used 60 milliseconds ---
-----------------------------------------------------------------------------
 --- Frame #218 ---
9 17 3 4 16 0 10 17 0 5 16 1 9 20 1 6 16 3 5 18 4 7 16 4 6 18 0 8 16 0 7 18 4 9 16 2 8 18 1 10 16 0 3 16 1 11 16 1 8 15 0 2 17 1 9 15 2 9 21 0 5 17 1 7 11 2 6 17 1 7 13 4 7 17 0 8 12 1 8 17 3 3 15 3 7 15 0 9 18 1 10 15 1 10 18 3 11 15 4 9 19 4 2 16 2 4 14 1 5 14 2 6 15 2 8 14 4 8 13 0 9 14 4 5 13 4 9 13 4 4 18 4 6 13 0 7 12 2 6 14 4 7 14 0 4 17 2 4 15 4 5 15 4 
 --- Bot used 107 milliseconds ---
-----------------------------------------------------------------------------
 --- Frame #219 ---
7 14 2 10 18 1 6 14 2 9 18 1 5 14 0 8 18 3 5 16 2 7 18 4 4 16 4 6 18 3 3 16 2 5 18 4 2 16 0 11 15 0 10 15 0 9 15 2 8 15 4 9 20 3 7 15 4 10 17 0 7 13 0 9 17 3 8 17 2 7 17 1 9 19 4 6 17 0 6 13 1 5 13 0 8 12 0 7 11 2 6 15 2 7 12 2 5 15 2 4 18 2 4 15 2 3 15 4 5 17 0 9 21 1 2 17 3 4 14 0 11 16 4 9 13 4 10 16 1 8 13 4 9 16 0 4 17 2 8 16 2 9 14 1 7 16 2 8 14 1 6 16 2 
 --- Bot used 68 milliseconds ---
-----------------------------------------------------------------------------
 --- Frame #220 ---
5 18 0 9 16 3 7 13 4 9 18 1 2 16 2 7 17 2 4 14 3 7 12 1 8 18 3 9 19 0 9 20 0 5 17 4 5 16 3 2 17 0 9 13 1 4 17 4 7 14 4 10 15 2 4 18 4 8 16 2 7 16 3 9 15 2 4 15 2 11 16 1 8 12 3 3 15 1 7 11 3 8 17 2 8 13 3 5 15 1 6 18 3 6 17 1 10 17 2 7 18 1 9 17 2 6 16 0 5 14 0 6 13 4 11 15 3 6 14 2 8 14 1 4 16 2 5 13 2 9 21 2 6 15 1 10 16 3 8 15 4 9 14 1 3 16 0 7 15 3 10 18 3 
 --- Bot used 62 milliseconds ---
-----------------------------------------------------------------------------
 --- Frame #221 ---
6 16 4 9 19 2 5 16 2 10 18 2 4 16 2 9 18 3 3 16 0 7 14 0 6 14 2 5 14 1 2 16 1 8 18 2 11 15 0 7 18 1 10 15 2 6 18 2 9 15 4 5 18 3 8 15 3 9 20 1 5 13 2 10 17 3 9 17 2 8 17 0 7 17 3 6 13 1 7 11 2 7 13 1 3 15 2 8 13 1 8 12 4 7 12 2 4 18 2 7 15 0 6 17 1 6 15 4 5 17 3 5 15 2 9 21 1 4 15 0 2 17 3 4 17 1 11 16 0 9 14 4 10 16 1 8 14 2 9 16 3 4 14 0 8 16 2 9 13 2 7 16 2 
 --- Bot used 80 milliseconds ---
-----------------------------------------------------------------------------
 --- Frame #222 ---
9 17 0 8 17 1 5 14 0 7 11 1 8 12 3 4 18 0 3 15 0 5 13 0 7 13 4 2 16 3 9 13 2 9 21 1 7 12 2 5 19 2 4 14 0 10 18 0 6 15 2 9 18 3 9 14 4 8 14 2 9 15 0 7 14 2 8 15 3 5 15 2 6 13 2 7 15 2 6 14 4 8 13 4 7 17 2 4 15 4 6 17 4 4 17 0 5 17 2 11 15 4 9 20 0 10 15 0 2 17 3 8 18 1 11 16 3 7 18 1 10 16 0 6 18 3 9 16 2 5 18 3 8 16 2 9 19 3 7 16 4 10 17 1 6 16 0 5 16 3 4 16 4 3 16 2 
 --- Bot used 112 milliseconds ---
-----------------------------------------------------------------------------
 --- Frame #223 ---
7 18 4 6 18 2 5 18 0 9 19 2 9 21 4 5 14 1 7 11 4 4 14 3 9 13 2 9 18 2 6 14 4 5 19 3 7 14 3 10 18 3 4 18 0 3 15 3 5 16 2 4 16 4 8 12 3 3 16 4 7 12 3 2 16 0 10 17 3 11 15 0 9 17 2 10 15 2 9 15 1 8 15 2 7 15 3 6 15 3 8 17 4 5 15 4 7 17 3 4 15 4 6 17 0 4 17 1 5 17 3 9 14 4 9 20 4 8 14 1 2 17 0 11 16 2 10 16 4 9 16 1 6 13 1 8 16 1 5 13 0 7 16 4 6 16 1 8 13 1 8 18 4 7 13 2 
 --- Bot used 99 milliseconds ---
-----------------------------------------------------------------------------
 --- Frame #224 ---
7 15 0 5 16 2 8 14 1 7 14 2 5 15 3 5 14 3 3 16 3 9 13 2 8 18 4 6 13 1 7 18 2 7 12 1 6 18 1 9 16 3 8 16 2 7 16 4 8 13 0 10 16 4 7 13 1 5 17 1 4 15 0 9 21 4 4 17 3 2 17 1 11 16 2 9 17 1 8 15 0 8 17 2 8 12 2 7 17 0 10 15 0 6 17 3 6 15 1 6 16 4 5 18 4 4 16 1 9 19 1 2 16 1 10 17 4 11 15 4 9 15 0 9 14 4 6 14 0 9 20 0 4 14 4 10 19 4 5 13 4 4 18 3 5 19 3 3 15 3 10 18 2 9 18 1 7 11 1 
 --- Bot used 63 milliseconds ---
-----------------------------------------------------------------------------
 --- Frame #225 ---
9 17 1 8 17 2 7 18 0 5 17 2 4 18 3 3 16 1 9 16 3 3 15 4 7 17 2 8 13 2 4 17 4 10 16 4 8 12 3 2 16 1 11 15 4 7 14 1 6 17 1 8 16 2 6 14 1 5 18 2 5 13 0 8 15 0 9 15 4 11 16 2 5 15 0 4 16 2 9 14 1 9 20 0 8 18 4 7 11 1 9 18 4 2 17 4 8 14 2 3 17 3 7 15 2 5 14 4 7 16 2 5 16 2 6 18 0 10 15 3 9 21 3 7 12 1 10 17 0 6 15 1 9 19 3 4 15 2 7 13 1 10 19 1 4 13 1 9 13 0 10 18 4 6 13 3 5 19 3 4 14 1 6 16 2 
 --- Bot used 96 milliseconds ---
-----------------------------------------------------------------------------
 --- Frame #226 ---
3 16 2 7 13 2 7 14 3 7 12 0 9 13 2 2 17 0 3 17 2 4 16 0 6 15 4 4 17 1 5 17 1 6 17 1 7 17 3 8 17 4 10 16 3 9 17 1 10 17 1 3 18 0 4 18 0 5 18 0 7 15 4 8 15 4 5 15 1 9 15 2 5 16 4 6 16 3 7 16 0 9 16 3 8 14 4 9 14 4 4 13 0 11 15 4 6 18 3 7 18 4 9 21 1 7 11 3 5 14 2 6 14 0 4 14 3 11 16 0 9 19 4 4 12 1 8 12 0 5 13 2 8 13 4 8 18 4 9 18 1 4 15 1 10 18 1 8 16 4 3 15 2 2 16 1 5 19 1 9 20 1 10 15 0 10 19 4 6 13 0 
 --- Bot used 61 milliseconds ---
-----------------------------------------------------------------------------
 --- Frame #227 ---
7 15 0 7 11 3 8 15 1 7 14 3 9 15 3 10 15 1 11 15 3 7 13 0 8 13 4 9 13 4 6 14 1 2 16 3 5 14 3 3 16 3 4 14 0 4 16 1 4 13 1 5 16 1 6 16 2 10 18 4 5 15 4 5 13 1 8 14 3 4 15 4 5 19 0 6 15 0 9 14 0 9 18 1 8 18 4 6 13 1 9 20 1 7 12 0 8 12 3 3 15 4 4 12 4 9 19 2 10 19 2 7 16 0 8 16 2 9 16 4 10 16 0 11 16 0 2 17 4 3 17 4 4 17 2 5 17 1 6 17 1 7 17 1 8 17 3 9 21 0 9 17 3 10 17 4 3 18 0 4 18 0 5 18 0 6 18 4 7 18 2 
 --- Bot used 75 milliseconds ---
-----------------------------------------------------------------------------
 --- Frame #228 ---
8 13 3 9 13 2 4 14 1 5 14 4 5 16 4 4 12 4 3 16 2 6 16 1 5 19 2 6 13 1 7 11 1 7 12 0 11 15 3 7 16 0 8 16 1 9 16 2 10 16 2 11 16 4 2 17 2 9 21 1 3 17 1 4 17 3 5 17 1 6 17 0 7 17 0 9 20 0 8 17 3 5 13 4 2 16 4 10 14 4 8 14 2 9 14 4 4 13 4 10 19 0 3 15 1 4 15 2 5 15 2 6 15 2 7 15 2 8 15 2 9 17 3 9 19 4 10 17 2 3 18 1 4 18 4 5 18 4 6 18 3 7 18 1 8 18 1 9 18 3 4 16 1 9 15 2 10 15 3 6 14 1 8 12 4 7 14 3 10 18 0 7 13 0 
 --- Bot used 76 milliseconds ---
-----------------------------------------------------------------------------
 --- Frame #229 ---
8 12 0 8 14 0 11 15 3 7 13 3 4 15 2 9 13 2 5 13 3 6 17 4 2 17 2 6 18 3 9 16 4 7 18 3 8 18 3 4 17 2 3 17 1 10 18 0 7 11 0 3 15 2 5 18 2 7 16 2 4 18 1 4 12 4 9 19 1 2 16 1 5 17 4 11 16 2 5 15 1 10 15 4 10 16 1 8 16 2 7 17 0 3 18 1 8 17 3 6 13 1 9 17 1 4 13 4 7 12 0 10 17 0 5 19 3 9 20 4 6 12 4 10 19 4 8 13 0 9 18 1 5 16 0 4 14 4 6 16 4 4 16 4 6 15 3 3 16 1 9 14 2 7 14 4 5 14 2 7 15 0 9 21 2 6 14 1 10 14 1 8 15 4 9 15 4 
 --- Bot used 76 milliseconds ---
-----------------------------------------------------------------------------
 --- Frame #230 ---
8 16 4 7 16 4 6 17 3 6 16 1 5 16 0 4 16 4 3 16 0 2 16 3 11 15 1 4 17 2 10 15 2 9 15 1 8 15 0 7 15 1 5 18 4 4 18 0 3 18 1 6 15 4 7 17 1 5 17 2 8 18 1 5 15 3 4 15 4 3 15 0 2 17 1 10 14 2 3 17 3 9 14 2 8 14 3 7 14 4 7 18 4 9 17 2 6 14 0 8 17 3 5 14 2 4 14 4 10 17 1 9 13 4 8 13 1 7 13 4 11 16 3 9 20 4 10 16 0 9 16 2 6 18 1 5 19 2 6 13 4 5 13 4 10 18 2 8 12 3 7 12 0 9 18 0 4 13 2 4 12 0 6 12 0 10 19 0 9 21 2 7 11 4 9 19 1 
 --- Bot used 65 milliseconds ---
-----------------------------------------------------------------------------
 --- Frame #231 ---
6 14 3 9 20 3 6 12 4 9 13 1 6 15 1 7 13 0 5 13 0 8 12 3 9 18 3 4 12 1 2 16 4 10 19 1 4 16 3 7 12 1 9 16 0 5 16 1 5 14 4 6 16 4 7 16 4 11 15 4 10 16 1 11 16 3 9 15 4 10 15 0 7 11 4 9 21 3 4 13 0 7 15 0 3 15 4 4 15 1 8 15 2 5 15 3 10 14 0 8 14 0 2 17 2 9 14 2 3 17 3 4 17 3 5 17 4 7 14 4 6 17 1 8 16 3 7 17 2 8 17 2 9 17 3 3 16 0 5 19 3 10 17 4 3 18 3 9 19 2 4 18 1 5 18 4 6 18 0 7 18 0 8 18 1 4 14 4 8 13 3 6 13 3 10 18 4 
 --- Bot used 64 milliseconds ---
-----------------------------------------------------------------------------
 --- Frame #232 ---
4 15 2 5 15 1 6 15 3 9 20 2 3 16 1 5 16 0 10 19 3 7 16 0 8 16 3 9 16 2 10 16 0 11 16 4 2 17 3 4 12 2 6 12 3 6 16 2 2 16 2 9 21 1 9 18 3 10 15 1 11 15 1 9 13 3 5 13 0 9 19 4 7 13 4 9 15 0 8 13 0 7 14 4 4 13 2 8 14 1 10 14 2 10 18 2 9 14 4 6 13 0 5 19 2 3 15 1 7 11 4 8 12 0 3 17 3 4 16 4 4 17 2 5 17 1 6 17 1 7 17 4 7 12 0 8 17 4 9 17 4 10 17 1 3 18 3 4 18 4 5 18 4 6 18 0 6 14 0 5 14 0 7 18 0 4 14 4 8 18 4 7 15 0 8 15 3 
 --- Bot used 135 milliseconds ---
-----------------------------------------------------------------------------
 --- Frame #233 ---
9 16 2 4 17 1 10 16 3 8 13 2 6 14 4 9 20 0 10 18 4 5 17 4 9 14 3 7 16 0 7 13 0 10 17 0 5 13 0 2 17 0 8 16 1 6 12 2 3 17 3 2 16 4 7 12 3 9 18 1 9 19 1 6 15 1 3 16 4 7 15 1 5 19 0 3 18 0 4 18 0 9 15 2 5 18 0 10 14 0 6 18 1 3 15 0 7 18 0 7 17 1 8 18 3 9 21 4 8 17 1 9 13 3 8 19 4 9 17 3 4 12 2 4 15 0 8 12 4 10 15 0 7 14 1 5 15 4 4 16 0 10 19 3 6 17 0 5 16 3 6 13 4 8 15 0 4 14 4 7 11 3 4 13 2 5 14 2 6 16 1 11 15 0 8 14 4 11 16 1 
 --- Bot used 80 milliseconds ---
-----------------------------------------------------------------------------
 --- Frame #234 ---
8 16 1 10 17 1 7 16 4 6 16 3 5 16 3 10 16 1 9 19 2 8 19 1 9 16 2 7 18 4 4 16 3 8 17 3 3 16 0 2 16 4 11 15 1 10 15 2 4 18 1 6 17 4 9 15 2 8 15 2 5 18 1 7 15 3 6 15 3 5 15 3 6 18 1 3 18 2 4 15 2 3 17 4 3 15 1 10 19 0 10 14 0 9 14 0 8 14 3 7 14 0 6 14 3 11 16 3 5 14 4 4 14 1 9 13 2 8 13 0 7 13 1 6 13 0 5 13 0 8 18 2 7 19 4 5 17 3 9 17 3 7 17 4 10 18 0 8 12 2 7 12 4 9 18 4 4 13 1 5 19 0 4 12 2 6 12 4 9 21 3 7 11 2 9 20 3 2 17 4 4 17 3 
 --- Bot used 100 milliseconds ---
-----------------------------------------------------------------------------
 --- Frame #235 ---
10 13 3 5 19 4 8 18 2 5 14 2 7 11 2 6 14 4 6 12 1 7 14 4 9 19 4 8 14 1 9 14 3 10 14 1 3 15 2 4 15 4 5 15 3 6 15 1 7 15 2 8 15 3 9 15 0 10 15 4 11 15 0 2 16 3 9 13 0 8 13 0 7 13 3 9 20 1 4 14 2 8 12 3 10 18 1 7 12 1 4 13 2 6 13 2 10 19 1 4 12 2 5 13 4 3 16 1 9 18 3 4 16 3 5 16 4 8 19 0 9 21 0 7 19 0 6 16 4 7 16 2 8 16 2 9 16 2 10 16 1 6 19 3 11 16 0 2 17 1 3 17 1 4 17 4 5 17 4 6 17 0 7 17 2 8 17 1 9 17 4 10 17 4 3 18 1 4 18 0 5 18 4 6 18 1 7 18 2 
 --- Bot used 123 milliseconds ---
-----------------------------------------------------------------------------
 --- Frame #236 ---
10 13 1 6 20 1 9 13 3 8 13 1 10 16 0 8 16 4 7 13 0 6 13 2 5 13 0 9 18 4 10 15 3 8 12 0 11 15 1 4 17 1 9 17 4 3 18 3 10 19 1 6 19 2 10 14 4 3 15 3 9 19 3 6 14 1 2 16 0 4 19 1 7 12 0 6 15 2 8 19 4 4 14 4 3 16 1 4 13 2 9 16 4 4 12 2 10 18 3 4 15 3 8 18 4 5 15 1 8 14 1 7 15 0 7 11 1 6 12 0 5 16 2 8 15 2 9 20 0 5 19 3 9 21 1 7 16 0 8 17 0 7 17 1 7 14 1 6 17 4 5 14 4 4 18 1 9 15 3 6 16 2 3 17 0 2 17 4 7 18 2 6 18 4 5 18 0 7 19 0 4 16 1 5 17 1 10 17 4 11 16 4 9 14 0 
 --- Bot used 120 milliseconds ---
-----------------------------------------------------------------------------
 --- Frame #237 ---
6 16 3 5 16 2 4 16 2 9 18 3 10 19 3 8 17 3 9 17 0 10 17 2 3 18 3 5 17 2 6 17 4 7 17 3 3 16 0 2 16 4 11 15 0 10 15 4 9 15 3 8 15 1 7 15 0 6 15 1 5 15 4 4 15 2 7 18 3 11 14 3 10 14 3 9 14 1 8 14 4 7 14 4 6 14 0 5 14 4 3 15 0 10 13 0 9 13 1 8 13 4 7 13 2 6 13 4 6 19 4 4 19 3 5 13 0 8 18 3 8 12 3 9 20 2 7 12 2 4 18 4 5 18 4 9 21 1 4 14 2 6 18 3 4 13 1 4 12 2 6 12 3 9 19 1 7 19 1 5 19 3 7 16 2 8 16 3 9 16 4 10 16 0 11 16 3 6 20 3 2 17 3 3 17 2 8 19 3 7 11 2 4 17 0 10 18 2 
 --- Bot used 121 milliseconds ---
-----------------------------------------------------------------------------
 --- Frame #238 ---
9 20 2 4 19 4 4 17 2 8 19 2 3 17 3 6 20 3 7 16 1 6 16 4 8 16 4 5 16 0 9 16 1 4 16 0 3 16 1 2 16 4 11 15 0 7 19 3 10 15 3 9 15 3 8 15 4 7 15 1 6 15 3 5 15 3 4 15 2 7 17 4 9 18 0 7 18 1 9 21 0 6 17 0 11 14 1 8 17 3 10 14 1 3 18 1 10 17 0 9 19 3 9 14 1 8 14 1 10 19 3 9 17 3 7 14 3 6 14 4 6 19 4 5 14 2 5 17 0 3 15 3 4 18 2 10 13 2 5 18 3 9 13 3 6 18 0 10 16 0 11 16 1 8 13 3 2 17 1 7 13 0 6 13 4 5 13 0 8 18 3 8 12 0 7 12 0 4 14 3 4 13 0 4 12 3 5 19 4 6 12 1 10 18 4 7 11 3 
 --- Bot used 102 milliseconds ---
-----------------------------------------------------------------------------
 --- Frame #239 ---
8 18 0 6 16 3 5 16 0 4 16 3 3 16 4 2 16 2 10 16 3 11 15 4 10 19 2 8 19 2 9 20 2 9 19 1 5 17 2 6 17 2 7 17 0 5 18 1 10 15 3 3 18 0 9 15 1 4 17 0 6 20 2 4 18 3 8 15 1 7 15 1 9 21 4 6 15 1 7 19 1 5 15 2 8 17 3 10 17 0 11 16 3 4 15 2 7 18 4 11 14 4 10 14 1 5 19 4 9 14 0 8 14 3 7 14 2 9 17 1 6 14 1 5 14 3 3 15 3 10 13 1 9 13 3 8 13 1 7 13 2 6 13 4 5 13 4 7 16 2 6 19 1 8 16 0 4 19 4 9 16 2 6 18 2 8 12 3 7 12 1 4 14 0 4 13 4 10 18 2 4 12 2 6 12 4 9 18 2 3 17 3 2 17 4 7 11 0 
 --- Bot used 74 milliseconds ---
-----------------------------------------------------------------------------
 --- Frame #240 ---
6 19 2 3 17 2 2 16 4 7 19 4 6 14 3 4 13 2 4 12 2 4 19 3 8 17 1 8 12 3 9 18 4 3 16 1 8 18 3 11 14 4 10 17 3 4 15 3 9 20 0 7 18 2 5 15 3 11 15 2 5 13 0 6 16 3 7 13 1 9 13 1 9 19 4 4 14 2 10 13 3 3 15 3 6 12 2 4 16 2 8 13 0 5 16 3 9 14 2 9 16 4 9 17 3 8 16 0 5 14 2 10 16 3 7 14 2 6 15 2 8 14 2 7 15 2 10 14 4 9 15 4 6 20 2 5 19 1 10 19 4 4 18 1 3 19 0 5 18 4 8 15 0 6 18 3 2 17 1 10 15 1 8 19 0 6 17 1 7 12 4 7 17 3 9 21 4 4 17 3 5 17 4 10 18 1 7 16 3 6 13 2 7 11 0 3 18 0 11 16 4 
 --- Bot used 73 milliseconds ---
-----------------------------------------------------------------------------
 --- Frame #241 ---
5 17 3 9 17 2 10 17 0 6 16 4 3 18 0 5 16 0 8 17 0 6 17 2 7 17 4 9 19 4 4 16 1 3 16 2 2 16 4 9 20 3 10 18 3 11 15 4 10 15 2 9 15 0 8 15 1 7 15 0 6 15 2 5 15 0 4 15 0 7 18 2 11 14 3 10 14 3 9 14 1 8 14 3 7 14 0 9 21 3 6 14 1 5 14 0 3 15 3 10 13 4 9 13 0 8 19 3 8 13 0 7 13 4 6 13 1 5 13 0 8 18 0 6 20 4 5 19 4 4 18 4 5 18 1 8 12 2 9 18 4 6 18 1 7 12 0 4 14 2 4 13 2 4 12 2 6 12 3 10 19 3 7 19 3 4 19 0 7 11 0 7 16 1 8 16 0 6 19 0 9 16 2 10 16 1 11 16 0 2 17 2 3 17 1 3 19 4 4 17 2 
 --- Bot used 70 milliseconds ---
-----------------------------------------------------------------------------
 --- Frame #242 ---
4 14 3 10 18 0 6 18 0 3 17 0 6 17 2 8 19 3 7 11 3 10 17 1 8 18 3 3 18 0 9 16 4 4 18 4 8 16 2 7 16 2 4 17 2 5 17 1 6 16 3 5 16 3 4 16 0 3 16 0 6 20 2 2 16 3 11 15 3 10 15 3 4 19 2 9 18 0 10 19 2 9 15 4 8 12 3 3 19 3 7 12 2 7 19 0 4 13 2 9 20 3 7 17 1 8 17 3 9 17 2 9 19 3 9 21 4 7 13 3 8 15 1 7 15 0 6 15 1 5 15 1 4 15 4 5 18 3 7 18 4 11 14 0 10 14 4 6 12 2 4 12 1 5 13 1 6 13 4 10 16 3 9 14 1 8 14 3 7 14 2 6 14 0 6 19 4 5 14 0 3 15 4 10 13 3 11 16 4 9 13 3 8 13 0 5 19 1 2 17 4 
 --- Bot used 94 milliseconds ---
-----------------------------------------------------------------------------
 --- Frame #243 ---
3 19 1 4 13 3 9 19 2 5 17 3 8 14 3 4 19 1 8 16 0 5 16 0 8 19 0 10 14 2 8 18 1 3 15 3 4 16 4 6 20 0 4 17 4 7 12 2 8 15 0 5 18 1 7 13 0 6 14 0 5 12 3 8 17 2 7 15 2 5 13 1 9 18 4 3 16 3 5 19 4 9 15 0 4 12 2 11 14 3 2 16 1 10 13 2 7 14 3 5 15 4 9 14 3 6 17 3 11 15 2 7 18 0 9 16 3 4 15 1 8 13 0 10 15 0 11 16 4 2 17 2 7 16 0 5 14 3 9 17 4 10 16 4 6 16 4 6 15 0 10 18 0 3 17 3 7 11 2 10 17 4 9 21 4 7 19 4 6 19 0 9 20 4 9 13 1 6 12 3 6 13 2 4 14 1 4 18 1 10 19 3 6 18 4 3 18 2 8 12 0 7 17 2 
 --- Bot used 79 milliseconds ---
-----------------------------------------------------------------------------
 --- Frame #244 ---
4 17 3 3 17 3 2 17 1 11 16 4 4 12 4 4 18 1 4 14 4 11 14 1 3 19 4 4 13 3 6 12 1 6 18 0 9 15 3 5 17 0 5 13 3 8 13 1 9 21 0 11 15 1 3 18 0 7 13 1 10 17 3 9 13 3 8 12 2 4 15 2 10 16 2 9 17 4 9 16 3 9 19 4 8 16 4 8 17 1 7 16 0 7 17 0 10 15 0 6 17 3 8 19 1 6 16 1 5 16 4 9 20 2 10 18 0 7 14 4 5 18 4 6 14 4 7 19 4 5 14 1 10 13 1 6 13 1 9 18 4 10 19 3 6 19 2 5 19 3 4 19 2 5 12 2 5 15 2 6 20 2 10 14 4 9 14 0 8 14 2 6 15 2 7 15 0 8 15 2 7 11 0 7 12 3 7 18 1 3 15 3 8 18 4 4 16 4 3 16 0 2 16 4 
 --- Bot used 77 milliseconds ---
-----------------------------------------------------------------------------
 --- Frame #245 ---
3 19 0 6 15 3 5 15 1 7 15 3 4 15 0 5 18 3 6 16 1 9 14 0 11 16 4 4 19 0 9 16 0 6 12 4 9 17 3 10 15 1 8 14 3 11 14 0 10 14 2 6 18 4 8 19 4 3 17 4 7 17 0 2 16 2 5 12 3 8 16 3 9 18 3 7 16 0 10 13 3 9 12 2 10 17 1 7 19 1 3 18 2 8 13 2 8 15 4 9 19 3 5 13 2 4 14 2 8 12 3 9 13 3 10 18 4 4 16 2 5 19 1 11 15 1 3 15 0 6 20 4 10 19 0 4 17 2 5 16 2 7 13 1 9 21 4 10 16 1 3 16 0 5 14 1 9 15 0 4 12 2 7 18 1 6 19 0 6 17 4 9 20 3 5 17 2 6 13 2 8 17 2 7 12 1 7 14 0 7 11 1 8 18 0 6 14 1 4 18 4 2 17 3 4 13 0 
 --- Bot used 99 milliseconds ---
-----------------------------------------------------------------------------
 --- Frame #246 ---
5 16 0 4 16 3 4 19 2 3 16 1 2 16 4 9 12 4 4 17 3 9 17 1 10 17 2 9 20 2 3 18 1 8 17 4 6 17 1 7 17 3 9 21 0 4 18 0 4 12 0 4 14 2 8 13 2 5 17 1 11 15 0 8 18 1 9 19 0 10 15 1 7 18 1 9 15 2 8 19 2 8 15 0 7 15 3 6 15 4 10 19 2 5 15 0 4 15 1 5 18 2 11 14 3 7 19 0 9 13 1 6 13 0 5 13 0 4 13 2 7 11 0 6 19 2 8 12 0 3 19 2 6 18 0 10 18 0 9 18 1 7 13 1 5 12 4 6 12 3 7 12 4 10 14 1 6 20 4 9 14 1 8 14 4 7 14 0 6 14 3 6 16 4 7 16 3 8 16 0 9 16 3 5 19 2 10 16 3 11 16 3 2 17 0 5 14 4 3 15 2 10 13 1 3 17 0 
 --- Bot used 68 milliseconds ---
-----------------------------------------------------------------------------
 --- Frame #247 ---
7 19 3 7 13 2 8 13 2 9 13 1 10 13 1 3 15 2 5 14 3 6 14 3 7 14 4 8 14 0 9 14 0 6 19 1 2 17 2 10 16 0 6 16 3 5 16 2 11 16 2 5 19 4 7 12 0 2 16 0 9 19 2 3 16 0 6 17 0 7 17 3 8 17 2 7 16 0 3 17 4 4 17 4 6 18 1 5 17 1 3 19 0 10 14 1 11 14 2 5 18 0 10 18 2 4 15 0 5 15 3 6 15 4 7 15 3 9 18 3 8 15 2 9 15 0 11 15 4 4 14 4 5 12 2 4 19 0 4 18 0 4 12 1 8 18 4 8 19 1 7 18 0 9 21 2 6 12 4 6 20 2 9 20 0 4 16 4 9 17 4 10 17 0 6 13 1 5 13 3 4 13 0 9 12 1 3 18 3 8 16 2 9 16 2 7 11 3 8 12 3 10 19 3 10 15 3 
 --- Bot used 79 milliseconds ---
-----------------------------------------------------------------------------
 --- Frame #248 ---
9 18 1 11 14 2 7 17 1 10 15 4 6 17 0 8 19 3 8 15 2 5 17 2 6 19 3 7 19 2 7 11 4 10 18 1 4 12 1 11 15 1 9 20 2 6 13 1 10 19 1 8 18 4 5 13 4 6 18 2 4 13 1 7 18 0 6 12 1 5 12 3 9 21 0 5 19 2 4 19 3 4 18 4 9 12 3 5 15 4 8 12 2 4 17 2 10 17 3 3 17 0 9 17 4 2 17 0 8 17 1 6 16 0 7 16 4 5 16 1 8 16 2 3 16 2 11 16 2 9 15 1 10 16 0 10 14 1 9 16 4 9 14 1 5 18 1 4 16 4 8 14 4 2 16 1 7 14 0 6 14 1 7 12 0 6 20 4 5 14 1 4 15 0 3 15 0 3 18 3 10 13 2 3 19 4 4 11 3 9 13 3 4 14 0 8 13 2 7 13 0 6 15 3 9 19 0 7 15 3 
 --- Bot used 87 milliseconds ---
-----------------------------------------------------------------------------
 --- Frame #249 ---
6 13 2 10 15 1 8 14 2 4 13 0 7 14 3 11 14 4 4 19 2 4 12 2 7 17 0 5 13 4 9 17 2 8 13 4 4 11 4 10 14 2 4 16 4 6 20 1 8 12 4 10 19 3 7 15 4 10 18 0 4 17 4 9 21 2 8 16 2 9 16 1 2 16 1 7 16 4 5 12 4 11 15 2 9 18 0 6 14 1 8 19 4 8 15 0 8 17 4 3 17 3 10 13 4 9 19 4 7 19 4 5 14 3 9 14 4 5 17 0 7 11 4 7 12 2 3 15 0 9 12 0 3 19 4 6 12 4 9 20 2 6 17 4 5 19 1 4 14 3 6 15 4 8 18 4 5 15 4 6 18 3 5 18 1 4 15 4 4 18 1 11 16 2 10 17 0 6 16 3 5 16 2 3 16 1 7 18 0 9 15 2 7 13 1 10 16 0 9 13 0 6 19 4 3 18 0 2 17 3 
 --- Bot used 72 milliseconds ---
-----------------------------------------------------------------------------
 --- Frame #250 ---
4 11 4 8 19 4 8 17 4 6 20 0 9 20 3 3 19 3 9 15 2 2 18 4 11 15 3 7 16 0 8 16 4 10 19 3 4 14 0 4 12 4 6 12 3 5 12 2 7 15 0 7 12 1 6 16 2 8 12 3 5 18 4 9 12 4 4 13 0 6 17 4 5 13 4 6 13 2 2 16 0 9 17 3 7 13 4 8 13 0 9 13 0 9 16 1 10 13 1 3 15 1 5 19 1 5 15 0 6 15 4 5 17 4 10 16 2 8 18 1 7 18 4 7 11 3 4 19 1 9 18 3 4 15 0 5 14 2 6 14 0 7 14 3 11 16 3 9 21 3 4 18 1 6 18 3 2 17 3 3 17 3 4 17 1 7 19 3 8 15 4 10 15 1 10 18 4 3 16 4 4 16 3 5 16 0 8 14 3 6 19 1 9 14 1 3 18 3 10 14 3 11 14 4 7 17 2 9 19 0 10 17 0 
 --- Bot used 85 milliseconds ---
-----------------------------------------------------------------------------
 --- Frame #251 ---
5 18 3 10 13 4 10 19 0 7 18 2 3 14 3 8 14 0 3 16 2 6 18 0 4 16 1 8 12 3 9 19 3 5 16 4 8 13 2 9 14 0 7 13 1 11 15 1 9 12 1 5 13 4 11 16 0 2 17 0 8 16 1 8 19 4 4 13 3 9 16 1 3 18 4 10 14 2 7 19 4 9 15 1 3 15 4 7 15 3 7 11 2 6 12 4 2 18 2 8 15 1 6 15 1 9 13 3 6 20 1 3 17 4 2 16 0 4 17 1 9 20 4 6 19 4 5 19 4 4 19 4 3 19 4 10 18 4 6 16 4 8 18 4 5 15 4 4 11 3 7 14 2 4 18 0 10 16 4 11 14 3 6 13 4 1 18 2 10 17 2 9 17 2 6 17 2 8 17 0 5 17 2 5 12 2 5 14 0 6 14 1 9 18 1 4 12 2 7 16 1 9 21 0 7 17 1 4 15 1 4 14 1 7 12 2 10 15 1 
 --- Bot used 79 milliseconds ---
-----------------------------------------------------------------------------
 --- Frame #252 ---
7 13 2 3 14 3 8 13 4 9 13 2 8 16 1 9 19 0 8 15 4 6 12 4 7 15 2 11 14 2 8 14 0 7 14 3 6 14 2 9 14 0 7 19 3 5 14 1 5 12 1 4 12 4 4 11 1 3 16 0 6 13 1 10 14 1 9 12 4 10 17 0 11 16 1 8 12 2 6 17 2 5 13 2 5 16 1 5 19 4 4 19 4 9 15 0 8 18 4 3 15 0 7 17 0 9 16 2 4 14 4 10 18 2 6 16 3 4 16 2 7 18 2 3 17 2 6 19 1 2 17 1 5 15 2 10 16 4 9 18 4 4 18 1 1 18 0 6 18 2 8 17 1 4 13 0 2 19 1 11 17 0 5 18 4 4 15 0 2 16 1 9 17 3 9 21 0 11 15 1 7 11 1 6 20 2 10 13 2 3 19 3 10 15 2 10 19 1 9 20 4 5 17 4 3 18 0 7 16 3 6 15 2 8 19 0 7 12 2 4 17 0 2 18 4 
 --- Bot used 86 milliseconds ---
-----------------------------------------------------------------------------
 --- Frame #253 ---
6 20 4 10 16 4 4 12 4 5 18 0 5 14 4 11 16 4 9 12 4 9 13 2 1 18 4 10 19 3 3 14 3 5 11 4 8 19 0 7 14 1 9 19 0 6 19 0 7 11 0 8 14 4 3 19 1 9 15 2 7 13 4 8 17 0 11 15 2 6 14 2 9 14 0 5 15 3 3 16 4 4 19 0 4 15 1 4 18 4 4 16 4 5 13 2 2 19 4 9 18 4 8 18 4 9 17 4 7 18 0 6 18 0 10 18 1 10 14 0 8 12 0 9 20 4 8 15 2 11 14 1 4 13 3 7 16 3 10 15 2 2 16 3 9 16 2 7 17 4 4 11 2 11 17 0 10 17 0 8 16 0 9 21 0 3 17 2 10 13 0 7 15 2 6 13 0 6 17 2 3 18 2 6 15 2 4 17 2 6 12 1 5 19 4 2 17 2 4 14 1 6 16 0 3 15 1 2 18 2 7 19 4 5 17 0 7 12 4 5 16 2 8 13 4 5 12 1 
 --- Bot used 74 milliseconds ---
-----------------------------------------------------------------------------
 --- Frame #254 ---
Traceback (most recent call last):
 --- Bot used 114 milliseconds ---
ERRORED!
Response received (if any):
Traceback (most recent call last):
 --- Bot was killed. Below is the rest of its output (if any): ---
  File "MyBot.py", line 200, in <module>
    loc_states = get_states(gameMap, myID)
  File "MyBot.py", line 44, in get_states
    ss = gameMap.getSite(loc)
  File "/home/michalis/Development/Halite/hlt.py", line 96, in getSite
    return self.contents[l.y][l.x]
IndexError: list index out of range

 --- End bot output ---