 --- Init ---
SarsaLambdaBot
 --- Bot used 83 milliseconds ---
-----------------------------------------------------------------------------
 --- Frame #1 ---
15 7 0 
 --- Bot used 52 milliseconds ---
-----------------------------------------------------------------------------
 --- Frame #2 ---
15 7 0 
 --- Bot used 27 milliseconds ---
-----------------------------------------------------------------------------
 --- Frame #3 ---
15 7 4 
 --- Bot used 24 milliseconds ---
-----------------------------------------------------------------------------
 --- Frame #4 ---
14 7 4 15 7 3 
 --- Bot used 21 milliseconds ---
-----------------------------------------------------------------------------
 --- Frame #5 ---
14 7 0 15 7 2 
 --- Bot used 48 milliseconds ---
-----------------------------------------------------------------------------
 --- Frame #6 ---
15 7 2 14 7 4 
 --- Bot used 30 milliseconds ---
-----------------------------------------------------------------------------
 --- Frame #7 ---
14 7 2 15 7 4 
 --- Bot used 26 milliseconds ---
-----------------------------------------------------------------------------
 --- Frame #8 ---
15 7 4 14 7 4 
 --- Bot used 36 milliseconds ---
-----------------------------------------------------------------------------
 --- Frame #9 ---
14 7 1 15 7 3 
 --- Bot used 40 milliseconds ---
-----------------------------------------------------------------------------
 --- Frame #10 ---
14 7 4 15 7 3 
 --- Bot used 32 milliseconds ---
-----------------------------------------------------------------------------
 --- Frame #11 ---
15 7 2 14 7 0 
 --- Bot used 28 milliseconds ---
-----------------------------------------------------------------------------
 --- Frame #12 ---
14 7 2 15 7 3 
 --- Bot used 36 milliseconds ---
-----------------------------------------------------------------------------
 --- Frame #13 ---
15 7 0 14 7 4 
 --- Bot used 48 milliseconds ---
-----------------------------------------------------------------------------
 --- Frame #14 ---
15 7 4 14 7 4 
 --- Bot used 43 milliseconds ---
-----------------------------------------------------------------------------
 --- Frame #15 ---
14 7 2 15 7 4 
 --- Bot used 70 milliseconds ---
-----------------------------------------------------------------------------
 --- Frame #16 ---
14 7 1 15 7 2 
 --- Bot used 27 milliseconds ---
-----------------------------------------------------------------------------
 --- Frame #17 ---
15 7 0 14 7 3 
 --- Bot used 26 milliseconds ---
-----------------------------------------------------------------------------
 --- Frame #18 ---
15 7 0 14 7 1 
 --- Bot used 33 milliseconds ---
-----------------------------------------------------------------------------
 --- Frame #19 ---
14 7 4 15 7 0 
 --- Bot used 51 milliseconds ---
-----------------------------------------------------------------------------
 --- Frame #20 ---
14 7 4 15 7 0 
 --- Bot used 42 milliseconds ---
-----------------------------------------------------------------------------
 --- Frame #21 ---
14 7 2 15 7 0 
 --- Bot used 71 milliseconds ---
-----------------------------------------------------------------------------
 --- Frame #22 ---
15 7 4 14 7 2 
 --- Bot used 34 milliseconds ---
-----------------------------------------------------------------------------
 --- Frame #23 ---
15 7 1 14 7 3 
 --- Bot used 28 milliseconds ---
-----------------------------------------------------------------------------
 --- Frame #24 ---
15 7 4 14 7 2 
 --- Bot used 26 milliseconds ---
-----------------------------------------------------------------------------
 --- Frame #25 ---
14 7 4 15 7 0 
 --- Bot used 30 milliseconds ---
-----------------------------------------------------------------------------
 --- Frame #26 ---
15 7 2 14 7 0 
 --- Bot used 23 milliseconds ---
-----------------------------------------------------------------------------
 --- Frame #27 ---
15 7 1 14 7 3 
 --- Bot used 40 milliseconds ---
-----------------------------------------------------------------------------
 --- Frame #28 ---
14 7 4 15 7 2 
 --- Bot used 40 milliseconds ---
-----------------------------------------------------------------------------
 --- Frame #29 ---
14 7 1 15 7 0 
 --- Bot used 35 milliseconds ---
-----------------------------------------------------------------------------
 --- Frame #30 ---
15 7 2 14 7 4 
 --- Bot used 28 milliseconds ---
-----------------------------------------------------------------------------
 --- Frame #31 ---
15 7 0 14 7 0 
 --- Bot used 26 milliseconds ---
-----------------------------------------------------------------------------
 --- Frame #32 ---
15 7 4 14 7 2 
 --- Bot used 66 milliseconds ---
-----------------------------------------------------------------------------
 --- Frame #33 ---
14 7 4 15 7 4 
 --- Bot used 30 milliseconds ---
-----------------------------------------------------------------------------
 --- Frame #34 ---
15 7 2 14 7 1 
 --- Bot used 33 milliseconds ---
-----------------------------------------------------------------------------
 --- Frame #35 ---
14 7 2 15 7 0 
 --- Bot used 31 milliseconds ---
-----------------------------------------------------------------------------
 --- Frame #36 ---
15 7 0 14 7 2 
 --- Bot used 23 milliseconds ---
-----------------------------------------------------------------------------
 --- Frame #37 ---
15 7 1 14 7 2 
 --- Bot used 32 milliseconds ---
-----------------------------------------------------------------------------
 --- Frame #38 ---
15 7 3 14 7 3 
 --- Bot used 24 milliseconds ---
-----------------------------------------------------------------------------
 --- Frame #39 ---
14 7 1 15 7 4 
 --- Bot used 58 milliseconds ---
-----------------------------------------------------------------------------
 --- Frame #40 ---
15 7 0 14 7 0 
 --- Bot used 32 milliseconds ---
-----------------------------------------------------------------------------
 --- Frame #41 ---
14 7 4 15 7 1 
 --- Bot used 26 milliseconds ---
-----------------------------------------------------------------------------
 --- Frame #42 ---
15 7 4 14 7 1 
 --- Bot used 43 milliseconds ---
-----------------------------------------------------------------------------
 --- Frame #43 ---
15 7 4 14 7 0 
 --- Bot used 38 milliseconds ---
-----------------------------------------------------------------------------
 --- Frame #44 ---
15 7 0 14 7 3 
 --- Bot used 33 milliseconds ---
-----------------------------------------------------------------------------
 --- Frame #45 ---
14 7 4 15 7 4 
 --- Bot used 25 milliseconds ---
-----------------------------------------------------------------------------
 --- Frame #46 ---
15 7 3 14 7 2 
 --- Bot used 28 milliseconds ---
-----------------------------------------------------------------------------
 --- Frame #47 ---
14 7 1 15 7 2 
 --- Bot used 33 milliseconds ---
-----------------------------------------------------------------------------
 --- Frame #48 ---
15 7 3 14 7 4 
 --- Bot used 31 milliseconds ---
-----------------------------------------------------------------------------
 --- Frame #49 ---
15 7 4 14 7 4 
 --- Bot used 43 milliseconds ---
-----------------------------------------------------------------------------
 --- Frame #50 ---
14 7 0 15 7 0 
 --- Bot used 40 milliseconds ---
-----------------------------------------------------------------------------
 --- Frame #51 ---
15 7 0 14 7 3 
 --- Bot used 53 milliseconds ---
-----------------------------------------------------------------------------
 --- Frame #52 ---
14 7 2 15 7 3 
 --- Bot used 39 milliseconds ---
-----------------------------------------------------------------------------
 --- Frame #53 ---
15 7 2 14 7 4 
 --- Bot used 31 milliseconds ---
-----------------------------------------------------------------------------
 --- Frame #54 ---
14 7 0 15 7 2 
 --- Bot used 57 milliseconds ---
-----------------------------------------------------------------------------
 --- Frame #55 ---
14 7 0 15 7 4 
 --- Bot used 26 milliseconds ---
-----------------------------------------------------------------------------
 --- Frame #56 ---
15 7 3 14 7 1 
 --- Bot used 29 milliseconds ---
-----------------------------------------------------------------------------
 --- Frame #57 ---
14 7 2 15 7 4 
 --- Bot used 30 milliseconds ---
-----------------------------------------------------------------------------
 --- Frame #58 ---
14 7 2 15 7 3 
 --- Bot used 43 milliseconds ---
-----------------------------------------------------------------------------
 --- Frame #59 ---
15 7 2 14 7 0 
 --- Bot used 38 milliseconds ---
-----------------------------------------------------------------------------
 --- Frame #60 ---
14 7 3 15 7 4 
 --- Bot used 24 milliseconds ---
-----------------------------------------------------------------------------
 --- Frame #61 ---
14 7 4 15 7 4 
 --- Bot used 50 milliseconds ---
-----------------------------------------------------------------------------
 --- Frame #62 ---
14 7 1 15 7 3 
 --- Bot used 42 milliseconds ---
-----------------------------------------------------------------------------
 --- Frame #63 ---
15 7 0 14 7 0 
 --- Bot used 31 milliseconds ---
-----------------------------------------------------------------------------
 --- Frame #64 ---
15 7 1 14 7 2 
 --- Bot used 28 milliseconds ---
-----------------------------------------------------------------------------
 --- Frame #65 ---
14 7 4 15 7 3 
 --- Bot used 57 milliseconds ---
-----------------------------------------------------------------------------
 --- Frame #66 ---
14 7 2 15 7 0 
 --- Bot used 42 milliseconds ---
-----------------------------------------------------------------------------
 --- Frame #67 ---
14 7 1 15 7 0 
 --- Bot used 33 milliseconds ---
-----------------------------------------------------------------------------
 --- Frame #68 ---
15 7 4 14 7 2 
 --- Bot used 44 milliseconds ---
-----------------------------------------------------------------------------
 --- Frame #69 ---
15 7 3 14 7 0 
 --- Bot used 23 milliseconds ---
-----------------------------------------------------------------------------
 --- Frame #70 ---
14 7 3 15 7 0 
 --- Bot used 23 milliseconds ---
-----------------------------------------------------------------------------
 --- Frame #71 ---
15 7 0 14 7 4 14 8 0 
 --- Bot used 33 milliseconds ---
-----------------------------------------------------------------------------
 --- Frame #72 ---
14 8 3 15 7 3 14 7 1 
 --- Bot used 28 milliseconds ---
-----------------------------------------------------------------------------
 --- Frame #73 ---
15 7 1 14 7 4 14 8 4 
 --- Bot used 25 milliseconds ---
-----------------------------------------------------------------------------
 --- Frame #74 ---
15 7 3 14 7 4 14 8 0 
 --- Bot used 30 milliseconds ---
-----------------------------------------------------------------------------
 --- Frame #75 ---
15 7 1 14 8 1 14 7 4 
 --- Bot used 21 milliseconds ---
-----------------------------------------------------------------------------
 --- Frame #76 ---
14 8 4 14 7 2 15 7 0 
 --- Bot used 21 milliseconds ---
-----------------------------------------------------------------------------
 --- Frame #77 ---
14 7 3 14 8 3 15 7 4 
 --- Bot used 27 milliseconds ---
-----------------------------------------------------------------------------
 --- Frame #78 ---
14 8 3 15 7 1 14 7 4 
 --- Bot used 41 milliseconds ---
-----------------------------------------------------------------------------
 --- Frame #79 ---
14 7 1 14 8 2 15 7 1 
 --- Bot used 37 milliseconds ---
-----------------------------------------------------------------------------
 --- Frame #80 ---
15 7 3 14 7 3 14 8 4 
 --- Bot used 29 milliseconds ---
-----------------------------------------------------------------------------
 --- Frame #81 ---
14 8 1 15 7 4 14 7 1 
 --- Bot used 35 milliseconds ---
-----------------------------------------------------------------------------
 --- Frame #82 ---
14 8 0 14 7 2 15 7 1 
 --- Bot used 44 milliseconds ---
-----------------------------------------------------------------------------
 --- Frame #83 ---
14 8 4 14 7 2 15 7 0 
 --- Bot used 26 milliseconds ---
-----------------------------------------------------------------------------
 --- Frame #84 ---
15 7 0 14 8 0 14 7 2 
 --- Bot used 24 milliseconds ---
-----------------------------------------------------------------------------
 --- Frame #85 ---
14 7 2 14 8 1 15 7 2 
 --- Bot used 34 milliseconds ---
-----------------------------------------------------------------------------
 --- Frame #86 ---
15 7 3 14 7 2 14 8 0 
 --- Bot used 57 milliseconds ---
-----------------------------------------------------------------------------
 --- Frame #87 ---
15 7 3 14 7 1 14 8 1 
 --- Bot used 43 milliseconds ---
-----------------------------------------------------------------------------
 --- Frame #88 ---
14 7 4 14 8 4 15 7 2 
 --- Bot used 28 milliseconds ---
-----------------------------------------------------------------------------
 --- Frame #89 ---
14 7 2 15 7 2 14 8 2 
 --- Bot used 27 milliseconds ---
-----------------------------------------------------------------------------
 --- Frame #90 ---
15 7 4 14 7 2 14 8 4 
 --- Bot used 35 milliseconds ---
-----------------------------------------------------------------------------
 --- Frame #91 ---
14 7 0 14 8 2 15 7 2 
 --- Bot used 22 milliseconds ---
-----------------------------------------------------------------------------
 --- Frame #92 ---
14 7 2 15 7 0 14 8 0 
 --- Bot used 28 milliseconds ---
-----------------------------------------------------------------------------
 --- Frame #93 ---
15 7 3 14 8 2 14 7 2 
 --- Bot used 36 milliseconds ---
-----------------------------------------------------------------------------
 --- Frame #94 ---
15 7 4 14 8 0 14 7 4 
 --- Bot used 53 milliseconds ---
-----------------------------------------------------------------------------
 --- Frame #95 ---
15 7 0 14 7 0 14 8 4 
 --- Bot used 45 milliseconds ---
-----------------------------------------------------------------------------
 --- Frame #96 ---
14 7 3 15 7 3 14 8 4 
 --- Bot used 26 milliseconds ---
-----------------------------------------------------------------------------
 --- Frame #97 ---
14 8 3 15 7 1 14 7 3 
 --- Bot used 63 milliseconds ---
-----------------------------------------------------------------------------
 --- Frame #98 ---
14 8 4 15 7 2 14 7 2 
 --- Bot used 35 milliseconds ---
-----------------------------------------------------------------------------
 --- Frame #99 ---
14 8 2 15 7 1 14 7 0 
 --- Bot used 30 milliseconds ---
-----------------------------------------------------------------------------
 --- Frame #100 ---
15 7 1 14 7 4 14 8 2 
 --- Bot used 37 milliseconds ---
-----------------------------------------------------------------------------
 --- Frame #101 ---
15 7 1 13 7 0 14 8 4 14 7 4 
 --- Bot used 46 milliseconds ---
-----------------------------------------------------------------------------
 --- Frame #102 ---
15 7 2 13 7 2 14 8 3 14 7 3 
 --- Bot used 41 milliseconds ---
-----------------------------------------------------------------------------
 --- Frame #103 ---
15 7 0 14 7 1 14 8 3 13 7 4 
 --- Bot used 28 milliseconds ---
-----------------------------------------------------------------------------
 --- Frame #104 ---
14 8 4 15 7 2 14 7 0 13 7 0 
 --- Bot used 30 milliseconds ---
-----------------------------------------------------------------------------
 --- Frame #105 ---
14 8 4 13 7 3 14 7 3 15 7 2 16 7 3 
 --- Bot used 50 milliseconds ---
-----------------------------------------------------------------------------
 --- Frame #106 ---
14 7 4 14 8 0 15 7 2 13 7 4 16 7 1 
 --- Bot used 36 milliseconds ---
-----------------------------------------------------------------------------
 --- Frame #107 ---
13 7 4 14 7 0 14 8 2 16 7 1 15 7 3 
 --- Bot used 37 milliseconds ---
-----------------------------------------------------------------------------
 --- Frame #108 ---
14 8 2 16 7 3 13 7 2 15 7 4 15 8 4 14 7 1 
 --- Bot used 53 milliseconds ---
-----------------------------------------------------------------------------
 --- Frame #109 ---
14 7 0 13 7 1 14 8 2 15 8 3 16 7 4 15 7 1 
 --- Bot used 35 milliseconds ---
-----------------------------------------------------------------------------
 --- Frame #110 ---
15 7 1 13 7 2 16 7 3 14 8 4 15 8 4 14 7 1 
 --- Bot used 84 milliseconds ---
-----------------------------------------------------------------------------
 --- Frame #111 ---
15 7 4 14 8 1 15 8 4 16 7 3 14 7 3 13 7 1 
 --- Bot used 45 milliseconds ---
-----------------------------------------------------------------------------
 --- Frame #112 ---
14 7 2 16 7 2 13 7 1 15 8 0 14 8 4 15 7 0 
 --- Bot used 53 milliseconds ---
-----------------------------------------------------------------------------
 --- Frame #113 ---
13 7 1 15 7 4 15 8 4 14 8 0 14 7 3 16 7 2 
 --- Bot used 27 milliseconds ---
-----------------------------------------------------------------------------
 --- Frame #114 ---
14 8 3 14 7 4 15 8 0 15 7 1 16 7 0 13 7 2 
 --- Bot used 34 milliseconds ---
-----------------------------------------------------------------------------
 --- Frame #115 ---
15 7 4 14 8 3 14 7 1 15 8 1 13 7 3 16 7 3 
 --- Bot used 31 milliseconds ---
-----------------------------------------------------------------------------
 --- Frame #116 ---
14 8 2 13 7 2 16 7 0 15 8 2 14 7 4 15 7 1 
 --- Bot used 32 milliseconds ---
-----------------------------------------------------------------------------
 --- Frame #117 ---
15 8 4 15 7 3 14 7 2 13 7 3 16 7 2 14 8 3 
 --- Bot used 30 milliseconds ---
-----------------------------------------------------------------------------
 --- Frame #118 ---
16 7 1 15 7 2 13 7 3 14 8 2 14 7 3 15 8 4 
 --- Bot used 26 milliseconds ---
-----------------------------------------------------------------------------
 --- Frame #119 ---
16 7 2 14 7 0 15 8 4 13 7 1 15 7 2 14 8 3 
 --- Bot used 46 milliseconds ---
-----------------------------------------------------------------------------
 --- Frame #120 ---
16 7 3 15 7 4 14 7 1 14 8 4 13 7 2 15 8 3 
 --- Bot used 50 milliseconds ---
-----------------------------------------------------------------------------
 --- Frame #121 ---
15 8 1 14 7 2 14 8 3 16 7 0 13 7 3 15 7 2 
 --- Bot used 54 milliseconds ---
-----------------------------------------------------------------------------
 --- Frame #122 ---
14 7 3 15 8 3 15 7 4 14 8 2 16 7 0 13 7 3 
 --- Bot used 48 milliseconds ---
-----------------------------------------------------------------------------
 --- Frame #123 ---
14 7 3 14 8 0 15 7 2 13 7 2 16 7 1 15 8 4 
 --- Bot used 39 milliseconds ---
-----------------------------------------------------------------------------
 --- Frame #124 ---
15 7 0 14 7 2 15 8 4 13 7 0 14 8 1 16 7 0 
 --- Bot used 59 milliseconds ---
-----------------------------------------------------------------------------
 --- Frame #125 ---
16 7 3 13 7 4 15 7 4 15 8 3 14 8 1 14 7 1 
 --- Bot used 44 milliseconds ---
-----------------------------------------------------------------------------
 --- Frame #126 ---
15 7 1 15 8 0 14 8 3 13 7 1 16 7 2 14 7 2 
 --- Bot used 43 milliseconds ---
-----------------------------------------------------------------------------
 --- Frame #127 ---
16 7 4 14 7 0 14 8 2 15 8 1 13 7 0 15 7 1 
 --- Bot used 56 milliseconds ---
-----------------------------------------------------------------------------
 --- Frame #128 ---
16 7 4 14 8 3 15 8 2 14 7 4 13 7 4 15 7 2 
 --- Bot used 26 milliseconds ---
-----------------------------------------------------------------------------
 --- Frame #129 ---
16 7 3 15 8 0 14 7 1 13 7 1 15 7 1 14 8 0 
 --- Bot used 25 milliseconds ---
-----------------------------------------------------------------------------
 --- Frame #130 ---
16 7 3 14 7 3 15 8 0 14 8 0 13 7 3 15 7 4 
 --- Bot used 39 milliseconds ---
-----------------------------------------------------------------------------
 --- Frame #131 ---
15 8 0 15 7 3 13 7 4 16 7 0 14 8 2 14 7 3 
 --- Bot used 59 milliseconds ---
-----------------------------------------------------------------------------
 --- Frame #132 ---
15 7 3 15 8 0 14 7 4 13 7 0 16 7 2 14 8 4 
 --- Bot used 38 milliseconds ---
-----------------------------------------------------------------------------
 --- Frame #133 ---
16 7 3 15 7 3 14 7 3 13 7 1 15 8 4 14 8 3 
 --- Bot used 43 milliseconds ---
-----------------------------------------------------------------------------
 --- Frame #134 ---
14 7 4 13 7 0 16 7 2 15 7 2 15 8 1 14 8 4 
 --- Bot used 28 milliseconds ---
-----------------------------------------------------------------------------
 --- Frame #135 ---
15 7 2 15 8 2 13 7 0 16 7 1 14 8 3 13 8 1 14 7 2 
 --- Bot used 54 milliseconds ---
-----------------------------------------------------------------------------
 --- Frame #136 ---
15 7 3 15 8 0 13 8 2 13 7 4 14 8 1 16 7 3 14 7 1 
 --- Bot used 30 milliseconds ---
-----------------------------------------------------------------------------
 --- Frame #137 ---
15 7 4 14 7 2 13 7 3 13 8 4 14 8 4 15 8 3 12 7 3 16 7 1 
 --- Bot used 31 milliseconds ---
-----------------------------------------------------------------------------
 --- Frame #138 ---
14 7 2 16 7 2 15 7 3 13 7 2 14 8 4 12 7 1 13 8 1 15 8 2 
 --- Bot used 26 milliseconds ---
-----------------------------------------------------------------------------
 --- Frame #139 ---
16 7 4 15 7 0 15 8 3 14 7 3 13 8 2 12 7 4 13 7 1 14 8 4 
 --- Bot used 53 milliseconds ---
-----------------------------------------------------------------------------
 --- Frame #140 ---
14 7 1 15 7 2 15 8 2 16 7 3 12 7 0 13 8 4 13 7 4 14 8 2 
 --- Bot used 37 milliseconds ---
-----------------------------------------------------------------------------
 --- Frame #141 ---
15 7 3 13 7 4 14 8 2 15 8 1 14 7 1 12 7 4 16 7 0 13 8 4 
 --- Bot used 35 milliseconds ---
-----------------------------------------------------------------------------
 --- Frame #142 ---
15 8 3 14 8 0 13 8 4 14 7 3 13 7 0 12 7 0 15 7 0 16 7 4 
 --- Bot used 56 milliseconds ---
-----------------------------------------------------------------------------
 --- Frame #143 ---
14 8 2 15 7 0 13 7 1 13 8 0 14 7 3 16 7 1 15 8 1 12 7 3 
 --- Bot used 37 milliseconds ---
-----------------------------------------------------------------------------
 --- Frame #144 ---
12 7 0 15 8 0 14 8 2 13 7 4 14 7 1 13 8 3 16 7 2 15 7 4 
 --- Bot used 31 milliseconds ---
-----------------------------------------------------------------------------
 --- Frame #145 ---
16 7 4 14 7 4 15 8 2 12 7 0 13 7 4 15 7 3 13 8 4 14 8 1 
 --- Bot used 42 milliseconds ---
-----------------------------------------------------------------------------
 --- Frame #146 ---
13 8 0 13 7 0 14 7 3 16 7 1 15 7 1 15 8 0 12 7 0 14 8 4 
 --- Bot used 44 milliseconds ---
-----------------------------------------------------------------------------
 --- Frame #147 ---
14 8 4 14 7 2 13 7 4 15 7 4 15 8 0 12 7 4 16 7 2 13 8 3 
 --- Bot used 33 milliseconds ---
-----------------------------------------------------------------------------
 --- Frame #148 ---
15 7 2 14 8 1 14 7 4 12 7 2 16 7 1 13 8 0 15 8 0 13 7 3 
 --- Bot used 55 milliseconds ---
-----------------------------------------------------------------------------
 --- Frame #149 ---
15 7 4 14 7 0 13 7 4 12 7 3 14 8 0 13 8 0 16 7 1 15 8 1 
 --- Bot used 35 milliseconds ---
-----------------------------------------------------------------------------
 --- Frame #150 ---
13 8 4 14 7 1 15 7 4 14 8 3 15 8 1 12 7 1 13 7 0 16 7 1 
 --- Bot used 29 milliseconds ---
-----------------------------------------------------------------------------
 --- Frame #151 ---
14 6 4 14 7 0 15 7 2 12 7 0 13 7 0 14 8 4 15 8 1 14 9 4 13 8 4 16 7 1 
 --- Bot used 32 milliseconds ---
-----------------------------------------------------------------------------
 --- Frame #152 ---
14 8 2 15 8 3 13 7 0 14 9 3 14 6 1 12 7 4 16 7 2 13 8 3 15 7 3 14 7 2 
 --- Bot used 37 milliseconds ---
-----------------------------------------------------------------------------
 --- Frame #153 ---
14 9 0 15 8 0 14 8 0 12 7 0 15 7 1 16 7 2 13 8 4 13 7 1 14 7 3 14 6 1 
 --- Bot used 49 milliseconds ---
-----------------------------------------------------------------------------
 --- Frame #154 ---
12 7 1 15 8 2 13 8 0 13 7 2 15 7 3 16 7 1 14 8 1 15 6 2 14 6 0 14 9 4 14 7 3 
 --- Bot used 31 milliseconds ---
-----------------------------------------------------------------------------
 --- Frame #155 ---
13 7 4 14 9 1 14 7 1 14 8 1 14 6 0 12 7 4 16 7 2 15 8 3 13 8 4 15 6 1 15 7 3 
 --- Bot used 48 milliseconds ---
-----------------------------------------------------------------------------
 --- Frame #156 ---
14 9 1 16 7 4 13 8 1 14 6 4 14 8 0 15 8 2 12 7 1 15 7 0 14 7 3 13 7 2 15 6 3 
 --- Bot used 27 milliseconds ---
-----------------------------------------------------------------------------
 --- Frame #157 ---
14 7 0 12 7 2 13 8 4 14 8 1 16 7 3 14 9 3 13 6 1 15 6 1 13 7 3 15 7 0 15 8 3 14 6 3 
 --- Bot used 27 milliseconds ---
-----------------------------------------------------------------------------
 --- Frame #158 ---
13 7 4 14 9 0 14 8 2 15 6 2 15 7 4 13 6 3 12 7 2 13 8 1 14 6 2 16 7 4 14 7 1 15 8 3 
 --- Bot used 38 milliseconds ---
-----------------------------------------------------------------------------
 --- Frame #159 ---
15 6 0 14 8 0 16 7 4 14 7 3 13 8 4 13 6 0 15 7 0 14 6 1 15 8 3 14 9 3 12 7 4 13 7 0 
 --- Bot used 43 milliseconds ---
-----------------------------------------------------------------------------
 --- Frame #160 ---
15 6 1 14 8 4 13 7 2 14 7 4 15 7 4 14 6 0 13 8 3 14 9 3 16 7 4 13 6 2 12 7 3 15 8 0 
 --- Bot used 40 milliseconds ---
-----------------------------------------------------------------------------
 --- Frame #161 ---
16 7 3 13 6 4 14 9 4 14 6 2 15 6 4 15 8 3 15 7 3 14 7 1 13 7 2 12 7 1 13 8 0 14 8 3 
 --- Bot used 27 milliseconds ---
-----------------------------------------------------------------------------
 --- Frame #162 ---
13 8 1 16 7 4 14 6 1 13 7 3 13 6 4 15 7 2 14 7 4 14 8 1 15 8 0 15 6 1 14 9 4 12 7 1 
 --- Bot used 36 milliseconds ---
-----------------------------------------------------------------------------
 --- Frame #163 ---
13 8 4 14 8 3 12 7 1 14 6 0 13 7 2 15 7 1 15 8 4 16 7 0 14 9 0 13 6 2 15 6 4 14 7 0 
 --- Bot used 34 milliseconds ---
-----------------------------------------------------------------------------
 --- Frame #164 ---
15 8 2 16 7 4 14 8 3 12 7 2 14 9 3 13 7 3 13 8 2 14 6 0 14 7 0 15 6 1 13 6 4 15 7 4 
 --- Bot used 36 milliseconds ---
-----------------------------------------------------------------------------
 --- Frame #165 ---
13 7 1 12 7 2 15 6 2 14 8 4 14 6 1 15 7 1 16 7 3 15 8 3 14 9 2 13 8 3 13 6 1 14 7 1 
 --- Bot used 27 milliseconds ---
-----------------------------------------------------------------------------
 --- Frame #166 ---
14 7 2 15 6 3 16 7 4 13 6 3 14 6 3 13 7 3 15 8 2 14 9 3 13 8 4 12 7 0 14 8 2 15 7 3 
 --- Bot used 28 milliseconds ---
-----------------------------------------------------------------------------
 --- Frame #167 ---
12 7 2 15 8 0 13 7 1 15 6 2 15 7 2 14 6 4 14 7 2 13 6 2 14 8 4 14 9 2 16 7 3 13 8 3 
 --- Bot used 32 milliseconds ---
-----------------------------------------------------------------------------
 --- Frame #168 ---
14 9 0 16 7 3 14 8 0 13 7 2 15 6 3 15 8 3 13 8 4 15 7 4 14 6 1 12 7 2 14 7 2 13 6 0 
 --- Bot used 57 milliseconds ---
-----------------------------------------------------------------------------
 --- Frame #169 ---
12 7 1 14 7 1 14 9 1 14 8 0 15 8 0 13 8 1 15 6 3 15 7 4 14 6 3 13 6 4 16 7 2 13 7 3 
 --- Bot used 49 milliseconds ---
-----------------------------------------------------------------------------
 --- Frame #170 ---
12 7 1 13 6 2 15 6 3 14 8 1 16 7 2 14 7 1 14 9 3 15 8 1 12 6 2 15 7 4 13 7 0 13 8 2 14 6 1 
 --- Bot used 51 milliseconds ---
-----------------------------------------------------------------------------
 --- Frame #171 ---
12 7 3 14 7 0 13 7 4 12 6 3 15 8 1 13 6 0 13 8 0 14 9 1 15 7 0 14 5 0 14 8 3 16 7 0 15 6 1 14 6 0 
 --- Bot used 31 milliseconds ---
-----------------------------------------------------------------------------
 --- Frame #172 ---
14 6 3 14 8 1 13 8 2 12 7 1 15 8 2 14 9 3 14 7 1 16 7 3 13 7 3 13 6 0 15 7 4 12 6 0 15 6 1 14 5 2 
 --- Bot used 28 milliseconds ---
-----------------------------------------------------------------------------
 --- Frame #173 ---
12 7 2 14 7 4 14 9 2 16 7 3 14 5 2 13 7 1 13 8 3 15 6 2 13 6 3 15 5 0 14 8 0 15 8 1 12 6 4 15 7 2 14 6 4 
 --- Bot used 35 milliseconds ---
-----------------------------------------------------------------------------
 --- Frame #174 ---
15 8 2 14 9 2 13 7 3 14 5 4 12 7 2 14 8 2 15 7 3 15 5 1 16 7 2 14 6 2 15 6 1 14 7 3 13 8 4 12 6 0 13 6 4 
 --- Bot used 34 milliseconds ---
-----------------------------------------------------------------------------
 --- Frame #175 ---
14 7 2 15 8 1 14 5 3 13 7 1 12 7 3 14 8 3 15 5 3 15 6 4 13 6 2 14 6 0 15 7 1 16 7 1 13 8 4 12 6 2 14 9 0 
 --- Bot used 46 milliseconds ---
-----------------------------------------------------------------------------
 --- Frame #176 ---
13 8 3 13 6 0 12 6 3 13 7 1 15 6 2 15 5 4 14 7 4 15 8 0 14 6 4 12 7 3 14 8 3 12 8 0 14 9 2 14 5 1 15 7 4 16 7 3 
 --- Bot used 34 milliseconds ---
-----------------------------------------------------------------------------
 --- Frame #177 ---
12 6 2 13 7 4 14 8 3 12 8 4 15 8 3 15 6 1 12 7 3 13 8 4 16 7 2 15 7 3 14 6 1 13 6 1 15 5 4 14 7 0 14 5 4 14 9 4 
 --- Bot used 99 milliseconds ---
-----------------------------------------------------------------------------
 --- Frame #178 ---
12 6 0 14 8 2 15 5 2 14 9 0 15 8 1 12 7 1 13 6 1 13 7 3 15 7 0 14 6 3 16 7 4 14 5 3 13 5 2 12 8 3 15 6 1 13 8 3 14 7 3 
 --- Bot used 47 milliseconds ---
-----------------------------------------------------------------------------
 --- Frame #179 ---
14 7 1 14 5 3 13 6 3 15 5 2 15 7 3 13 5 3 14 8 1 14 6 4 15 6 2 14 9 0 13 8 3 13 7 3 12 7 0 12 6 2 12 8 4 16 7 2 15 8 3 
 --- Bot used 38 milliseconds ---
-----------------------------------------------------------------------------
 --- Frame #180 ---
14 9 0 15 8 0 14 8 3 14 5 1 12 6 3 12 8 0 13 8 3 13 6 4 16 7 2 15 7 1 14 7 0 15 5 3 13 5 2 15 6 0 14 6 2 13 7 4 12 7 4 
 --- Bot used 39 milliseconds ---
-----------------------------------------------------------------------------
 --- Frame #181 ---
13 8 2 15 8 4 14 8 0 12 8 1 14 6 4 15 6 0 15 7 0 14 7 0 13 5 3 12 6 0 14 5 2 13 6 1 13 7 4 16 7 0 14 9 1 12 7 2 15 5 0 
 --- Bot used 31 milliseconds ---
-----------------------------------------------------------------------------
 --- Frame #182 ---
16 7 3 13 6 0 13 8 3 12 7 1 15 5 1 14 8 1 13 5 0 12 8 0 15 8 0 14 6 3 14 7 1 14 5 0 15 6 3 14 9 0 15 7 3 13 7 0 12 6 4 
 --- Bot used 31 milliseconds ---
-----------------------------------------------------------------------------
 --- Frame #183 ---
12 8 3 13 8 2 16 7 0 12 6 1 15 7 0 14 8 1 14 6 1 15 8 4 13 7 0 14 7 2 14 9 1 15 6 3 13 5 1 14 5 2 12 7 0 15 5 3 13 6 3 
 --- Bot used 43 milliseconds ---
-----------------------------------------------------------------------------
 --- Frame #184 ---
14 8 2 14 7 3 16 7 1 13 8 1 14 6 1 14 9 3 13 7 2 15 7 4 12 7 0 15 6 4 12 8 2 13 6 4 15 8 1 13 5 0 15 5 1 14 5 3 12 6 0 
 --- Bot used 55 milliseconds ---
-----------------------------------------------------------------------------
 --- Frame #185 ---
13 5 0 14 9 4 14 7 1 12 8 1 15 8 0 15 6 0 14 6 4 13 7 3 14 8 0 15 7 1 13 8 0 14 5 4 13 6 4 15 5 2 12 6 1 12 7 2 16 7 2 
 --- Bot used 45 milliseconds ---
-----------------------------------------------------------------------------
 --- Frame #186 ---
14 5 1 15 5 1 13 8 4 12 8 4 15 6 0 15 8 0 12 7 1 12 6 3 13 6 3 14 9 4 13 7 4 14 7 2 15 7 3 16 7 4 14 6 4 13 5 2 14 8 2 
 --- Bot used 62 milliseconds ---
-----------------------------------------------------------------------------
 --- Frame #187 ---
14 5 2 14 6 4 13 6 4 12 7 4 12 6 4 14 9 1 13 8 4 15 6 2 13 7 3 14 7 1 13 5 1 15 5 2 15 8 0 14 8 0 12 8 1 16 7 0 15 7 1 
 --- Bot used 53 milliseconds ---
-----------------------------------------------------------------------------
 --- Frame #188 ---
13 8 1 14 9 0 15 5 3 14 5 3 13 7 3 12 8 2 15 7 0 12 7 4 14 6 1 13 6 4 15 6 0 14 8 1 15 8 0 13 5 1 12 6 1 16 7 2 14 7 2 
 --- Bot used 97 milliseconds ---
-----------------------------------------------------------------------------
 --- Frame #189 ---
11 7 3 13 6 0 16 7 0 14 8 1 12 6 2 14 9 1 12 5 1 14 5 0 15 8 4 15 7 2 15 6 2 14 7 1 13 8 2 13 5 2 14 6 0 13 7 4 12 7 2 12 8 2 15 5 3 
 --- Bot used 33 milliseconds ---
-----------------------------------------------------------------------------
 --- Frame #190 ---
13 6 0 12 7 3 13 8 2 12 5 1 16 7 1 11 7 1 15 7 2 14 7 4 15 6 0 15 8 4 13 7 0 14 8 0 12 4 2 14 6 0 14 5 3 12 6 1 14 9 1 15 5 3 13 5 0 12 8 3 
 --- Bot used 36 milliseconds ---
-----------------------------------------------------------------------------
 --- Frame #191 ---
15 7 3 13 5 4 12 5 2 12 8 3 12 4 0 14 5 4 13 8 0 15 5 0 14 9 1 15 8 4 14 8 3 16 7 2 16 6 1 13 4 3 14 6 2 12 7 3 15 6 4 11 7 3 14 7 2 12 6 0 13 6 0 13 7 3 
 --- Bot used 79 milliseconds ---
-----------------------------------------------------------------------------
 --- Frame #192 ---
12 7 4 15 5 4 13 5 0 12 5 1 12 6 1 14 9 2 15 7 4 12 4 0 14 6 1 13 6 2 14 5 3 11 7 3 12 8 1 16 6 4 13 7 3 13 8 0 15 8 0 14 8 0 15 6 2 13 4 4 14 7 3 16 7 3 
 --- Bot used 69 milliseconds ---
-----------------------------------------------------------------------------
 --- Frame #193 ---
14 7 1 11 7 2 12 8 4 15 6 1 14 6 3 12 6 3 15 5 1 13 4 0 15 9 1 16 7 2 12 5 3 13 8 0 12 4 0 15 7 2 13 7 4 12 7 2 16 6 4 15 8 3 13 6 1 14 5 0 13 5 0 14 8 0 14 9 3 
 --- Bot used 76 milliseconds ---
-----------------------------------------------------------------------------
 --- Frame #194 ---
15 5 3 13 8 4 12 8 2 13 6 0 14 8 1 14 6 1 12 4 3 14 5 3 15 7 2 13 7 1 12 5 2 15 8 3 15 6 2 16 6 2 12 6 1 13 5 0 16 7 3 13 4 2 14 9 4 14 7 0 11 7 4 15 9 1 12 7 2 
 --- Bot used 63 milliseconds ---
-----------------------------------------------------------------------------
 --- Frame #195 ---
12 4 0 13 7 3 15 5 0 11 7 1 13 4 2 15 9 3 15 8 4 15 7 2 12 5 0 12 8 2 12 7 0 15 6 0 14 7 3 14 6 1 12 6 0 16 7 0 14 9 2 16 6 1 14 8 2 14 5 0 13 8 4 13 6 0 13 5 4 
 --- Bot used 71 milliseconds ---
-----------------------------------------------------------------------------
 --- Frame #196 ---
11 7 3 13 8 0 12 7 0 16 7 3 14 7 4 14 9 3 14 5 3 14 6 4 13 6 1 15 10 1 12 4 0 15 9 4 15 7 0 14 8 3 15 8 1 16 6 3 12 5 4 12 6 3 15 6 3 13 7 1 12 8 1 13 5 4 15 5 4 13 4 0 
 --- Bot used 80 milliseconds ---
-----------------------------------------------------------------------------
 --- Frame #197 ---
15 10 4 16 7 3 15 7 3 13 5 1 15 5 1 12 8 3 13 4 3 15 6 4 11 7 1 14 7 3 12 4 1 13 6 4 13 7 0 14 6 3 12 5 0 15 9 2 14 9 1 11 5 0 16 6 2 12 6 3 12 7 2 15 8 2 14 8 3 14 5 4 13 8 3 
 --- Bot used 42 milliseconds ---
-----------------------------------------------------------------------------
 --- Frame #198 ---
14 6 1 12 7 3 15 6 0 16 6 2 15 9 4 12 6 0 13 7 0 15 7 3 12 8 3 15 8 1 14 8 1 13 6 1 12 5 4 16 7 4 11 7 2 14 7 3 13 9 0 14 5 4 14 9 0 15 10 2 12 4 0 13 4 0 15 5 1 13 5 3 11 5 2 13 8 0 
 --- Bot used 58 milliseconds ---
-----------------------------------------------------------------------------
 --- Frame #199 ---
15 7 3 16 7 3 11 7 3 13 8 3 15 10 3 16 6 1 14 8 4 15 6 0 14 6 4 13 6 0 12 6 4 15 5 2 14 5 0 15 8 2 12 5 0 14 7 1 12 8 1 13 7 0 13 9 1 12 7 2 13 4 0 11 5 3 13 5 2 14 9 3 12 4 2 15 9 3 
 --- Bot used 67 milliseconds ---
-----------------------------------------------------------------------------
 --- Frame #200 ---
13 9 0 14 8 3 14 9 4 12 8 3 12 7 1 11 7 0 14 7 2 16 6 0 15 6 0 14 6 0 15 8 4 13 6 2 12 6 4 15 9 4 13 8 4 15 5 3 15 7 3 14 5 0 13 5 1 16 7 3 12 5 0 15 10 0 13 7 1 11 6 0 13 4 0 11 5 1 12 4 1 
 --- Bot used 42 milliseconds ---
-----------------------------------------------------------------------------
 --- Frame #201 ---
14 7 0 15 10 2 14 9 2 13 6 1 12 8 2 14 5 4 16 6 4 13 9 3 11 7 0 12 5 4 13 4 4 15 5 1 15 6 0 15 8 1 13 7 3 12 6 0 16 7 1 15 9 2 12 4 1 11 5 1 13 5 4 12 7 1 13 8 0 14 8 2 14 6 1 11 6 4 15 7 0 
 --- Bot used 71 milliseconds ---
-----------------------------------------------------------------------------
 --- Frame #202 ---
13 7 4 12 7 0 13 4 0 12 8 3 12 5 0 16 6 4 11 6 1 14 5 4 15 7 4 11 7 4 14 6 4 14 7 1 13 6 4 12 4 4 12 6 2 15 5 2 14 8 0 15 6 3 15 9 3 14 9 2 15 8 4 13 8 1 13 9 3 11 5 3 16 7 3 15 10 4 13 5 2 
 --- Bot used 48 milliseconds ---
-----------------------------------------------------------------------------
 --- Frame #203 ---
13 7 1 12 7 0 11 7 2 13 4 3 15 6 3 14 6 0 13 6 4 12 6 1 12 8 0 11 6 4 14 5 2 13 5 2 12 5 0 15 10 1 13 8 3 16 6 1 11 5 0 12 4 1 15 5 1 15 7 1 15 8 4 14 8 4 13 9 0 16 7 2 14 7 4 15 9 3 11 4 4 14 9 1 
 --- Bot used 49 milliseconds ---
-----------------------------------------------------------------------------
 --- Frame #204 ---
12 7 0 11 7 4 13 8 4 16 6 3 14 8 1 15 6 1 14 6 0 13 6 4 14 9 0 15 9 0 12 6 0 11 6 4 10 6 2 15 5 1 16 7 2 13 9 1 14 5 2 13 5 1 12 5 0 12 8 2 13 4 0 11 5 1 12 4 3 15 10 1 15 8 4 11 4 1 13 7 4 14 7 1 15 7 0 
 --- Bot used 88 milliseconds ---
-----------------------------------------------------------------------------
 --- Frame #205 ---
11 7 4 15 7 3 16 6 2 15 6 3 14 5 0 14 9 1 14 7 2 13 6 2 12 6 1 11 6 2 14 8 4 16 7 0 12 8 4 14 6 4 13 9 0 13 7 1 12 5 1 15 5 1 15 10 1 15 8 1 13 8 0 15 9 1 13 4 4 15 4 0 13 5 2 12 4 4 11 5 2 10 6 3 11 4 1 12 7 4 
 --- Bot used 48 milliseconds ---
-----------------------------------------------------------------------------
 --- Frame #206 ---
13 9 3 14 7 1 11 5 0 15 8 4 10 6 0 15 10 1 14 8 4 15 4 0 14 6 4 13 7 0 12 6 4 13 8 4 13 5 2 15 7 4 15 9 2 14 9 4 11 4 3 13 4 2 11 7 1 15 6 4 12 8 2 14 5 1 11 6 0 15 5 4 16 6 2 12 5 2 12 7 3 16 7 1 12 4 0 13 6 2 
 --- Bot used 74 milliseconds ---
-----------------------------------------------------------------------------
 --- Frame #207 ---
11 7 2 13 4 4 14 8 4 15 5 3 15 7 1 12 7 4 10 6 3 13 8 1 16 6 3 16 7 1 12 6 3 15 9 0 13 6 4 11 4 0 12 4 2 12 5 0 15 4 0 14 9 1 13 9 3 15 8 4 13 7 2 14 7 3 14 6 2 13 5 0 15 6 0 12 8 3 11 5 3 14 5 0 11 6 2 15 10 1 
 --- Bot used 45 milliseconds ---
-----------------------------------------------------------------------------
 --- Frame #208 ---
14 7 0 13 7 3 12 7 2 14 9 3 11 7 3 14 8 4 15 6 0 14 6 3 13 6 3 12 6 1 11 6 2 15 8 3 10 6 4 15 5 0 14 5 3 16 6 4 12 5 0 12 8 1 15 7 0 13 8 1 13 5 3 15 10 0 16 7 1 13 4 4 15 4 3 12 9 4 11 5 3 15 9 1 12 4 0 13 9 2 11 4 4 
 --- Bot used 48 milliseconds ---
-----------------------------------------------------------------------------
 --- Frame #209 ---
14 7 0 13 7 2 12 7 4 15 9 1 11 7 3 15 8 2 16 6 0 15 6 2 14 6 2 13 6 1 12 6 1 14 9 0 11 6 1 15 7 4 10 6 2 16 7 1 15 5 4 15 10 1 12 9 0 13 8 3 14 5 2 13 5 0 12 5 3 12 8 4 13 9 3 13 4 1 15 4 2 12 4 4 11 5 4 11 4 3 14 8 1 
 --- Bot used 39 milliseconds ---
-----------------------------------------------------------------------------
 --- Frame #210 ---
15 6 0 12 6 4 11 6 2 12 5 2 13 4 1 13 8 3 11 5 2 13 5 0 13 9 0 14 8 0 15 5 4 12 9 0 15 8 1 15 4 0 14 7 3 14 6 1 11 4 4 13 7 3 12 7 0 12 4 0 15 9 1 11 7 0 13 6 3 10 6 1 14 9 2 15 7 1 16 7 4 14 5 0 12 8 0 15 10 1 16 6 4 
 --- Bot used 40 milliseconds ---
-----------------------------------------------------------------------------
 --- Frame #211 ---
14 7 2 13 7 3 12 7 2 11 7 0 16 6 2 14 6 1 11 4 1 12 6 4 11 6 0 10 6 0 15 7 0 15 5 2 14 5 0 13 5 4 15 6 1 13 6 0 13 4 2 12 4 4 11 5 4 15 4 2 12 8 0 12 5 2 16 7 0 15 10 4 15 9 0 13 9 2 14 9 4 12 9 3 15 8 3 14 8 2 10 4 2 13 8 2 
 --- Bot used 63 milliseconds ---
-----------------------------------------------------------------------------
 --- Frame #212 ---
14 7 4 15 8 2 13 7 3 12 7 2 11 7 2 16 6 3 15 6 3 14 6 3 13 6 1 12 6 3 11 6 0 14 9 0 15 10 2 16 7 0 15 7 2 10 6 0 15 5 0 14 5 4 13 5 0 12 4 3 12 8 2 14 8 1 13 4 0 11 5 4 11 4 3 15 4 1 13 9 1 12 5 0 13 8 3 15 9 2 12 9 3 10 4 4 
 --- Bot used 63 milliseconds ---
-----------------------------------------------------------------------------
 --- Frame #213 ---
14 7 3 13 7 2 12 7 4 15 8 4 11 7 2 11 5 2 15 6 0 14 6 0 13 6 4 12 6 1 11 6 2 10 6 3 15 5 3 14 5 2 14 8 0 13 5 3 15 7 2 12 5 1 12 8 0 12 9 4 13 4 0 12 4 1 11 4 3 15 4 0 16 8 4 16 6 4 13 8 4 13 9 1 10 4 3 15 10 1 14 9 2 15 9 1 16 7 1 
 --- Bot used 108 milliseconds ---
-----------------------------------------------------------------------------
 --- Frame #214 ---
15 7 2 14 7 3 13 7 0 12 7 0 11 7 4 16 6 0 15 6 2 14 6 1 13 6 3 12 6 1 11 6 4 10 6 1 15 5 0 14 5 0 13 5 1 12 5 3 12 8 1 12 9 3 13 4 0 12 4 2 11 5 3 11 4 2 15 4 1 15 9 4 13 9 1 16 8 3 15 10 1 15 8 1 14 8 1 13 8 0 14 9 2 10 4 2 16 7 0 
 --- Bot used 40 milliseconds ---
-----------------------------------------------------------------------------
 --- Frame #215 ---
15 7 4 13 7 4 12 7 4 11 7 0 16 6 3 15 9 0 15 6 4 14 6 1 13 6 0 12 6 1 11 6 3 10 6 0 15 5 1 14 5 0 11 4 2 12 5 0 12 8 2 13 5 4 12 9 0 13 4 3 12 4 4 11 5 2 14 7 3 15 4 3 14 9 3 13 9 3 16 8 3 15 10 1 15 8 1 14 8 1 13 8 2 16 7 3 10 4 4 
 --- Bot used 106 milliseconds ---
-----------------------------------------------------------------------------
 --- Frame #216 ---
16 7 2 15 7 2 14 7 1 10 6 4 12 7 2 11 7 2 16 6 2 15 9 2 15 6 1 14 9 2 13 9 1 14 8 2 14 6 0 13 6 2 12 6 4 11 6 4 13 7 1 15 5 4 14 5 3 13 5 4 12 5 4 12 8 1 12 9 0 15 8 3 16 8 1 13 4 0 12 4 1 11 5 3 11 4 1 15 4 2 13 8 4 15 10 1 10 4 2 
 --- Bot used 75 milliseconds ---
-----------------------------------------------------------------------------
 --- Frame #217 ---
11 5 3 17 7 4 15 9 4 15 5 3 14 7 4 14 5 4 11 7 2 13 4 0 12 9 4 13 6 0 15 10 2 13 9 4 14 9 2 11 4 1 15 7 3 12 7 3 12 6 0 10 6 3 16 8 0 13 7 1 13 5 2 15 6 0 16 6 2 12 4 1 14 6 3 12 5 0 11 6 3 15 4 2 15 8 4 10 4 2 14 8 4 13 8 2 12 8 1 16 7 1 
 --- Bot used 91 milliseconds ---
-----------------------------------------------------------------------------
 --- Frame #218 ---
16 7 3 15 7 2 14 7 4 13 7 1 12 7 3 11 7 1 16 6 1 15 6 2 14 6 2 13 6 4 12 6 1 11 6 1 10 6 0 15 5 0 14 5 4 13 5 2 12 5 3 17 7 2 12 9 1 13 4 1 12 4 2 11 5 1 11 4 2 15 4 2 15 9 0 14 9 1 13 9 1 12 8 1 15 10 3 16 8 4 14 8 1 15 8 0 13 8 2 10 4 2 
 --- Bot used 49 milliseconds ---
-----------------------------------------------------------------------------
 --- Frame #219 ---
11 5 4 12 4 1 15 5 3 16 5 1 15 4 4 11 6 4 16 7 1 15 7 4 12 9 4 10 6 1 11 4 1 12 6 4 12 5 0 15 10 1 17 7 0 14 8 4 13 6 3 14 9 0 13 9 4 15 9 1 16 8 1 15 8 1 13 4 0 14 6 2 10 4 2 15 6 3 16 6 4 11 7 4 12 7 2 13 7 1 13 5 2 14 7 3 13 8 3 14 5 1 12 8 3 
 --- Bot used 89 milliseconds ---
-----------------------------------------------------------------------------
 --- Frame #220 ---
15 9 4 12 5 3 15 6 2 14 6 4 15 5 0 12 7 1 11 7 1 16 6 1 15 10 2 11 5 4 14 5 0 13 7 3 16 7 4 16 5 1 13 6 2 14 7 0 11 4 1 10 6 0 13 4 4 12 9 4 10 4 1 13 9 1 13 8 1 12 8 2 13 5 3 14 8 2 17 7 3 15 8 2 15 4 0 14 9 2 16 8 4 12 6 0 10 5 1 15 7 4 12 4 1 11 6 4 
 --- Bot used 70 milliseconds ---
-----------------------------------------------------------------------------
 --- Frame #221 ---
12 9 2 14 5 4 15 4 4 15 6 4 10 6 0 13 8 4 12 8 0 14 8 3 15 9 3 15 5 3 11 5 2 15 8 3 13 4 2 16 6 3 13 9 4 11 7 2 13 7 0 16 8 0 14 9 2 14 6 2 11 6 3 10 5 4 17 7 0 15 10 3 13 6 2 12 5 3 12 7 4 12 6 3 10 4 4 16 5 3 12 4 2 13 5 3 14 7 4 15 7 0 16 7 3 11 4 2 
 --- Bot used 46 milliseconds ---
-----------------------------------------------------------------------------
 --- Frame #222 ---
13 7 1 12 7 4 15 4 1 12 4 4 14 6 0 13 6 0 12 6 1 14 5 4 11 5 3 12 9 3 9 4 3 15 8 1 13 4 2 10 5 4 15 6 1 16 7 1 12 5 2 14 7 2 11 6 0 16 6 1 15 5 3 15 7 0 15 9 3 14 8 3 12 8 4 11 7 3 16 5 0 13 5 3 13 9 4 15 10 2 16 8 0 11 4 4 10 6 1 10 4 4 17 7 2 13 8 2 14 9 1 
 --- Bot used 42 milliseconds ---
-----------------------------------------------------------------------------
 --- Frame #223 ---
12 5 1 13 5 3 11 5 1 10 5 0 16 5 1 13 4 1 12 8 0 10 6 3 15 9 2 14 9 2 13 9 4 15 6 0 15 10 1 13 8 3 13 7 2 16 8 2 14 6 0 14 8 3 16 7 2 15 7 2 12 7 1 15 8 1 11 7 4 16 6 0 12 4 4 15 5 3 11 6 0 11 4 1 14 5 1 10 4 4 9 4 1 17 7 0 11 8 2 9 5 4 15 4 1 12 6 2 12 9 2 14 7 4 13 6 1 
 --- Bot used 50 milliseconds ---
-----------------------------------------------------------------------------
 --- Frame #224 ---
13 6 2 12 5 4 10 7 2 15 7 3 16 6 2 15 10 0 15 6 0 14 6 2 13 7 2 12 6 4 15 9 1 11 6 4 12 7 4 16 5 2 15 5 1 14 5 2 13 8 2 15 4 0 11 7 1 11 5 1 16 7 0 14 7 3 13 9 2 16 8 0 15 8 2 10 5 3 14 8 4 8 5 0 12 8 0 12 9 0 10 6 2 13 4 3 17 7 0 11 4 1 13 5 4 10 4 1 9 5 0 12 4 1 11 8 0 14 9 1 9 4 1 
 --- Bot used 61 milliseconds ---
-----------------------------------------------------------------------------
 --- Frame #225 ---
10 7 4 11 4 3 13 5 0 15 10 2 8 5 2 14 9 2 12 4 4 13 9 4 10 5 2 9 5 3 15 9 2 16 5 2 15 8 4 16 7 2 12 8 3 9 4 0 15 5 3 17 7 4 13 4 2 15 6 1 10 6 4 12 6 3 12 9 4 12 7 1 15 4 4 14 8 0 15 7 4 14 5 0 11 5 3 11 7 0 13 7 2 13 8 1 16 8 1 11 6 4 11 8 1 13 6 4 14 6 4 14 7 0 10 4 4 12 5 2 16 6 1 
 --- Bot used 44 milliseconds ---
-----------------------------------------------------------------------------
 --- Frame #226 ---
15 7 2 14 8 1 14 7 0 13 7 4 9 5 0 11 7 4 11 8 1 16 6 2 15 6 2 14 6 0 13 6 0 12 6 4 11 6 0 10 6 0 9 6 4 16 5 4 12 9 1 15 5 1 16 8 4 14 5 4 13 5 0 12 5 4 11 5 0 10 5 0 15 10 2 13 8 1 8 5 0 10 7 4 12 7 4 12 8 2 13 4 3 12 4 1 15 9 4 15 4 0 10 4 2 11 4 4 15 8 4 16 7 1 17 7 0 13 9 3 9 4 2 14 9 1 
 --- Bot used 51 milliseconds ---
-----------------------------------------------------------------------------
 --- Frame #227 ---
9 4 0 11 6 3 15 5 1 15 8 1 15 9 3 14 5 1 14 9 4 11 5 1 16 7 4 14 7 4 13 5 1 16 6 2 12 6 1 13 4 1 8 5 2 10 6 3 12 9 2 17 7 3 11 7 2 12 7 3 12 5 1 11 8 2 13 8 4 14 6 2 9 6 1 9 5 0 13 7 4 13 6 2 11 4 2 16 5 0 15 6 1 15 7 0 10 7 0 13 9 3 10 5 4 15 10 2 16 8 2 8 6 2 12 4 1 12 8 3 15 4 0 14 8 0 10 4 0 
 --- Bot used 89 milliseconds ---
-----------------------------------------------------------------------------
 --- Frame #228 ---
11 5 1 17 7 2 16 7 4 12 7 3 12 8 2 16 6 3 12 9 2 10 7 2 10 4 0 15 4 1 13 6 3 9 5 0 11 6 3 9 6 0 10 5 2 8 5 1 14 5 0 11 7 0 17 8 1 15 8 4 13 4 3 8 6 2 14 9 1 12 5 0 13 5 1 15 7 4 13 8 4 14 7 2 9 4 2 13 7 2 15 9 3 11 8 0 14 8 2 15 6 2 14 6 2 12 4 4 11 4 3 10 6 2 12 6 2 15 10 1 16 5 0 15 5 4 13 9 3 16 8 1 
 --- Bot used 69 milliseconds ---
-----------------------------------------------------------------------------
 --- Frame #229 ---
16 8 4 13 6 2 16 5 1 9 6 0 15 8 3 13 4 0 11 5 3 15 6 4 11 8 1 14 6 4 9 4 1 14 9 0 12 8 3 12 7 2 11 6 0 16 7 2 13 8 1 10 6 1 14 8 2 12 5 4 9 5 3 12 9 0 15 9 3 13 9 3 14 7 0 13 5 4 14 5 0 15 5 2 15 10 1 8 5 1 8 6 3 12 4 4 12 6 2 16 6 1 11 4 1 10 4 4 11 7 2 10 7 1 15 4 2 10 5 1 17 7 3 15 7 4 13 7 3 17 8 1 15 3 3 
 --- Bot used 97 milliseconds ---
-----------------------------------------------------------------------------
 --- Frame #230 ---
8 6 2 17 7 0 8 5 4 9 5 0 11 4 1 13 5 3 14 5 0 15 8 4 12 8 0 16 8 0 10 6 0 16 5 2 13 6 0 12 9 2 15 9 4 15 3 3 14 6 2 16 6 2 11 8 2 12 7 3 13 7 0 15 7 0 12 4 3 13 4 0 13 8 2 14 8 0 10 5 0 11 5 3 15 4 3 12 5 1 15 10 2 9 6 1 11 6 0 12 6 2 17 8 3 13 9 0 14 9 1 10 4 0 15 6 2 10 7 1 11 7 4 15 5 2 9 4 2 14 7 2 16 7 3 
 --- Bot used 65 milliseconds ---
-----------------------------------------------------------------------------
 --- Frame #231 ---
15 9 3 13 9 4 16 5 0 14 6 1 8 5 2 10 5 2 12 5 2 13 8 2 10 7 2 13 7 3 14 9 0 14 7 2 15 8 4 8 6 2 15 3 0 16 8 0 14 8 1 15 5 3 17 8 1 13 6 1 10 6 0 14 5 3 9 6 3 11 8 4 13 4 2 15 10 4 15 7 1 12 6 2 15 6 0 17 7 4 12 8 2 12 7 2 15 4 1 16 7 4 11 7 0 11 4 2 12 4 1 9 4 2 12 9 2 13 5 3 16 6 4 10 4 1 11 5 0 9 5 0 11 6 4 
 --- Bot used 103 milliseconds ---
-----------------------------------------------------------------------------
 --- Frame #232 ---
10 7 0 9 6 1 13 4 3 12 8 4 13 7 1 14 9 0 10 5 2 14 8 4 11 5 4 17 8 2 15 3 3 8 6 4 14 5 4 16 5 0 11 6 3 13 6 2 16 6 4 10 4 2 13 9 1 15 8 1 16 7 0 16 8 4 12 4 2 10 3 0 8 5 4 12 5 0 12 9 3 11 4 2 12 7 4 14 7 1 15 9 0 9 4 4 13 5 0 15 5 1 9 5 0 15 10 0 10 6 4 12 6 4 14 6 3 15 6 1 11 8 1 13 8 3 15 7 4 17 7 3 15 4 0 12 3 4 11 7 1 
 --- Bot used 72 milliseconds ---
-----------------------------------------------------------------------------
 --- Frame #233 ---
13 5 0 11 5 1 9 5 1 8 6 4 12 4 0 15 9 4 13 8 1 12 8 2 15 10 0 10 4 0 10 7 0 14 5 0 15 4 2 12 9 3 9 4 1 12 6 0 15 8 2 13 6 1 15 7 3 16 7 0 16 8 4 11 7 0 13 7 4 16 6 2 14 7 0 11 6 2 15 3 4 12 5 3 14 6 1 10 5 1 8 5 3 13 4 1 17 7 2 17 8 3 11 4 3 11 8 1 15 5 1 12 3 3 13 9 1 11 3 3 14 8 0 16 5 0 12 7 3 14 9 0 9 6 3 10 3 0 15 6 2 10 6 0 
 --- Bot used 87 milliseconds ---
-----------------------------------------------------------------------------
 --- Frame #234 ---
11 3 3 14 9 2 15 4 4 12 3 4 9 4 2 13 4 0 10 3 0 13 9 4 12 9 3 8 5 2 17 8 1 11 4 3 15 10 4 10 5 1 11 5 0 12 5 4 14 5 3 16 8 4 9 6 0 12 4 3 15 8 1 14 8 4 13 8 3 12 8 0 15 9 1 15 3 4 17 7 2 15 7 4 16 7 1 14 7 1 16 5 1 13 7 3 12 7 4 11 7 1 11 8 2 16 6 1 15 6 4 9 5 3 14 6 1 13 6 3 12 6 2 10 4 3 11 6 0 8 6 4 10 7 4 10 6 0 13 5 0 15 5 0 
 --- Bot used 64 milliseconds ---
-----------------------------------------------------------------------------
 --- Frame #235 ---
13 9 4 14 9 2 15 8 1 15 7 2 14 8 1 10 7 0 11 6 0 17 8 2 11 8 1 11 7 1 9 6 4 15 6 4 16 7 1 10 6 3 16 6 0 12 4 0 13 4 1 15 4 2 8 5 0 9 5 3 13 8 3 12 5 3 16 5 2 12 9 4 13 6 0 12 6 1 14 6 0 12 7 4 17 7 1 11 3 0 12 3 3 15 3 3 9 4 2 10 3 3 15 9 1 15 5 2 14 5 0 13 7 4 14 7 0 8 6 3 10 4 4 10 5 4 11 4 3 13 5 2 14 4 3 15 10 0 12 8 4 16 8 2 11 5 1 
 --- Bot used 61 milliseconds ---
-----------------------------------------------------------------------------
 --- Frame #236 ---
10 3 4 14 9 4 9 6 2 10 6 2 11 6 3 12 6 3 15 9 0 13 6 3 14 6 3 15 6 2 9 4 4 16 6 4 11 3 0 11 8 4 10 7 0 11 7 2 12 3 3 12 7 4 15 3 1 13 7 2 8 6 0 14 7 2 10 4 1 15 7 3 11 4 1 16 7 2 12 4 1 17 7 2 13 4 3 13 9 4 14 4 4 12 8 4 15 4 2 13 8 0 8 5 3 14 8 2 9 5 4 10 5 1 15 10 0 11 5 0 12 5 0 13 5 3 14 5 0 15 5 4 16 5 2 15 8 0 16 8 2 17 8 0 12 9 4 
 --- Bot used 62 milliseconds ---
-----------------------------------------------------------------------------
 --- Frame #237 ---
11 9 0 17 8 1 16 8 3 15 8 1 15 9 3 16 5 0 15 5 4 15 10 4 14 5 1 13 5 3 12 5 0 11 5 0 14 9 0 10 5 0 9 5 3 14 8 4 8 5 3 13 8 3 15 4 3 12 8 4 14 4 4 12 9 4 13 4 0 17 7 4 12 4 3 16 7 2 11 4 2 15 7 3 10 4 0 14 7 1 9 4 0 13 7 1 8 4 2 12 7 1 15 3 4 11 7 4 12 3 2 11 8 2 8 6 2 16 6 0 11 3 4 15 6 1 10 7 0 14 6 2 13 6 0 12 6 1 11 6 4 10 6 0 9 6 4 13 9 2 10 3 2 
 --- Bot used 103 milliseconds ---
-----------------------------------------------------------------------------
 --- Frame #238 ---
12 3 3 16 5 2 13 9 3 9 6 2 8 6 1 13 4 4 14 4 1 10 6 2 11 6 4 12 6 0 13 6 3 14 6 3 15 6 4 16 6 4 11 8 0 11 7 1 12 7 3 13 7 3 11 5 4 14 7 0 14 5 4 15 7 1 9 5 2 8 5 4 16 7 1 17 7 4 17 8 1 15 4 0 10 7 3 10 3 0 11 3 3 11 4 2 16 8 3 12 4 0 10 4 1 11 9 0 15 5 3 15 3 1 10 5 0 8 4 3 14 9 3 15 10 3 14 10 1 15 9 3 9 4 2 12 5 0 13 5 3 12 9 2 12 8 4 13 8 1 14 8 0 15 8 2 
 --- Bot used 63 milliseconds ---
-----------------------------------------------------------------------------
 --- Frame #239 ---
14 9 2 10 7 4 14 6 1 13 4 1 8 6 4 14 3 4 11 3 0 11 8 0 12 7 3 10 3 4 13 9 0 11 6 4 15 10 3 10 6 0 10 4 0 9 4 2 8 4 2 11 4 0 15 4 3 12 9 2 9 6 3 16 8 1 16 5 4 15 5 0 14 5 4 17 8 4 13 5 2 12 5 0 15 3 2 14 7 1 14 8 1 13 8 0 12 8 2 13 6 4 12 3 3 12 4 3 14 10 3 12 6 0 13 7 1 16 6 0 15 6 1 15 9 1 11 5 3 11 9 4 10 5 2 8 5 0 9 5 1 17 7 1 15 7 3 15 8 0 14 4 2 11 7 4 16 7 0 
 --- Bot used 57 milliseconds ---
-----------------------------------------------------------------------------
 --- Frame #240 ---
11 3 2 8 5 1 12 3 1 8 4 1 9 5 4 9 4 3 10 5 1 11 9 2 10 4 3 11 4 2 12 4 1 12 9 4 14 9 4 13 4 0 14 4 0 15 4 0 11 5 3 12 5 2 13 5 1 14 5 3 15 5 3 16 5 3 14 8 2 9 6 4 10 6 1 11 6 0 12 6 4 13 6 3 14 6 1 15 6 0 16 6 2 11 8 4 11 7 3 12 7 3 13 7 1 14 7 4 15 9 0 10 3 4 13 9 0 14 10 0 15 7 3 9 3 2 16 7 4 16 8 3 13 3 4 17 8 2 17 7 1 8 6 2 15 8 3 15 10 4 14 3 3 12 8 4 15 3 2 13 8 0 10 7 2 
 --- Bot used 76 milliseconds ---
-----------------------------------------------------------------------------
 --- Frame #241 ---
16 6 3 11 9 0 12 6 0 11 8 0 11 7 0 15 10 2 12 7 4 15 8 1 14 6 2 15 9 2 16 8 1 9 6 0 14 8 3 16 5 1 12 9 3 13 9 1 8 5 4 13 5 4 13 7 0 17 8 0 14 7 1 15 7 2 16 7 4 17 7 1 13 8 2 12 8 1 9 3 2 15 4 0 9 5 2 15 6 1 8 6 3 10 6 4 10 3 3 13 6 4 10 7 2 11 3 4 12 3 1 13 3 0 15 5 1 14 3 2 11 6 1 15 3 4 14 5 4 12 5 4 11 5 3 14 9 0 8 4 1 9 4 4 10 4 0 10 5 1 14 10 0 11 4 3 12 4 1 13 4 3 14 4 3 
 --- Bot used 95 milliseconds ---
-----------------------------------------------------------------------------
 --- Frame #242 ---
13 5 1 12 5 4 11 5 4 10 5 4 9 5 3 15 9 4 14 10 2 14 8 3 11 4 2 12 7 3 8 4 4 11 7 4 15 3 0 11 8 4 14 3 0 16 6 2 13 3 0 15 6 4 10 3 1 14 6 4 11 3 4 12 9 4 8 6 3 12 2 2 9 3 3 10 4 1 10 7 2 9 4 0 14 9 3 15 10 1 11 9 2 15 8 4 8 5 0 15 4 2 17 8 3 12 3 0 14 4 3 13 6 3 15 7 0 16 8 2 12 6 3 16 7 2 13 9 2 11 6 3 17 7 0 10 6 4 14 7 3 9 6 1 12 4 4 12 8 4 13 8 1 16 5 4 13 7 3 15 5 3 13 4 3 14 5 4 
 --- Bot used 138 milliseconds ---
-----------------------------------------------------------------------------
 --- Frame #243 ---
14 8 0 15 6 3 11 7 4 14 6 2 16 7 0 11 8 0 16 6 2 9 6 2 11 3 3 10 7 4 10 4 0 13 4 4 12 8 0 15 7 0 13 3 1 16 8 2 12 3 3 15 10 0 14 4 1 15 5 0 8 4 2 14 10 0 11 5 2 9 5 4 16 5 3 14 5 2 15 9 0 17 8 1 12 4 2 8 6 3 12 9 3 14 7 0 8 5 0 10 5 2 15 3 1 15 4 4 14 3 1 11 4 3 15 8 1 13 5 1 13 7 1 12 7 1 9 3 3 14 9 0 12 5 3 13 6 3 10 6 2 12 6 3 11 9 3 17 7 4 13 8 2 12 2 2 10 3 4 9 4 0 13 2 1 13 9 3 11 6 0 
 --- Bot used 73 milliseconds ---
-----------------------------------------------------------------------------
 --- Frame #244 ---
16 8 2 17 8 3 12 9 4 13 9 3 10 7 3 12 2 1 15 9 3 9 3 0 14 9 4 8 6 4 11 6 2 13 2 1 12 6 3 13 6 1 15 8 1 14 6 0 14 8 3 15 6 2 10 5 4 16 6 3 11 5 2 13 8 3 12 5 1 12 8 3 11 7 3 14 4 0 10 4 3 11 4 0 12 4 2 11 8 0 15 4 4 8 5 1 10 3 1 9 5 1 11 3 3 13 4 4 12 3 0 13 3 3 8 4 1 15 10 3 17 7 1 9 4 0 15 5 1 11 9 4 14 10 0 14 5 4 12 7 2 10 6 1 13 7 0 9 6 4 14 7 1 16 5 2 15 7 0 15 3 2 16 7 0 14 3 4 13 5 4 13 1 0 
 --- Bot used 54 milliseconds ---
-----------------------------------------------------------------------------
 --- Frame #245 ---
15 8 0 11 8 2 12 7 2 10 7 4 12 2 1 9 3 0 13 2 1 11 7 0 12 6 0 8 6 2 13 6 4 16 7 3 10 6 3 10 3 4 17 8 1 11 3 1 12 3 4 13 3 1 14 3 2 15 3 2 8 4 0 9 4 4 10 4 2 14 8 0 12 9 2 14 10 1 11 6 1 13 9 2 14 9 2 15 9 2 15 10 0 11 4 4 12 4 4 13 4 3 12 8 2 14 4 3 15 4 0 15 7 3 14 7 1 11 9 2 8 5 0 13 8 2 9 5 0 15 6 0 10 5 0 11 5 3 14 6 4 12 5 1 16 6 0 16 8 1 13 7 4 13 5 4 14 5 3 15 5 3 13 1 0 16 5 0 17 7 0 9 6 2 
 --- Bot used 68 milliseconds ---
-----------------------------------------------------------------------------
 --- Frame #246 ---
9 3 1 15 8 1 13 1 2 11 8 1 17 8 1 16 8 4 12 2 0 15 10 2 10 7 2 14 9 0 13 2 3 8 6 2 14 10 2 11 4 1 12 4 4 13 4 0 14 4 1 15 4 2 8 5 0 9 5 4 10 5 0 11 5 3 12 5 2 13 5 2 15 3 2 14 5 3 13 8 2 14 3 0 13 9 2 15 5 3 16 5 2 17 7 1 9 6 2 10 6 2 11 6 2 10 3 2 12 8 1 11 3 4 15 9 1 13 3 3 10 4 0 12 3 0 9 4 0 12 6 2 12 9 3 8 4 2 13 6 1 11 9 0 14 6 2 15 6 2 14 8 4 16 6 2 16 7 1 11 7 4 12 7 3 13 7 2 14 7 3 15 7 3 
 --- Bot used 66 milliseconds ---
-----------------------------------------------------------------------------
 --- Frame #247 ---
11 6 0 17 8 1 11 9 0 8 6 1 13 9 2 10 6 3 9 6 2 11 8 1 11 5 1 9 5 2 15 6 2 9 2 1 14 9 4 12 2 2 16 4 0 13 5 0 15 4 3 10 3 4 14 4 2 13 3 2 12 4 3 15 8 0 12 5 3 17 7 2 13 1 0 14 6 1 13 4 3 13 6 2 16 7 1 11 4 0 10 4 1 9 4 4 13 2 0 15 10 2 14 5 0 12 6 4 14 3 2 12 7 0 16 6 4 14 10 2 8 5 1 13 7 4 14 7 4 15 7 2 11 7 1 16 5 0 10 5 1 9 3 2 14 1 2 12 8 0 12 3 4 13 8 0 16 8 4 14 8 0 10 7 3 12 9 3 8 4 0 15 9 3 15 5 2 15 3 3 11 3 3 
 --- Bot used 71 milliseconds ---
-----------------------------------------------------------------------------
 --- Frame #248 ---
11 5 0 10 5 4 15 8 0 9 5 4 15 10 1 10 7 4 12 7 3 16 4 1 12 6 3 16 7 1 14 4 3 11 7 3 16 6 1 14 5 2 9 2 2 15 4 1 13 4 1 12 4 2 13 5 1 9 1 0 17 7 2 15 1 0 11 4 1 9 3 1 10 4 4 9 4 0 8 4 4 14 10 1 13 9 2 14 9 0 11 6 3 15 6 1 10 6 0 14 6 2 15 9 2 11 8 3 11 9 1 14 7 0 13 6 0 13 8 2 9 6 0 12 5 2 13 7 2 16 5 3 15 3 0 14 3 4 13 3 0 16 8 4 17 8 4 12 9 0 12 8 2 12 3 0 11 3 0 10 3 3 15 7 3 8 5 1 13 2 4 13 1 2 12 2 0 8 6 1 15 5 2 14 8 2 
 --- Bot used 60 milliseconds ---
-----------------------------------------------------------------------------
 --- Frame #249 ---
16 5 1 13 1 4 14 7 0 13 2 3 10 3 3 8 6 3 11 3 0 12 3 1 13 3 1 14 3 1 15 3 2 8 5 1 8 4 0 9 4 0 10 4 4 11 4 0 12 4 0 13 4 0 14 4 1 15 8 1 15 4 3 16 4 3 12 7 2 9 5 3 14 9 3 11 8 1 7 4 4 15 7 4 9 1 0 16 7 1 9 3 4 17 7 2 15 1 2 12 2 3 15 9 0 14 10 0 16 8 3 12 8 2 11 9 3 14 8 3 9 2 1 13 8 0 13 7 1 14 1 3 10 5 2 11 5 3 12 5 3 13 5 1 15 10 1 14 5 0 15 5 3 10 7 2 11 7 3 9 6 1 10 6 2 11 6 1 17 8 2 12 6 2 13 9 0 13 6 0 12 9 1 14 6 0 15 6 0 16 6 1 
 --- Bot used 71 milliseconds ---
-----------------------------------------------------------------------------
 --- Frame #250 ---
13 7 1 9 5 0 10 7 4 12 9 2 15 4 1 17 7 2 14 9 0 12 2 2 11 9 3 7 4 2 13 9 4 12 8 1 15 1 2 13 8 0 9 4 0 8 4 4 8 5 3 15 8 0 14 10 3 17 8 0 16 8 4 11 5 3 12 5 0 14 8 1 13 5 4 11 4 3 12 6 0 9 6 3 13 2 3 10 6 4 9 2 4 10 5 4 10 3 0 16 4 3 14 7 0 11 3 0 8 6 0 13 4 2 16 7 4 14 5 4 15 7 1 15 6 1 10 4 2 12 3 0 14 1 3 14 3 3 15 9 2 11 8 0 13 6 1 9 1 2 12 7 0 11 7 2 15 10 0 11 6 3 14 4 4 9 3 2 12 4 4 15 5 2 14 6 4 16 6 2 16 5 4 13 3 2 13 1 3 15 3 3 
 --- Bot used 68 milliseconds ---
-----------------------------------------------------------------------------
 --- Frame #251 ---
12 8 4 12 9 2 15 10 4 11 3 0 13 9 2 10 3 0 17 8 4 8 6 0 12 7 4 13 2 2 14 10 3 14 6 1 12 3 2 13 6 0 16 8 1 14 8 0 9 2 3 12 6 0 11 6 2 10 6 0 9 6 0 14 1 0 17 7 4 16 6 3 11 7 0 16 5 0 14 3 4 15 5 4 14 5 1 13 5 4 16 7 0 11 9 4 13 8 1 15 9 0 15 8 3 12 5 4 13 1 1 10 1 4 9 3 0 13 7 1 9 1 4 14 7 2 14 11 0 14 9 4 12 2 0 7 4 1 11 8 1 15 1 2 11 5 3 10 5 1 15 7 3 13 3 1 9 5 2 15 6 0 16 4 3 15 4 3 14 4 3 10 7 3 13 4 3 12 4 0 11 4 4 10 4 3 9 4 4 8 4 0 8 5 2 15 3 4 
 --- Bot used 110 milliseconds ---
-----------------------------------------------------------------------------
 --- Frame #252 ---
16 8 2 17 8 0 9 4 2 8 4 0 10 4 3 11 4 0 12 2 4 7 4 3 12 4 3 13 4 3 13 9 3 14 4 1 14 10 1 15 4 3 11 9 3 16 4 2 11 8 2 15 6 2 14 7 3 12 9 2 14 8 3 15 1 1 13 1 0 15 3 4 13 3 4 15 10 0 11 3 4 10 5 1 11 5 2 12 5 4 14 11 0 11 6 4 11 7 4 13 2 1 15 9 2 12 8 2 14 9 3 13 5 0 14 5 3 15 5 0 16 5 0 16 7 1 15 7 3 13 6 1 14 6 2 9 5 3 10 3 2 14 3 4 9 3 4 15 8 0 12 3 3 9 6 4 13 7 1 8 6 0 10 6 0 13 8 1 12 6 3 10 1 1 9 2 3 16 6 2 17 7 1 14 1 0 8 5 0 9 1 3 12 7 0 10 7 0 
 --- Bot used 64 milliseconds ---
-----------------------------------------------------------------------------
 --- Frame #253 ---
17 7 1 11 3 3 17 8 2 13 4 0 10 3 4 8 6 3 9 1 0 13 2 3 13 8 3 7 4 0 12 4 1 14 8 4 15 1 3 14 1 0 12 2 3 13 1 2 9 3 1 11 8 3 9 2 4 10 1 1 15 4 4 15 6 2 14 9 2 16 4 1 13 10 3 14 11 0 14 10 4 13 5 4 15 5 0 15 8 1 16 6 3 10 6 1 11 6 0 14 6 3 13 6 2 12 6 3 11 4 0 10 4 3 9 4 3 8 5 0 8 4 4 16 8 0 15 3 2 14 3 4 11 7 3 13 3 4 12 7 0 12 3 3 13 7 2 12 8 1 16 7 1 14 7 0 15 7 1 15 9 4 13 9 0 12 5 0 10 5 1 9 5 0 11 5 4 14 4 0 12 9 3 10 7 1 11 9 2 15 10 4 14 5 4 16 5 2 9 6 2 
 --- Bot used 136 milliseconds ---
-----------------------------------------------------------------------------
 --- Frame #254 ---
13 8 2 15 10 2 11 3 1 10 7 3 13 3 4 9 1 3 13 10 2 8 4 0 15 7 1 17 7 2 15 9 1 14 6 0 17 8 3 12 8 4 11 7 4 12 9 0 8 5 1 16 7 1 15 3 2 11 8 2 14 3 1 12 6 3 14 9 2 11 5 3 12 7 3 15 5 4 10 3 3 15 6 2 14 5 3 13 5 4 12 5 2 8 6 3 14 8 0 13 2 0 10 5 1 9 5 1 10 6 0 14 10 2 13 7 1 9 3 3 13 1 4 10 1 3 14 1 4 13 6 2 12 2 3 9 2 2 8 2 3 15 1 4 9 6 3 16 4 2 14 11 1 15 4 1 14 4 0 16 6 1 16 8 3 13 4 1 11 6 0 14 7 0 12 4 2 13 9 1 10 4 3 16 5 2 11 9 3 9 4 1 7 4 2 15 8 2 12 3 4 11 4 1 
 --- Bot used 126 milliseconds ---
-----------------------------------------------------------------------------
 --- Frame #255 ---
13 8 3 7 4 4 14 1 2 8 3 4 10 7 0 9 3 0 10 3 2 13 7 1 11 3 1 12 3 0 13 3 2 14 3 4 15 10 3 8 6 0 9 1 2 14 8 3 15 3 0 11 9 1 10 1 1 12 8 4 8 5 3 8 4 3 9 4 3 13 10 2 10 4 0 11 4 2 12 4 1 9 2 4 13 4 1 14 4 1 15 4 4 16 4 4 13 6 2 13 2 1 13 9 0 15 9 4 15 8 0 14 9 3 8 2 2 14 11 0 17 8 2 15 1 3 17 7 4 16 7 0 11 7 0 12 6 0 12 9 0 16 6 4 15 7 4 14 10 0 12 2 3 15 6 4 16 8 1 12 7 3 14 7 3 9 5 4 10 5 2 11 5 0 12 5 4 13 5 3 14 5 3 15 5 4 16 5 3 11 8 1 14 6 1 9 6 4 13 1 0 10 6 2 11 6 0 
 --- Bot used 69 milliseconds ---
-----------------------------------------------------------------------------
 --- Frame #256 ---
12 8 0 12 5 2 16 6 4 15 9 2 17 7 1 11 3 2 10 5 1 14 4 3 13 7 4 12 4 2 11 9 0 15 4 4 14 7 2 13 10 1 11 8 0 11 5 2 9 5 1 12 7 1 12 9 4 14 8 1 8 5 0 10 1 3 10 7 2 11 4 0 14 10 4 13 6 2 14 6 4 15 6 3 8 3 2 13 3 3 12 3 2 15 10 4 15 3 1 10 4 0 13 5 0 9 4 0 8 4 4 17 8 0 9 1 0 13 1 3 14 11 2 10 3 0 11 7 3 11 2 0 12 6 3 9 3 3 15 1 3 8 6 1 12 2 4 13 2 3 7 4 2 9 2 0 16 4 0 13 8 3 8 2 3 7 3 0 9 6 3 11 6 0 10 6 0 16 5 0 15 5 2 14 3 4 15 8 2 16 8 4 15 7 2 14 5 0 13 4 2 13 9 4 14 9 1 16 7 2 
 --- Bot used 101 milliseconds ---
-----------------------------------------------------------------------------
 --- Frame #257 ---
13 8 4 13 2 2 14 6 2 15 8 3 16 8 1 9 1 2 7 3 2 8 4 4 12 2 1 13 6 4 7 4 2 9 2 3 11 3 2 8 2 2 10 3 4 12 4 0 15 3 0 10 4 0 14 8 4 10 1 4 11 2 0 15 10 0 11 9 0 11 6 0 13 9 4 14 9 0 15 9 0 14 4 3 17 8 0 14 10 3 9 4 1 9 6 2 17 7 4 10 6 2 16 9 0 15 1 2 15 4 2 16 5 0 15 5 1 14 5 4 13 5 3 13 10 0 15 6 3 13 7 2 11 4 3 12 5 1 11 5 2 13 1 2 13 4 4 12 8 0 10 5 1 12 9 0 9 5 2 12 6 4 14 7 0 16 4 2 8 3 0 11 7 3 16 7 1 11 8 1 12 7 2 9 3 3 10 7 4 14 3 0 8 6 0 14 11 0 16 6 4 13 3 1 15 7 0 8 5 3 12 3 4 
 --- Bot used 101 milliseconds ---
-----------------------------------------------------------------------------
 --- Frame #258 ---
11 2 2 8 6 2 15 9 4 8 3 0 11 9 0 11 7 1 9 3 1 10 3 1 9 1 2 11 3 0 14 1 0 8 2 4 15 7 2 13 1 2 15 1 4 10 1 0 12 3 3 11 6 4 13 3 1 7 4 4 14 3 4 14 11 1 14 8 3 15 8 3 14 9 4 15 3 0 12 8 4 8 5 3 8 4 4 15 6 3 9 4 0 10 4 3 16 7 0 11 4 2 15 10 1 13 9 2 14 10 0 17 7 3 12 2 1 13 2 4 14 2 1 16 8 1 12 7 3 14 6 3 17 8 0 16 9 2 13 7 4 13 10 2 12 4 0 13 4 4 14 4 1 14 7 2 12 6 1 7 3 1 10 7 0 15 4 2 16 4 3 9 2 4 12 9 1 13 6 4 9 6 4 9 5 2 10 5 4 11 8 3 11 5 1 12 5 2 10 6 3 13 8 2 13 5 3 14 5 3 15 5 1 16 5 2 16 6 1 
 --- Bot used 130 milliseconds ---
-----------------------------------------------------------------------------
 --- Frame #259 ---
12 8 3 13 6 1 14 1 4 15 10 0 14 4 2 13 4 0 11 4 0 12 6 2 9 4 0 17 7 4 15 5 2 14 5 0 13 5 2 9 3 3 11 5 3 14 11 3 14 3 4 12 9 4 10 4 2 9 5 2 9 1 2 9 6 3 16 4 3 15 3 2 12 7 1 13 9 3 16 5 0 10 5 1 14 6 2 7 3 2 17 8 3 12 4 4 10 3 2 12 3 4 14 10 3 13 1 1 14 9 2 14 7 2 15 9 0 13 7 4 11 2 4 8 4 3 8 5 2 12 5 4 16 8 0 16 9 3 15 6 3 16 6 3 14 8 0 13 3 0 11 8 1 13 10 1 8 6 2 16 7 4 8 3 1 14 2 4 13 2 3 13 8 3 12 2 1 15 1 3 10 6 3 10 7 0 10 1 1 11 9 3 15 7 0 7 4 3 11 3 0 11 7 0 15 4 1 15 8 3 9 2 0 8 2 0 11 6 3 
 --- Bot used 102 milliseconds ---
-----------------------------------------------------------------------------
 --- Frame #260 ---
12 1 2 15 6 3 14 1 0 15 9 0 9 6 3 13 3 0 14 3 0 15 8 2 13 9 1 15 3 4 11 4 4 10 1 2 10 3 1 15 1 1 16 5 3 16 6 3 16 4 1 15 4 2 14 11 1 9 2 2 13 2 1 12 2 1 10 6 3 13 1 2 8 3 1 8 6 0 14 10 2 14 2 3 7 4 2 14 7 4 11 2 0 16 9 1 10 7 3 16 8 4 12 4 0 17 7 3 12 8 1 14 9 1 10 4 4 13 10 4 17 8 2 11 5 0 11 8 4 9 1 3 12 9 1 8 4 4 12 6 4 13 8 2 8 2 3 12 7 3 16 7 1 11 7 2 10 5 0 11 6 0 8 5 3 9 5 0 12 5 0 13 6 1 11 9 2 9 7 0 13 7 4 15 7 3 14 6 3 14 8 1 15 5 3 14 5 0 13 5 4 15 10 0 12 3 0 7 3 4 14 4 0 11 3 0 9 3 1 13 4 4 9 4 2 
 --- Bot used 107 milliseconds ---
-----------------------------------------------------------------------------
 --- Frame #261 ---
16 7 2 12 8 1 15 1 3 12 2 2 13 1 0 13 2 3 16 8 0 15 7 0 14 2 1 7 3 1 8 3 1 17 8 1 9 3 2 10 3 3 11 3 2 12 3 4 13 3 2 13 8 2 14 10 1 14 3 2 15 3 2 10 7 1 16 9 0 15 8 2 11 2 3 10 2 1 12 9 2 15 6 3 13 6 0 13 7 2 14 7 4 13 10 4 9 7 0 12 6 1 12 1 0 11 6 0 14 9 0 14 6 3 11 7 0 8 6 1 9 2 2 16 6 4 12 7 3 8 5 0 8 4 3 17 7 4 14 1 4 10 1 1 8 2 3 9 4 1 10 4 4 15 10 4 11 4 2 12 4 1 11 9 1 13 4 2 14 4 0 15 9 2 15 4 2 14 8 0 16 4 2 16 5 3 14 11 3 10 8 4 9 1 2 9 5 1 11 8 3 10 6 2 10 5 0 11 5 3 9 6 2 13 9 1 7 4 4 15 5 1 12 5 1 13 5 2 14 5 4 
 --- Bot used 84 milliseconds ---
-----------------------------------------------------------------------------
 --- Frame #262 ---
17 8 2 11 5 2 13 3 1 9 7 2 12 3 3 11 3 2 10 3 0 17 7 4 14 7 2 16 4 1 14 10 1 15 8 2 8 3 1 7 3 1 14 2 4 13 2 1 12 2 2 14 4 4 11 2 4 10 2 2 16 6 3 9 2 2 8 2 1 15 1 1 10 7 1 11 7 0 9 8 2 11 8 0 12 8 0 13 7 4 13 8 4 14 8 2 16 5 1 16 9 0 16 8 4 15 6 1 11 6 4 14 6 1 9 6 3 8 4 0 14 9 2 12 9 3 14 1 2 9 5 2 13 1 2 10 5 2 11 9 2 15 3 0 12 6 4 8 5 4 10 8 1 7 4 0 15 9 3 9 3 0 10 6 4 15 5 1 10 1 2 12 1 3 15 4 4 13 10 4 15 7 4 15 10 1 11 4 1 8 6 0 13 6 4 10 4 1 14 11 0 16 7 3 14 3 1 12 4 4 13 4 4 13 9 2 9 4 1 12 5 4 13 5 2 14 5 0 9 1 4 12 7 4 
 --- Bot used 135 milliseconds ---
-----------------------------------------------------------------------------
 --- Frame #263 ---
12 3 3 13 2 4 7 4 2 11 2 1 11 6 0 11 5 3 15 1 2 13 3 1 14 7 2 15 3 0 16 8 2 8 5 2 17 8 3 8 6 0 10 1 1 9 6 1 15 5 4 8 1 1 14 2 3 11 8 4 16 6 4 15 4 4 16 4 4 11 4 2 12 5 2 13 8 4 14 11 1 8 3 1 10 6 1 11 9 2 16 5 2 13 4 2 13 6 4 9 8 3 10 5 2 13 9 3 12 7 4 14 3 1 11 7 4 8 4 3 10 7 0 14 8 2 14 9 2 15 6 2 15 9 4 9 4 3 12 1 4 14 1 4 15 7 2 12 6 2 13 5 0 12 4 1 13 7 4 14 4 4 13 10 2 10 4 2 17 7 3 9 3 2 9 2 4 16 7 0 10 2 3 16 9 4 14 5 3 10 8 1 9 5 2 10 3 1 11 3 0 12 2 2 8 2 0 14 6 1 12 8 3 15 8 1 14 10 1 9 7 2 7 3 4 11 1 4 9 1 2 12 9 3 15 10 4 
 --- Bot used 89 milliseconds ---
-----------------------------------------------------------------------------
 --- Frame #264 ---
Traceback (most recent call last):
 --- Bot used 78 milliseconds ---
ERRORED!
Response received (if any):
Traceback (most recent call last):
 --- Bot was killed. Below is the rest of its output (if any): ---
  File "MyBot.py", line 200, in <module>
    loc_states = get_states(gameMap, myID)
  File "MyBot.py", line 44, in get_states
    ss = gameMap.getSite(loc)
  File "/home/michalis/Development/Halite/hlt.py", line 96, in getSite
    return self.contents[l.y][l.x]
IndexError: list index out of range

 --- End bot output ---