 --- Init ---
SarsaLambdaBot
 --- Bot used 60 milliseconds ---
-----------------------------------------------------------------------------
 --- Frame #1 ---
7 15 0 
 --- Bot used 23 milliseconds ---
-----------------------------------------------------------------------------
 --- Frame #2 ---
7 15 3 
 --- Bot used 34 milliseconds ---
-----------------------------------------------------------------------------
 --- Frame #3 ---
7 15 0 7 16 1 
 --- Bot used 42 milliseconds ---
-----------------------------------------------------------------------------
 --- Frame #4 ---
7 15 2 7 16 1 
 --- Bot used 71 milliseconds ---
-----------------------------------------------------------------------------
 --- Frame #5 ---
7 15 2 7 16 0 
 --- Bot used 31 milliseconds ---
-----------------------------------------------------------------------------
 --- Frame #6 ---
7 15 1 7 16 3 
 --- Bot used 24 milliseconds ---
-----------------------------------------------------------------------------
 --- Frame #7 ---
7 16 0 7 15 3 
 --- Bot used 35 milliseconds ---
-----------------------------------------------------------------------------
 --- Frame #8 ---
7 15 4 7 16 1 
 --- Bot used 31 milliseconds ---
-----------------------------------------------------------------------------
 --- Frame #9 ---
7 15 1 7 16 0 
 --- Bot used 31 milliseconds ---
-----------------------------------------------------------------------------
 --- Frame #10 ---
7 15 3 7 16 2 
 --- Bot used 64 milliseconds ---
-----------------------------------------------------------------------------
 --- Frame #11 ---
7 15 1 7 16 2 
 --- Bot used 29 milliseconds ---
-----------------------------------------------------------------------------
 --- Frame #12 ---
7 15 4 7 16 0 
 --- Bot used 30 milliseconds ---
-----------------------------------------------------------------------------
 --- Frame #13 ---
7 16 3 7 15 3 
 --- Bot used 45 milliseconds ---
-----------------------------------------------------------------------------
 --- Frame #14 ---
7 15 1 7 16 1 
 --- Bot used 31 milliseconds ---
-----------------------------------------------------------------------------
 --- Frame #15 ---
7 15 2 7 16 0 
 --- Bot used 27 milliseconds ---
-----------------------------------------------------------------------------
 --- Frame #16 ---
7 15 0 7 16 0 
 --- Bot used 28 milliseconds ---
-----------------------------------------------------------------------------
 --- Frame #17 ---
7 15 3 7 16 3 
 --- Bot used 37 milliseconds ---
-----------------------------------------------------------------------------
 --- Frame #18 ---
7 16 2 7 15 0 
 --- Bot used 21 milliseconds ---
-----------------------------------------------------------------------------
 --- Frame #19 ---
7 15 2 7 16 1 
 --- Bot used 23 milliseconds ---
-----------------------------------------------------------------------------
 --- Frame #20 ---
7 15 1 7 16 0 
 --- Bot used 27 milliseconds ---
-----------------------------------------------------------------------------
 --- Frame #21 ---
7 15 2 7 16 2 
 --- Bot used 35 milliseconds ---
-----------------------------------------------------------------------------
 --- Frame #22 ---
7 15 4 7 16 1 
 --- Bot used 24 milliseconds ---
-----------------------------------------------------------------------------
 --- Frame #23 ---
7 15 3 7 16 1 
 --- Bot used 22 milliseconds ---
-----------------------------------------------------------------------------
 --- Frame #24 ---
7 15 1 7 16 3 
 --- Bot used 25 milliseconds ---
-----------------------------------------------------------------------------
 --- Frame #25 ---
7 15 4 7 16 3 
 --- Bot used 30 milliseconds ---
-----------------------------------------------------------------------------
 --- Frame #26 ---
7 15 0 7 16 4 
 --- Bot used 50 milliseconds ---
-----------------------------------------------------------------------------
 --- Frame #27 ---
7 15 0 7 16 1 
 --- Bot used 38 milliseconds ---
-----------------------------------------------------------------------------
 --- Frame #28 ---
7 15 0 7 16 0 
 --- Bot used 30 milliseconds ---
-----------------------------------------------------------------------------
 --- Frame #29 ---
7 15 3 7 16 4 
 --- Bot used 27 milliseconds ---
-----------------------------------------------------------------------------
 --- Frame #30 ---
7 15 1 7 16 4 
 --- Bot used 34 milliseconds ---
-----------------------------------------------------------------------------
 --- Frame #31 ---
7 15 1 7 16 3 
 --- Bot used 25 milliseconds ---
-----------------------------------------------------------------------------
 --- Frame #32 ---
7 15 4 7 16 3 
 --- Bot used 21 milliseconds ---
-----------------------------------------------------------------------------
 --- Frame #33 ---
7 15 3 7 16 0 
 --- Bot used 29 milliseconds ---
-----------------------------------------------------------------------------
 --- Frame #34 ---
7 15 3 7 16 1 
 --- Bot used 51 milliseconds ---
-----------------------------------------------------------------------------
 --- Frame #35 ---
7 15 0 7 16 2 
 --- Bot used 30 milliseconds ---
-----------------------------------------------------------------------------
 --- Frame #36 ---
7 15 1 7 16 3 
 --- Bot used 25 milliseconds ---
-----------------------------------------------------------------------------
 --- Frame #37 ---
7 15 4 7 16 0 
 --- Bot used 59 milliseconds ---
-----------------------------------------------------------------------------
 --- Frame #38 ---
7 15 2 7 16 0 
 --- Bot used 24 milliseconds ---
-----------------------------------------------------------------------------
 --- Frame #39 ---
7 15 3 7 16 4 
 --- Bot used 21 milliseconds ---
-----------------------------------------------------------------------------
 --- Frame #40 ---
7 15 0 7 16 1 
 --- Bot used 30 milliseconds ---
-----------------------------------------------------------------------------
 --- Frame #41 ---
7 15 2 7 16 0 
 --- Bot used 41 milliseconds ---
-----------------------------------------------------------------------------
 --- Frame #42 ---
7 15 1 7 16 1 
 --- Bot used 32 milliseconds ---
-----------------------------------------------------------------------------
 --- Frame #43 ---
7 15 1 7 16 1 
 --- Bot used 34 milliseconds ---
-----------------------------------------------------------------------------
 --- Frame #44 ---
7 15 0 7 16 4 
 --- Bot used 38 milliseconds ---
-----------------------------------------------------------------------------
 --- Frame #45 ---
7 15 2 7 16 2 
 --- Bot used 68 milliseconds ---
-----------------------------------------------------------------------------
 --- Frame #46 ---
7 15 2 7 16 1 
 --- Bot used 42 milliseconds ---
-----------------------------------------------------------------------------
 --- Frame #47 ---
7 15 3 7 16 4 
 --- Bot used 52 milliseconds ---
-----------------------------------------------------------------------------
 --- Frame #48 ---
7 15 4 7 16 0 
 --- Bot used 35 milliseconds ---
-----------------------------------------------------------------------------
 --- Frame #49 ---
7 15 1 7 16 2 
 --- Bot used 31 milliseconds ---
-----------------------------------------------------------------------------
 --- Frame #50 ---
7 16 0 7 15 3 
 --- Bot used 29 milliseconds ---
-----------------------------------------------------------------------------
 --- Frame #51 ---
7 15 1 7 16 3 
 --- Bot used 34 milliseconds ---
-----------------------------------------------------------------------------
 --- Frame #52 ---
7 15 1 7 16 4 
 --- Bot used 22 milliseconds ---
-----------------------------------------------------------------------------
 --- Frame #53 ---
7 16 1 7 15 3 
 --- Bot used 25 milliseconds ---
-----------------------------------------------------------------------------
 --- Frame #54 ---
7 16 2 7 15 0 
 --- Bot used 65 milliseconds ---
-----------------------------------------------------------------------------
 --- Frame #55 ---
7 15 0 7 16 0 
 --- Bot used 22 milliseconds ---
-----------------------------------------------------------------------------
 --- Frame #56 ---
7 15 2 7 16 2 
 --- Bot used 85 milliseconds ---
-----------------------------------------------------------------------------
 --- Frame #57 ---
7 15 2 7 16 0 
 --- Bot used 22 milliseconds ---
-----------------------------------------------------------------------------
 --- Frame #58 ---
7 15 0 7 16 0 
 --- Bot used 25 milliseconds ---
-----------------------------------------------------------------------------
 --- Frame #59 ---
7 16 0 7 15 0 
 --- Bot used 38 milliseconds ---
-----------------------------------------------------------------------------
 --- Frame #60 ---
7 16 4 7 15 1 
 --- Bot used 31 milliseconds ---
-----------------------------------------------------------------------------
 --- Frame #61 ---
6 16 0 7 16 4 7 15 2 
 --- Bot used 22 milliseconds ---
-----------------------------------------------------------------------------
 --- Frame #62 ---
7 15 4 6 16 3 7 16 2 
 --- Bot used 31 milliseconds ---
-----------------------------------------------------------------------------
 --- Frame #63 ---
7 15 0 6 16 4 7 16 4 
 --- Bot used 57 milliseconds ---
-----------------------------------------------------------------------------
 --- Frame #64 ---
7 15 1 6 16 1 7 16 3 
 --- Bot used 43 milliseconds ---
-----------------------------------------------------------------------------
 --- Frame #65 ---
7 16 1 7 15 3 6 16 0 
 --- Bot used 34 milliseconds ---
-----------------------------------------------------------------------------
 --- Frame #66 ---
7 16 4 7 15 1 6 16 1 
 --- Bot used 48 milliseconds ---
-----------------------------------------------------------------------------
 --- Frame #67 ---
7 16 1 6 16 1 7 15 1 
 --- Bot used 49 milliseconds ---
-----------------------------------------------------------------------------
 --- Frame #68 ---
7 16 1 7 15 0 6 16 0 
 --- Bot used 58 milliseconds ---
-----------------------------------------------------------------------------
 --- Frame #69 ---
6 16 4 7 15 4 7 16 1 
 --- Bot used 45 milliseconds ---
-----------------------------------------------------------------------------
 --- Frame #70 ---
7 15 0 6 16 2 7 16 3 
 --- Bot used 56 milliseconds ---
-----------------------------------------------------------------------------
 --- Frame #71 ---
7 16 3 7 15 4 6 16 1 
 --- Bot used 54 milliseconds ---
-----------------------------------------------------------------------------
 --- Frame #72 ---
7 15 0 7 16 3 6 16 0 
 --- Bot used 35 milliseconds ---
-----------------------------------------------------------------------------
 --- Frame #73 ---
7 16 2 6 16 0 7 15 3 
 --- Bot used 29 milliseconds ---
-----------------------------------------------------------------------------
 --- Frame #74 ---
7 15 1 6 16 4 7 16 4 
 --- Bot used 71 milliseconds ---
-----------------------------------------------------------------------------
 --- Frame #75 ---
7 15 1 7 16 4 6 16 1 
 --- Bot used 36 milliseconds ---
-----------------------------------------------------------------------------
 --- Frame #76 ---
6 16 2 7 16 3 7 15 2 
 --- Bot used 68 milliseconds ---
-----------------------------------------------------------------------------
 --- Frame #77 ---
6 16 2 7 16 3 7 15 2 
 --- Bot used 44 milliseconds ---
-----------------------------------------------------------------------------
 --- Frame #78 ---
7 16 4 6 16 3 7 15 3 
 --- Bot used 68 milliseconds ---
-----------------------------------------------------------------------------
 --- Frame #79 ---
7 15 2 6 16 0 7 16 2 
 --- Bot used 30 milliseconds ---
-----------------------------------------------------------------------------
 --- Frame #80 ---
6 16 1 7 15 1 7 16 0 
 --- Bot used 73 milliseconds ---
-----------------------------------------------------------------------------
 --- Frame #81 ---
7 15 0 6 16 3 7 16 0 
 --- Bot used 39 milliseconds ---
-----------------------------------------------------------------------------
 --- Frame #82 ---
7 15 2 7 16 4 6 16 1 
 --- Bot used 52 milliseconds ---
-----------------------------------------------------------------------------
 --- Frame #83 ---
8 15 3 7 16 0 7 15 1 6 16 3 
 --- Bot used 49 milliseconds ---
-----------------------------------------------------------------------------
 --- Frame #84 ---
7 15 1 6 16 3 7 16 2 8 15 3 
 --- Bot used 44 milliseconds ---
-----------------------------------------------------------------------------
 --- Frame #85 ---
7 15 3 8 15 0 7 16 3 6 16 4 
 --- Bot used 31 milliseconds ---
-----------------------------------------------------------------------------
 --- Frame #86 ---
7 16 2 7 15 1 6 16 4 8 15 3 
 --- Bot used 53 milliseconds ---
-----------------------------------------------------------------------------
 --- Frame #87 ---
8 15 3 6 16 4 7 16 3 7 15 1 
 --- Bot used 28 milliseconds ---
-----------------------------------------------------------------------------
 --- Frame #88 ---
6 16 1 8 15 4 7 15 3 7 16 3 
 --- Bot used 25 milliseconds ---
-----------------------------------------------------------------------------
 --- Frame #89 ---
7 16 4 8 15 1 7 15 1 6 16 4 
 --- Bot used 37 milliseconds ---
-----------------------------------------------------------------------------
 --- Frame #90 ---
8 15 4 7 15 0 6 16 3 7 16 1 
 --- Bot used 41 milliseconds ---
-----------------------------------------------------------------------------
 --- Frame #91 ---
7 15 0 7 16 4 6 16 3 8 15 4 
 --- Bot used 33 milliseconds ---
-----------------------------------------------------------------------------
 --- Frame #92 ---
6 16 2 7 16 2 8 15 0 7 15 2 
 --- Bot used 42 milliseconds ---
-----------------------------------------------------------------------------
 --- Frame #93 ---
6 16 1 7 16 0 8 15 3 7 15 2 
 --- Bot used 40 milliseconds ---
-----------------------------------------------------------------------------
 --- Frame #94 ---
6 16 2 7 15 2 7 16 3 8 15 4 
 --- Bot used 34 milliseconds ---
-----------------------------------------------------------------------------
 --- Frame #95 ---
6 16 1 7 16 2 7 15 1 8 15 1 
 --- Bot used 39 milliseconds ---
-----------------------------------------------------------------------------
 --- Frame #96 ---
8 15 4 6 16 1 7 15 4 7 16 0 
 --- Bot used 26 milliseconds ---
-----------------------------------------------------------------------------
 --- Frame #97 ---
8 15 0 6 16 4 7 15 1 7 16 1 
 --- Bot used 28 milliseconds ---
-----------------------------------------------------------------------------
 --- Frame #98 ---
7 16 1 6 16 1 7 15 2 8 15 3 
 --- Bot used 36 milliseconds ---
-----------------------------------------------------------------------------
 --- Frame #99 ---
7 16 1 7 15 0 6 16 2 8 15 0 
 --- Bot used 22 milliseconds ---
-----------------------------------------------------------------------------
 --- Frame #100 ---
8 15 4 7 15 0 6 16 4 7 16 0 
 --- Bot used 21 milliseconds ---
-----------------------------------------------------------------------------
 --- Frame #101 ---
6 16 2 7 15 2 8 15 4 7 16 2 
 --- Bot used 29 milliseconds ---
-----------------------------------------------------------------------------
 --- Frame #102 ---
8 16 4 8 15 4 7 15 0 6 16 3 7 16 3 
 --- Bot used 66 milliseconds ---
-----------------------------------------------------------------------------
 --- Frame #103 ---
7 15 1 8 16 0 8 15 1 6 16 1 7 16 2 
 --- Bot used 50 milliseconds ---
-----------------------------------------------------------------------------
 --- Frame #104 ---
7 15 0 7 14 2 6 16 3 8 15 0 8 16 3 7 16 0 
 --- Bot used 49 milliseconds ---
-----------------------------------------------------------------------------
 --- Frame #105 ---
7 16 0 8 15 1 7 15 3 8 16 1 7 14 0 6 16 1 
 --- Bot used 50 milliseconds ---
-----------------------------------------------------------------------------
 --- Frame #106 ---
8 16 1 7 14 1 7 16 1 6 16 2 8 15 2 7 15 2 
 --- Bot used 25 milliseconds ---
-----------------------------------------------------------------------------
 --- Frame #107 ---
8 15 2 7 15 1 8 16 2 7 14 0 6 16 1 7 16 2 
 --- Bot used 32 milliseconds ---
-----------------------------------------------------------------------------
 --- Frame #108 ---
6 16 2 7 16 2 7 15 1 8 16 0 8 15 2 7 14 1 
 --- Bot used 55 milliseconds ---
-----------------------------------------------------------------------------
 --- Frame #109 ---
7 15 1 8 16 0 6 16 0 7 16 4 7 14 4 8 15 1 
 --- Bot used 35 milliseconds ---
-----------------------------------------------------------------------------
 --- Frame #110 ---
7 15 3 8 15 3 7 16 2 7 14 0 6 16 4 8 16 3 
 --- Bot used 48 milliseconds ---
-----------------------------------------------------------------------------
 --- Frame #111 ---
6 16 1 7 16 0 7 14 1 8 16 4 8 15 3 7 15 1 
 --- Bot used 40 milliseconds ---
-----------------------------------------------------------------------------
 --- Frame #112 ---
8 15 2 7 16 0 7 14 2 8 16 3 6 16 1 7 15 0 
 --- Bot used 39 milliseconds ---
-----------------------------------------------------------------------------
 --- Frame #113 ---
6 16 2 7 16 2 7 14 3 8 16 3 7 15 4 8 15 1 
 --- Bot used 68 milliseconds ---
-----------------------------------------------------------------------------
 --- Frame #114 ---
7 15 2 6 16 0 7 16 1 8 16 1 7 14 2 8 15 1 
 --- Bot used 55 milliseconds ---
-----------------------------------------------------------------------------
 --- Frame #115 ---
8 16 0 7 15 1 8 15 3 7 14 0 6 16 4 7 16 3 
 --- Bot used 30 milliseconds ---
-----------------------------------------------------------------------------
 --- Frame #116 ---
7 15 3 8 16 4 6 16 3 7 16 0 7 14 4 8 15 1 
 --- Bot used 71 milliseconds ---
-----------------------------------------------------------------------------
 --- Frame #117 ---
8 15 3 7 14 4 7 15 3 8 16 3 6 16 2 7 16 3 
 --- Bot used 49 milliseconds ---
-----------------------------------------------------------------------------
 --- Frame #118 ---
8 15 4 7 17 1 7 15 1 7 14 1 8 16 4 6 16 4 7 16 1 
 --- Bot used 26 milliseconds ---
-----------------------------------------------------------------------------
 --- Frame #119 ---
7 15 1 8 15 0 7 17 1 7 16 4 7 14 3 8 16 1 6 16 0 
 --- Bot used 53 milliseconds ---
-----------------------------------------------------------------------------
 --- Frame #120 ---
7 15 1 7 17 0 8 15 1 7 16 4 6 16 2 7 14 0 8 16 3 
 --- Bot used 38 milliseconds ---
-----------------------------------------------------------------------------
 --- Frame #121 ---
8 15 0 7 17 2 7 15 0 8 16 4 7 14 0 6 16 3 7 16 4 
 --- Bot used 63 milliseconds ---
-----------------------------------------------------------------------------
 --- Frame #122 ---
8 15 1 7 17 2 7 15 4 8 16 2 7 14 0 6 16 3 7 16 2 
 --- Bot used 51 milliseconds ---
-----------------------------------------------------------------------------
 --- Frame #123 ---
7 17 0 7 15 3 8 15 1 7 16 4 6 16 1 7 14 2 8 16 2 
 --- Bot used 31 milliseconds ---
-----------------------------------------------------------------------------
 --- Frame #124 ---
7 16 0 8 16 4 7 14 3 8 15 4 8 14 1 7 17 4 6 16 2 7 15 1 
 --- Bot used 52 milliseconds ---
-----------------------------------------------------------------------------
 --- Frame #125 ---
6 16 2 7 16 4 8 16 1 7 15 3 7 17 3 8 15 4 7 14 0 8 14 2 
 --- Bot used 26 milliseconds ---
-----------------------------------------------------------------------------
 --- Frame #126 ---
8 14 4 8 16 4 6 16 3 7 16 4 7 17 2 7 14 3 7 15 0 8 15 3 
 --- Bot used 32 milliseconds ---
-----------------------------------------------------------------------------
 --- Frame #127 ---
7 16 4 8 14 2 6 16 0 7 15 4 8 15 2 8 16 4 7 14 2 7 17 3 
 --- Bot used 60 milliseconds ---
-----------------------------------------------------------------------------
 --- Frame #128 ---
8 14 0 6 15 4 8 15 3 7 17 0 7 15 1 8 16 3 7 16 0 7 14 1 6 16 1 
 --- Bot used 47 milliseconds ---
-----------------------------------------------------------------------------
 --- Frame #129 ---
8 16 0 7 15 2 7 16 3 6 15 3 6 16 0 7 14 0 8 15 1 8 14 3 7 17 1 
 --- Bot used 39 milliseconds ---
-----------------------------------------------------------------------------
 --- Frame #130 ---
6 15 0 7 16 3 8 14 3 7 14 1 8 15 0 8 16 1 7 17 3 7 15 2 6 16 4 
 --- Bot used 58 milliseconds ---
-----------------------------------------------------------------------------
 --- Frame #131 ---
7 16 2 8 16 1 7 15 0 7 17 3 8 15 2 7 14 3 6 15 1 8 14 3 6 16 0 
 --- Bot used 52 milliseconds ---
-----------------------------------------------------------------------------
 --- Frame #132 ---
7 17 0 8 14 2 7 16 4 7 15 0 8 15 0 8 16 3 7 14 2 6 15 4 6 16 0 
 --- Bot used 45 milliseconds ---
-----------------------------------------------------------------------------
 --- Frame #133 ---
7 15 3 8 16 0 8 14 1 7 16 0 6 16 3 7 17 0 6 15 2 7 14 2 8 15 4 
 --- Bot used 35 milliseconds ---
-----------------------------------------------------------------------------
 --- Frame #134 ---
8 15 3 7 15 4 8 16 4 7 17 3 7 16 4 7 14 0 8 14 0 6 17 1 6 16 2 6 15 3 
 --- Bot used 43 milliseconds ---
-----------------------------------------------------------------------------
 --- Frame #135 ---
8 14 3 6 16 3 6 15 4 8 15 1 7 17 1 7 14 4 7 16 0 7 15 4 8 16 3 6 17 4 
 --- Bot used 48 milliseconds ---
-----------------------------------------------------------------------------
 --- Frame #136 ---
6 16 2 8 15 2 6 15 3 8 16 4 7 15 2 7 17 0 7 14 4 6 17 0 7 16 1 8 14 0 
 --- Bot used 61 milliseconds ---
-----------------------------------------------------------------------------
 --- Frame #137 ---
6 17 3 7 14 0 8 16 1 7 15 3 8 15 0 6 16 4 6 15 3 7 17 0 8 14 1 7 16 4 
 --- Bot used 56 milliseconds ---
-----------------------------------------------------------------------------
 --- Frame #138 ---
8 14 2 7 16 1 6 17 1 8 16 1 7 14 1 7 15 0 6 16 1 6 15 0 7 17 1 8 15 0 
 --- Bot used 28 milliseconds ---
-----------------------------------------------------------------------------
 --- Frame #139 ---
7 15 4 8 16 2 6 17 2 7 16 0 8 14 3 6 15 4 6 16 4 7 17 4 8 15 4 7 14 1 
 --- Bot used 26 milliseconds ---
-----------------------------------------------------------------------------
 --- Frame #140 ---
7 15 3 6 15 1 7 17 3 6 16 1 7 16 1 6 17 3 8 14 1 7 14 0 8 15 1 8 16 3 
 --- Bot used 33 milliseconds ---
-----------------------------------------------------------------------------
 --- Frame #141 ---
6 15 1 7 15 0 8 15 1 7 14 1 7 17 2 6 17 3 8 14 4 7 16 1 6 16 4 8 16 4 
 --- Bot used 41 milliseconds ---
-----------------------------------------------------------------------------
 --- Frame #142 ---
8 14 3 8 16 4 7 15 3 6 15 2 6 17 0 8 15 1 7 16 4 7 13 2 6 16 2 7 17 4 7 14 2 
 --- Bot used 60 milliseconds ---
-----------------------------------------------------------------------------
 --- Frame #143 ---
7 14 2 7 13 1 6 17 0 7 16 2 8 15 4 6 16 2 8 16 2 8 14 4 7 17 4 7 15 2 6 15 0 
 --- Bot used 47 milliseconds ---
-----------------------------------------------------------------------------
 --- Frame #144 ---
7 15 3 7 13 3 8 15 0 8 14 4 7 14 0 7 16 0 6 16 0 6 17 3 6 15 1 8 16 0 7 17 2 
 --- Bot used 51 milliseconds ---
-----------------------------------------------------------------------------
 --- Frame #145 ---
7 14 3 8 16 0 7 13 1 8 14 1 8 15 0 6 15 1 7 15 1 7 17 0 7 16 0 6 17 3 6 16 1 
 --- Bot used 42 milliseconds ---
-----------------------------------------------------------------------------
 --- Frame #146 ---
8 15 2 7 15 2 7 13 4 6 17 2 8 14 4 6 16 3 8 16 2 7 14 2 7 17 0 6 14 2 7 16 3 6 15 0 
 --- Bot used 31 milliseconds ---
-----------------------------------------------------------------------------
 --- Frame #147 ---
8 16 1 7 16 3 7 13 4 7 15 3 7 17 0 8 15 0 6 15 1 7 14 4 6 14 3 6 17 0 6 16 3 8 14 2 
 --- Bot used 81 milliseconds ---
-----------------------------------------------------------------------------
 --- Frame #148 ---
6 15 1 7 16 0 6 14 0 8 16 0 8 14 4 7 17 1 7 13 4 8 15 2 7 14 2 7 15 3 6 16 2 6 17 0 
 --- Bot used 46 milliseconds ---
-----------------------------------------------------------------------------
 --- Frame #149 ---
7 16 1 7 17 2 7 14 4 7 15 3 6 14 1 7 13 3 8 16 0 6 16 1 8 14 0 6 17 3 6 15 2 8 15 0 
 --- Bot used 47 milliseconds ---
-----------------------------------------------------------------------------
 --- Frame #150 ---
7 13 4 8 14 0 6 14 3 6 17 3 7 15 2 8 15 2 7 17 4 6 15 4 7 16 1 6 16 0 8 16 3 7 14 1 
 --- Bot used 34 milliseconds ---
-----------------------------------------------------------------------------
 --- Frame #151 ---
8 14 4 8 16 0 7 17 2 6 14 2 7 16 3 7 13 3 6 16 3 6 15 2 9 15 2 8 15 2 7 15 1 6 17 4 7 14 1 
 --- Bot used 40 milliseconds ---
-----------------------------------------------------------------------------
 --- Frame #152 ---
8 14 2 7 15 3 6 15 2 6 14 4 7 16 3 8 16 2 8 15 3 6 16 4 7 14 0 6 17 1 9 15 4 7 17 0 7 13 4 
 --- Bot used 37 milliseconds ---
-----------------------------------------------------------------------------
 --- Frame #153 ---
7 17 2 6 17 4 8 16 1 7 13 3 8 14 0 9 15 0 7 15 3 6 16 3 7 16 4 6 14 2 7 14 4 6 15 2 8 15 2 
 --- Bot used 65 milliseconds ---
-----------------------------------------------------------------------------
 --- Frame #154 ---
7 14 4 7 13 3 7 15 0 6 16 4 8 14 4 8 16 0 7 17 1 8 15 0 9 15 4 6 15 0 6 14 4 7 16 1 6 17 2 
 --- Bot used 38 milliseconds ---
-----------------------------------------------------------------------------
 --- Frame #155 ---
7 13 4 8 15 1 6 16 2 7 16 4 9 15 2 7 14 0 8 14 1 7 15 2 6 15 4 6 14 0 6 17 0 8 16 1 7 17 3 
 --- Bot used 76 milliseconds ---
-----------------------------------------------------------------------------
 --- Frame #156 ---
6 14 1 6 15 0 9 15 0 8 15 3 7 13 2 8 16 0 7 17 3 8 14 4 6 17 4 7 16 0 7 14 2 7 15 0 6 16 4 
 --- Bot used 32 milliseconds ---
-----------------------------------------------------------------------------
 --- Frame #157 ---
8 15 4 7 13 3 9 15 3 6 17 0 8 16 1 7 15 2 6 15 3 6 14 3 7 16 4 7 14 3 8 14 4 6 16 4 7 17 2 
 --- Bot used 33 milliseconds ---
-----------------------------------------------------------------------------
 --- Frame #158 ---
8 16 4 7 14 4 7 15 3 7 13 4 7 16 4 6 14 4 6 17 0 8 14 1 9 15 4 8 15 0 7 17 2 6 15 0 6 16 1 
 --- Bot used 47 milliseconds ---
-----------------------------------------------------------------------------
 --- Frame #159 ---
8 15 4 6 14 3 7 16 3 6 17 4 7 17 0 7 13 1 7 15 0 6 15 1 9 15 2 6 16 4 8 16 0 7 14 4 8 14 1 
 --- Bot used 36 milliseconds ---
-----------------------------------------------------------------------------
 --- Frame #160 ---
9 15 4 8 16 3 6 15 4 7 15 1 8 15 0 7 13 4 6 14 4 6 16 2 7 16 3 6 17 1 7 17 0 7 14 2 8 14 0 
 --- Bot used 42 milliseconds ---
-----------------------------------------------------------------------------
 --- Frame #161 ---
6 14 3 6 17 4 7 17 3 8 14 2 8 16 4 7 15 0 8 15 2 6 15 0 7 13 1 7 16 0 7 14 1 9 15 3 6 16 0 
 --- Bot used 58 milliseconds ---
-----------------------------------------------------------------------------
 --- Frame #162 ---
6 17 4 8 14 1 7 17 0 8 15 1 9 15 3 6 16 1 7 16 2 7 13 0 8 16 2 7 14 2 7 15 2 7 18 1 6 14 4 6 15 2 
 --- Bot used 55 milliseconds ---
-----------------------------------------------------------------------------
 --- Frame #163 ---
6 17 1 8 16 3 7 17 0 8 14 3 6 16 4 9 15 2 6 14 2 7 16 3 7 14 2 7 18 3 7 15 1 7 13 3 8 15 1 6 15 0 
 --- Bot used 38 milliseconds ---
-----------------------------------------------------------------------------
 --- Frame #164 ---
6 15 1 9 15 0 6 17 1 6 16 4 7 16 0 8 16 1 7 15 0 8 15 3 7 18 2 7 17 4 6 14 3 7 14 3 7 13 0 8 14 4 
 --- Bot used 68 milliseconds ---
-----------------------------------------------------------------------------
 --- Frame #165 ---
7 17 3 7 18 3 7 16 3 7 14 0 9 15 0 8 14 0 6 14 0 6 17 1 7 13 1 7 15 1 8 15 2 6 15 1 6 16 1 8 16 4 
 --- Bot used 90 milliseconds ---
-----------------------------------------------------------------------------
 --- Frame #166 ---
8 15 3 7 16 2 8 16 1 6 14 2 7 14 3 7 17 2 7 13 1 7 15 3 9 15 2 6 16 0 6 15 2 7 18 4 6 17 0 8 14 1 
 --- Bot used 54 milliseconds ---
-----------------------------------------------------------------------------
 --- Frame #167 ---
6 16 4 6 15 1 7 16 0 8 16 3 8 14 3 7 18 4 7 17 4 8 15 4 6 14 3 6 17 3 7 14 1 7 15 4 9 15 3 7 13 3 
 --- Bot used 32 milliseconds ---
-----------------------------------------------------------------------------
 --- Frame #168 ---
7 15 2 6 17 2 6 14 0 8 16 1 7 18 3 7 13 0 5 16 4 8 14 2 9 15 1 6 16 3 6 15 1 7 16 3 7 14 1 7 17 3 8 15 3 
 --- Bot used 81 milliseconds ---
-----------------------------------------------------------------------------
 --- Frame #169 ---
6 16 1 6 14 3 8 16 2 7 18 4 7 17 3 8 14 4 7 13 1 8 15 0 7 15 4 9 15 0 6 17 4 7 16 3 7 14 4 5 16 0 6 15 4 
 --- Bot used 70 milliseconds ---
-----------------------------------------------------------------------------
 --- Frame #170 ---
7 15 1 8 15 4 9 15 3 6 17 1 6 16 4 8 16 0 7 16 3 6 15 0 7 13 1 6 14 4 7 18 4 7 14 3 7 17 3 8 14 3 5 16 1 
 --- Bot used 62 milliseconds ---
-----------------------------------------------------------------------------
 --- Frame #171 ---
5 16 1 9 15 2 6 14 4 6 17 4 6 16 0 7 16 4 8 16 2 7 13 2 7 17 1 7 18 4 7 15 2 6 18 0 7 14 3 8 14 2 6 15 3 8 15 3 
 --- Bot used 56 milliseconds ---
-----------------------------------------------------------------------------
 --- Frame #172 ---
7 14 0 6 17 4 6 15 4 7 17 0 6 18 3 8 14 3 5 16 4 8 15 1 6 16 4 6 14 2 8 16 4 7 18 0 9 15 2 7 15 3 7 16 1 7 13 3 9 16 0 
 --- Bot used 47 milliseconds ---
-----------------------------------------------------------------------------
 --- Frame #173 ---
9 16 3 7 15 4 9 15 1 7 18 1 6 16 3 6 18 2 6 15 0 8 16 2 6 14 2 8 14 3 6 17 4 7 17 4 7 14 1 7 16 2 5 16 2 7 13 4 8 15 1 
 --- Bot used 50 milliseconds ---
-----------------------------------------------------------------------------
 --- Frame #174 ---
7 14 4 7 17 3 8 14 1 9 16 4 7 18 1 7 15 3 7 13 3 9 15 2 8 15 1 6 14 4 6 16 2 6 18 3 7 16 2 8 16 2 6 15 2 5 16 1 6 17 2 
 --- Bot used 35 milliseconds ---
-----------------------------------------------------------------------------
 --- Frame #175 ---
7 17 1 7 18 2 6 18 4 7 14 1 8 14 4 5 16 0 7 15 3 9 15 1 8 15 3 6 16 3 7 16 1 8 16 0 7 13 2 9 16 1 6 15 1 6 17 3 6 14 0 
 --- Bot used 88 milliseconds ---
-----------------------------------------------------------------------------
 --- Frame #176 ---
7 18 4 6 14 2 5 16 3 7 15 4 6 18 2 9 15 4 8 15 3 8 14 1 6 16 3 6 15 0 8 16 3 7 13 0 9 16 3 6 17 0 7 17 1 7 16 4 7 14 0 
 --- Bot used 55 milliseconds ---
-----------------------------------------------------------------------------
 --- Frame #177 ---
7 13 4 7 14 1 7 18 1 8 17 3 8 14 1 5 16 2 8 15 0 7 15 1 7 17 3 9 15 4 6 18 2 6 16 1 7 16 1 8 16 4 9 16 3 6 17 0 6 15 3 6 14 4 
 --- Bot used 42 milliseconds ---
-----------------------------------------------------------------------------
 --- Frame #178 ---
6 15 3 6 18 0 7 18 3 6 16 2 7 16 0 8 16 0 9 16 1 6 14 2 6 17 4 7 17 1 7 13 3 7 14 2 8 17 0 8 14 3 5 16 1 7 15 2 8 15 4 9 15 3 
 --- Bot used 66 milliseconds ---
-----------------------------------------------------------------------------
 --- Frame #179 ---
8 17 0 7 14 2 8 14 3 5 16 4 7 15 1 7 18 0 8 15 4 9 15 2 7 13 3 6 16 4 6 18 2 7 16 1 8 16 4 6 15 1 9 16 4 6 17 0 6 14 0 7 17 0 
 --- Bot used 35 milliseconds ---
-----------------------------------------------------------------------------
 --- Frame #180 ---
6 18 4 8 15 1 8 17 0 7 13 0 7 17 4 6 15 4 8 16 0 7 15 1 6 17 0 7 18 1 9 16 2 6 14 3 5 16 1 7 16 4 8 14 1 6 16 2 7 14 4 9 15 1 
 --- Bot used 73 milliseconds ---
-----------------------------------------------------------------------------
 --- Frame #181 ---
6 15 0 6 17 2 5 15 4 9 16 1 8 14 1 8 16 3 7 14 4 7 16 2 5 16 1 7 13 2 6 18 1 7 18 4 9 15 1 8 17 1 8 15 4 6 16 0 7 15 2 7 17 3 6 14 4 
 --- Bot used 33 milliseconds ---
-----------------------------------------------------------------------------
 --- Frame #182 ---
8 14 2 7 16 4 6 18 0 9 16 3 8 15 4 7 13 3 5 15 4 5 16 2 7 15 4 6 16 1 8 16 0 6 15 1 7 14 3 7 17 2 8 13 3 6 14 2 9 15 4 8 17 1 6 17 2 7 18 3 
 --- Bot used 57 milliseconds ---
-----------------------------------------------------------------------------
 --- Frame #183 ---
5 16 0 8 14 0 7 13 2 7 14 1 5 15 4 8 15 4 7 18 2 9 16 2 9 15 0 7 16 0 6 14 3 6 16 0 6 18 2 6 17 2 8 16 0 7 15 3 8 17 0 6 15 2 7 17 3 8 13 4 
 --- Bot used 37 milliseconds ---
-----------------------------------------------------------------------------
 --- Frame #184 ---
5 15 3 8 14 2 7 14 0 5 16 2 6 15 3 8 13 4 6 14 2 8 17 3 7 17 1 7 18 4 6 17 3 9 16 4 8 16 2 7 16 4 6 16 1 6 18 3 9 15 0 7 13 0 8 15 2 7 15 4 
 --- Bot used 52 milliseconds ---
-----------------------------------------------------------------------------
 --- Frame #185 ---
7 15 2 7 14 0 8 13 0 6 15 0 7 16 4 8 17 2 5 15 0 9 16 4 8 16 2 7 13 1 7 18 1 6 14 4 7 17 3 6 16 3 6 17 0 8 14 1 6 18 4 9 15 3 5 16 3 8 15 4 
 --- Bot used 93 milliseconds ---
-----------------------------------------------------------------------------
 --- Frame #186 ---
5 15 0 8 14 1 5 14 0 7 13 1 8 17 1 7 17 0 6 17 3 9 16 3 6 16 2 6 18 0 8 15 2 9 15 3 6 15 4 5 16 3 6 14 3 7 18 4 8 13 4 7 14 4 8 16 3 7 16 2 7 15 1 7 12 3 
 --- Bot used 49 milliseconds ---
-----------------------------------------------------------------------------
 --- Frame #187 ---
8 13 4 5 16 2 5 14 3 5 15 3 6 15 1 6 16 1 8 15 1 7 15 1 6 14 0 6 18 3 7 14 1 7 18 1 8 14 4 7 12 0 6 17 2 9 16 1 9 15 1 8 16 1 7 17 4 7 16 3 8 17 0 7 13 4 
 --- Bot used 85 milliseconds ---
-----------------------------------------------------------------------------
 --- Frame #188 ---
5 15 0 7 18 4 8 14 2 8 16 3 7 14 1 6 14 3 5 14 0 7 12 0 8 13 0 7 13 3 5 16 2 7 16 0 6 16 1 6 13 0 9 16 3 6 18 2 8 17 4 9 15 1 7 17 2 8 15 0 7 15 0 6 15 2 6 17 4 
 --- Bot used 48 milliseconds ---
-----------------------------------------------------------------------------
 --- Frame #189 ---
5 15 2 8 14 0 7 14 4 6 14 3 7 18 4 5 14 4 7 12 3 8 13 4 8 17 0 7 13 1 7 17 1 5 16 1 6 17 3 6 13 4 9 16 1 8 16 4 6 16 2 7 16 3 6 18 4 9 15 3 8 15 0 7 15 0 6 15 2 
 --- Bot used 99 milliseconds ---
-----------------------------------------------------------------------------
 --- Frame #190 ---
8 14 4 8 15 3 6 14 3 9 15 2 8 13 4 6 18 3 6 13 0 6 16 1 7 16 2 8 16 2 9 16 4 6 17 2 7 12 0 7 17 0 7 14 1 8 17 1 5 14 0 7 13 4 7 18 3 5 13 3 5 16 1 5 15 1 6 15 0 7 15 1 
 --- Bot used 58 milliseconds ---
-----------------------------------------------------------------------------
 --- Frame #191 ---
7 17 4 8 13 3 6 17 2 7 13 2 6 13 2 5 13 3 9 16 2 5 16 1 8 16 1 7 16 4 6 16 0 6 18 4 9 15 2 8 15 3 7 15 1 6 15 1 7 12 3 5 15 4 8 14 1 7 18 3 7 14 0 6 14 0 8 17 3 5 14 2 
 --- Bot used 54 milliseconds ---
-----------------------------------------------------------------------------
 --- Frame #192 ---
7 12 0 7 16 2 8 16 0 6 17 4 5 16 0 5 13 0 6 16 2 6 15 0 6 13 0 7 13 3 8 14 0 8 15 3 9 15 4 7 15 4 9 16 3 5 15 0 7 17 1 6 14 4 7 14 3 8 17 2 6 18 2 7 18 3 8 13 4 5 14 1 
 --- Bot used 39 milliseconds ---
-----------------------------------------------------------------------------
 --- Frame #193 ---
8 14 1 6 16 2 5 14 4 6 15 4 5 15 1 7 16 4 5 16 1 5 13 3 6 18 4 7 14 3 6 13 4 9 15 1 7 18 3 7 13 1 6 14 3 8 13 1 8 17 3 8 16 3 7 17 3 9 16 0 7 12 1 7 15 0 8 15 4 6 17 2 
 --- Bot used 43 milliseconds ---
-----------------------------------------------------------------------------
 --- Frame #194 ---
5 15 2 7 14 0 6 15 3 5 16 0 7 15 3 6 13 1 8 15 3 9 15 4 6 18 1 6 16 4 7 16 3 6 14 1 8 16 2 7 12 4 7 13 3 9 16 2 6 17 0 5 14 0 7 17 4 5 13 2 8 17 0 4 14 3 8 13 2 7 18 2 8 14 3 
 --- Bot used 59 milliseconds ---
-----------------------------------------------------------------------------
 --- Frame #195 ---
5 14 4 8 16 0 9 16 1 7 12 1 6 15 4 6 17 3 7 18 4 7 13 3 9 15 2 6 13 4 8 13 4 6 16 3 4 15 2 7 16 0 6 14 1 7 14 2 7 17 3 8 17 2 6 18 3 5 13 4 4 14 4 5 16 0 5 15 2 7 15 0 8 14 0 8 15 1 
 --- Bot used 55 milliseconds ---
-----------------------------------------------------------------------------
 --- Frame #196 ---
5 15 3 5 16 1 8 16 2 8 14 4 7 17 2 7 15 1 7 18 1 7 14 1 6 14 4 5 14 0 9 16 4 9 15 2 8 15 2 6 17 3 8 13 3 6 15 0 7 13 3 6 13 3 5 13 1 4 14 1 4 15 0 7 16 4 6 16 4 8 17 1 6 18 4 9 17 0 7 12 3 
 --- Bot used 42 milliseconds ---
-----------------------------------------------------------------------------
 --- Frame #197 ---
8 17 2 8 14 3 9 17 0 4 14 4 7 14 0 6 18 0 6 14 0 7 18 4 5 14 0 6 15 4 7 15 0 4 15 3 8 13 4 8 15 2 7 12 0 7 13 0 9 15 0 6 13 1 5 13 2 6 16 0 7 16 0 5 15 4 8 16 3 9 16 0 6 17 1 7 17 0 5 16 0 
 --- Bot used 63 milliseconds ---
-----------------------------------------------------------------------------
 --- Frame #198 ---
8 14 2 5 16 3 4 15 4 6 16 0 6 18 1 8 16 3 4 14 1 7 18 3 7 13 3 7 17 3 8 17 2 8 15 4 9 16 3 7 12 2 7 14 3 5 13 4 9 17 4 5 15 4 6 14 3 6 13 0 8 13 2 7 16 4 6 17 3 6 15 0 5 14 0 9 15 3 7 15 0 
 --- Bot used 37 milliseconds ---
-----------------------------------------------------------------------------
 --- Frame #199 ---
8 14 4 5 13 3 7 18 3 8 13 4 4 15 3 7 16 2 5 17 4 6 16 4 9 15 1 7 13 4 7 17 3 8 15 4 6 17 3 6 18 0 6 14 3 9 16 4 7 14 1 5 14 3 8 17 0 7 12 3 6 13 0 9 17 3 4 14 2 7 15 0 8 16 1 6 15 0 5 15 2 5 16 4 
 --- Bot used 59 milliseconds ---
-----------------------------------------------------------------------------
 --- Frame #200 ---
7 15 0 6 16 3 6 15 1 5 15 1 7 16 0 5 16 1 8 16 2 8 14 4 9 16 4 7 14 4 6 14 4 6 17 3 5 14 3 5 17 4 8 13 1 7 13 0 7 17 4 6 13 0 8 17 0 5 13 0 9 17 1 4 14 4 6 18 2 4 15 3 7 18 3 8 15 2 9 15 0 7 12 0 
 --- Bot used 73 milliseconds ---
-----------------------------------------------------------------------------
 --- Frame #201 ---
6 17 1 5 16 3 8 16 3 7 14 2 7 16 1 7 18 2 6 16 4 6 18 2 9 17 2 9 15 0 8 17 3 7 12 1 8 15 0 7 17 1 5 14 4 7 15 2 4 15 1 7 13 0 4 14 2 9 16 0 5 15 1 6 15 4 8 14 2 5 13 1 6 14 1 6 13 0 5 17 2 8 13 1 
 --- Bot used 53 milliseconds ---
-----------------------------------------------------------------------------
 --- Frame #202 ---
7 16 0 7 15 4 6 15 0 9 15 4 7 18 0 6 16 4 5 15 2 5 16 2 8 14 4 7 14 0 6 14 0 5 14 1 8 18 1 6 18 2 8 17 4 5 17 2 8 16 0 7 17 4 8 13 4 7 13 3 6 13 4 5 13 4 4 14 4 4 15 3 8 15 1 9 17 2 7 12 1 9 16 4 6 17 3 
 --- Bot used 70 milliseconds ---
-----------------------------------------------------------------------------
 --- Frame #203 ---
7 17 1 6 17 3 9 16 0 6 13 3 6 14 1 8 13 4 5 15 3 6 15 0 5 16 3 4 14 3 5 17 1 5 13 0 8 14 2 7 14 2 5 14 2 7 16 0 8 16 3 6 16 0 8 18 4 7 12 2 9 15 4 7 18 3 8 15 4 6 18 0 7 15 4 9 17 2 7 13 4 8 17 1 4 15 2 
 --- Bot used 53 milliseconds ---
-----------------------------------------------------------------------------
 --- Frame #204 ---
7 18 1 6 18 2 9 17 4 8 17 4 7 17 4 6 17 1 8 15 1 9 16 2 7 15 1 6 15 3 8 16 3 6 16 2 9 15 3 5 15 2 4 15 3 9 14 4 8 14 1 7 14 2 6 14 3 5 14 3 5 16 3 8 13 4 7 13 3 6 13 2 5 13 3 4 14 0 7 16 4 5 17 4 8 18 0 7 12 3 
 --- Bot used 68 milliseconds ---
-----------------------------------------------------------------------------
 --- Frame #205 ---
9 16 1 7 18 4 5 16 2 8 15 3 7 15 4 4 14 3 5 17 2 9 15 1 9 17 2 4 15 0 7 17 2 6 17 2 7 14 0 7 12 0 8 16 1 5 14 4 7 16 0 8 13 4 6 16 4 7 13 0 5 13 1 8 18 3 6 18 4 8 17 2 6 15 4 5 15 4 9 14 2 8 14 0 6 13 3 6 14 4 
 --- Bot used 51 milliseconds ---
-----------------------------------------------------------------------------
 --- Frame #206 ---
9 15 2 8 15 2 7 15 0 7 18 2 7 13 3 5 15 3 4 15 2 6 18 0 9 14 4 8 14 1 9 17 0 7 14 0 8 18 3 6 14 3 5 14 1 5 16 3 8 13 1 6 15 1 6 16 0 6 13 2 7 16 2 8 16 2 5 13 1 4 14 4 5 17 2 8 17 0 7 17 2 6 17 1 7 12 2 9 16 4 
 --- Bot used 72 milliseconds ---
-----------------------------------------------------------------------------
 --- Frame #207 ---
3 14 3 9 17 0 8 17 1 7 17 1 6 17 1 9 16 4 8 13 1 8 16 1 7 13 3 7 16 1 7 12 1 6 16 4 6 13 1 9 15 4 8 15 0 7 15 4 6 15 2 5 15 0 4 15 1 6 18 4 9 14 3 8 14 0 7 14 3 6 14 3 5 14 3 8 18 1 7 18 2 5 17 3 5 16 0 4 14 3 5 13 0 
 --- Bot used 45 milliseconds ---
-----------------------------------------------------------------------------
 --- Frame #208 ---
9 16 2 6 15 4 5 15 3 6 17 0 4 15 2 7 17 3 5 17 3 8 17 2 9 14 4 8 14 1 9 17 3 7 14 2 6 14 1 6 18 2 5 14 2 7 18 1 8 15 3 3 14 2 8 13 4 4 14 4 7 13 1 7 15 1 6 13 3 5 13 4 3 15 4 9 15 2 8 12 4 8 18 2 5 16 2 6 16 2 7 16 1 7 12 4 8 16 4 
 --- Bot used 56 milliseconds ---
-----------------------------------------------------------------------------
 --- Frame #209 ---
8 16 2 7 16 1 6 16 4 9 15 3 8 15 1 7 15 1 6 15 2 5 15 1 7 18 3 4 15 3 5 17 2 9 14 2 8 14 4 7 17 3 8 17 3 7 14 3 7 12 0 6 14 2 5 14 4 6 17 0 4 14 4 3 14 0 5 16 2 9 16 4 8 13 3 7 13 2 6 13 1 9 17 2 5 13 0 6 18 2 3 15 1 8 12 1 8 18 2 9 18 4 
 --- Bot used 42 milliseconds ---
-----------------------------------------------------------------------------
 --- Frame #210 ---
9 16 4 7 15 1 6 17 2 6 15 0 5 15 2 4 15 4 7 17 4 5 17 2 9 14 3 8 17 3 8 14 0 7 14 1 9 17 4 6 14 3 6 18 1 5 14 3 4 14 4 7 18 3 9 15 2 8 13 4 7 13 1 8 18 4 6 13 2 9 18 3 8 15 2 5 13 4 3 15 4 6 16 2 8 12 3 7 16 2 5 16 1 8 16 3 3 14 3 7 12 0 
 --- Bot used 45 milliseconds ---
-----------------------------------------------------------------------------
 --- Frame #211 ---
8 17 0 9 15 3 7 16 4 8 13 3 6 15 1 8 12 4 6 17 3 7 17 0 7 12 0 7 13 3 8 14 1 8 15 1 6 13 2 9 16 2 5 13 1 5 17 3 3 14 2 4 15 3 7 15 0 4 14 4 8 16 1 5 15 0 9 17 4 9 14 1 6 18 2 4 13 4 7 14 0 7 18 3 6 14 1 8 18 3 5 14 4 9 18 3 3 15 2 6 16 0 5 16 3 
 --- Bot used 64 milliseconds ---
-----------------------------------------------------------------------------
 --- Frame #212 ---
9 18 0 6 13 3 8 18 2 4 14 0 7 18 1 9 16 1 3 14 2 6 18 3 9 17 4 8 12 4 8 17 2 7 17 3 7 13 0 6 17 4 6 14 2 8 16 4 8 13 3 7 16 4 6 16 3 7 12 2 7 19 2 9 15 3 8 15 4 7 15 4 6 15 2 5 15 4 4 15 0 5 17 1 9 14 0 8 14 0 5 13 4 7 14 3 4 13 3 5 14 1 3 15 4 5 16 0 
 --- Bot used 84 milliseconds ---
-----------------------------------------------------------------------------
 --- Frame #213 ---
6 13 0 3 14 3 8 13 3 7 13 0 8 17 4 5 13 0 4 13 1 7 19 1 7 17 2 6 14 2 6 15 1 6 18 0 6 16 4 7 16 4 7 18 4 9 17 1 7 15 1 4 14 0 5 15 3 6 17 3 7 12 1 4 15 2 3 15 3 5 17 3 9 15 4 8 12 2 5 14 1 9 14 4 8 15 3 8 14 0 8 18 2 9 18 1 5 16 3 7 14 1 8 16 0 9 16 2 
 --- Bot used 109 milliseconds ---
-----------------------------------------------------------------------------
 --- Frame #214 ---
9 18 0 5 16 0 8 18 2 7 18 0 4 13 4 4 15 0 6 18 2 5 17 1 9 17 3 9 14 1 8 17 0 5 13 3 8 12 2 8 15 2 6 17 2 3 15 3 7 14 2 9 16 1 7 12 4 6 14 1 5 14 2 6 15 4 5 15 0 7 17 3 8 16 0 3 14 2 7 16 4 8 14 0 4 14 1 7 19 4 7 13 1 8 13 0 9 15 0 9 12 0 6 16 1 6 13 4 7 15 4 
 --- Bot used 63 milliseconds ---
-----------------------------------------------------------------------------
 --- Frame #215 ---
9 18 3 8 15 4 7 15 3 6 15 1 6 16 2 5 15 0 4 15 2 5 17 3 7 16 1 9 14 2 8 14 1 9 16 1 7 14 1 6 14 2 5 14 3 4 14 3 8 16 4 3 14 3 9 15 2 8 12 3 5 16 1 8 13 3 8 17 1 7 13 0 9 17 3 6 18 2 7 18 1 7 12 2 6 17 4 6 13 3 7 19 4 3 15 1 5 13 2 7 17 4 4 13 3 9 12 1 8 18 3 
 --- Bot used 61 milliseconds ---
-----------------------------------------------------------------------------
 --- Frame #216 ---
6 15 2 5 15 4 4 15 4 6 17 2 7 19 2 9 14 2 7 17 0 8 14 4 7 14 0 8 17 4 6 14 0 9 18 2 5 14 2 4 14 3 6 18 2 3 14 2 7 18 3 8 15 0 8 13 4 8 18 4 7 13 4 6 13 1 5 13 3 4 13 3 9 12 0 9 17 4 8 12 4 7 12 1 5 16 4 9 15 1 7 16 1 5 17 3 3 15 1 6 16 4 10 15 1 8 16 0 7 15 4 9 16 3 9 11 1 
 --- Bot used 58 milliseconds ---
-----------------------------------------------------------------------------
 --- Frame #217 ---
7 15 2 7 14 0 7 12 3 9 11 0 5 17 2 3 14 2 8 12 2 4 13 4 9 18 0 8 18 2 5 14 0 3 15 4 7 18 4 6 14 2 6 18 3 9 17 4 8 17 3 9 14 2 7 17 0 7 13 2 6 17 4 9 16 4 8 16 4 7 16 4 5 13 4 7 19 1 8 13 3 10 15 4 6 16 3 5 16 4 8 14 1 9 15 4 6 15 3 5 15 0 6 13 3 4 15 0 8 15 4 4 14 4 9 12 1 
 --- Bot used 85 milliseconds ---
-----------------------------------------------------------------------------
 --- Frame #218 ---
10 15 3 9 15 1 8 15 4 7 15 3 6 15 0 5 15 0 4 15 0 7 19 3 9 14 0 8 14 2 9 18 3 7 14 3 9 17 3 6 14 0 5 14 4 4 14 2 8 17 3 3 14 3 8 13 3 7 13 4 6 13 0 5 13 1 4 13 2 9 12 1 8 12 3 7 12 1 5 17 4 3 15 3 7 17 0 8 18 4 6 17 0 9 16 0 8 16 0 7 16 1 7 18 3 6 16 0 5 16 0 6 18 1 9 11 4 
 --- Bot used 62 milliseconds ---
-----------------------------------------------------------------------------
 --- Frame #219 ---
8 12 3 6 16 2 7 12 4 5 17 2 7 14 4 5 16 2 3 15 2 10 15 4 6 14 4 9 15 0 8 15 1 7 15 2 9 12 2 9 18 4 5 14 0 8 18 2 9 11 1 4 14 4 6 15 4 3 14 1 4 15 1 8 13 2 5 15 0 8 17 3 7 13 2 9 14 0 6 13 0 7 19 0 7 17 3 5 13 1 6 17 4 6 18 4 9 17 2 4 13 1 7 18 4 9 16 2 8 14 1 8 16 3 7 16 2 
 --- Bot used 118 milliseconds ---
-----------------------------------------------------------------------------
 --- Frame #220 ---
8 17 2 10 15 1 9 15 2 7 17 1 6 16 0 8 15 0 7 15 0 6 17 1 8 14 2 7 16 3 9 16 0 8 16 1 5 15 1 4 15 3 7 19 1 9 14 3 5 16 3 7 14 1 6 14 2 5 14 0 4 14 0 3 14 4 8 13 3 7 13 0 6 13 4 5 13 0 4 13 1 9 12 2 8 12 2 7 12 3 9 18 2 5 17 1 3 15 3 6 15 0 8 18 0 7 18 4 6 18 0 9 17 3 9 11 2 
 --- Bot used 99 milliseconds ---
-----------------------------------------------------------------------------
 --- Frame #221 ---
6 13 4 9 17 4 6 17 4 5 15 4 9 15 0 8 16 2 8 18 3 6 16 3 9 16 1 6 15 1 5 16 1 10 15 0 3 15 0 6 14 4 9 11 0 5 14 4 4 14 2 4 15 3 5 17 4 7 17 2 9 18 1 7 13 1 5 13 3 8 17 4 8 13 1 8 15 0 7 16 4 9 14 1 8 14 1 7 18 4 6 18 2 7 14 1 7 19 2 9 12 4 8 12 1 3 14 1 7 12 2 4 13 4 7 15 3 
 --- Bot used 100 milliseconds ---
-----------------------------------------------------------------------------
 --- Frame #222 ---
6 16 3 5 16 3 10 15 3 9 15 2 8 15 0 7 15 1 6 15 3 5 15 0 4 15 0 7 19 3 9 14 2 8 14 2 6 17 2 9 18 3 7 14 0 6 14 4 6 18 2 9 16 4 4 14 4 8 16 4 8 17 1 3 14 2 8 13 0 7 13 0 6 13 2 5 13 2 4 13 4 9 12 1 8 12 1 7 12 2 5 17 4 3 15 0 5 14 3 7 17 0 9 11 4 7 18 2 7 16 3 9 17 2 8 18 2 
 --- Bot used 45 milliseconds ---
-----------------------------------------------------------------------------
 --- Frame #223 ---
9 17 3 8 17 2 7 17 2 6 17 3 9 11 1 9 16 0 6 18 3 8 16 0 7 16 0 6 16 2 7 12 4 10 15 4 9 15 3 5 17 1 9 18 1 8 15 0 7 15 1 6 15 0 5 15 0 4 15 2 6 13 3 9 14 3 8 14 3 7 14 0 6 14 4 5 14 4 9 12 2 3 15 2 7 19 1 7 18 3 8 18 4 4 14 0 3 14 4 8 12 1 8 13 2 7 13 3 4 13 3 5 16 2 5 13 1 
 --- Bot used 89 milliseconds ---
-----------------------------------------------------------------------------
 --- Frame #224 ---
5 16 1 10 15 4 9 15 0 8 17 4 7 17 0 8 15 4 7 15 2 6 15 0 5 15 3 4 15 4 7 19 3 9 16 2 2 14 4 8 14 1 8 16 3 7 16 1 7 14 4 6 14 0 5 14 1 9 18 3 3 14 4 8 18 0 9 14 0 6 18 3 9 13 4 9 17 2 8 13 0 7 13 2 7 18 2 6 13 0 5 13 3 4 13 0 9 12 4 8 12 0 7 12 2 5 17 3 3 15 2 6 17 3 6 16 1 4 14 0 9 11 0 
 --- Bot used 78 milliseconds ---
-----------------------------------------------------------------------------
 --- Frame #225 ---
6 17 1 8 16 2 7 17 2 7 16 0 6 16 0 10 15 1 9 15 3 9 11 0 8 15 2 7 15 1 7 12 1 6 15 1 5 16 2 4 15 1 8 12 3 7 19 0 9 14 1 9 18 4 8 14 2 9 17 0 8 18 2 7 14 4 6 18 2 6 14 1 7 18 1 5 17 3 5 14 3 8 17 2 3 15 1 9 16 0 4 14 1 3 14 2 2 14 3 9 13 2 8 13 4 7 13 1 6 13 4 5 15 2 5 13 1 4 13 0 9 12 0 
 --- Bot used 69 milliseconds ---
-----------------------------------------------------------------------------
 --- Frame #226 ---
6 16 0 5 17 2 8 15 1 10 15 0 8 14 4 4 15 4 6 14 2 3 14 4 9 13 3 9 15 0 9 11 3 6 13 2 9 12 3 7 15 4 7 17 1 6 15 2 6 17 1 5 16 4 5 15 1 8 18 1 9 16 2 6 18 0 7 19 3 9 14 1 8 16 2 7 18 3 7 14 3 9 17 2 5 14 0 4 14 0 8 17 0 2 14 4 8 13 0 7 13 4 3 15 4 5 13 4 4 13 3 9 18 0 8 12 0 7 12 3 7 16 0 
 --- Bot used 45 milliseconds ---
-----------------------------------------------------------------------------
 --- Frame #227 ---
5 13 0 6 13 3 4 13 4 6 16 4 7 13 1 9 12 1 6 18 3 9 17 1 8 17 3 7 17 2 6 17 4 8 13 3 5 17 1 10 16 0 9 16 4 8 16 4 7 16 1 9 13 2 5 16 2 3 15 2 10 15 3 7 12 0 8 15 1 7 15 4 6 15 2 5 15 3 7 19 2 4 15 4 8 18 3 9 14 4 8 14 1 9 15 3 9 18 0 9 11 4 7 18 4 7 14 1 6 14 1 5 14 4 8 12 3 4 14 4 3 14 1 2 14 4 
 --- Bot used 67 milliseconds ---
-----------------------------------------------------------------------------
 --- Frame #228 ---
7 16 2 6 16 4 5 16 2 10 15 1 9 15 3 8 15 3 7 15 1 6 15 4 5 15 3 4 15 4 7 17 2 9 14 4 8 14 0 9 18 0 8 16 1 6 14 1 5 14 0 4 14 0 3 14 4 2 14 2 6 18 4 9 13 0 7 18 3 8 13 3 8 18 1 7 13 0 6 13 0 5 13 1 4 13 3 9 16 0 9 12 4 10 16 1 8 12 4 7 12 3 7 19 2 3 15 4 6 17 1 5 17 2 7 14 2 9 11 4 8 17 2 9 17 0 
 --- Bot used 80 milliseconds ---
-----------------------------------------------------------------------------
 --- Frame #229 ---
9 12 1 8 12 4 8 17 0 6 13 2 5 13 2 4 13 4 7 18 0 6 18 3 9 17 0 9 11 3 7 17 0 6 17 3 5 17 0 4 15 0 9 16 1 8 16 0 7 16 4 6 16 2 5 16 2 10 15 2 9 15 3 8 15 4 7 15 0 6 15 0 5 15 3 9 14 4 9 18 0 8 18 0 10 16 0 3 15 4 7 12 1 7 19 3 9 13 4 8 14 4 7 14 3 6 14 4 5 14 2 4 14 4 2 14 1 7 13 0 3 14 0 8 13 3 
 --- Bot used 97 milliseconds ---
-----------------------------------------------------------------------------
 --- Frame #230 ---
10 16 2 8 16 4 2 13 2 6 16 1 11 15 3 10 15 0 8 15 0 7 15 1 5 15 1 5 17 0 8 17 1 7 19 2 6 18 0 8 18 4 4 14 2 3 14 3 2 14 0 9 13 2 8 13 1 7 16 2 6 13 2 5 13 4 8 12 2 9 14 3 7 17 2 6 17 2 9 11 1 9 15 2 6 14 3 6 15 3 4 15 2 9 17 3 9 16 3 7 18 2 9 18 0 5 14 3 7 14 1 8 14 3 7 13 4 3 15 0 9 12 1 7 12 1 4 13 4 5 16 2 
 --- Bot used 62 milliseconds ---
-----------------------------------------------------------------------------
 --- Frame #231 ---
8 17 2 7 17 4 5 17 2 9 16 4 8 16 0 7 16 4 11 15 3 9 15 4 7 18 1 6 18 4 5 15 1 7 19 4 9 14 3 8 14 2 9 11 1 3 14 4 8 13 1 7 13 0 5 13 0 7 12 1 4 13 1 8 18 0 6 17 2 10 16 0 2 13 4 6 16 0 6 14 3 10 15 4 8 15 1 7 15 1 6 15 0 9 17 3 4 15 3 8 12 3 5 16 2 7 14 0 9 18 2 5 14 2 4 14 1 2 14 2 9 13 1 3 15 0 6 13 0 9 12 2 
 --- Bot used 72 milliseconds ---
-----------------------------------------------------------------------------
 --- Frame #232 ---
9 14 1 8 14 1 6 16 4 10 18 2 9 16 1 7 14 3 6 14 1 5 14 3 4 14 1 3 14 2 2 14 3 9 13 1 8 13 4 7 13 0 10 16 2 7 19 2 5 13 4 3 15 0 2 13 0 9 12 4 8 12 1 7 12 4 4 13 1 5 16 0 11 15 4 4 15 4 6 17 1 7 17 0 8 17 1 6 18 2 8 18 2 9 11 2 10 15 1 9 15 2 8 15 2 7 15 1 6 15 1 5 15 1 9 17 3 6 13 2 9 18 4 7 16 3 8 16 1 5 17 3 7 18 0 
 --- Bot used 55 milliseconds ---
-----------------------------------------------------------------------------
 --- Frame #233 ---
2 13 1 8 17 1 6 17 3 10 16 4 7 18 3 8 16 1 11 15 3 8 15 0 8 14 1 6 18 3 9 17 0 9 18 3 5 16 1 5 14 1 3 14 0 2 14 2 9 13 4 8 13 2 7 13 2 7 12 4 3 15 2 9 12 0 7 17 1 5 17 3 4 14 0 9 16 3 8 12 4 7 16 4 6 16 0 10 15 1 9 15 4 7 15 3 6 15 3 5 15 3 4 15 4 7 19 4 9 14 4 7 14 2 8 18 4 10 18 4 9 11 1 4 13 3 6 14 3 6 13 1 5 13 1 11 18 1 
 --- Bot used 72 milliseconds ---
-----------------------------------------------------------------------------
 --- Frame #234 ---
10 18 4 7 18 3 9 17 0 6 17 3 5 17 2 8 16 1 8 12 1 7 19 0 10 15 1 8 15 2 6 15 4 5 15 1 3 15 2 10 14 4 8 14 3 6 16 2 7 14 2 5 14 1 3 14 2 9 13 4 11 17 3 11 18 3 9 18 1 8 18 1 7 13 2 6 18 3 4 13 3 8 17 1 7 12 1 5 13 0 10 16 0 9 16 0 7 16 1 9 12 3 11 15 3 9 15 1 7 15 1 9 11 4 4 15 2 9 14 4 6 14 1 7 17 1 4 14 2 2 13 1 2 14 1 6 13 0 8 13 0 5 16 0 
 --- Bot used 115 milliseconds ---
-----------------------------------------------------------------------------
 --- Frame #235 ---
7 12 0 2 13 1 9 12 3 9 16 4 6 16 0 11 15 3 7 18 3 7 13 1 9 18 0 10 18 2 8 17 0 5 15 1 3 15 4 8 15 1 7 14 1 9 11 3 4 13 2 4 14 2 5 13 3 3 14 2 9 13 2 7 17 3 8 12 1 5 16 1 5 17 1 10 16 2 8 16 0 7 16 3 7 19 3 10 15 0 6 18 1 9 15 4 7 15 3 9 17 4 6 15 4 4 15 3 10 14 0 8 18 3 9 14 3 8 14 4 6 14 4 5 14 3 11 17 0 6 13 2 2 14 3 8 13 1 11 18 2 6 17 2 
 --- Bot used 61 milliseconds ---
-----------------------------------------------------------------------------
 --- Frame #236 ---
6 16 2 8 17 0 10 15 0 11 18 0 7 15 0 7 17 1 5 15 1 3 15 0 10 14 0 8 14 3 6 14 3 5 14 3 3 14 0 9 13 4 8 13 2 7 18 3 8 18 0 5 16 4 7 12 0 6 17 4 11 17 0 9 17 2 7 19 4 5 17 1 9 11 1 7 16 0 10 18 4 9 15 4 8 15 3 6 15 0 6 18 4 4 15 1 9 16 3 9 14 2 7 14 0 8 16 4 11 15 0 4 14 1 10 16 0 2 14 0 4 13 0 7 13 0 6 13 3 5 13 4 2 13 3 9 12 0 12 18 4 8 12 0 9 18 0 
 --- Bot used 77 milliseconds ---
-----------------------------------------------------------------------------
 --- Frame #237 ---
7 12 0 3 14 0 11 17 4 5 17 4 5 15 3 7 16 1 9 17 2 9 15 0 7 15 4 7 14 0 3 15 1 12 18 1 8 14 4 10 18 1 6 13 4 9 11 4 4 14 3 2 14 4 9 13 1 8 18 2 9 12 4 2 13 1 7 13 2 7 17 0 4 13 4 6 17 2 10 16 0 9 16 3 8 16 0 6 16 1 11 15 0 10 15 0 8 15 1 6 15 4 4 15 2 9 18 1 10 14 1 9 14 4 6 14 0 7 19 3 11 18 3 7 18 4 5 14 1 8 17 2 5 16 1 5 13 4 8 12 1 8 13 3 6 18 0 
 --- Bot used 61 milliseconds ---
-----------------------------------------------------------------------------
 --- Frame #238 ---
10 15 3 8 15 0 6 15 1 5 15 2 4 15 4 9 15 3 7 14 0 6 14 3 4 14 0 3 14 0 10 13 0 8 13 4 9 14 0 6 13 3 5 17 0 11 17 3 9 12 1 7 18 0 7 12 3 8 18 1 6 17 3 10 18 2 7 17 1 6 16 4 8 17 1 11 15 3 11 18 2 7 15 2 9 18 3 3 15 1 10 14 2 8 14 1 8 12 2 9 17 4 5 14 1 7 19 1 5 16 4 9 13 3 6 18 0 7 13 1 5 13 4 12 18 4 2 13 0 4 13 0 2 14 4 9 11 2 9 16 0 8 16 1 7 16 4 10 16 1 8 11 4 
 --- Bot used 94 milliseconds ---
-----------------------------------------------------------------------------
 --- Frame #239 ---
2 14 3 9 16 3 9 11 2 8 11 3 4 16 1 11 15 0 9 15 1 4 13 3 7 15 4 2 13 1 9 18 3 3 15 4 9 14 3 7 14 2 5 14 4 3 14 0 5 17 3 8 12 0 6 13 2 7 13 3 5 13 2 6 17 0 7 16 2 7 17 4 6 15 2 8 17 2 9 17 2 7 19 2 6 18 2 7 12 0 7 18 4 5 16 4 9 12 2 10 15 3 8 18 1 8 15 0 5 15 4 4 15 4 10 18 3 10 14 2 8 14 4 6 14 0 6 16 3 4 14 3 11 17 2 10 13 1 9 13 0 8 13 0 11 18 1 7 11 4 8 16 0 12 18 3 10 16 0 
 --- Bot used 57 milliseconds ---
-----------------------------------------------------------------------------
 --- Frame #240 ---
11 15 3 10 15 0 9 15 2 8 15 0 7 15 4 6 15 3 8 18 2 5 15 4 6 18 4 4 15 2 3 15 2 9 17 2 10 14 0 9 14 3 8 14 3 7 14 4 6 14 4 5 14 2 8 17 0 6 17 1 8 16 3 7 17 1 10 16 1 5 17 0 12 18 0 4 14 0 4 16 0 3 14 4 11 17 1 10 13 3 9 13 4 8 13 2 7 13 1 6 13 3 5 13 1 7 19 4 2 14 4 10 12 0 9 12 1 8 12 0 2 13 1 9 11 2 9 18 2 8 11 3 4 13 4 7 11 2 7 12 2 7 18 2 10 18 1 11 18 2 9 16 2 7 16 1 6 16 1 5 16 0 6 11 2 
 --- Bot used 62 milliseconds ---
-----------------------------------------------------------------------------
 --- Frame #241 ---
3 14 4 8 14 3 5 17 4 10 14 2 10 13 1 8 13 1 7 14 3 7 11 2 8 11 4 9 13 1 2 13 2 10 17 1 9 12 1 8 17 0 10 12 0 9 17 3 9 14 4 6 17 3 12 18 2 2 14 3 11 18 4 5 13 2 6 11 2 6 13 1 10 18 4 7 13 4 9 15 2 10 15 0 7 19 2 7 17 4 11 16 1 7 12 2 9 16 3 4 13 3 10 16 1 9 11 1 8 16 4 8 12 3 7 16 2 6 14 2 6 16 3 6 18 1 5 16 3 8 18 0 4 16 4 8 15 1 9 18 0 7 15 4 11 17 2 6 15 0 7 18 3 5 15 1 11 15 4 4 15 3 4 14 3 3 15 3 5 14 4 
 --- Bot used 74 milliseconds ---
-----------------------------------------------------------------------------
 --- Frame #242 ---
5 16 0 4 16 4 11 15 2 10 15 1 9 15 2 8 15 4 10 18 3 11 17 0 11 18 4 10 17 4 7 15 1 9 17 4 6 15 2 8 17 4 10 16 4 7 17 2 6 17 2 5 15 0 4 15 0 11 16 3 3 15 1 7 18 2 10 14 3 9 14 2 8 14 0 7 14 0 6 14 3 5 14 2 4 14 4 3 14 4 5 17 0 10 13 2 9 13 4 8 13 0 7 13 2 6 13 0 5 13 3 2 14 2 10 12 2 12 18 3 6 18 3 9 12 0 8 12 0 2 13 3 9 11 2 8 11 4 4 13 2 7 11 3 7 12 3 7 19 3 9 16 0 8 16 0 7 16 1 6 16 0 9 18 3 6 11 0 8 18 3 
 --- Bot used 60 milliseconds ---
-----------------------------------------------------------------------------
 --- Frame #243 ---
9 18 1 10 16 0 12 18 3 6 16 2 8 11 2 10 17 3 4 16 1 6 14 4 10 18 3 3 14 4 6 15 2 7 12 4 8 17 1 7 17 4 11 17 1 11 18 3 4 13 0 9 11 2 8 13 2 5 16 0 6 18 0 7 11 0 9 13 4 7 18 3 10 12 1 4 15 2 2 14 1 7 13 4 11 16 2 8 16 4 7 16 1 10 13 2 4 14 0 5 17 2 5 13 2 8 12 0 9 17 0 8 15 0 2 13 1 9 16 4 9 12 1 9 14 1 6 17 0 7 14 0 7 19 3 6 11 3 8 18 0 6 13 4 11 15 1 10 15 1 9 15 0 5 14 3 7 15 0 11 12 4 5 15 3 3 15 1 10 14 0 8 14 2 
 --- Bot used 65 milliseconds ---
-----------------------------------------------------------------------------
 --- Frame #244 ---
9 15 1 10 16 2 6 15 0 5 15 3 10 15 0 11 18 1 10 14 1 9 14 3 6 14 3 6 16 0 11 15 3 5 16 3 8 16 1 4 16 4 10 13 0 7 16 3 10 17 2 8 13 3 6 13 3 5 13 3 11 17 3 6 18 4 12 18 4 10 12 1 9 12 2 11 12 1 4 13 2 9 11 0 8 11 1 2 14 4 7 11 3 7 18 1 8 15 0 7 15 3 8 17 3 9 17 4 4 15 4 3 15 2 6 11 1 8 14 1 7 14 4 5 14 2 4 14 1 10 18 1 5 17 1 3 14 1 7 17 4 9 13 1 6 17 0 7 13 3 7 19 4 9 18 2 8 18 1 2 13 4 9 16 3 8 12 2 11 16 4 7 12 4 
 --- Bot used 68 milliseconds ---
-----------------------------------------------------------------------------
 --- Frame #245 ---
10 17 2 5 15 2 4 15 3 3 14 3 9 16 3 1 14 2 10 13 3 8 13 1 12 18 3 8 17 2 8 14 1 8 16 2 5 13 0 4 13 4 11 17 1 10 18 0 9 17 2 6 13 4 2 13 4 6 17 4 11 15 2 11 16 0 7 16 1 10 16 3 3 15 1 10 15 4 7 18 4 7 13 1 6 16 1 11 18 2 8 18 1 4 16 3 7 14 2 6 14 2 5 14 4 9 18 4 9 15 0 2 14 3 4 14 1 9 13 4 9 14 1 5 17 3 7 19 0 5 16 0 11 12 2 7 17 4 10 12 3 9 12 1 10 14 3 8 12 3 7 15 4 8 15 2 6 15 1 6 11 4 6 18 4 9 11 1 8 11 3 7 11 1 7 12 1 
 --- Bot used 98 milliseconds ---
-----------------------------------------------------------------------------
 --- Frame #246 ---
9 17 4 10 17 1 6 13 1 7 13 2 8 13 3 9 13 3 10 13 2 1 14 2 2 14 3 4 14 0 5 14 4 6 14 0 7 14 1 8 14 4 8 18 1 10 18 0 7 12 4 9 14 0 10 14 0 3 15 2 4 15 1 5 15 2 6 15 0 7 18 2 7 15 4 5 17 2 9 10 0 4 13 4 11 18 1 8 12 0 12 18 3 9 12 2 9 18 4 5 18 2 11 17 0 3 14 3 7 19 3 5 13 0 6 11 4 6 18 3 8 15 4 9 15 4 10 15 4 11 15 3 4 16 3 5 16 0 6 16 3 7 16 4 8 16 0 9 16 3 7 11 1 8 11 2 9 11 4 10 16 2 2 13 1 11 16 0 6 17 1 7 17 4 10 12 4 8 17 4 11 12 0 
 --- Bot used 145 milliseconds ---
-----------------------------------------------------------------------------
 --- Frame #247 ---
2 14 1 10 15 2 9 13 2 9 15 1 7 13 4 11 17 0 2 13 0 10 17 2 5 14 2 9 17 4 9 12 3 7 15 0 8 15 2 3 15 1 6 15 1 5 17 4 5 15 0 10 14 4 4 15 2 9 14 4 8 14 2 7 10 4 7 14 4 8 18 4 11 18 1 10 18 0 6 14 4 8 17 4 9 10 3 5 18 1 7 12 0 10 16 4 4 14 1 3 14 4 1 14 2 10 13 2 8 13 3 6 13 3 12 18 2 11 12 0 10 12 0 5 13 3 6 16 4 7 19 1 4 13 1 4 16 4 3 13 2 8 12 2 7 18 4 6 18 2 9 18 1 2 15 4 9 11 3 8 11 0 7 11 0 6 11 1 11 16 0 8 16 4 6 17 2 9 16 4 7 17 0 7 16 4 11 15 0 5 16 4 
 --- Bot used 68 milliseconds ---
-----------------------------------------------------------------------------
 --- Frame #248 ---
5 17 0 9 10 2 7 10 1 7 12 3 7 16 1 11 18 4 6 11 4 7 11 4 10 16 1 8 11 0 9 11 0 2 15 4 8 12 0 9 12 2 10 12 3 11 12 3 8 17 3 2 13 4 8 18 3 3 13 3 10 14 3 7 18 3 7 15 4 7 17 3 11 15 2 4 16 1 10 15 0 9 14 2 3 15 1 4 15 4 6 16 2 5 15 0 4 13 2 5 13 2 8 15 4 11 17 1 6 13 1 12 18 3 9 16 0 7 13 2 8 13 3 9 13 2 10 13 1 1 14 4 7 19 2 2 14 1 9 17 1 9 18 2 3 14 3 6 18 1 4 14 0 10 17 3 5 14 3 6 14 0 7 14 4 6 15 3 5 18 0 8 16 3 9 15 3 6 10 3 6 17 4 8 14 0 10 18 0 11 16 3 5 16 1 
 --- Bot used 102 milliseconds ---
-----------------------------------------------------------------------------
 --- Frame #249 ---
9 16 0 7 19 2 8 16 3 7 16 2 10 18 1 6 16 1 5 16 0 4 16 1 11 15 0 10 15 1 6 10 4 9 18 2 4 13 1 8 12 1 6 12 2 1 14 2 9 10 0 6 11 4 5 18 4 11 16 2 10 12 4 12 18 0 9 12 0 9 15 1 11 18 3 8 15 4 7 15 3 6 15 0 5 15 4 4 15 2 8 17 0 2 13 2 7 11 3 7 17 1 3 15 1 5 17 0 10 14 3 10 16 4 9 14 3 8 14 3 7 14 0 6 14 2 5 14 4 4 14 3 3 14 0 8 11 1 2 14 2 2 15 3 11 13 3 3 13 0 7 12 3 9 11 0 7 10 3 6 17 4 8 18 2 10 13 1 9 13 1 9 17 2 8 13 1 7 13 1 10 17 3 11 17 0 7 18 2 6 18 0 11 12 0 6 13 3 5 13 2 
 --- Bot used 80 milliseconds ---
-----------------------------------------------------------------------------
 --- Frame #250 ---
4 16 0 8 18 0 11 15 1 12 18 0 10 15 2 9 18 2 9 15 2 8 15 0 10 16 3 7 15 0 6 15 0 8 16 0 5 15 3 6 16 4 4 15 1 3 15 3 2 15 0 11 14 1 10 14 0 9 14 3 8 14 1 7 14 4 6 14 3 5 14 1 7 16 2 4 14 1 3 14 2 2 14 4 10 17 2 7 19 1 11 13 4 5 18 0 10 13 4 9 13 3 8 13 1 7 13 2 6 13 2 7 17 3 5 16 1 6 17 3 5 13 3 11 17 0 4 13 2 11 16 3 9 17 1 9 16 1 3 13 2 2 13 3 11 12 2 10 12 3 9 12 0 6 18 2 8 12 2 7 18 3 7 12 1 10 18 1 6 12 2 9 11 2 8 11 0 7 11 0 6 11 2 5 17 4 9 10 3 8 10 1 8 17 0 1 14 4 7 10 4 5 11 4 11 18 4 6 10 2 
 --- Bot used 69 milliseconds ---
-----------------------------------------------------------------------------
 --- Frame #251 ---
8 17 1 7 11 3 5 13 4 9 18 1 6 13 0 5 17 3 7 13 0 7 12 1 9 12 0 8 13 1 10 11 3 9 13 2 7 18 2 10 13 1 11 13 0 6 17 4 6 11 3 12 18 4 2 14 0 3 14 4 4 14 2 5 14 3 6 14 0 10 17 2 7 14 3 8 14 0 6 18 3 8 12 3 9 14 2 10 14 3 10 12 3 11 14 3 4 13 2 2 15 1 3 15 0 4 15 1 11 17 2 8 18 3 5 15 0 5 18 3 5 11 3 6 15 0 7 15 4 8 10 3 2 13 1 7 19 3 8 15 0 9 15 3 10 15 1 11 15 1 4 16 3 5 16 1 6 16 1 7 16 3 1 14 0 8 16 2 11 18 4 9 16 3 10 16 1 11 16 0 6 10 2 9 17 1 4 11 2 9 10 3 11 12 0 3 13 2 10 18 0 8 11 3 9 11 1 7 17 0 7 10 2 6 12 0 
 --- Bot used 100 milliseconds ---
-----------------------------------------------------------------------------
 --- Frame #252 ---
8 19 1 4 14 3 5 14 4 6 14 1 11 17 2 7 14 0 8 14 2 11 18 0 8 18 4 8 11 3 10 11 3 1 14 3 7 12 3 12 18 3 10 17 1 8 10 2 10 13 3 11 13 1 9 10 1 4 11 4 5 17 1 9 14 0 10 18 1 10 14 0 5 13 3 11 14 4 2 15 3 3 15 1 4 15 3 2 13 0 7 13 4 5 15 0 6 15 2 6 11 0 5 11 2 7 15 2 6 13 0 8 15 3 4 13 4 9 15 0 10 15 3 11 15 4 4 16 2 5 16 3 9 18 0 6 16 2 7 16 3 8 16 4 9 16 4 10 16 4 9 11 3 8 12 2 9 12 3 10 12 3 6 18 2 5 18 2 11 16 4 9 17 4 6 17 0 7 17 0 6 10 1 12 17 1 3 14 3 8 17 0 3 13 2 2 14 4 9 13 1 7 18 1 8 13 4 11 12 4 7 11 2 7 19 3 6 12 1 7 10 3 
 --- Bot used 152 milliseconds ---
-----------------------------------------------------------------------------
 --- Frame #253 ---
2 15 1 11 13 2 6 12 0 7 14 1 7 10 0 1 14 3 10 18 0 5 17 0 10 11 2 9 11 2 6 18 0 7 16 4 8 11 4 7 12 1 7 11 1 8 12 3 8 14 3 12 18 2 9 14 2 12 17 1 6 16 4 8 10 1 8 18 1 8 19 3 4 16 3 6 11 3 5 11 3 5 18 3 5 14 1 11 18 1 11 15 2 6 14 3 4 11 3 10 17 0 6 10 0 10 13 0 5 16 1 10 12 0 5 15 3 8 16 0 4 15 4 9 16 3 3 15 4 9 12 2 9 15 4 10 16 4 11 16 2 9 10 4 11 17 3 6 17 3 6 13 4 7 17 4 5 13 4 7 19 0 8 17 2 4 13 1 9 17 0 3 13 1 4 14 3 2 13 4 3 14 4 11 12 2 2 14 1 9 13 2 6 15 3 8 13 0 10 15 3 7 18 2 7 13 4 8 15 1 10 14 4 7 15 0 9 18 2 11 14 4 
 --- Bot used 137 milliseconds ---
-----------------------------------------------------------------------------
 --- Frame #254 ---
3 15 1 2 15 1 11 14 0 10 14 4 9 14 3 8 14 4 7 14 3 9 18 3 6 14 4 5 14 2 4 14 3 3 14 0 2 14 0 9 16 1 11 13 0 10 13 1 9 13 0 8 13 4 7 13 0 6 13 0 5 13 0 4 13 4 8 19 0 3 13 1 6 18 2 7 15 1 1 14 3 12 12 3 11 12 0 10 12 4 9 12 1 5 18 1 8 12 3 7 12 1 8 16 1 10 11 2 9 11 1 7 19 3 6 15 3 8 11 3 7 11 0 4 15 2 6 11 0 5 11 2 4 11 4 11 18 0 7 18 0 5 15 2 11 16 3 8 15 4 11 17 2 9 10 3 5 17 2 9 15 0 8 10 4 11 15 1 6 12 2 10 16 1 7 10 2 10 17 2 2 13 2 8 18 1 9 17 1 8 17 2 12 17 4 7 17 1 10 15 0 6 17 3 10 18 3 6 10 3 7 16 1 6 16 3 5 16 1 12 18 3 4 16 0 
 --- Bot used 119 milliseconds ---
-----------------------------------------------------------------------------
 --- Frame #255 ---
6 18 3 6 13 2 9 19 1 5 13 3 7 14 3 5 18 2 6 14 4 12 12 4 12 17 4 5 14 3 10 12 2 9 12 0 7 12 0 7 17 4 5 17 1 9 14 2 9 11 2 4 11 3 5 11 2 9 13 4 11 17 1 8 10 4 7 11 0 6 10 3 8 15 3 10 13 0 10 17 2 5 16 1 11 18 2 7 19 4 8 17 3 12 18 1 5 15 1 6 15 0 9 15 4 11 15 0 9 18 3 3 14 1 9 16 3 11 13 0 10 18 4 7 13 0 4 14 4 10 16 2 7 16 4 4 13 3 1 14 2 3 13 1 11 12 2 8 12 4 8 19 4 10 11 3 2 14 0 8 11 2 6 11 0 6 12 3 9 10 2 11 16 1 4 16 4 4 15 4 3 15 4 7 10 3 8 18 2 2 15 4 2 13 2 11 14 1 8 13 0 10 14 4 9 17 3 7 15 4 7 18 4 10 15 3 8 14 0 6 16 3 6 17 4 8 16 2 
 --- Bot used 137 milliseconds ---
-----------------------------------------------------------------------------
 --- Frame #256 ---
7 17 2 5 16 2 4 16 3 11 15 0 10 15 1 9 15 3 8 15 3 10 18 2 7 15 2 6 15 3 5 15 0 4 15 0 9 18 1 3 15 4 12 17 2 2 15 4 8 16 1 11 14 0 10 14 0 9 14 2 8 14 0 7 14 1 7 18 3 6 14 4 5 14 3 4 14 4 5 18 2 6 16 4 3 14 3 2 14 4 8 17 3 11 13 1 10 13 4 11 17 3 6 17 4 9 13 4 8 13 2 7 13 2 7 16 2 6 13 2 5 13 0 4 13 3 11 18 1 3 13 4 1 14 2 12 12 0 11 12 3 7 19 0 10 12 2 8 18 2 12 18 1 9 12 4 9 17 0 8 12 3 7 12 4 5 17 2 10 11 0 9 11 1 8 11 4 7 11 0 6 11 3 10 17 1 5 11 4 4 11 3 9 10 1 8 10 2 6 12 4 7 10 1 8 19 0 2 13 4 9 19 4 6 19 2 10 16 0 6 18 4 11 16 1 6 10 0 9 16 4 
 --- Bot used 117 milliseconds ---
-----------------------------------------------------------------------------
 --- Frame #257 ---
8 18 1 5 16 2 4 16 3 11 15 1 9 18 0 10 15 2 9 15 4 8 15 2 7 15 2 10 18 1 6 15 1 10 17 1 10 16 3 5 15 1 4 15 0 3 15 2 2 15 4 11 14 2 11 18 3 10 14 4 9 14 1 5 17 0 8 14 3 6 17 0 7 17 4 8 17 1 9 17 2 5 11 2 11 17 4 7 11 3 9 16 1 9 11 4 8 16 3 7 12 4 7 10 1 12 17 1 2 13 4 7 14 2 6 16 1 10 12 4 6 14 0 5 14 1 4 14 3 3 14 4 2 14 1 7 16 3 11 13 3 6 19 3 8 12 1 10 13 2 9 13 1 8 13 3 7 13 4 6 13 3 5 18 1 6 12 0 8 10 4 7 19 2 9 10 2 5 13 2 4 13 1 3 13 3 12 18 2 1 14 1 12 12 3 8 19 0 6 18 3 6 10 2 4 11 2 11 16 4 6 11 1 9 19 2 7 18 3 9 12 2 8 11 4 10 11 0 11 12 3 
 --- Bot used 89 milliseconds ---
-----------------------------------------------------------------------------
 --- Frame #258 ---
7 19 0 11 15 1 8 18 0 10 15 2 8 15 2 12 18 1 9 15 0 7 15 4 6 15 3 5 15 0 11 16 2 4 15 1 5 18 4 6 17 1 7 18 2 3 15 2 2 15 4 6 19 4 11 14 4 10 14 3 9 14 0 4 16 3 10 18 4 5 16 0 6 18 2 8 14 2 7 14 1 6 14 2 9 18 0 5 14 2 5 17 2 4 14 2 3 14 3 10 17 3 2 14 3 1 14 3 12 13 2 11 13 1 10 13 2 9 13 1 8 13 4 7 13 3 12 17 2 6 13 1 5 13 4 4 13 4 3 13 0 8 19 1 2 13 4 1 13 4 12 12 1 11 12 1 10 12 2 9 12 3 8 12 3 7 12 0 10 16 1 10 11 4 9 17 1 9 11 2 8 11 0 7 17 3 7 11 2 6 11 2 4 11 1 5 11 2 9 10 1 6 16 4 8 10 3 7 16 0 8 16 3 6 12 2 11 17 1 7 10 0 9 19 4 9 16 4 11 18 2 8 17 2 6 10 1 
 --- Bot used 110 milliseconds ---
-----------------------------------------------------------------------------
 --- Frame #259 ---
8 18 1 6 16 1 7 18 4 10 15 2 9 15 2 6 19 2 8 15 4 7 15 4 6 15 0 5 15 1 4 15 0 3 15 4 7 11 2 11 16 0 9 17 4 7 17 2 6 17 1 5 16 3 10 17 0 9 16 1 7 10 4 6 12 2 8 10 4 9 10 2 2 15 3 11 14 3 10 14 2 8 19 0 8 14 2 7 14 4 8 17 4 9 14 1 6 14 0 5 14 0 4 14 4 3 14 4 2 14 4 1 14 4 12 13 1 11 17 0 7 16 4 11 13 3 10 13 2 11 15 0 9 13 0 8 13 3 7 13 4 12 17 3 6 11 2 8 16 1 5 11 3 4 11 1 8 11 1 9 11 3 5 18 4 10 18 2 5 17 3 6 10 2 6 18 3 6 13 4 7 19 1 5 13 0 4 13 4 3 13 4 2 13 3 1 13 1 12 12 3 11 12 2 10 12 0 12 18 2 4 16 1 9 19 4 9 18 0 9 12 3 11 18 2 8 12 4 7 12 1 10 16 1 10 11 4 
 --- Bot used 92 milliseconds ---
-----------------------------------------------------------------------------
 --- Frame #260 ---
4 11 2 7 16 0 7 17 3 10 14 4 11 18 4 3 15 1 9 10 0 6 16 1 1 14 1 6 17 1 10 18 3 11 13 2 7 14 3 6 19 2 5 14 2 9 18 2 12 18 3 7 11 3 4 14 2 5 17 4 8 18 3 8 12 2 4 16 4 10 16 4 9 11 3 11 15 0 12 13 2 3 13 1 9 13 3 9 19 2 7 13 2 8 16 4 6 18 2 6 14 4 8 19 0 6 12 0 1 13 3 2 13 2 11 14 2 2 15 4 4 15 4 7 18 2 5 18 1 7 19 0 7 15 4 11 17 1 9 14 2 6 10 0 10 13 1 8 10 3 10 15 2 7 10 2 8 14 4 11 16 1 6 15 1 5 16 1 6 13 1 9 15 4 6 11 1 12 12 2 10 17 4 3 14 1 8 11 1 7 12 2 9 12 0 8 15 2 10 11 0 5 13 2 9 17 3 4 13 1 8 17 2 2 14 0 8 13 2 5 11 2 9 16 0 10 12 3 12 17 0 11 12 1 5 15 3 
 --- Bot used 72 milliseconds ---
-----------------------------------------------------------------------------
 --- Frame #261 ---
2 14 0 12 17 4 6 13 1 1 14 1 12 13 1 10 13 1 10 15 3 11 17 2 7 10 0 10 18 2 4 11 1 7 19 2 9 12 2 11 16 1 6 12 3 1 13 2 7 16 0 10 16 3 10 12 2 8 18 4 9 18 4 9 16 1 12 18 0 12 14 1 6 16 0 2 15 1 5 13 3 7 18 3 3 13 1 2 13 3 6 17 3 11 12 3 4 15 1 9 17 0 6 15 2 7 17 0 6 10 3 8 19 2 11 13 2 11 18 3 7 13 0 7 15 4 8 12 4 8 15 4 8 16 4 9 15 3 8 17 4 11 15 3 10 17 2 4 16 4 9 19 0 9 10 4 5 11 4 7 12 4 4 13 2 10 11 4 12 12 3 9 11 4 5 16 4 6 19 3 8 11 2 11 14 0 8 10 2 10 14 2 8 13 0 9 14 1 9 13 4 8 14 4 7 11 0 7 14 0 3 15 2 6 14 2 5 17 0 5 15 2 5 18 1 5 14 3 6 11 2 4 14 0 6 18 2 3 14 1 
 --- Bot used 167 milliseconds ---
-----------------------------------------------------------------------------
 --- Frame #262 ---
10 17 4 4 16 3 7 19 2 11 15 3 10 15 4 9 15 0 7 15 2 8 15 1 6 15 2 5 15 1 5 16 0 4 15 3 3 15 2 5 17 0 12 14 1 11 14 0 10 14 3 9 14 0 11 16 3 11 18 0 8 14 3 7 14 2 6 14 1 12 18 2 5 14 3 4 14 1 10 16 1 3 14 0 10 18 0 6 16 1 2 14 0 9 18 1 1 14 3 12 13 0 11 13 4 10 13 3 9 13 4 8 13 2 7 16 4 7 13 3 8 18 2 6 13 0 5 13 1 4 13 2 3 13 1 2 13 0 1 13 4 12 12 0 7 18 2 11 12 1 8 19 3 10 12 1 8 16 1 9 12 3 8 12 2 7 12 2 9 16 2 6 17 4 10 11 0 12 17 1 9 11 0 8 11 3 7 11 4 6 11 4 4 11 1 5 11 4 9 10 4 9 19 0 8 10 3 6 12 0 7 10 3 2 15 1 7 17 3 5 18 1 9 17 1 11 17 0 8 17 4 6 19 3 6 18 2 6 10 3 
 --- Bot used 126 milliseconds ---
-----------------------------------------------------------------------------
 --- Frame #263 ---
8 19 4 1 13 0 12 12 2 11 12 0 10 12 1 9 12 1 8 12 2 7 12 4 7 19 4 10 11 3 9 11 4 2 15 0 6 12 1 12 18 2 11 18 4 10 15 0 2 14 0 6 14 3 9 17 0 5 14 2 4 14 4 10 18 3 7 14 4 12 13 0 9 13 1 8 13 4 7 13 4 5 17 4 8 15 4 12 14 0 9 18 3 11 14 2 6 15 3 8 18 0 7 18 1 6 18 2 5 18 1 12 17 2 11 17 2 10 17 0 8 11 1 8 17 1 7 17 4 6 19 2 6 17 0 6 11 1 7 15 0 11 16 0 10 16 1 9 16 2 6 10 2 7 16 1 6 16 3 3 15 0 3 14 1 9 10 0 5 11 3 1 14 2 4 15 0 5 13 4 4 13 2 3 13 3 6 13 1 5 15 3 4 11 1 5 16 3 4 16 2 11 15 2 7 11 0 2 13 1 7 10 2 8 16 0 8 14 0 9 14 3 9 19 0 10 14 0 8 10 3 10 13 0 11 13 3 9 15 3 
 --- Bot used 116 milliseconds ---
-----------------------------------------------------------------------------
 --- Frame #264 ---
5 18 2 8 15 0 8 19 3 7 15 1 6 15 1 6 16 1 5 15 4 7 19 0 4 15 0 3 15 4 10 16 1 12 14 1 11 14 1 7 17 1 10 14 4 9 14 0 8 14 1 7 14 4 6 14 1 5 14 4 5 17 3 12 17 2 4 14 0 3 14 0 2 14 2 1 14 1 12 13 4 4 16 4 11 13 2 12 18 3 9 15 1 5 16 3 10 17 0 10 13 4 9 13 1 8 13 0 7 13 3 10 15 4 6 13 1 5 13 2 9 17 0 4 13 1 3 13 3 2 13 0 1 13 0 12 12 4 11 12 1 10 12 4 8 17 2 9 12 3 10 18 2 7 16 1 8 12 1 6 17 2 7 12 3 9 19 3 11 16 4 6 12 3 5 12 1 9 18 3 10 11 1 9 11 3 8 11 3 7 11 3 6 11 4 5 11 0 4 11 2 8 16 3 9 10 3 6 19 2 8 10 1 7 18 4 2 15 3 7 10 4 9 16 3 6 18 1 8 18 0 11 17 4 11 15 4 11 18 1 6 10 3 
 --- Bot used 104 milliseconds ---
-----------------------------------------------------------------------------
 --- Frame #265 ---
13 17 1 5 16 4 4 16 3 5 17 2 11 15 3 10 15 3 9 15 2 11 12 4 8 15 0 7 15 1 6 15 1 5 15 2 6 19 4 7 16 0 4 15 2 3 15 0 10 16 1 10 12 1 8 12 1 6 16 3 6 12 0 10 11 4 9 11 4 10 18 1 8 19 2 8 11 3 8 18 2 8 10 4 2 15 0 9 17 2 7 10 1 8 17 2 7 11 2 6 17 1 12 14 2 11 14 2 10 14 1 9 14 2 11 17 3 8 14 3 7 14 4 6 14 4 5 14 3 4 14 0 3 14 2 5 18 3 2 14 3 9 18 3 1 14 0 7 17 0 12 13 4 11 13 0 7 19 4 10 13 2 9 13 4 8 13 4 9 12 2 7 12 2 5 12 3 11 18 4 4 11 4 9 16 1 9 10 2 8 16 1 11 16 3 12 17 1 12 18 2 6 10 4 10 17 0 9 19 2 6 11 4 5 11 1 7 13 2 6 13 0 5 13 3 6 18 1 4 13 2 7 18 1 3 13 2 2 13 4 1 13 4 12 12 2 
 --- Bot used 155 milliseconds ---
-----------------------------------------------------------------------------
 --- Frame #266 ---
7 15 4 9 17 2 5 15 0 12 18 1 3 15 0 9 18 3 12 14 4 8 14 0 9 11 0 8 11 4 7 11 1 6 11 3 5 11 3 8 18 3 4 11 0 9 10 2 8 10 1 8 19 3 7 10 0 1 13 0 6 10 0 5 16 0 6 18 0 7 16 0 13 17 3 12 17 4 11 17 0 10 17 2 6 19 4 10 16 1 8 17 4 7 18 2 7 17 0 5 10 1 9 13 4 12 13 4 6 15 0 5 18 2 8 16 1 3 13 1 10 18 3 10 12 1 13 12 4 11 18 0 2 13 4 5 13 4 6 16 3 11 13 4 6 17 0 4 15 3 7 14 2 10 15 2 7 19 3 3 14 2 9 19 3 4 14 3 5 14 1 9 12 3 12 12 4 2 15 1 11 16 4 4 16 1 7 13 4 6 14 3 10 13 1 7 12 0 6 12 0 5 12 0 9 16 4 10 11 3 10 14 3 8 12 4 11 12 3 1 14 2 11 14 0 6 13 2 13 16 2 9 15 1 5 17 1 8 13 3 8 15 2 11 15 0 2 14 1 4 13 4 9 14 1 
 --- Bot used 135 milliseconds ---
-----------------------------------------------------------------------------
 --- Frame #267 ---
4 16 4 11 14 2 9 15 1 12 18 4 8 15 2 14 16 1 13 16 3 10 17 1 10 16 3 5 17 2 1 14 0 7 18 4 7 19 3 8 13 0 9 18 1 11 18 4 9 13 2 7 11 1 7 17 1 8 19 3 9 19 2 10 12 4 5 9 4 8 16 2 9 17 3 9 14 3 10 19 2 5 18 1 11 16 2 11 15 0 5 13 1 12 12 0 6 15 3 5 14 4 10 15 2 3 14 2 5 15 4 11 13 4 11 17 0 6 10 4 13 17 1 6 12 1 3 15 3 6 16 1 8 10 1 10 14 4 6 17 3 9 11 0 8 17 0 12 17 0 9 16 3 7 16 4 12 14 4 8 11 0 10 11 4 6 11 3 5 16 3 5 11 3 6 19 0 2 14 4 7 12 1 8 12 0 6 18 4 4 13 0 3 13 4 11 12 2 4 11 4 7 10 3 7 14 1 5 10 2 1 13 2 8 14 2 7 13 1 2 13 4 8 18 0 9 10 4 2 15 1 6 14 0 4 14 0 9 12 4 4 15 4 5 12 2 7 15 2 12 13 4 10 18 0 10 13 0 6 13 3 
 --- Bot used 160 milliseconds ---
-----------------------------------------------------------------------------
 --- Frame #268 ---
10 13 2 3 15 1 7 19 2 12 14 3 11 17 2 10 14 4 8 17 2 8 14 2 6 14 3 9 15 2 7 15 2 5 15 1 4 14 1 2 14 1 10 19 2 12 13 4 10 18 1 6 13 4 8 13 2 13 16 2 4 13 2 7 18 0 2 13 2 12 12 0 11 18 0 5 17 0 6 12 2 10 11 0 8 11 0 11 19 0 6 11 2 4 11 1 11 16 1 14 15 4 6 10 0 7 16 1 9 10 3 5 18 0 8 10 1 4 16 0 7 10 1 5 10 3 6 16 3 6 18 3 10 16 3 9 16 0 12 18 1 10 12 2 4 15 4 5 16 3 11 14 2 9 14 4 7 14 0 8 12 4 8 15 0 10 15 2 6 15 3 5 14 3 3 14 1 1 14 4 11 13 2 9 13 0 14 16 2 7 13 1 5 12 2 5 13 2 3 13 1 1 13 2 11 12 1 9 12 3 7 12 1 8 18 2 9 11 1 6 19 3 12 17 2 7 11 1 9 19 4 5 11 2 11 15 1 8 16 0 10 17 3 8 19 3 9 17 1 2 15 0 7 17 0 9 18 1 5 9 2 13 17 3 6 17 0 
 --- Bot used 133 milliseconds ---
-----------------------------------------------------------------------------
 --- Frame #269 ---
9 18 0 8 12 1 5 14 2 8 16 4 11 16 1 6 16 4 2 13 2 6 12 3 12 13 4 1 14 4 7 19 2 11 11 4 4 14 1 9 12 3 7 18 2 11 17 3 10 17 0 9 16 1 8 14 0 10 14 3 12 14 1 14 15 1 3 13 1 4 15 4 9 17 1 8 11 0 7 16 4 5 10 4 5 12 0 9 11 0 7 11 3 13 16 2 9 15 2 11 19 3 5 9 1 6 13 1 4 11 2 6 18 1 7 10 0 7 13 0 13 17 3 7 9 1 14 16 2 7 17 3 5 11 2 6 11 4 12 18 0 10 12 3 7 12 1 10 16 2 5 16 4 11 15 1 5 13 4 5 18 1 13 15 2 4 16 1 4 13 2 11 13 3 2 14 3 3 14 3 8 13 0 12 12 2 8 18 1 9 13 2 6 14 0 7 14 3 11 12 0 6 19 1 9 14 1 11 14 1 1 13 1 10 11 3 3 15 0 6 15 2 5 15 4 10 15 1 2 15 3 8 15 4 9 10 4 10 19 4 11 18 2 6 10 4 10 18 1 8 10 4 5 17 2 12 17 1 8 17 4 10 13 0 8 19 1 6 17 1 7 15 4 9 19 0 
 --- Bot used 98 milliseconds ---
-----------------------------------------------------------------------------
 --- Frame #270 ---
12 13 4 9 10 0 5 10 0 10 19 3 6 17 2 9 17 4 12 17 0 6 19 4 8 12 3 11 19 2 7 18 0 9 18 2 8 11 4 11 20 0 6 11 4 12 16 4 11 14 3 10 17 0 5 14 4 5 9 3 10 16 3 11 16 3 5 18 1 7 9 4 10 15 4 4 15 4 9 16 0 6 16 0 8 17 4 13 16 0 7 14 3 5 16 1 2 14 2 3 15 3 3 14 0 8 16 0 1 13 1 7 12 4 6 15 3 10 11 1 8 13 1 6 13 4 11 15 0 4 13 2 7 16 4 7 17 2 11 13 3 5 12 2 10 12 3 5 11 2 4 16 0 8 18 0 11 17 3 13 17 3 8 10 3 6 18 1 9 12 3 10 18 1 7 11 1 7 10 3 4 11 1 13 15 3 7 15 0 1 14 1 11 18 0 14 16 4 8 15 2 12 18 0 9 14 0 5 17 0 5 15 0 4 14 4 6 14 1 8 14 2 7 19 4 10 14 3 14 15 0 12 14 3 8 19 4 10 13 1 6 12 3 9 19 3 9 15 4 2 13 3 6 10 4 3 12 3 9 11 2 9 13 3 7 13 3 5 13 4 3 13 3 11 12 0 2 15 1 
 --- Bot used 115 milliseconds ---
-----------------------------------------------------------------------------
 --- Frame #271 ---
6 14 1 11 20 1 11 14 4 9 12 3 6 19 0 2 13 1 3 16 0 13 17 4 11 18 4 3 13 1 7 17 0 11 16 3 7 11 1 9 16 1 7 13 0 3 15 3 6 11 3 6 16 1 8 16 0 10 14 0 10 17 0 5 11 3 5 14 2 12 17 2 7 12 4 10 15 4 4 16 3 10 11 0 9 11 3 11 17 1 5 15 2 5 12 1 7 19 2 8 12 0 12 18 4 8 17 4 12 16 0 4 11 0 9 13 3 5 18 3 7 18 3 6 10 0 9 15 3 7 9 0 11 15 0 7 16 1 9 10 3 9 18 0 12 14 0 8 10 2 8 14 1 11 12 3 10 13 3 7 10 4 12 13 2 6 13 4 5 10 4 4 13 0 9 17 2 2 14 0 3 14 2 10 12 3 13 15 3 2 15 2 7 14 4 9 14 1 4 14 3 6 12 2 3 12 0 6 15 0 11 19 2 8 13 2 4 15 4 11 13 1 8 19 1 5 9 3 5 16 2 8 11 2 10 19 1 6 17 2 13 16 1 7 15 3 14 15 2 8 15 1 9 19 1 5 13 0 6 18 2 8 18 2 1 13 4 14 16 0 10 16 1 5 17 3 1 14 1 10 18 2 
 --- Bot used 124 milliseconds ---
-----------------------------------------------------------------------------
 --- Frame #272 ---
9 14 1 9 10 2 9 16 2 7 14 4 5 13 1 4 13 3 2 15 1 9 13 4 8 13 4 4 15 4 7 13 2 12 18 4 5 18 4 12 14 4 7 17 0 1 14 2 2 13 3 10 12 0 9 12 4 11 19 2 8 12 0 6 12 3 3 12 2 8 15 0 10 11 3 8 11 2 6 11 2 4 11 0 8 10 2 6 19 1 6 10 2 4 16 3 7 9 1 4 14 2 5 10 0 8 17 0 10 19 3 5 15 3 14 15 0 8 18 0 8 19 3 7 19 0 10 18 1 5 9 1 11 20 2 10 14 4 10 15 2 8 14 4 6 14 3 5 14 0 11 18 4 3 14 2 2 14 3 11 13 0 10 13 3 9 15 0 6 13 4 6 18 0 3 15 3 9 19 2 10 17 0 9 18 3 3 16 3 9 17 3 3 13 0 7 15 0 1 13 2 11 14 1 7 12 1 11 15 2 6 16 4 11 16 2 9 11 2 5 16 4 7 11 3 5 11 0 7 10 4 8 16 4 15 15 1 14 16 2 10 16 2 7 18 4 12 16 4 13 16 2 6 15 4 7 16 1 12 17 0 11 17 0 5 12 3 13 17 3 5 17 1 13 15 4 6 17 3 
 --- Bot used 109 milliseconds ---
-----------------------------------------------------------------------------
 --- Frame #273 ---
1 13 0 8 19 4 9 12 3 6 15 0 7 12 3 15 14 2 7 19 1 4 15 3 6 14 4 4 14 2 9 14 1 7 14 3 5 9 1 12 18 2 15 15 2 7 9 0 10 11 2 8 14 1 11 20 2 12 16 0 5 11 2 3 12 3 5 16 4 10 16 1 8 18 1 7 10 1 6 11 4 5 10 4 4 11 4 2 15 0 10 14 1 8 16 2 3 14 1 1 14 2 12 15 0 14 15 1 6 13 3 8 13 1 11 17 1 7 18 4 7 16 0 10 13 0 9 18 3 5 17 1 6 18 4 8 17 2 6 17 1 7 15 3 9 13 0 11 18 3 2 13 3 4 13 2 10 12 2 8 12 1 6 12 1 5 12 0 3 15 0 4 16 2 5 14 4 3 13 0 11 14 2 6 19 0 11 15 0 9 10 3 10 15 4 7 11 3 11 16 2 9 16 4 9 15 0 7 17 4 9 11 4 3 16 4 8 11 2 5 13 3 8 10 2 6 16 4 6 10 1 2 14 3 13 17 2 13 15 4 10 17 3 7 13 4 11 19 4 12 17 4 5 18 0 10 18 3 14 16 4 10 19 3 8 15 1 9 17 1 5 15 2 13 16 1 9 19 2 
 --- Bot used 121 milliseconds ---
-----------------------------------------------------------------------------
 --- Frame #274 ---
3 15 1 8 19 0 15 15 2 10 14 4 7 19 3 8 14 3 7 10 2 6 14 1 4 14 4 2 14 1 10 13 4 8 13 4 11 18 3 10 18 0 10 15 1 9 18 4 14 14 2 3 13 1 14 15 1 8 18 2 7 18 1 9 15 0 6 18 1 13 15 0 9 12 1 6 19 1 7 12 0 16 14 3 11 11 1 9 11 2 7 11 2 5 10 2 5 11 0 9 19 4 12 17 2 11 12 2 11 17 4 10 17 2 9 17 1 6 10 4 8 17 3 7 17 1 6 9 2 10 19 1 6 17 3 5 15 3 5 17 0 4 15 3 6 15 4 5 16 2 2 15 0 9 14 1 7 9 2 7 14 2 5 14 2 3 14 4 1 14 2 9 13 2 7 13 4 6 13 3 5 13 3 4 13 4 11 19 4 2 13 3 8 15 2 13 17 3 10 12 2 8 12 1 6 12 1 1 13 2 11 20 2 10 11 2 8 11 4 13 16 4 14 16 3 6 11 1 4 11 0 8 10 1 11 15 1 11 16 1 10 16 4 9 16 0 12 18 0 12 15 2 7 15 2 5 9 1 8 16 4 5 12 4 7 16 2 6 16 2 3 12 2 12 16 3 4 16 2 3 16 4 5 18 1 9 10 3 
 --- Bot used 106 milliseconds ---
-----------------------------------------------------------------------------
 --- Frame #275 ---
7 15 1 5 15 1 8 19 2 3 15 3 9 16 4 15 14 0 11 14 3 9 14 1 1 13 4 6 10 3 8 9 4 11 20 0 11 10 4 8 16 0 6 9 3 7 11 2 8 14 1 12 18 1 6 14 1 7 16 3 4 14 1 2 14 3 11 18 1 10 13 1 8 13 4 6 13 3 15 15 1 6 19 1 4 11 4 2 15 0 7 10 4 13 15 0 11 16 2 13 17 4 12 16 2 5 16 0 7 17 3 10 12 2 8 12 0 6 12 1 9 15 0 11 15 3 12 17 2 11 17 0 4 16 1 9 17 4 11 19 1 4 12 0 14 16 3 8 15 2 6 15 2 9 18 1 4 15 1 13 16 2 6 16 4 14 14 4 10 18 2 10 14 3 6 18 2 5 11 0 8 10 3 16 15 1 7 9 0 3 16 1 9 19 2 3 12 2 8 11 0 7 19 2 6 11 4 7 14 3 5 10 4 5 14 2 7 18 2 3 14 1 4 13 1 1 14 1 9 13 1 14 15 2 7 13 2 5 13 2 3 13 1 5 17 0 10 16 1 9 10 0 9 11 0 5 18 0 10 11 3 5 9 2 6 17 1 2 13 1 11 11 0 11 12 3 9 12 0 7 12 3 5 12 3 10 15 0 12 15 0 10 19 1 10 17 2 8 18 4 8 17 2 
 --- Bot used 113 milliseconds ---
-----------------------------------------------------------------------------
 --- Frame #276 ---
11 18 4 15 14 4 13 17 3 14 14 1 8 18 1 11 14 2 11 20 4 6 15 2 6 10 3 12 17 1 9 18 0 11 12 1 4 15 1 10 14 3 4 11 0 6 19 4 9 14 4 6 9 0 11 17 2 16 14 1 8 14 2 7 14 4 5 10 1 9 19 2 9 17 0 5 16 0 6 14 3 5 14 4 10 18 3 14 16 1 8 17 0 7 17 0 9 12 0 4 14 4 5 9 2 4 16 4 7 10 1 13 15 0 12 18 2 3 14 2 6 17 1 2 14 2 6 18 2 7 19 1 2 15 1 11 13 4 10 13 0 9 13 3 5 17 3 13 16 3 8 13 0 12 16 2 11 16 4 10 16 4 9 16 2 5 13 3 7 16 4 3 13 0 2 13 0 5 15 1 8 19 1 1 13 3 10 19 4 11 19 2 8 12 3 6 12 0 7 12 4 5 12 3 4 12 0 1 14 0 7 13 4 11 11 4 10 11 1 9 11 2 8 11 3 3 12 0 7 11 3 6 11 3 5 11 3 10 12 1 11 10 4 10 10 3 9 10 4 6 13 0 8 10 3 3 15 1 10 17 1 15 15 1 6 16 0 8 9 3 14 15 4 7 9 3 12 15 3 11 15 1 10 15 3 9 15 0 8 15 4 8 16 2 7 18 2 7 15 2 4 13 4 3 16 2 5 18 2 
 --- Bot used 159 milliseconds ---
-----------------------------------------------------------------------------
 --- Frame #277 ---
10 19 1 11 12 1 8 14 3 2 13 4 9 12 1 9 11 2 10 14 0 5 11 1 3 14 0 7 11 2 7 10 1 4 14 1 5 13 3 8 13 1 10 13 4 11 14 0 16 13 0 10 16 3 8 17 2 6 14 2 12 18 3 4 12 4 5 12 1 10 17 2 5 9 4 7 9 0 4 11 3 6 17 2 3 12 1 8 11 1 7 12 0 13 15 1 7 14 3 8 19 1 4 16 0 8 15 2 9 17 2 9 15 0 14 16 3 16 14 2 3 15 3 10 15 3 11 20 4 4 15 3 3 16 4 7 15 3 9 16 1 13 16 4 10 18 2 6 19 4 13 17 3 8 9 1 10 12 1 14 14 3 3 13 3 12 16 3 5 17 3 6 15 0 10 11 2 6 18 3 6 11 3 6 10 1 7 13 2 6 12 3 6 13 1 15 15 4 9 13 0 11 13 1 1 14 1 11 16 3 5 14 2 8 12 1 7 17 1 11 18 1 9 10 4 11 17 2 12 17 3 4 13 1 6 9 0 1 13 1 14 15 2 2 15 2 5 10 3 9 19 4 6 16 0 5 16 2 11 11 1 12 14 3 11 15 4 15 14 1 12 15 4 7 19 2 10 10 2 5 15 1 8 10 4 5 18 1 2 14 4 7 16 0 11 19 2 8 18 0 9 14 0 9 18 2 7 18 4 8 16 0 
 --- Bot used 126 milliseconds ---
-----------------------------------------------------------------------------
 --- Frame #278 ---
6 14 0 8 14 0 10 19 2 5 13 4 9 19 4 4 14 2 3 14 0 10 14 3 7 14 0 1 14 4 16 13 0 8 19 1 11 13 0 7 19 3 10 13 4 8 18 0 9 13 3 2 14 0 7 15 2 11 20 1 11 18 1 12 18 2 8 13 0 6 18 2 7 13 2 6 13 1 13 16 3 4 13 4 3 13 3 9 18 4 2 13 1 4 11 0 2 15 3 13 17 2 11 12 4 9 15 1 9 12 4 12 15 4 8 12 1 8 15 2 13 14 4 13 15 1 10 17 4 6 12 2 5 12 2 4 12 2 5 15 1 9 16 1 7 16 2 12 17 2 11 17 3 10 15 1 10 11 0 8 17 3 9 11 1 7 17 1 8 11 3 9 14 2 7 9 3 5 11 4 5 17 2 14 16 0 7 12 0 4 15 2 12 14 0 3 15 0 6 15 2 11 16 4 16 14 1 10 16 1 15 14 0 11 10 2 10 10 3 5 14 4 9 10 0 8 10 3 7 10 1 6 10 1 11 11 2 5 10 4 10 18 2 8 9 1 6 17 4 5 9 3 3 12 4 6 9 0 1 13 2 6 16 0 5 16 4 14 14 0 11 19 4 4 16 4 7 18 0 11 15 2 11 14 3 9 17 2 10 12 3 6 19 3 7 11 0 6 11 1 8 16 4 12 16 1 15 15 0 14 15 0 5 18 3 3 16 2 
 --- Bot used 134 milliseconds ---
-----------------------------------------------------------------------------
 --- Frame #279 ---
Traceback (most recent call last):
 --- Bot used 103 milliseconds ---
ERRORED!
Response received (if any):
Traceback (most recent call last):
 --- Bot was killed. Below is the rest of its output (if any): ---
  File "MyBot.py", line 200, in <module>
    loc_states = get_states(gameMap, myID)
  File "MyBot.py", line 44, in get_states
    ss = gameMap.getSite(loc)
  File "/home/michalis/Development/Halite/hlt.py", line 96, in getSite
    return self.contents[l.y][l.x]
IndexError: list index out of range

 --- End bot output ---