 --- Init ---
SarsaLambdaBot
 --- Bot used 60 milliseconds ---
-----------------------------------------------------------------------------
 --- Frame #1 ---
15 7 0 
 --- Bot used 23 milliseconds ---
-----------------------------------------------------------------------------
 --- Frame #2 ---
15 7 1 
 --- Bot used 32 milliseconds ---
-----------------------------------------------------------------------------
 --- Frame #3 ---
15 6 2 15 7 4 
 --- Bot used 23 milliseconds ---
-----------------------------------------------------------------------------
 --- Frame #4 ---
15 6 2 15 7 3 
 --- Bot used 30 milliseconds ---
-----------------------------------------------------------------------------
 --- Frame #5 ---
15 6 0 15 7 2 
 --- Bot used 52 milliseconds ---
-----------------------------------------------------------------------------
 --- Frame #6 ---
15 6 2 15 7 3 
 --- Bot used 35 milliseconds ---
-----------------------------------------------------------------------------
 --- Frame #7 ---
15 7 1 15 6 4 
 --- Bot used 44 milliseconds ---
-----------------------------------------------------------------------------
 --- Frame #8 ---
15 6 4 15 7 3 
 --- Bot used 39 milliseconds ---
-----------------------------------------------------------------------------
 --- Frame #9 ---
15 6 1 15 7 3 
 --- Bot used 35 milliseconds ---
-----------------------------------------------------------------------------
 --- Frame #10 ---
15 6 1 15 7 4 
 --- Bot used 34 milliseconds ---
-----------------------------------------------------------------------------
 --- Frame #11 ---
15 6 2 15 7 0 
 --- Bot used 31 milliseconds ---
-----------------------------------------------------------------------------
 --- Frame #12 ---
15 7 0 15 6 2 
 --- Bot used 21 milliseconds ---
-----------------------------------------------------------------------------
 --- Frame #13 ---
15 6 4 15 7 2 
 --- Bot used 22 milliseconds ---
-----------------------------------------------------------------------------
 --- Frame #14 ---
15 7 4 15 6 3 
 --- Bot used 21 milliseconds ---
-----------------------------------------------------------------------------
 --- Frame #15 ---
15 6 4 15 7 4 
 --- Bot used 29 milliseconds ---
-----------------------------------------------------------------------------
 --- Frame #16 ---
15 7 3 15 6 2 
 --- Bot used 53 milliseconds ---
-----------------------------------------------------------------------------
 --- Frame #17 ---
15 6 2 15 7 0 
 --- Bot used 34 milliseconds ---
-----------------------------------------------------------------------------
 --- Frame #18 ---
15 6 1 15 7 2 
 --- Bot used 28 milliseconds ---
-----------------------------------------------------------------------------
 --- Frame #19 ---
15 6 3 15 7 1 
 --- Bot used 38 milliseconds ---
-----------------------------------------------------------------------------
 --- Frame #20 ---
15 7 0 15 6 2 
 --- Bot used 26 milliseconds ---
-----------------------------------------------------------------------------
 --- Frame #21 ---
15 7 0 15 6 2 
 --- Bot used 27 milliseconds ---
-----------------------------------------------------------------------------
 --- Frame #22 ---
15 7 0 15 6 4 
 --- Bot used 44 milliseconds ---
-----------------------------------------------------------------------------
 --- Frame #23 ---
15 6 4 15 7 1 
 --- Bot used 55 milliseconds ---
-----------------------------------------------------------------------------
 --- Frame #24 ---
15 7 2 15 6 4 
 --- Bot used 37 milliseconds ---
-----------------------------------------------------------------------------
 --- Frame #25 ---
15 6 4 15 7 3 
 --- Bot used 25 milliseconds ---
-----------------------------------------------------------------------------
 --- Frame #26 ---
15 6 4 15 7 4 
 --- Bot used 67 milliseconds ---
-----------------------------------------------------------------------------
 --- Frame #27 ---
15 6 1 15 7 3 
 --- Bot used 27 milliseconds ---
-----------------------------------------------------------------------------
 --- Frame #28 ---
15 6 3 15 7 3 
 --- Bot used 25 milliseconds ---
-----------------------------------------------------------------------------
 --- Frame #29 ---
15 7 2 15 6 0 
 --- Bot used 35 milliseconds ---
-----------------------------------------------------------------------------
 --- Frame #30 ---
15 7 1 15 6 2 
 --- Bot used 50 milliseconds ---
-----------------------------------------------------------------------------
 --- Frame #31 ---
15 6 4 15 7 4 
 --- Bot used 31 milliseconds ---
-----------------------------------------------------------------------------
 --- Frame #32 ---
15 7 4 15 6 2 
 --- Bot used 23 milliseconds ---
-----------------------------------------------------------------------------
 --- Frame #33 ---
15 6 0 15 7 1 
 --- Bot used 28 milliseconds ---
-----------------------------------------------------------------------------
 --- Frame #34 ---
15 7 4 15 6 2 
 --- Bot used 24 milliseconds ---
-----------------------------------------------------------------------------
 --- Frame #35 ---
15 6 4 15 7 0 
 --- Bot used 33 milliseconds ---
-----------------------------------------------------------------------------
 --- Frame #36 ---
15 6 3 15 7 0 
 --- Bot used 22 milliseconds ---
-----------------------------------------------------------------------------
 --- Frame #37 ---
15 7 1 15 6 0 
 --- Bot used 22 milliseconds ---
-----------------------------------------------------------------------------
 --- Frame #38 ---
15 7 1 15 6 4 
 --- Bot used 21 milliseconds ---
-----------------------------------------------------------------------------
 --- Frame #39 ---
15 6 2 14 6 1 15 7 4 
 --- Bot used 28 milliseconds ---
-----------------------------------------------------------------------------
 --- Frame #40 ---
15 7 4 15 6 4 14 6 3 
 --- Bot used 62 milliseconds ---
-----------------------------------------------------------------------------
 --- Frame #41 ---
15 6 4 14 6 0 15 7 0 
 --- Bot used 35 milliseconds ---
-----------------------------------------------------------------------------
 --- Frame #42 ---
14 6 3 15 6 2 15 7 4 
 --- Bot used 26 milliseconds ---
-----------------------------------------------------------------------------
 --- Frame #43 ---
14 6 2 15 7 1 15 6 2 
 --- Bot used 43 milliseconds ---
-----------------------------------------------------------------------------
 --- Frame #44 ---
15 6 3 14 6 0 15 7 2 
 --- Bot used 34 milliseconds ---
-----------------------------------------------------------------------------
 --- Frame #45 ---
15 7 0 14 6 0 15 6 2 
 --- Bot used 25 milliseconds ---
-----------------------------------------------------------------------------
 --- Frame #46 ---
15 6 4 15 7 2 14 6 0 
 --- Bot used 25 milliseconds ---
-----------------------------------------------------------------------------
 --- Frame #47 ---
15 7 1 15 6 4 14 6 0 
 --- Bot used 38 milliseconds ---
-----------------------------------------------------------------------------
 --- Frame #48 ---
15 7 1 15 6 0 14 6 3 
 --- Bot used 40 milliseconds ---
-----------------------------------------------------------------------------
 --- Frame #49 ---
14 6 4 14 7 0 15 6 1 15 7 2 
 --- Bot used 25 milliseconds ---
-----------------------------------------------------------------------------
 --- Frame #50 ---
15 7 4 14 6 0 15 6 1 14 7 3 
 --- Bot used 45 milliseconds ---
-----------------------------------------------------------------------------
 --- Frame #51 ---
15 7 0 14 6 3 14 7 3 15 6 2 
 --- Bot used 62 milliseconds ---
-----------------------------------------------------------------------------
 --- Frame #52 ---
15 7 1 15 6 4 14 7 3 14 6 1 
 --- Bot used 36 milliseconds ---
-----------------------------------------------------------------------------
 --- Frame #53 ---
14 7 2 14 6 2 15 6 4 15 7 0 
 --- Bot used 33 milliseconds ---
-----------------------------------------------------------------------------
 --- Frame #54 ---
15 7 3 14 7 4 15 6 1 14 6 3 
 --- Bot used 41 milliseconds ---
-----------------------------------------------------------------------------
 --- Frame #55 ---
15 6 3 14 6 0 14 7 0 15 7 1 
 --- Bot used 45 milliseconds ---
-----------------------------------------------------------------------------
 --- Frame #56 ---
15 7 0 14 7 1 15 6 2 14 6 0 
 --- Bot used 42 milliseconds ---
-----------------------------------------------------------------------------
 --- Frame #57 ---
14 7 3 15 6 4 15 7 2 14 6 2 
 --- Bot used 29 milliseconds ---
-----------------------------------------------------------------------------
 --- Frame #58 ---
15 6 2 15 7 4 14 7 1 14 6 3 
 --- Bot used 43 milliseconds ---
-----------------------------------------------------------------------------
 --- Frame #59 ---
15 6 4 16 6 2 14 7 1 15 7 4 14 6 3 
 --- Bot used 27 milliseconds ---
-----------------------------------------------------------------------------
 --- Frame #60 ---
15 6 0 16 6 2 14 6 0 14 7 4 15 7 4 
 --- Bot used 26 milliseconds ---
-----------------------------------------------------------------------------
 --- Frame #61 ---
15 7 4 14 7 4 14 6 2 15 6 4 16 6 0 
 --- Bot used 37 milliseconds ---
-----------------------------------------------------------------------------
 --- Frame #62 ---
15 6 2 16 6 2 15 7 2 14 6 2 14 7 2 
 --- Bot used 45 milliseconds ---
-----------------------------------------------------------------------------
 --- Frame #63 ---
15 7 0 15 6 3 16 6 0 14 7 0 14 6 3 
 --- Bot used 25 milliseconds ---
-----------------------------------------------------------------------------
 --- Frame #64 ---
16 6 1 15 7 4 15 6 0 14 7 3 14 6 2 
 --- Bot used 24 milliseconds ---
-----------------------------------------------------------------------------
 --- Frame #65 ---
14 7 2 15 6 3 16 6 1 14 6 4 15 7 1 
 --- Bot used 30 milliseconds ---
-----------------------------------------------------------------------------
 --- Frame #66 ---
15 7 1 16 6 4 15 6 3 14 7 0 14 6 4 
 --- Bot used 64 milliseconds ---
-----------------------------------------------------------------------------
 --- Frame #67 ---
15 7 0 16 6 2 14 7 2 15 6 2 14 6 0 
 --- Bot used 39 milliseconds ---
-----------------------------------------------------------------------------
 --- Frame #68 ---
15 6 0 14 7 4 14 6 0 16 6 1 15 7 0 
 --- Bot used 100 milliseconds ---
-----------------------------------------------------------------------------
 --- Frame #69 ---
15 7 1 15 6 3 16 6 3 14 7 2 14 6 4 
 --- Bot used 48 milliseconds ---
-----------------------------------------------------------------------------
 --- Frame #70 ---
14 7 2 14 6 2 16 6 3 15 7 3 15 6 3 
 --- Bot used 36 milliseconds ---
-----------------------------------------------------------------------------
 --- Frame #71 ---
15 7 1 14 7 1 16 6 3 15 6 4 14 6 0 
 --- Bot used 30 milliseconds ---
-----------------------------------------------------------------------------
 --- Frame #72 ---
14 7 4 16 6 2 15 6 1 14 6 0 15 7 3 
 --- Bot used 24 milliseconds ---
-----------------------------------------------------------------------------
 --- Frame #73 ---
15 6 3 16 6 1 14 7 0 15 7 0 14 6 2 
 --- Bot used 24 milliseconds ---
-----------------------------------------------------------------------------
 --- Frame #74 ---
14 6 1 15 7 3 15 6 0 16 6 1 14 7 4 
 --- Bot used 29 milliseconds ---
-----------------------------------------------------------------------------
 --- Frame #75 ---
16 6 2 15 6 0 15 7 1 14 7 3 14 6 3 
 --- Bot used 55 milliseconds ---
-----------------------------------------------------------------------------
 --- Frame #76 ---
15 6 3 14 7 4 14 6 0 16 6 0 15 7 3 
 --- Bot used 51 milliseconds ---
-----------------------------------------------------------------------------
 --- Frame #77 ---
15 6 0 16 6 1 14 7 3 15 7 0 14 6 2 
 --- Bot used 27 milliseconds ---
-----------------------------------------------------------------------------
 --- Frame #78 ---
14 7 2 15 6 0 14 6 2 16 6 4 15 7 2 
 --- Bot used 49 milliseconds ---
-----------------------------------------------------------------------------
 --- Frame #79 ---
15 7 3 14 6 0 15 6 1 16 7 2 14 7 4 16 6 3 
 --- Bot used 48 milliseconds ---
-----------------------------------------------------------------------------
 --- Frame #80 ---
16 6 3 15 6 2 15 7 4 16 7 0 14 7 2 15 5 3 14 6 2 
 --- Bot used 33 milliseconds ---
-----------------------------------------------------------------------------
 --- Frame #81 ---
14 7 1 15 5 4 15 6 3 15 7 1 16 7 1 14 6 1 16 6 3 
 --- Bot used 33 milliseconds ---
-----------------------------------------------------------------------------
 --- Frame #82 ---
15 5 1 15 7 1 15 6 4 16 6 1 14 6 0 16 7 2 14 7 2 
 --- Bot used 66 milliseconds ---
-----------------------------------------------------------------------------
 --- Frame #83 ---
15 6 2 14 7 4 16 6 4 15 7 2 15 5 4 16 7 2 14 6 4 
 --- Bot used 39 milliseconds ---
-----------------------------------------------------------------------------
 --- Frame #84 ---
16 6 1 15 5 1 16 7 1 14 6 0 15 6 3 15 7 3 13 6 0 14 7 1 
 --- Bot used 54 milliseconds ---
-----------------------------------------------------------------------------
 --- Frame #85 ---
16 7 3 15 7 2 14 7 1 16 6 3 13 6 3 15 6 1 15 5 2 14 6 3 16 5 1 
 --- Bot used 42 milliseconds ---
-----------------------------------------------------------------------------
 --- Frame #86 ---
14 7 0 15 5 3 14 6 1 16 5 4 15 6 0 16 7 3 15 7 3 13 6 1 16 6 3 
 --- Bot used 49 milliseconds ---
-----------------------------------------------------------------------------
 --- Frame #87 ---
16 6 2 13 6 4 14 7 0 16 7 2 15 7 4 15 6 3 16 5 4 15 5 4 14 6 3 
 --- Bot used 51 milliseconds ---
-----------------------------------------------------------------------------
 --- Frame #88 ---
15 5 4 14 7 4 16 5 4 16 6 2 16 7 2 15 6 2 14 6 0 15 7 0 13 6 1 
 --- Bot used 31 milliseconds ---
-----------------------------------------------------------------------------
 --- Frame #89 ---
16 7 2 14 6 1 15 6 3 15 7 4 13 6 4 16 6 3 14 7 3 16 5 2 15 5 2 
 --- Bot used 35 milliseconds ---
-----------------------------------------------------------------------------
 --- Frame #90 ---
13 6 2 15 6 1 15 5 4 16 7 3 14 6 2 16 5 4 15 7 3 16 6 2 14 7 1 
 --- Bot used 37 milliseconds ---
-----------------------------------------------------------------------------
 --- Frame #91 ---
16 7 4 16 6 2 14 7 4 14 6 4 16 5 3 15 7 3 15 6 2 15 5 4 13 6 3 
 --- Bot used 27 milliseconds ---
-----------------------------------------------------------------------------
 --- Frame #92 ---
15 5 0 16 6 3 15 6 2 14 7 0 16 5 4 14 6 1 16 7 2 13 6 0 15 7 2 
 --- Bot used 33 milliseconds ---
-----------------------------------------------------------------------------
 --- Frame #93 ---
16 5 4 14 6 0 16 6 1 15 6 0 15 5 4 16 7 1 13 6 0 14 7 2 15 7 4 
 --- Bot used 88 milliseconds ---
-----------------------------------------------------------------------------
 --- Frame #94 ---
16 5 2 15 5 4 15 6 2 14 7 3 13 6 3 16 6 3 14 6 4 16 7 3 15 7 4 
 --- Bot used 46 milliseconds ---
-----------------------------------------------------------------------------
 --- Frame #95 ---
14 6 1 13 7 2 16 6 2 16 7 4 14 7 4 15 7 0 16 5 2 13 6 4 15 5 4 15 6 1 
 --- Bot used 50 milliseconds ---
-----------------------------------------------------------------------------
 --- Frame #96 ---
13 7 3 15 5 2 13 6 4 16 6 1 16 7 0 14 6 0 15 6 0 15 7 3 14 7 4 16 5 0 
 --- Bot used 53 milliseconds ---
-----------------------------------------------------------------------------
 --- Frame #97 ---
13 6 4 16 6 4 14 6 2 15 6 4 15 7 2 14 7 0 16 7 0 13 7 2 15 5 4 16 5 2 
 --- Bot used 56 milliseconds ---
-----------------------------------------------------------------------------
 --- Frame #98 ---
14 7 0 15 5 2 13 6 4 16 7 0 15 6 0 15 7 2 16 5 3 13 7 2 14 6 2 16 6 2 
 --- Bot used 38 milliseconds ---
-----------------------------------------------------------------------------
 --- Frame #99 ---
14 6 3 16 5 3 16 7 3 16 6 3 13 7 2 13 6 2 15 6 2 14 7 0 15 7 4 15 5 2 
 --- Bot used 58 milliseconds ---
-----------------------------------------------------------------------------
 --- Frame #100 ---
16 7 0 15 6 3 14 6 2 13 7 0 16 6 4 16 5 0 13 6 0 14 7 2 15 7 2 15 5 0 
 --- Bot used 28 milliseconds ---
-----------------------------------------------------------------------------
 --- Frame #101 ---
13 6 4 15 7 3 15 5 2 16 7 0 15 6 3 14 7 4 13 7 2 14 6 1 16 5 3 16 6 4 
 --- Bot used 32 milliseconds ---
-----------------------------------------------------------------------------
 --- Frame #102 ---
15 5 1 13 6 1 15 6 4 13 7 4 16 6 1 16 5 2 14 7 4 15 7 1 16 7 0 14 6 1 
 --- Bot used 88 milliseconds ---
-----------------------------------------------------------------------------
 --- Frame #103 ---
13 6 4 16 7 2 15 6 2 15 7 3 14 7 0 16 6 0 16 5 0 14 6 3 15 5 1 13 7 3 
 --- Bot used 43 milliseconds ---
-----------------------------------------------------------------------------
 --- Frame #104 ---
15 6 3 15 5 3 13 6 2 14 7 2 15 7 1 16 7 1 13 7 2 14 6 0 16 6 4 16 5 0 
 --- Bot used 73 milliseconds ---
-----------------------------------------------------------------------------
 --- Frame #105 ---
16 5 1 15 7 0 16 6 1 16 7 2 14 7 1 14 6 2 13 6 4 15 5 4 15 6 0 13 7 0 
 --- Bot used 51 milliseconds ---
-----------------------------------------------------------------------------
 --- Frame #106 ---
16 5 4 15 6 4 15 7 0 13 7 1 14 7 0 16 7 3 15 5 3 13 6 4 14 6 4 16 6 0 
 --- Bot used 41 milliseconds ---
-----------------------------------------------------------------------------
 --- Frame #107 ---
16 5 3 15 5 1 14 6 2 15 7 3 13 6 4 13 7 1 14 7 1 15 6 2 16 7 0 16 6 3 
 --- Bot used 66 milliseconds ---
-----------------------------------------------------------------------------
 --- Frame #108 ---
14 6 4 13 6 4 16 5 3 13 7 3 15 8 1 14 7 1 15 5 3 16 7 1 15 6 4 16 6 1 15 7 1 
 --- Bot used 51 milliseconds ---
-----------------------------------------------------------------------------
 --- Frame #109 ---
15 8 4 15 7 3 16 5 2 13 6 0 15 6 0 16 7 2 14 6 2 15 5 3 13 7 3 14 7 4 16 6 2 
 --- Bot used 33 milliseconds ---
-----------------------------------------------------------------------------
 --- Frame #110 ---
15 7 1 15 6 1 16 7 2 15 8 4 13 7 3 15 5 3 16 5 1 14 7 0 17 6 2 13 6 4 14 6 1 16 6 1 
 --- Bot used 83 milliseconds ---
-----------------------------------------------------------------------------
 --- Frame #111 ---
15 6 1 13 6 4 13 7 2 16 6 1 16 7 3 15 7 1 16 5 2 12 6 3 14 6 3 14 7 0 15 8 0 15 5 1 17 6 4 
 --- Bot used 46 milliseconds ---
-----------------------------------------------------------------------------
 --- Frame #112 ---
12 6 3 13 7 0 13 6 3 16 6 1 14 6 3 17 6 2 14 7 2 16 5 3 15 5 3 15 8 1 15 7 4 15 6 4 15 4 1 16 7 1 
 --- Bot used 39 milliseconds ---
-----------------------------------------------------------------------------
 --- Frame #113 ---
16 5 0 12 6 3 15 4 2 15 5 1 15 8 4 14 7 4 16 7 1 17 6 0 13 7 0 13 6 1 14 6 4 15 6 3 15 7 4 16 6 0 
 --- Bot used 65 milliseconds ---
-----------------------------------------------------------------------------
 --- Frame #114 ---
16 6 1 15 6 1 16 5 0 15 8 0 13 7 0 13 6 3 15 5 3 12 6 0 15 7 4 17 6 1 14 6 3 14 7 1 15 4 1 16 7 3 
 --- Bot used 63 milliseconds ---
-----------------------------------------------------------------------------
 --- Frame #115 ---
12 6 2 16 7 4 13 6 3 14 6 3 15 8 2 15 7 2 17 6 1 14 7 1 15 5 2 16 5 1 15 6 4 16 6 3 15 4 0 13 7 1 
 --- Bot used 39 milliseconds ---
-----------------------------------------------------------------------------
 --- Frame #116 ---
13 7 4 13 6 0 14 6 3 15 7 4 15 6 2 16 4 1 16 6 1 17 6 0 15 4 1 15 8 3 12 6 2 14 7 3 15 5 0 16 5 2 16 7 2 
 --- Bot used 43 milliseconds ---
-----------------------------------------------------------------------------
 --- Frame #117 ---
16 5 2 13 7 4 15 8 0 13 6 1 14 7 1 14 6 0 15 6 3 16 6 0 12 6 2 16 7 1 16 4 1 15 4 0 15 7 3 15 5 2 17 6 0 
 --- Bot used 46 milliseconds ---
-----------------------------------------------------------------------------
 --- Frame #118 ---
15 4 0 15 8 2 15 6 3 15 7 2 14 7 2 15 5 3 17 6 1 16 6 1 14 6 4 13 6 4 16 4 3 16 7 0 13 7 4 16 5 3 12 6 2 13 5 1 
 --- Bot used 67 milliseconds ---
-----------------------------------------------------------------------------
 --- Frame #119 ---
17 6 3 15 7 3 13 5 4 14 7 1 12 6 1 16 5 1 16 7 1 13 7 2 16 4 3 13 6 1 15 8 3 14 6 2 15 4 0 15 6 4 15 5 4 16 6 0 
 --- Bot used 36 milliseconds ---
-----------------------------------------------------------------------------
 --- Frame #120 ---
13 6 1 16 5 3 12 6 2 13 7 3 15 6 1 17 6 3 14 6 2 15 5 2 16 4 3 15 4 4 15 7 2 14 7 1 16 6 4 13 5 1 15 8 3 16 7 1 
 --- Bot used 55 milliseconds ---
-----------------------------------------------------------------------------
 --- Frame #121 ---
14 6 4 16 4 1 15 7 0 14 7 0 13 6 1 17 6 0 16 6 2 15 6 2 15 4 0 16 5 2 13 7 2 15 5 3 16 7 0 12 6 0 15 8 0 13 5 1 
 --- Bot used 33 milliseconds ---
-----------------------------------------------------------------------------
 --- Frame #122 ---
15 7 2 15 6 3 15 4 0 13 5 0 15 5 2 14 7 0 17 6 2 16 6 3 14 6 0 13 6 0 13 7 3 15 8 2 12 6 1 17 5 2 16 4 3 16 7 4 16 5 0 
 --- Bot used 39 milliseconds ---
-----------------------------------------------------------------------------
 --- Frame #123 ---
13 5 3 16 4 2 14 6 4 15 8 2 14 7 0 15 5 4 15 7 0 17 5 1 13 7 1 16 6 3 15 6 2 16 7 3 13 6 3 15 4 1 12 6 4 17 6 0 16 5 1 
 --- Bot used 51 milliseconds ---
-----------------------------------------------------------------------------
 --- Frame #124 ---
15 5 0 17 6 3 16 4 0 13 5 3 14 7 0 16 5 1 17 5 3 12 6 4 15 6 3 16 6 1 15 4 1 13 6 4 14 6 0 16 7 1 13 7 4 15 8 3 15 7 0 
 --- Bot used 31 milliseconds ---
-----------------------------------------------------------------------------
 --- Frame #125 ---
12 6 0 14 7 0 15 8 4 16 6 1 15 4 2 17 6 2 16 4 1 15 6 3 14 6 3 16 7 0 15 5 3 13 6 4 17 5 0 16 5 3 13 7 3 15 7 0 13 5 4 
 --- Bot used 40 milliseconds ---
-----------------------------------------------------------------------------
 --- Frame #126 ---
16 6 3 13 5 4 13 7 4 15 5 0 15 4 3 15 8 4 14 6 2 16 4 2 12 6 0 15 6 1 17 5 4 13 6 2 15 7 1 16 7 3 16 5 3 17 6 3 14 7 1 
 --- Bot used 37 milliseconds ---
-----------------------------------------------------------------------------
 --- Frame #127 ---
15 5 2 13 7 0 13 5 1 15 4 2 16 7 4 14 7 4 17 6 1 16 6 3 16 4 2 15 7 1 15 6 0 14 6 0 15 8 2 12 6 2 17 5 4 16 5 3 13 6 2 
 --- Bot used 42 milliseconds ---
-----------------------------------------------------------------------------
 --- Frame #128 ---
15 8 2 16 4 0 16 5 4 13 7 1 14 6 3 15 6 0 15 5 2 12 6 1 17 5 0 13 6 3 16 7 4 14 7 3 15 7 0 17 6 1 13 5 1 15 4 1 16 6 1 
 --- Bot used 32 milliseconds ---
-----------------------------------------------------------------------------
 --- Frame #129 ---
13 7 1 15 5 1 15 8 3 14 7 2 13 5 1 16 4 2 16 7 0 15 4 4 15 7 4 17 6 4 16 6 1 14 6 2 13 6 2 12 6 0 17 5 1 16 5 4 15 6 0 
 --- Bot used 37 milliseconds ---
-----------------------------------------------------------------------------
 --- Frame #130 ---
15 4 0 15 6 3 15 8 0 16 7 1 16 5 2 14 7 0 13 7 3 17 6 3 16 6 0 16 4 1 14 6 2 13 6 2 15 5 4 12 6 2 17 5 4 15 7 4 13 5 0 
 --- Bot used 75 milliseconds ---
-----------------------------------------------------------------------------
 --- Frame #131 ---
13 5 4 14 5 4 14 7 3 13 7 1 16 4 1 16 7 3 17 6 2 15 4 2 16 6 4 17 5 1 14 6 0 13 6 3 12 6 2 15 6 3 16 5 2 15 7 3 15 5 4 15 8 0 
 --- Bot used 35 milliseconds ---
-----------------------------------------------------------------------------
 --- Frame #132 ---
16 7 0 12 6 1 17 6 3 13 6 4 13 7 4 16 4 4 15 6 4 14 8 1 15 8 3 14 5 1 15 5 3 16 5 2 17 5 1 16 6 0 15 4 2 13 5 3 14 6 1 15 7 4 14 7 0 
 --- Bot used 47 milliseconds ---
-----------------------------------------------------------------------------
 --- Frame #133 ---
15 6 2 14 7 2 15 7 1 13 7 4 14 8 4 13 5 1 17 6 0 16 6 1 15 4 3 14 6 4 16 4 1 13 6 0 12 6 1 17 5 1 16 5 3 15 5 3 14 5 3 15 8 0 16 7 3 
 --- Bot used 93 milliseconds ---
-----------------------------------------------------------------------------
 --- Frame #134 ---
15 5 4 14 6 2 17 6 3 13 6 3 16 6 4 12 6 1 13 7 2 13 5 4 17 5 4 16 5 1 16 4 1 15 4 3 16 7 3 14 8 3 15 8 4 14 7 4 15 7 0 15 6 3 14 5 3 
 --- Bot used 56 milliseconds ---
-----------------------------------------------------------------------------
 --- Frame #135 ---
13 5 1 16 7 3 16 4 3 15 7 1 14 7 1 15 5 2 13 7 0 17 6 4 15 8 0 12 6 3 15 6 0 14 6 4 13 6 1 14 8 2 17 5 3 16 5 0 16 6 4 17 7 0 15 4 3 14 5 3 
 --- Bot used 44 milliseconds ---
-----------------------------------------------------------------------------
 --- Frame #136 ---
16 5 3 13 6 1 15 4 3 15 5 2 15 7 0 14 7 1 13 5 2 15 8 3 14 8 1 13 7 2 16 6 4 16 4 4 17 7 1 15 6 1 14 6 4 14 5 4 12 6 0 16 7 3 17 6 1 17 5 1 
 --- Bot used 67 milliseconds ---
-----------------------------------------------------------------------------
 --- Frame #137 ---
15 8 3 17 7 1 12 6 2 14 5 2 15 5 2 13 5 0 16 4 4 15 7 1 17 6 3 16 6 4 14 8 0 15 6 4 16 7 1 13 6 1 14 6 2 17 5 4 15 4 0 16 5 1 14 7 2 13 7 0 
 --- Bot used 39 milliseconds ---
-----------------------------------------------------------------------------
 --- Frame #138 ---
16 4 3 16 5 0 15 6 4 14 6 3 13 6 1 15 7 4 14 7 4 13 7 0 12 6 2 15 5 1 16 6 2 14 5 4 13 5 0 16 7 3 15 8 4 17 5 0 17 6 1 15 4 0 17 7 4 14 8 0 
 --- Bot used 66 milliseconds ---
-----------------------------------------------------------------------------
 --- Frame #139 ---
16 6 2 13 5 0 15 5 0 14 7 2 16 7 1 15 7 4 17 6 4 17 7 1 13 7 3 14 5 0 15 8 0 15 4 2 16 4 1 14 8 0 15 6 0 14 6 3 13 6 0 17 5 4 16 5 3 12 6 0 
 --- Bot used 35 milliseconds ---
-----------------------------------------------------------------------------
 --- Frame #140 ---
15 7 0 15 5 4 14 5 1 17 5 3 13 7 4 12 6 3 16 4 1 13 6 0 14 6 4 15 6 3 17 6 4 16 5 0 15 8 1 13 5 2 14 8 0 16 6 3 17 7 0 14 7 0 15 4 2 16 7 1 
 --- Bot used 40 milliseconds ---
-----------------------------------------------------------------------------
 --- Frame #141 ---
15 7 4 14 8 3 16 7 0 14 7 3 15 6 0 17 7 4 13 7 2 14 5 2 16 6 1 15 8 2 16 3 1 14 6 0 17 6 0 15 4 2 13 6 2 17 5 2 16 5 2 15 5 2 12 6 2 13 5 2 16 4 4 
 --- Bot used 56 milliseconds ---
-----------------------------------------------------------------------------
 --- Frame #142 ---
15 5 4 15 8 2 14 5 1 14 6 2 13 5 1 17 6 4 16 4 2 12 6 3 13 6 2 16 7 2 15 6 2 13 7 0 15 4 2 16 5 0 15 7 0 17 5 3 16 3 0 17 7 4 14 8 3 14 7 3 16 6 4 
 --- Bot used 40 milliseconds ---
-----------------------------------------------------------------------------
 --- Frame #143 ---
15 4 0 17 7 4 15 6 2 14 7 3 14 8 1 13 7 2 15 8 3 17 6 2 16 6 4 13 5 4 14 6 2 13 6 2 12 6 3 16 7 3 16 4 4 16 5 0 16 3 1 15 5 4 14 5 2 15 7 3 17 5 0 
 --- Bot used 33 milliseconds ---
-----------------------------------------------------------------------------
 --- Frame #144 ---
16 5 0 14 8 4 13 5 0 12 6 4 17 6 2 17 5 2 15 8 4 13 7 1 13 6 1 15 6 1 16 6 1 16 4 1 15 5 0 14 6 2 17 7 3 16 7 3 14 5 4 15 4 4 18 6 1 15 7 0 14 7 2 16 3 2 
 --- Bot used 43 milliseconds ---
-----------------------------------------------------------------------------
 --- Frame #145 ---
18 6 1 13 7 2 17 7 1 15 7 0 14 4 2 14 8 4 17 5 0 16 8 3 15 6 0 14 5 3 14 7 4 16 3 1 17 6 4 16 6 3 14 6 1 16 7 4 13 6 1 12 6 1 15 8 3 16 5 0 15 5 1 13 5 3 16 4 0 15 4 0 
 --- Bot used 66 milliseconds ---
-----------------------------------------------------------------------------
 --- Frame #146 ---
14 8 0 12 6 0 15 7 3 13 6 4 14 6 2 13 7 2 16 8 1 16 4 2 15 4 3 16 9 1 16 3 4 15 6 2 15 8 0 14 7 1 17 5 3 14 5 2 13 5 4 15 5 2 16 5 1 14 4 1 17 6 3 17 7 3 18 6 0 16 6 0 16 7 0 
 --- Bot used 70 milliseconds ---
-----------------------------------------------------------------------------
 --- Frame #147 ---
17 5 4 16 3 2 17 7 2 14 5 0 17 6 2 15 4 0 13 6 1 16 6 0 15 5 1 16 7 4 15 8 3 12 6 4 16 8 4 16 5 4 13 5 4 16 4 3 14 4 1 14 8 2 14 7 1 15 6 1 14 6 3 18 6 1 16 9 2 15 7 3 13 7 4 
 --- Bot used 47 milliseconds ---
-----------------------------------------------------------------------------
 --- Frame #148 ---
13 7 1 14 7 4 16 6 3 15 6 3 14 6 4 16 8 4 13 6 0 12 6 1 17 5 2 16 5 1 15 5 2 16 7 1 14 5 1 17 7 3 17 6 3 13 5 0 16 4 0 15 4 1 14 8 0 18 6 0 14 4 3 16 9 3 15 9 2 15 8 0 15 7 0 16 3 2 
 --- Bot used 51 milliseconds ---
-----------------------------------------------------------------------------
 --- Frame #149 ---
15 8 4 16 6 0 17 7 1 16 7 1 15 7 3 14 7 4 13 7 1 17 6 4 18 6 4 15 4 4 15 5 1 16 9 1 15 6 4 14 6 0 13 6 3 12 6 2 13 5 4 15 9 0 14 4 4 16 4 2 16 5 3 14 8 1 15 3 0 14 5 3 17 5 1 16 8 1 16 3 4 
 --- Bot used 47 milliseconds ---
-----------------------------------------------------------------------------
 --- Frame #150 ---
13 6 3 17 7 1 12 6 4 17 5 4 16 5 3 14 8 4 15 5 1 14 5 3 14 7 0 13 7 4 13 5 1 12 5 0 15 8 1 17 4 1 16 4 2 18 6 3 14 4 1 13 4 3 15 9 3 15 4 3 16 8 2 16 3 2 15 7 3 17 6 0 16 6 0 15 6 0 16 9 2 14 6 3 16 7 2 15 3 2 
 --- Bot used 60 milliseconds ---
-----------------------------------------------------------------------------
 --- Frame #151 ---
13 6 1 14 6 0 17 7 1 14 8 3 12 6 2 17 5 4 16 5 2 15 5 2 14 5 1 13 5 3 12 5 4 17 4 4 16 4 0 15 4 3 14 4 1 12 7 2 17 3 4 13 4 4 16 3 2 15 6 1 15 8 1 16 7 2 13 7 4 15 7 4 18 6 0 16 6 1 17 6 0 16 9 0 16 8 1 15 9 2 15 3 4 14 7 0 
 --- Bot used 43 milliseconds ---
-----------------------------------------------------------------------------
 --- Frame #152 ---
12 6 3 13 5 4 17 7 1 12 5 3 17 4 1 16 4 3 16 9 0 15 4 4 14 4 3 12 7 2 15 9 1 17 3 4 16 8 4 15 8 3 16 5 1 14 6 4 16 6 0 16 7 0 13 4 1 16 3 3 14 7 0 17 5 4 14 5 0 13 7 3 18 6 2 15 7 1 17 6 4 14 8 3 15 5 0 15 3 1 13 6 3 15 6 0 
 --- Bot used 55 milliseconds ---
-----------------------------------------------------------------------------
 --- Frame #153 ---
16 8 2 17 6 4 16 6 2 15 6 1 14 6 4 13 6 4 12 6 0 17 5 1 16 5 2 15 5 4 15 9 1 14 5 2 14 4 3 12 5 3 17 4 1 16 4 2 15 4 3 15 7 4 13 5 3 14 7 2 17 7 4 12 7 1 17 3 1 13 4 1 16 3 2 16 7 0 15 8 1 18 6 1 14 8 4 16 9 3 15 3 4 13 7 1 
 --- Bot used 87 milliseconds ---
-----------------------------------------------------------------------------
 --- Frame #154 ---
18 6 2 17 6 4 15 9 1 16 6 2 15 6 1 14 6 4 13 6 3 16 8 0 12 6 0 17 5 2 16 5 3 15 5 2 14 5 3 13 5 4 17 7 2 12 5 2 17 4 0 16 4 2 15 4 0 14 4 2 12 7 1 17 3 3 13 4 3 15 8 3 16 3 2 13 7 3 16 9 1 14 8 4 14 7 1 15 7 1 15 3 2 16 7 4 
 --- Bot used 47 milliseconds ---
-----------------------------------------------------------------------------
 --- Frame #155 ---
16 6 0 16 9 2 17 4 0 16 8 1 12 5 4 13 4 4 16 5 2 15 8 1 14 8 1 15 6 3 13 6 2 14 7 0 12 6 1 17 5 2 16 3 2 12 7 4 14 4 2 18 5 0 15 4 0 13 5 2 18 6 2 17 6 1 17 7 4 14 6 2 15 3 0 15 5 4 16 4 4 14 5 0 17 3 1 13 7 1 16 7 3 15 9 2 15 7 4 
 --- Bot used 101 milliseconds ---
-----------------------------------------------------------------------------
 --- Frame #156 ---
18 6 2 16 8 4 17 6 3 16 6 1 15 6 3 14 6 2 13 6 1 18 5 1 17 5 4 16 5 0 15 5 0 14 5 1 12 6 1 14 8 4 12 5 3 17 4 2 16 4 3 15 4 1 14 4 0 13 5 4 17 3 0 13 4 3 16 3 4 16 7 3 12 7 2 15 8 4 16 9 1 17 7 2 15 7 4 14 7 2 13 7 0 15 9 4 15 3 1 
 --- Bot used 59 milliseconds ---
-----------------------------------------------------------------------------
 --- Frame #157 ---
17 6 3 16 6 2 15 6 2 14 6 2 13 6 4 18 5 0 17 5 3 16 5 0 15 5 4 14 5 1 18 6 2 14 7 0 13 5 3 12 7 2 18 4 0 15 7 4 16 4 4 15 4 3 14 4 3 12 5 4 17 3 0 13 4 1 16 3 1 12 6 2 16 9 2 15 9 4 16 8 1 13 7 1 15 8 1 17 7 1 14 8 4 17 4 1 15 3 3 16 7 0 
 --- Bot used 75 milliseconds ---
-----------------------------------------------------------------------------
 --- Frame #158 ---
17 6 0 13 4 2 16 4 1 17 4 4 15 9 4 15 6 0 18 4 0 16 3 1 17 7 3 16 7 0 12 6 0 13 5 0 16 9 0 15 5 0 15 3 3 15 4 1 12 7 3 17 3 1 12 5 2 14 4 3 13 6 0 16 6 4 14 6 4 18 6 1 13 7 4 17 5 4 18 5 4 16 8 4 16 5 4 14 5 2 14 7 1 15 7 0 14 8 0 15 8 2 
 --- Bot used 66 milliseconds ---
-----------------------------------------------------------------------------
 --- Frame #159 ---
18 6 3 17 6 3 16 6 2 15 6 0 14 6 0 13 6 3 16 8 2 18 5 0 15 9 3 17 5 0 16 5 4 15 5 4 14 5 4 13 5 0 12 7 3 14 7 2 18 4 2 17 4 3 16 4 4 15 4 0 14 4 4 13 7 0 12 5 1 17 3 1 13 4 3 16 3 4 12 6 3 16 9 0 15 8 3 15 7 2 14 8 3 17 7 4 16 7 3 15 3 1 
 --- Bot used 68 milliseconds ---
-----------------------------------------------------------------------------
 --- Frame #160 ---
15 9 1 14 7 3 15 4 3 18 5 4 17 5 0 14 6 3 17 3 4 13 5 1 16 8 2 15 6 4 17 7 1 15 7 3 16 7 4 15 8 2 18 4 4 13 4 3 14 4 4 17 4 2 16 6 2 14 8 3 16 5 1 15 5 3 16 9 3 14 5 2 13 6 1 19 4 2 18 6 1 13 7 4 12 6 0 16 3 4 17 6 0 15 3 0 16 4 1 12 5 2 12 7 0 
 --- Bot used 102 milliseconds ---
-----------------------------------------------------------------------------
 --- Frame #161 ---
13 7 2 18 6 2 13 6 0 18 5 0 17 7 3 17 5 1 16 5 0 15 5 4 14 5 0 13 5 4 12 7 2 20 4 0 15 7 3 16 7 1 19 4 3 18 4 2 15 6 3 16 6 4 17 6 3 17 4 0 16 4 1 15 4 4 15 8 2 14 4 3 16 8 1 12 5 3 17 3 0 13 4 0 16 3 4 12 6 2 15 9 4 14 7 1 15 3 4 14 8 3 16 9 3 14 6 3 
 --- Bot used 93 milliseconds ---
-----------------------------------------------------------------------------
 --- Frame #162 ---
17 7 1 18 5 3 12 6 0 15 8 3 16 3 2 13 6 2 13 4 3 14 6 1 17 3 4 12 5 4 14 4 2 15 4 4 16 8 2 16 4 0 17 4 2 15 6 2 18 4 0 16 6 1 19 4 2 15 3 0 14 8 1 17 6 2 20 4 0 18 6 1 12 7 1 16 9 2 13 5 3 13 7 3 14 5 1 15 9 1 14 7 1 15 5 1 15 7 4 16 5 3 16 7 2 17 5 4 
 --- Bot used 104 milliseconds ---
-----------------------------------------------------------------------------
 --- Frame #163 ---
18 6 3 17 6 1 16 6 3 17 7 3 15 7 3 15 6 2 14 6 4 16 8 1 13 6 1 16 7 0 18 5 2 17 5 2 16 5 2 15 5 2 14 5 4 13 5 0 12 7 3 20 4 2 19 4 1 18 4 1 14 8 4 17 4 4 16 4 4 15 4 1 13 7 4 14 4 3 12 5 2 17 3 3 13 4 0 16 3 2 14 7 3 15 9 1 13 8 1 16 9 2 12 6 1 15 3 2 15 8 1 
 --- Bot used 50 milliseconds ---
-----------------------------------------------------------------------------
 --- Frame #164 ---
16 3 3 16 7 1 16 8 2 12 7 1 17 7 0 17 3 4 15 5 0 18 3 3 16 5 4 13 4 1 15 8 3 17 5 0 14 4 1 16 9 1 14 7 2 15 4 0 15 9 2 13 7 0 16 4 0 18 5 2 17 4 2 14 8 2 18 4 4 15 3 3 13 6 3 19 4 4 14 6 1 20 4 3 15 6 2 21 4 0 17 6 0 12 5 1 16 6 4 13 5 2 18 6 3 14 5 3 15 7 4 13 8 1 12 6 4 
 --- Bot used 65 milliseconds ---
-----------------------------------------------------------------------------
 --- Frame #165 ---
16 6 3 15 6 4 14 6 3 14 7 3 13 6 0 18 5 1 17 5 4 16 5 0 15 5 0 14 5 4 13 5 1 12 5 4 21 4 3 18 6 3 20 4 4 19 4 4 18 4 1 16 9 4 17 4 1 16 4 4 15 4 3 14 4 0 13 4 4 18 3 4 15 9 0 17 3 1 17 6 0 16 8 1 13 8 4 12 6 4 15 8 3 16 3 0 14 8 3 12 7 4 15 7 1 17 7 3 13 7 1 15 3 0 16 7 1 
 --- Bot used 64 milliseconds ---
-----------------------------------------------------------------------------
 --- Frame #166 ---
12 7 2 18 5 0 16 3 3 18 6 3 13 8 3 17 3 2 15 7 2 17 5 1 16 7 0 15 5 2 17 7 4 14 5 4 13 5 2 14 8 1 15 3 0 12 5 2 13 7 1 15 8 4 21 4 4 16 8 0 20 4 2 15 9 0 19 4 3 16 6 1 16 9 4 18 4 4 14 7 2 17 4 1 17 6 3 16 4 1 15 6 1 16 5 3 15 4 1 14 6 4 14 4 4 13 6 2 13 4 4 12 6 0 18 3 0 21 5 2 
 --- Bot used 52 milliseconds ---
-----------------------------------------------------------------------------
 --- Frame #167 ---
15 9 0 16 6 1 15 6 3 14 6 3 18 6 1 13 6 2 12 6 1 13 8 3 16 4 4 18 5 1 17 6 4 17 5 2 16 5 3 15 5 1 13 5 3 12 5 3 21 4 2 20 4 0 21 5 4 14 5 3 17 4 3 15 8 3 16 8 1 15 4 0 14 4 0 13 4 3 18 3 0 14 8 2 17 3 2 16 3 0 12 7 3 17 7 1 18 4 0 16 7 0 19 4 3 14 7 4 15 7 0 13 7 4 16 9 2 15 3 4 
 --- Bot used 110 milliseconds ---
-----------------------------------------------------------------------------
 --- Frame #168 ---
18 3 0 16 8 0 13 6 4 13 4 2 14 3 4 15 9 4 14 6 2 14 4 3 16 9 2 15 6 4 15 4 0 16 6 2 16 4 0 17 4 3 18 4 3 19 4 3 17 6 2 20 4 2 18 6 1 21 4 0 13 8 1 12 5 3 13 7 1 13 5 3 14 7 2 14 5 3 15 7 3 15 5 2 16 7 3 16 5 0 15 3 1 17 7 1 17 5 3 12 7 3 18 5 4 16 3 4 14 8 0 21 5 2 17 3 3 15 8 3 12 6 0 
 --- Bot used 100 milliseconds ---
-----------------------------------------------------------------------------
 --- Frame #169 ---
12 7 1 17 5 4 13 7 0 18 3 0 16 5 4 17 3 2 13 8 0 16 3 0 14 5 3 18 6 1 15 3 0 17 6 3 16 9 0 12 5 2 16 6 0 15 6 1 17 7 4 13 5 0 13 6 2 16 8 3 21 4 2 12 6 0 15 2 1 20 4 3 16 7 3 19 4 4 18 4 0 14 6 4 14 7 2 14 8 4 17 4 0 15 5 2 16 4 1 15 9 4 15 7 0 15 4 4 15 8 1 14 4 3 18 5 1 14 3 1 13 4 4 21 5 4 
 --- Bot used 93 milliseconds ---
-----------------------------------------------------------------------------
 --- Frame #170 ---
20 4 1 18 6 1 21 4 1 13 8 1 12 5 3 13 7 2 13 5 2 12 7 2 14 7 2 14 5 2 14 3 3 15 7 4 15 5 0 16 7 2 16 5 3 15 3 2 17 7 4 17 5 1 16 3 2 18 5 0 17 3 1 14 8 4 21 5 4 18 3 2 15 8 0 12 6 1 16 8 4 14 4 1 15 9 3 13 4 3 16 9 1 15 4 3 15 2 0 13 6 3 16 4 2 14 6 2 17 4 2 15 6 4 18 4 0 16 6 2 19 4 0 17 6 0 
 --- Bot used 69 milliseconds ---
-----------------------------------------------------------------------------
 --- Frame #171 ---
15 2 0 16 8 1 19 4 0 14 6 3 18 4 1 15 5 3 18 3 2 17 6 4 12 6 3 14 5 2 17 3 0 13 5 0 16 3 4 17 5 1 15 3 2 16 5 3 13 4 4 15 9 2 12 5 0 14 3 2 16 9 2 21 4 1 18 5 2 13 6 4 20 4 1 15 8 4 14 8 1 17 4 0 14 7 2 16 4 2 16 7 2 15 7 1 15 4 3 13 7 4 13 8 3 18 6 2 21 5 1 17 7 1 15 6 0 14 4 3 16 6 3 19 3 0 12 7 1 
 --- Bot used 71 milliseconds ---
-----------------------------------------------------------------------------
 --- Frame #172 ---
15 9 3 14 6 0 13 4 3 16 9 4 15 6 2 13 5 2 15 3 3 16 6 3 14 5 1 16 3 2 17 6 0 15 5 3 17 3 0 18 6 2 16 5 0 18 3 3 13 8 0 17 5 3 19 3 4 13 7 4 18 5 0 12 7 0 14 7 2 21 5 4 15 2 3 15 7 4 12 6 2 15 4 3 16 7 1 13 6 2 16 4 4 17 4 0 18 4 0 14 3 0 19 4 2 14 4 4 17 7 3 20 4 0 21 4 3 14 8 4 12 5 3 15 8 2 16 8 2 
 --- Bot used 74 milliseconds ---
-----------------------------------------------------------------------------
 --- Frame #173 ---
18 6 3 13 7 4 17 5 2 16 5 2 14 5 0 13 5 4 16 9 1 21 4 1 19 4 1 18 4 4 16 4 4 16 6 0 14 4 3 12 7 3 18 3 3 17 3 4 13 8 4 15 3 3 13 4 2 14 3 4 15 9 4 17 6 0 15 6 0 14 6 1 15 2 4 13 6 4 12 6 0 21 5 4 15 5 2 18 5 0 12 5 1 20 4 3 17 4 1 15 4 3 19 3 0 17 8 1 16 3 2 16 8 0 15 8 3 14 8 1 17 7 0 16 7 3 15 7 3 14 7 4 
 --- Bot used 83 milliseconds ---
-----------------------------------------------------------------------------
 --- Frame #174 ---
18 6 4 13 4 4 15 9 2 13 8 1 13 3 4 14 7 2 14 3 3 13 7 2 15 3 3 15 7 2 16 3 0 16 7 4 17 3 1 17 7 0 18 3 1 19 3 0 14 8 2 12 7 2 17 6 4 14 4 1 16 6 4 15 4 0 15 2 4 15 8 0 16 4 3 16 8 4 17 4 1 17 8 3 18 4 0 19 4 4 16 9 0 20 4 0 21 4 1 12 5 3 13 5 0 14 5 0 15 5 4 16 5 1 17 5 2 18 5 0 21 5 2 12 6 1 13 6 3 14 6 3 15 6 2 
 --- Bot used 61 milliseconds ---
-----------------------------------------------------------------------------
 --- Frame #175 ---
14 3 1 18 6 0 17 6 1 15 6 2 14 6 1 15 3 1 21 5 0 17 5 3 16 5 0 14 5 4 13 5 0 20 4 0 18 4 0 17 4 0 15 4 3 14 4 3 12 7 3 19 3 2 18 3 0 15 7 1 17 3 4 16 3 1 15 9 2 13 4 1 13 3 2 15 2 2 16 7 1 13 8 2 14 7 0 16 6 3 13 7 2 13 6 3 18 5 3 15 5 1 16 9 4 12 5 3 21 4 0 19 4 4 16 4 2 17 8 0 16 8 3 15 8 2 12 6 2 14 8 4 17 7 1 
 --- Bot used 126 milliseconds ---
-----------------------------------------------------------------------------
 --- Frame #176 ---
14 8 2 21 4 1 13 4 3 12 5 4 16 2 4 18 4 4 17 6 0 16 6 4 15 6 0 15 2 3 12 6 4 17 4 3 17 3 1 14 3 1 16 3 3 20 4 0 21 5 0 16 9 4 18 5 1 14 7 1 17 5 4 13 7 1 13 5 2 16 7 4 15 3 0 13 3 2 18 6 0 16 5 0 14 4 1 16 4 4 12 7 1 14 6 1 19 4 2 13 6 2 19 3 1 17 8 4 16 8 2 15 7 2 15 8 1 18 3 0 15 4 1 15 9 1 14 5 3 17 7 3 13 8 3 15 5 0 
 --- Bot used 101 milliseconds ---
-----------------------------------------------------------------------------
 --- Frame #177 ---
17 7 4 15 9 1 15 7 3 17 6 0 14 7 4 18 5 3 17 5 4 16 5 1 15 5 1 14 5 3 13 5 4 12 5 4 21 4 3 20 4 1 19 4 2 18 6 1 18 4 3 17 4 2 16 4 2 15 4 1 14 4 2 16 9 3 16 8 3 19 3 1 18 3 2 17 3 4 16 3 2 15 3 4 14 3 3 13 3 3 15 6 3 13 4 3 16 6 2 14 6 0 13 6 1 16 2 2 12 6 4 11 6 4 12 7 4 21 5 3 13 8 1 13 7 1 15 2 3 15 8 4 14 8 0 16 7 3 17 8 4 
 --- Bot used 53 milliseconds ---
-----------------------------------------------------------------------------
 --- Frame #178 ---
14 4 2 13 4 4 15 6 3 13 7 1 14 7 0 13 6 3 12 6 0 12 7 2 21 5 1 18 5 2 17 5 3 13 3 1 17 7 2 16 5 1 16 6 4 15 5 4 14 5 3 19 3 4 13 8 1 18 3 2 14 6 0 17 3 4 18 6 3 16 3 2 16 9 3 13 5 1 12 5 0 15 8 4 16 2 3 14 8 1 17 6 4 16 7 3 15 7 2 17 8 3 15 2 1 16 8 2 21 4 3 15 3 1 20 4 0 15 9 1 19 4 2 11 6 0 18 4 2 17 4 0 16 4 0 14 3 4 15 4 1 
 --- Bot used 98 milliseconds ---
-----------------------------------------------------------------------------
 --- Frame #179 ---
19 4 3 20 4 4 15 2 1 21 4 1 12 5 1 13 5 0 16 9 1 14 5 2 16 8 2 15 5 2 17 8 1 16 5 0 17 5 4 18 5 2 21 5 1 19 5 4 16 2 0 17 7 0 13 4 0 12 7 1 15 8 0 13 3 2 14 3 4 14 8 0 15 3 0 13 8 0 16 3 3 15 9 3 17 3 4 18 3 0 19 3 3 11 6 0 12 6 0 13 6 0 14 6 1 15 6 2 16 6 1 17 6 4 18 6 1 14 4 2 16 7 1 15 4 1 13 7 2 16 4 4 14 7 4 17 4 2 15 7 2 18 4 0 
 --- Bot used 92 milliseconds ---
-----------------------------------------------------------------------------
 --- Frame #180 ---
14 6 3 13 6 4 16 4 0 12 6 3 12 7 0 16 2 1 19 5 1 19 4 0 18 4 4 17 4 2 16 8 4 17 8 3 13 3 0 18 5 1 14 3 2 17 5 3 15 3 3 16 5 3 16 3 4 15 5 1 17 3 4 14 5 1 18 3 2 13 5 1 19 3 2 12 5 4 11 6 1 21 4 4 14 4 1 20 4 0 13 7 2 21 5 4 13 8 2 15 8 0 14 8 1 13 4 3 16 9 4 15 9 0 17 7 1 16 7 0 15 2 4 15 7 1 14 7 2 18 6 2 15 4 4 17 6 4 16 6 2 15 6 1 
 --- Bot used 113 milliseconds ---
-----------------------------------------------------------------------------
 --- Frame #181 ---
15 3 2 15 8 1 18 3 1 16 2 4 14 7 2 15 7 2 15 2 4 14 4 3 15 4 4 16 4 3 17 4 2 18 4 1 19 4 0 20 4 2 21 4 4 11 6 0 17 8 0 12 5 1 16 8 3 13 5 2 14 5 1 15 5 1 16 5 2 17 5 2 18 5 3 19 5 1 16 3 0 13 4 1 11 5 2 17 6 3 16 9 0 17 3 2 18 6 0 16 7 1 17 7 0 15 9 2 12 7 3 12 6 0 21 5 4 13 6 0 14 6 1 13 7 2 13 8 3 16 6 3 15 6 4 14 8 4 19 3 0 13 3 2 14 3 0 
 --- Bot used 63 milliseconds ---
-----------------------------------------------------------------------------
 --- Frame #182 ---
18 4 2 19 4 4 15 2 1 20 4 4 21 4 3 11 6 2 14 8 4 12 5 0 13 5 0 14 5 2 15 8 1 15 5 2 16 5 3 21 5 0 17 5 1 16 2 1 18 5 1 11 5 3 19 5 4 17 8 3 13 3 4 14 3 2 15 3 1 16 3 2 17 3 3 16 8 4 18 3 0 19 3 3 12 4 2 16 9 4 13 4 2 13 8 4 15 4 2 15 9 4 18 6 0 13 7 0 12 7 4 16 4 0 12 6 3 13 6 2 14 6 4 15 6 4 16 6 3 14 4 4 17 6 1 17 7 2 16 7 4 15 7 4 14 7 0 17 4 0 
 --- Bot used 63 milliseconds ---
-----------------------------------------------------------------------------
 --- Frame #183 ---
14 6 3 16 6 3 18 6 4 15 7 0 14 7 4 15 2 4 15 3 2 16 3 2 17 3 1 18 3 3 16 7 1 17 7 1 18 7 3 15 8 2 17 6 0 15 6 0 13 6 4 15 9 3 19 3 0 12 4 2 13 4 4 14 4 1 15 4 2 16 4 1 17 4 4 18 4 1 19 4 2 19 5 0 12 8 4 20 4 4 12 7 0 21 4 0 12 6 3 11 6 1 12 5 4 13 5 4 14 5 3 15 5 2 16 5 0 16 9 2 13 7 4 17 8 3 13 3 0 11 5 2 21 5 1 16 2 1 12 3 3 14 3 0 17 5 2 18 5 4 16 8 3 13 8 0 14 8 0 
 --- Bot used 59 milliseconds ---
-----------------------------------------------------------------------------
 --- Frame #184 ---
14 4 1 17 6 3 18 6 2 15 9 0 16 9 2 13 6 3 16 2 3 12 3 1 13 4 4 18 8 0 13 8 3 15 2 2 15 7 0 17 2 2 11 5 2 15 4 2 13 7 3 16 4 1 14 8 1 17 4 2 18 4 0 19 4 3 20 4 2 21 4 3 11 6 1 12 5 0 13 5 2 14 5 0 16 3 2 15 5 3 16 5 2 14 3 3 17 5 3 18 5 4 19 5 0 12 8 2 14 7 1 12 7 0 17 3 0 16 7 1 12 6 1 12 4 4 14 6 4 15 6 1 13 3 4 16 6 0 15 3 4 15 8 0 21 5 2 16 8 2 17 8 2 17 7 1 18 3 2 18 7 1 19 3 2 
 --- Bot used 74 milliseconds ---
-----------------------------------------------------------------------------
 --- Frame #185 ---
17 8 1 15 9 1 16 4 0 13 3 1 15 4 1 14 4 0 13 4 4 16 7 2 18 8 3 12 4 0 17 7 4 18 5 0 18 7 3 19 3 3 14 7 2 13 8 1 18 3 3 17 3 4 16 3 1 13 7 1 14 3 1 12 6 4 17 2 3 12 3 0 20 4 3 14 6 0 19 4 1 11 4 1 16 2 4 15 7 2 11 5 3 13 6 2 17 6 1 17 5 1 21 4 0 15 8 0 18 6 2 16 5 0 15 5 3 15 6 2 14 8 0 14 5 3 13 5 3 12 5 4 15 2 1 16 8 2 18 4 0 17 4 1 16 6 0 16 9 3 15 3 1 19 5 0 21 5 3 11 6 1 12 7 2 12 8 1 
 --- Bot used 63 milliseconds ---
-----------------------------------------------------------------------------
 --- Frame #186 ---
11 5 1 15 2 0 11 4 4 12 3 0 13 3 0 14 3 2 18 8 2 15 3 4 18 7 4 12 7 3 17 2 1 20 4 4 16 5 4 16 9 1 17 5 4 19 5 2 18 6 2 12 8 1 14 7 1 18 5 4 12 6 1 13 6 2 14 6 0 14 5 2 17 8 0 12 5 1 16 3 4 17 3 4 18 3 2 19 3 2 21 5 4 16 8 3 12 4 4 13 4 4 15 8 2 14 4 4 15 4 3 16 4 1 17 4 2 19 4 0 18 4 1 14 8 1 11 3 1 17 7 2 16 2 2 16 7 3 15 7 3 13 8 1 21 4 4 15 9 1 13 7 1 18 9 3 15 6 1 16 6 3 17 6 4 15 5 4 11 6 3 13 5 1 
 --- Bot used 87 milliseconds ---
-----------------------------------------------------------------------------
 --- Frame #187 ---
11 5 0 13 3 0 16 7 3 20 4 2 11 2 1 15 5 2 11 3 2 13 7 4 14 7 0 12 8 1 15 7 2 16 6 1 20 5 3 21 5 1 12 7 3 18 5 3 15 2 2 11 4 1 19 5 1 14 3 2 15 3 0 16 3 2 17 3 4 15 6 4 18 3 4 19 3 0 18 9 2 11 6 4 12 4 4 17 2 4 16 9 4 13 4 2 14 4 4 16 2 3 15 4 4 16 4 4 17 8 4 17 4 1 19 4 2 15 9 2 18 4 0 12 3 4 17 7 1 13 5 1 16 8 3 17 6 3 15 8 0 14 5 1 18 8 2 14 8 0 12 5 3 13 8 3 21 4 2 18 7 4 16 5 1 18 6 0 17 5 2 12 6 2 13 6 1 14 6 2 
 --- Bot used 100 milliseconds ---
-----------------------------------------------------------------------------
 --- Frame #188 ---
18 3 1 16 9 1 15 7 0 13 8 4 13 5 0 14 6 1 12 8 0 21 4 3 17 8 4 16 8 2 17 5 2 15 3 1 12 5 4 14 3 4 14 4 0 13 3 0 15 4 2 17 3 3 18 5 2 15 6 4 12 3 0 11 5 4 17 2 4 14 8 4 16 2 0 11 4 0 11 3 3 15 2 4 19 5 2 16 6 1 15 9 4 15 8 4 17 6 4 16 7 2 12 7 4 12 6 0 13 6 4 18 4 0 13 4 4 19 3 2 14 7 2 16 3 2 11 2 4 21 5 2 20 5 2 13 7 3 18 6 4 19 4 3 14 5 1 20 4 3 15 5 4 12 4 0 16 5 2 11 6 2 17 7 1 18 7 1 18 9 2 18 8 4 16 4 0 17 4 0 
 --- Bot used 71 milliseconds ---
-----------------------------------------------------------------------------
 --- Frame #189 ---
18 8 0 12 5 3 14 3 0 15 3 3 15 9 0 16 3 2 17 3 4 18 3 1 12 8 0 11 4 1 19 3 4 11 6 0 12 4 0 13 4 3 16 5 2 15 6 4 11 5 2 17 7 1 14 4 2 15 4 1 16 4 2 12 6 2 21 5 1 14 6 2 13 6 1 15 7 4 18 5 0 19 5 1 20 4 4 13 5 2 14 5 1 15 5 3 13 8 1 17 4 0 18 4 3 18 7 3 11 3 3 17 8 1 16 7 4 16 2 4 14 7 4 13 7 3 18 9 1 18 6 4 17 6 3 16 6 4 12 7 0 16 8 0 15 2 2 11 2 0 17 2 4 15 8 1 17 5 0 21 4 2 16 9 3 14 8 4 13 3 0 12 3 3 20 5 1 19 4 3 
 --- Bot used 72 milliseconds ---
-----------------------------------------------------------------------------
 --- Frame #190 ---
17 5 0 12 8 3 18 5 1 17 2 4 16 9 0 21 5 4 16 2 2 15 9 1 11 5 1 17 3 2 18 7 3 12 3 4 20 5 4 17 4 1 19 5 2 14 5 4 13 3 0 14 3 2 15 3 4 16 3 0 18 8 3 18 3 2 17 8 1 19 3 2 11 6 4 12 4 3 13 8 0 18 9 1 16 8 0 19 4 1 21 4 0 14 6 2 11 3 3 15 5 1 16 7 3 16 5 1 15 8 0 15 6 0 12 6 3 13 6 3 14 7 0 13 7 3 13 4 3 14 4 1 14 8 2 15 4 1 18 4 1 15 7 0 20 4 0 13 5 4 12 5 2 11 2 2 16 4 4 17 7 1 11 4 0 18 6 3 17 6 4 16 6 3 12 7 1 15 2 4 
 --- Bot used 138 milliseconds ---
-----------------------------------------------------------------------------
 --- Frame #191 ---
14 7 0 16 7 1 20 5 1 15 3 1 16 5 1 15 9 2 16 9 4 16 3 4 12 6 1 13 6 3 17 3 3 18 3 1 18 9 4 19 3 0 14 5 3 11 2 0 13 7 2 12 4 2 21 5 2 13 4 4 14 4 0 17 6 0 16 6 4 15 6 0 18 8 3 14 6 1 17 4 2 18 4 4 12 7 3 19 4 1 11 4 2 18 6 2 20 4 1 15 7 1 14 2 0 21 4 1 11 3 2 13 5 3 15 2 0 12 5 4 16 2 0 18 5 2 17 5 2 17 2 0 15 4 1 11 5 1 12 3 4 19 5 1 13 3 1 18 7 0 12 8 4 14 3 3 15 5 2 11 6 0 16 8 3 15 8 4 16 4 1 17 7 3 14 8 4 17 8 2 13 8 3 
 --- Bot used 87 milliseconds ---
-----------------------------------------------------------------------------
 --- Frame #192 ---
15 2 0 14 8 3 17 3 0 14 5 3 12 4 2 17 4 4 13 4 0 16 2 0 18 3 3 13 2 1 12 5 3 14 7 2 13 7 2 14 2 1 15 7 0 15 3 0 11 4 4 18 7 1 19 3 3 17 2 3 11 5 2 15 9 3 18 4 4 20 3 2 20 4 0 13 5 1 12 7 3 21 4 2 15 5 0 18 6 3 17 6 2 16 6 4 19 5 3 15 6 4 13 8 4 14 6 2 13 6 0 12 6 3 16 8 2 11 3 0 16 9 2 18 9 3 11 2 2 13 3 3 21 5 1 17 7 1 20 5 0 14 4 2 12 3 0 18 5 1 14 3 3 15 4 0 17 8 3 21 3 2 17 5 4 18 8 2 16 5 3 16 4 1 15 8 1 12 8 3 19 4 2 16 7 0 16 3 1 11 6 0 
 --- Bot used 89 milliseconds ---
-----------------------------------------------------------------------------
 --- Frame #193 ---
16 8 2 13 2 0 13 6 0 15 7 0 17 3 2 21 3 0 13 1 3 17 9 3 21 4 2 12 4 0 22 3 0 11 4 3 19 4 4 20 4 1 13 4 2 13 5 0 15 5 1 16 5 2 17 5 0 14 4 3 13 3 3 12 3 3 17 2 3 14 8 1 16 3 0 16 2 1 11 5 4 11 2 4 17 7 1 15 2 3 17 4 2 18 6 3 16 7 4 12 2 2 14 7 0 20 5 3 18 9 3 20 3 3 17 6 0 18 3 1 11 3 2 16 6 0 15 6 4 13 8 2 19 5 4 12 5 2 15 8 0 12 6 4 18 8 3 12 7 0 17 8 1 15 9 2 21 5 1 18 4 1 15 4 0 14 5 3 16 9 2 18 5 4 15 3 3 11 6 2 12 8 4 18 7 2 16 4 3 14 2 2 13 7 0 19 3 1 14 6 3 14 3 3 
 --- Bot used 119 milliseconds ---
-----------------------------------------------------------------------------
 --- Frame #194 ---
15 4 0 11 4 3 16 4 0 20 3 2 12 4 2 19 3 4 17 2 0 18 3 0 15 3 2 14 3 4 13 3 0 22 3 1 11 6 0 13 2 4 18 9 3 12 2 4 20 4 3 11 2 3 21 4 4 14 4 1 12 6 4 11 3 4 18 5 1 12 8 4 16 7 4 16 9 4 19 5 2 20 5 1 13 6 1 17 7 4 21 5 3 18 7 0 12 7 2 16 2 3 15 2 3 13 8 0 13 1 2 14 8 1 14 6 3 12 5 0 15 6 4 13 4 1 16 6 0 17 8 2 16 5 2 17 6 0 18 8 3 12 3 1 18 6 2 15 9 3 17 9 3 13 5 4 13 7 4 17 3 0 14 7 4 16 3 4 15 7 1 18 4 0 14 2 0 15 8 3 19 4 3 17 4 4 21 3 1 16 8 3 15 5 1 14 5 4 17 5 0 11 5 3 
 --- Bot used 96 milliseconds ---
-----------------------------------------------------------------------------
 --- Frame #195 ---
13 8 2 18 4 1 18 3 1 14 2 3 16 4 0 17 4 0 14 3 0 13 1 1 17 3 4 15 4 2 16 3 1 14 6 4 16 8 0 12 4 1 13 4 2 14 4 4 12 6 1 20 3 3 12 7 2 18 8 0 18 9 0 21 5 0 20 5 2 13 3 3 19 5 1 18 5 2 22 3 4 17 5 1 13 6 4 16 5 4 12 8 4 15 5 0 19 3 3 14 5 0 12 5 0 11 5 1 17 2 2 15 2 3 14 8 1 13 2 0 12 2 2 11 2 1 12 3 3 21 2 3 21 4 1 20 4 2 17 6 0 14 7 2 15 8 4 16 6 1 11 6 1 17 8 3 19 4 1 16 2 4 11 3 4 16 7 4 15 7 4 13 7 2 15 6 3 21 3 0 15 3 3 18 7 3 16 9 0 17 9 3 13 5 4 17 7 3 15 9 2 11 4 4 18 6 1 
 --- Bot used 70 milliseconds ---
-----------------------------------------------------------------------------
 --- Frame #196 ---
18 2 1 16 8 3 17 2 1 15 3 3 14 2 1 13 5 2 13 1 3 21 3 3 14 7 3 18 3 3 22 3 1 11 4 0 18 6 0 17 6 3 13 4 4 14 4 3 15 4 2 18 4 4 19 4 1 20 4 4 12 3 0 15 7 0 12 5 4 16 6 0 13 2 4 13 3 1 12 4 4 12 7 1 19 3 3 11 2 1 16 2 4 13 6 0 17 3 3 12 6 2 12 2 0 21 5 4 11 5 3 16 7 2 21 4 4 21 2 0 20 5 0 19 5 3 15 8 4 18 9 3 17 9 1 17 7 0 16 9 4 15 6 0 14 6 2 18 5 4 17 5 2 16 5 2 11 3 4 15 5 2 13 8 2 15 2 0 17 8 4 18 8 2 13 7 0 11 6 1 14 5 1 16 3 4 14 8 1 16 4 3 18 7 4 20 3 2 14 3 1 15 9 0 12 8 4 17 4 3 
 --- Bot used 140 milliseconds ---
-----------------------------------------------------------------------------
 --- Frame #197 ---
18 2 0 19 3 0 15 9 1 17 2 1 17 3 3 16 3 3 11 2 0 11 4 3 22 3 3 18 9 2 18 3 1 20 3 3 21 2 0 21 5 2 16 2 3 14 5 1 18 5 2 16 7 3 13 5 2 13 6 2 12 5 1 14 7 1 12 8 2 15 7 4 21 4 2 16 8 2 17 5 4 15 3 0 14 3 4 17 8 3 15 5 4 14 8 2 12 3 4 17 9 3 17 6 2 18 6 2 16 5 0 12 7 1 16 9 2 15 2 1 19 4 3 14 2 0 13 2 0 18 4 3 13 3 1 19 5 4 12 2 0 12 6 1 11 3 2 17 7 1 18 1 1 12 4 1 18 8 4 15 6 2 19 8 3 13 4 2 16 6 1 13 1 1 15 4 2 13 7 0 14 6 3 14 4 1 11 6 0 13 8 0 11 5 1 21 3 0 20 4 3 15 8 0 16 4 0 20 5 3 17 4 1 18 7 4 
 --- Bot used 78 milliseconds ---
-----------------------------------------------------------------------------
 --- Frame #198 ---
Traceback (most recent call last):
 --- Bot used 87 milliseconds ---
ERRORED!
Response received (if any):
Traceback (most recent call last):
 --- Bot was killed. Below is the rest of its output (if any): ---
  File "MyBot.py", line 200, in <module>
    loc_states = get_states(gameMap, myID)
  File "MyBot.py", line 44, in get_states
    ss = gameMap.getSite(loc)
  File "/home/michalis/Development/Halite/hlt.py", line 96, in getSite
    return self.contents[l.y][l.x]
IndexError: list index out of range

 --- End bot output ---