 --- Init ---
SarsaLambdaBot
 --- Bot used 42 milliseconds ---
-----------------------------------------------------------------------------
 --- Frame #1 ---
7 15 0 
 --- Bot used 18 milliseconds ---
-----------------------------------------------------------------------------
 --- Frame #2 ---
7 15 0 
 --- Bot used 37 milliseconds ---
-----------------------------------------------------------------------------
 --- Frame #3 ---
7 15 0 
 --- Bot used 31 milliseconds ---
-----------------------------------------------------------------------------
 --- Frame #4 ---
7 15 4 
 --- Bot used 26 milliseconds ---
-----------------------------------------------------------------------------
 --- Frame #5 ---
7 15 2 6 15 2 
 --- Bot used 31 milliseconds ---
-----------------------------------------------------------------------------
 --- Frame #6 ---
6 15 0 7 15 1 
 --- Bot used 22 milliseconds ---
-----------------------------------------------------------------------------
 --- Frame #7 ---
7 15 2 6 15 1 
 --- Bot used 22 milliseconds ---
-----------------------------------------------------------------------------
 --- Frame #8 ---
7 15 0 6 15 2 
 --- Bot used 21 milliseconds ---
-----------------------------------------------------------------------------
 --- Frame #9 ---
6 15 2 7 15 2 
 --- Bot used 26 milliseconds ---
-----------------------------------------------------------------------------
 --- Frame #10 ---
7 15 1 6 15 0 
 --- Bot used 36 milliseconds ---
-----------------------------------------------------------------------------
 --- Frame #11 ---
7 15 2 6 15 1 
 --- Bot used 35 milliseconds ---
-----------------------------------------------------------------------------
 --- Frame #12 ---
6 15 4 7 15 3 
 --- Bot used 29 milliseconds ---
-----------------------------------------------------------------------------
 --- Frame #13 ---
7 15 0 6 15 2 
 --- Bot used 29 milliseconds ---
-----------------------------------------------------------------------------
 --- Frame #14 ---
7 15 1 6 15 3 
 --- Bot used 21 milliseconds ---
-----------------------------------------------------------------------------
 --- Frame #15 ---
7 15 4 6 15 3 
 --- Bot used 21 milliseconds ---
-----------------------------------------------------------------------------
 --- Frame #16 ---
7 15 3 6 15 0 
 --- Bot used 24 milliseconds ---
-----------------------------------------------------------------------------
 --- Frame #17 ---
6 15 1 7 15 4 
 --- Bot used 26 milliseconds ---
-----------------------------------------------------------------------------
 --- Frame #18 ---
7 15 4 6 15 2 
 --- Bot used 25 milliseconds ---
-----------------------------------------------------------------------------
 --- Frame #19 ---
7 15 0 6 15 1 
 --- Bot used 22 milliseconds ---
-----------------------------------------------------------------------------
 --- Frame #20 ---
7 15 3 6 15 0 
 --- Bot used 24 milliseconds ---
-----------------------------------------------------------------------------
 --- Frame #21 ---
6 15 1 7 15 0 
 --- Bot used 30 milliseconds ---
-----------------------------------------------------------------------------
 --- Frame #22 ---
7 15 4 6 15 2 
 --- Bot used 27 milliseconds ---
-----------------------------------------------------------------------------
 --- Frame #23 ---
7 15 4 6 15 2 
 --- Bot used 22 milliseconds ---
-----------------------------------------------------------------------------
 --- Frame #24 ---
7 15 4 6 15 0 
 --- Bot used 26 milliseconds ---
-----------------------------------------------------------------------------
 --- Frame #25 ---
7 15 3 6 15 4 
 --- Bot used 67 milliseconds ---
-----------------------------------------------------------------------------
 --- Frame #26 ---
6 15 1 7 15 4 
 --- Bot used 22 milliseconds ---
-----------------------------------------------------------------------------
 --- Frame #27 ---
7 15 0 6 15 3 
 --- Bot used 23 milliseconds ---
-----------------------------------------------------------------------------
 --- Frame #28 ---
6 15 2 7 15 3 
 --- Bot used 25 milliseconds ---
-----------------------------------------------------------------------------
 --- Frame #29 ---
7 15 1 6 15 0 
 --- Bot used 31 milliseconds ---
-----------------------------------------------------------------------------
 --- Frame #30 ---
6 15 1 7 15 4 
 --- Bot used 22 milliseconds ---
-----------------------------------------------------------------------------
 --- Frame #31 ---
7 15 0 6 15 2 
 --- Bot used 22 milliseconds ---
-----------------------------------------------------------------------------
 --- Frame #32 ---
7 15 3 6 15 3 
 --- Bot used 25 milliseconds ---
-----------------------------------------------------------------------------
 --- Frame #33 ---
6 15 1 7 15 0 
 --- Bot used 32 milliseconds ---
-----------------------------------------------------------------------------
 --- Frame #34 ---
7 15 4 6 15 2 
 --- Bot used 22 milliseconds ---
-----------------------------------------------------------------------------
 --- Frame #35 ---
7 15 2 6 15 2 
 --- Bot used 22 milliseconds ---
-----------------------------------------------------------------------------
 --- Frame #36 ---
7 15 0 6 15 3 
 --- Bot used 26 milliseconds ---
-----------------------------------------------------------------------------
 --- Frame #37 ---
7 15 1 6 15 3 
 --- Bot used 32 milliseconds ---
-----------------------------------------------------------------------------
 --- Frame #38 ---
6 15 2 7 15 3 
 --- Bot used 22 milliseconds ---
-----------------------------------------------------------------------------
 --- Frame #39 ---
6 15 2 7 15 2 
 --- Bot used 23 milliseconds ---
-----------------------------------------------------------------------------
 --- Frame #40 ---
7 15 1 6 15 2 
 --- Bot used 27 milliseconds ---
-----------------------------------------------------------------------------
 --- Frame #41 ---
6 15 2 7 15 4 
 --- Bot used 41 milliseconds ---
-----------------------------------------------------------------------------
 --- Frame #42 ---
7 15 0 6 15 0 
 --- Bot used 21 milliseconds ---
-----------------------------------------------------------------------------
 --- Frame #43 ---
7 15 2 6 15 4 
 --- Bot used 21 milliseconds ---
-----------------------------------------------------------------------------
 --- Frame #44 ---
7 15 4 6 15 4 
 --- Bot used 21 milliseconds ---
-----------------------------------------------------------------------------
 --- Frame #45 ---
6 15 3 7 15 2 
 --- Bot used 26 milliseconds ---
-----------------------------------------------------------------------------
 --- Frame #46 ---
6 15 0 7 15 1 
 --- Bot used 34 milliseconds ---
-----------------------------------------------------------------------------
 --- Frame #47 ---
6 15 4 7 15 3 
 --- Bot used 22 milliseconds ---
-----------------------------------------------------------------------------
 --- Frame #48 ---
5 15 0 7 15 2 6 15 4 
 --- Bot used 25 milliseconds ---
-----------------------------------------------------------------------------
 --- Frame #49 ---
5 15 2 6 15 3 7 15 2 
 --- Bot used 28 milliseconds ---
-----------------------------------------------------------------------------
 --- Frame #50 ---
6 15 0 5 15 2 7 15 1 
 --- Bot used 32 milliseconds ---
-----------------------------------------------------------------------------
 --- Frame #51 ---
5 15 0 7 15 4 6 15 2 
 --- Bot used 21 milliseconds ---
-----------------------------------------------------------------------------
 --- Frame #52 ---
6 15 2 5 15 0 7 15 1 
 --- Bot used 22 milliseconds ---
-----------------------------------------------------------------------------
 --- Frame #53 ---
5 15 3 7 15 0 7 14 2 6 15 4 
 --- Bot used 23 milliseconds ---
-----------------------------------------------------------------------------
 --- Frame #54 ---
7 15 0 7 14 0 5 15 1 6 15 2 
 --- Bot used 36 milliseconds ---
-----------------------------------------------------------------------------
 --- Frame #55 ---
5 15 2 7 15 0 6 15 0 7 14 1 
 --- Bot used 37 milliseconds ---
-----------------------------------------------------------------------------
 --- Frame #56 ---
6 15 0 7 15 1 7 14 0 5 15 1 
 --- Bot used 37 milliseconds ---
-----------------------------------------------------------------------------
 --- Frame #57 ---
6 15 3 7 14 4 7 15 3 5 15 3 
 --- Bot used 40 milliseconds ---
-----------------------------------------------------------------------------
 --- Frame #58 ---
5 15 0 7 14 2 7 15 1 6 15 0 6 14 4 
 --- Bot used 31 milliseconds ---
-----------------------------------------------------------------------------
 --- Frame #59 ---
7 15 4 5 15 3 6 15 1 6 14 3 7 14 2 
 --- Bot used 47 milliseconds ---
-----------------------------------------------------------------------------
 --- Frame #60 ---
7 14 1 5 16 1 6 14 2 6 15 0 5 15 1 7 15 0 
 --- Bot used 32 milliseconds ---
-----------------------------------------------------------------------------
 --- Frame #61 ---
6 14 4 6 15 4 7 14 2 7 15 4 5 15 0 5 16 0 
 --- Bot used 25 milliseconds ---
-----------------------------------------------------------------------------
 --- Frame #62 ---
7 14 0 6 15 1 7 15 2 5 15 0 5 16 4 6 14 0 
 --- Bot used 24 milliseconds ---
-----------------------------------------------------------------------------
 --- Frame #63 ---
6 14 1 5 16 2 7 14 0 7 15 3 5 15 4 6 15 1 
 --- Bot used 25 milliseconds ---
-----------------------------------------------------------------------------
 --- Frame #64 ---
4 15 4 6 14 2 5 16 4 5 15 2 7 14 0 7 15 2 6 15 1 
 --- Bot used 30 milliseconds ---
-----------------------------------------------------------------------------
 --- Frame #65 ---
6 15 0 7 15 1 5 15 2 7 14 3 5 16 3 4 15 0 6 14 2 
 --- Bot used 35 milliseconds ---
-----------------------------------------------------------------------------
 --- Frame #66 ---
5 16 4 7 14 1 7 15 2 4 15 2 6 14 4 6 15 2 5 15 0 
 --- Bot used 25 milliseconds ---
-----------------------------------------------------------------------------
 --- Frame #67 ---
7 14 3 6 14 1 5 15 1 7 15 1 5 16 1 6 15 1 4 15 0 
 --- Bot used 29 milliseconds ---
-----------------------------------------------------------------------------
 --- Frame #68 ---
5 16 3 4 15 2 7 15 1 6 15 1 7 14 3 5 15 0 6 14 4 
 --- Bot used 31 milliseconds ---
-----------------------------------------------------------------------------
 --- Frame #69 ---
7 14 0 6 14 4 5 16 4 5 15 2 7 15 2 6 15 1 4 15 0 
 --- Bot used 30 milliseconds ---
-----------------------------------------------------------------------------
 --- Frame #70 ---
7 15 3 7 14 4 6 15 4 5 16 4 5 15 4 4 15 0 6 14 1 
 --- Bot used 24 milliseconds ---
-----------------------------------------------------------------------------
 --- Frame #71 ---
7 14 2 6 14 0 5 16 1 5 15 1 7 15 1 6 15 3 4 15 0 
 --- Bot used 25 milliseconds ---
-----------------------------------------------------------------------------
 --- Frame #72 ---
5 15 4 7 14 3 5 14 1 4 15 3 6 14 3 6 15 3 5 16 0 7 15 1 
 --- Bot used 29 milliseconds ---
-----------------------------------------------------------------------------
 --- Frame #73 ---
5 16 3 7 14 1 6 15 3 7 15 2 5 15 3 6 14 0 4 16 0 4 15 4 5 14 1 
 --- Bot used 40 milliseconds ---
-----------------------------------------------------------------------------
 --- Frame #74 ---
7 14 2 5 16 3 6 14 3 6 15 2 4 16 3 5 15 1 5 14 1 6 16 4 4 15 0 7 15 3 
 --- Bot used 28 milliseconds ---
-----------------------------------------------------------------------------
 --- Frame #75 ---
5 14 2 7 14 0 6 16 3 5 16 3 5 15 0 6 14 0 4 16 3 7 15 4 6 15 0 4 15 0 
 --- Bot used 31 milliseconds ---
-----------------------------------------------------------------------------
 --- Frame #76 ---
5 16 1 7 15 2 4 16 2 6 16 1 5 15 2 6 15 3 7 14 2 6 14 3 5 14 4 4 15 1 
 --- Bot used 37 milliseconds ---
-----------------------------------------------------------------------------
 --- Frame #77 ---
6 16 2 6 14 0 7 14 4 5 14 3 5 16 3 4 16 4 7 15 2 6 15 4 4 15 3 5 15 1 
 --- Bot used 29 milliseconds ---
-----------------------------------------------------------------------------
 --- Frame #78 ---
5 16 3 7 16 1 4 15 1 6 16 1 6 15 4 5 15 4 4 16 0 7 14 0 5 14 1 6 14 3 7 15 4 
 --- Bot used 28 milliseconds ---
-----------------------------------------------------------------------------
 --- Frame #79 ---
5 14 3 7 16 3 7 15 2 7 14 0 5 16 3 4 16 4 6 16 0 5 15 0 6 14 0 4 15 1 6 15 2 
 --- Bot used 33 milliseconds ---
-----------------------------------------------------------------------------
 --- Frame #80 ---
6 14 2 6 16 3 5 16 1 4 15 1 7 14 2 7 16 0 5 14 1 4 16 0 7 15 3 6 15 2 5 15 1 4 14 3 
 --- Bot used 54 milliseconds ---
-----------------------------------------------------------------------------
 --- Frame #81 ---
7 15 2 5 16 2 4 15 4 6 15 1 6 14 2 7 16 0 5 15 2 6 16 3 4 16 2 7 14 0 4 14 1 5 14 4 
 --- Bot used 28 milliseconds ---
-----------------------------------------------------------------------------
 --- Frame #82 ---
6 14 0 7 16 1 4 16 4 7 14 1 5 15 3 7 15 2 5 16 4 5 14 0 6 16 1 6 15 2 4 14 2 4 15 0 
 --- Bot used 32 milliseconds ---
-----------------------------------------------------------------------------
 --- Frame #83 ---
6 14 4 4 15 2 5 16 3 4 16 1 4 14 0 6 16 0 7 16 3 5 14 0 7 15 1 6 15 0 7 14 2 5 15 0 
 --- Bot used 54 milliseconds ---
-----------------------------------------------------------------------------
 --- Frame #84 ---
6 15 2 6 16 4 7 14 1 6 14 3 4 16 0 4 15 0 7 16 0 5 16 2 5 15 1 7 15 3 4 14 3 5 14 3 
 --- Bot used 55 milliseconds ---
-----------------------------------------------------------------------------
 --- Frame #85 ---
5 15 0 7 14 2 6 16 1 5 14 3 7 15 1 6 14 0 4 15 0 4 16 0 6 15 4 7 16 1 5 16 3 4 14 2 
 --- Bot used 40 milliseconds ---
-----------------------------------------------------------------------------
 --- Frame #86 ---
5 14 3 5 17 0 7 16 1 6 16 2 7 15 0 4 16 3 5 16 3 5 15 0 4 15 0 6 15 4 6 14 0 7 14 1 4 14 4 
 --- Bot used 30 milliseconds ---
-----------------------------------------------------------------------------
 --- Frame #87 ---
7 15 1 5 16 3 4 16 0 6 15 1 7 16 0 6 14 1 5 15 0 4 14 0 7 14 0 5 17 4 4 17 1 6 16 0 5 14 0 4 15 4 
 --- Bot used 34 milliseconds ---
-----------------------------------------------------------------------------
 --- Frame #88 ---
7 14 3 6 14 4 3 15 4 6 16 2 5 16 0 5 14 4 6 15 2 5 17 4 4 16 0 4 17 3 7 16 2 7 15 0 5 15 0 4 14 0 4 15 0 
 --- Bot used 53 milliseconds ---
-----------------------------------------------------------------------------
 --- Frame #89 ---
6 16 3 3 15 4 4 17 4 4 14 3 7 16 2 5 17 4 4 15 3 7 14 2 7 15 2 6 14 4 5 16 0 4 16 4 5 14 4 6 15 3 5 15 2 
 --- Bot used 51 milliseconds ---
-----------------------------------------------------------------------------
 --- Frame #90 ---
5 15 4 8 15 4 7 15 2 7 14 1 6 14 2 5 14 3 3 15 1 6 16 1 4 16 4 6 15 0 4 14 4 7 16 2 5 17 0 5 16 4 4 15 4 4 17 1 
 --- Bot used 40 milliseconds ---
-----------------------------------------------------------------------------
 --- Frame #91 ---
7 16 2 3 15 1 5 14 4 7 15 1 6 15 2 5 15 0 4 17 2 4 15 0 4 16 0 4 14 4 7 14 2 8 15 1 5 17 0 6 14 0 6 16 4 5 16 0 
 --- Bot used 37 milliseconds ---
-----------------------------------------------------------------------------
 --- Frame #92 ---
7 14 2 6 15 0 5 17 3 5 14 3 4 17 4 6 16 4 3 15 4 3 14 0 7 15 3 7 16 0 4 16 1 8 15 4 4 14 0 4 15 0 6 14 0 5 16 2 5 15 2 
 --- Bot used 32 milliseconds ---
-----------------------------------------------------------------------------
 --- Frame #93 ---
7 14 3 5 15 2 7 16 1 5 16 1 5 14 3 3 15 3 6 16 2 4 14 4 6 14 0 5 17 1 4 17 0 6 15 2 4 16 1 4 15 0 7 15 2 8 15 1 3 14 0 
 --- Bot used 41 milliseconds ---
-----------------------------------------------------------------------------
 --- Frame #94 ---
8 15 1 3 14 3 6 14 0 5 14 0 3 15 1 7 15 4 4 16 3 4 15 0 5 15 4 4 17 4 6 15 1 6 16 0 4 14 1 7 14 3 7 16 2 5 16 1 5 17 1 
 --- Bot used 37 milliseconds ---
-----------------------------------------------------------------------------
 --- Frame #95 ---
5 17 1 6 15 1 6 16 1 5 15 3 7 16 4 4 15 1 5 16 0 3 14 3 8 15 4 4 14 0 7 15 4 4 16 2 7 14 4 4 17 3 6 14 3 5 14 4 3 15 3 
 --- Bot used 32 milliseconds ---
-----------------------------------------------------------------------------
 --- Frame #96 ---
3 14 2 3 16 1 4 16 2 4 14 2 5 16 4 3 15 1 6 16 4 5 14 2 5 15 4 7 16 3 6 14 0 4 17 0 7 14 1 6 15 1 4 15 0 7 15 1 8 15 0 5 17 2 
 --- Bot used 48 milliseconds ---
-----------------------------------------------------------------------------
 --- Frame #97 ---
5 15 0 4 14 1 4 17 0 7 14 1 6 14 1 5 14 3 3 15 3 6 16 1 7 15 2 5 16 2 4 15 2 3 16 4 7 16 2 8 15 1 3 14 3 4 16 4 6 15 0 5 17 2 
 --- Bot used 36 milliseconds ---
-----------------------------------------------------------------------------
 --- Frame #98 ---
3 15 2 6 13 4 6 16 4 7 15 0 4 16 4 5 16 1 5 15 2 3 14 2 5 14 0 6 15 1 5 17 4 4 14 1 3 16 3 8 15 2 6 14 4 7 14 3 7 16 2 4 17 3 4 15 4 
 --- Bot used 37 milliseconds ---
-----------------------------------------------------------------------------
 --- Frame #99 ---
4 17 1 6 14 4 5 15 4 8 15 2 5 16 3 3 17 2 7 16 3 7 14 2 5 17 0 6 16 2 5 13 2 7 15 4 3 16 4 4 15 2 6 13 3 4 16 1 6 15 0 5 14 4 4 14 4 3 14 1 3 15 2 
 --- Bot used 54 milliseconds ---
-----------------------------------------------------------------------------
 --- Frame #100 ---
6 15 0 5 15 1 4 15 4 7 14 1 6 14 4 5 14 0 4 14 3 5 16 2 7 15 4 7 16 0 3 16 2 5 17 2 6 16 4 4 17 0 6 13 0 5 13 4 8 15 0 3 17 0 3 14 0 4 16 2 3 15 1 
 --- Bot used 58 milliseconds ---
-----------------------------------------------------------------------------
 --- Frame #101 ---
4 17 3 5 15 3 5 14 0 6 14 3 7 16 2 5 17 4 6 15 0 4 16 1 7 15 3 3 17 1 6 13 2 5 13 2 3 16 3 4 14 0 3 15 3 8 15 3 3 14 2 5 16 3 6 16 3 4 15 2 7 14 3 
 --- Bot used 84 milliseconds ---
-----------------------------------------------------------------------------
 --- Frame #102 ---
3 15 3 5 14 0 6 15 2 3 14 4 7 16 2 6 14 1 7 13 3 7 14 2 5 15 1 4 17 1 6 16 1 8 15 1 4 15 1 3 17 3 6 13 3 5 17 3 4 16 1 5 13 2 7 15 2 5 16 4 4 14 0 3 16 3 
 --- Bot used 61 milliseconds ---
-----------------------------------------------------------------------------
 --- Frame #103 ---
7 14 3 7 13 3 3 15 0 5 17 3 4 17 1 5 16 2 3 16 4 8 15 4 3 17 0 5 13 2 4 14 4 4 16 2 4 15 0 6 14 4 5 14 3 6 15 4 5 15 4 6 16 3 7 16 0 3 14 0 7 15 4 6 13 1 
 --- Bot used 51 milliseconds ---
-----------------------------------------------------------------------------
 --- Frame #104 ---
7 16 2 7 13 3 7 15 4 5 17 1 4 14 1 4 16 1 5 15 0 7 14 4 6 14 0 4 17 4 5 14 4 5 16 3 5 13 2 3 17 1 6 13 0 6 16 3 3 15 0 3 14 4 8 15 3 6 15 3 3 16 2 4 15 2 
 --- Bot used 36 milliseconds ---
-----------------------------------------------------------------------------
 --- Frame #105 ---
5 14 1 7 14 0 5 17 1 4 17 0 3 17 3 8 16 4 6 16 4 5 16 2 4 16 3 3 16 3 4 15 3 7 15 1 2 14 4 3 15 1 5 13 2 6 13 4 4 14 2 7 16 2 7 13 0 8 15 0 6 15 0 3 14 2 5 15 4 6 14 3 
 --- Bot used 41 milliseconds ---
-----------------------------------------------------------------------------
 --- Frame #106 ---
8 15 0 5 15 1 3 16 2 4 15 2 5 17 1 7 14 3 6 15 0 6 14 4 4 16 0 5 14 4 8 16 3 3 17 3 5 16 4 7 16 0 3 14 0 2 14 1 7 13 3 3 15 3 6 13 3 6 16 0 4 14 3 7 15 4 4 17 2 5 13 1 
 --- Bot used 49 milliseconds ---
-----------------------------------------------------------------------------
 --- Frame #107 ---
6 13 3 7 14 3 7 16 2 8 15 0 6 14 4 5 15 3 3 16 1 4 15 0 3 14 3 4 17 2 4 14 0 6 16 3 5 17 3 5 13 2 3 15 2 7 13 0 6 15 1 3 17 0 8 16 0 2 14 4 5 16 4 7 15 2 4 16 4 5 14 3 
 --- Bot used 41 milliseconds ---
-----------------------------------------------------------------------------
 --- Frame #108 ---
6 13 4 3 16 0 7 14 1 3 14 2 4 17 3 5 13 2 3 15 1 8 15 1 6 17 3 7 13 2 8 16 4 5 15 1 5 16 2 5 14 2 7 15 4 7 16 3 6 16 4 4 16 2 2 14 0 3 17 0 6 14 2 4 15 2 5 17 0 4 14 3 6 15 0 
 --- Bot used 46 milliseconds ---
-----------------------------------------------------------------------------
 --- Frame #109 ---
8 14 4 4 14 1 6 16 1 5 16 1 3 14 1 3 16 4 7 13 0 4 17 2 7 16 4 6 15 4 6 17 3 5 13 0 3 17 2 4 15 4 3 15 3 7 14 4 4 16 1 8 15 4 7 15 0 2 14 3 8 16 4 6 14 4 5 15 1 5 17 1 5 14 1 6 13 2 
 --- Bot used 74 milliseconds ---
-----------------------------------------------------------------------------
 --- Frame #110 ---
5 17 1 6 16 0 2 15 2 8 15 3 2 14 1 6 14 2 3 15 1 7 13 3 7 14 1 5 13 4 8 16 0 3 14 2 6 13 3 2 16 0 3 17 2 3 16 4 7 16 3 5 16 2 4 16 1 7 15 3 6 15 2 5 15 1 4 15 0 4 14 4 8 14 1 4 17 4 5 14 1 6 17 3 
 --- Bot used 46 milliseconds ---
-----------------------------------------------------------------------------
 --- Frame #111 ---
5 17 3 7 13 2 5 16 2 2 14 2 8 15 3 7 15 0 6 17 2 6 16 3 8 16 2 4 14 0 4 16 1 6 13 0 3 14 4 2 16 3 7 16 3 4 17 4 5 13 2 6 15 4 5 15 1 3 16 4 4 15 4 3 15 0 2 15 3 8 14 2 3 17 3 7 14 0 6 14 4 5 14 3 
 --- Bot used 50 milliseconds ---
-----------------------------------------------------------------------------
 --- Frame #112 ---
7 14 2 3 16 0 8 14 4 2 15 3 4 16 1 2 17 4 6 13 1 3 15 1 2 16 4 4 15 4 7 13 4 5 15 1 2 14 4 3 14 3 4 14 3 5 14 4 5 16 0 6 16 2 7 16 0 8 16 0 5 13 0 3 17 3 4 17 3 6 15 1 5 17 3 7 15 4 6 17 4 8 15 1 6 14 0 
 --- Bot used 41 milliseconds ---
-----------------------------------------------------------------------------
 --- Frame #113 ---
8 15 0 5 15 3 2 17 1 5 17 2 4 15 1 8 16 1 3 15 2 2 14 3 8 14 3 7 14 0 6 14 4 6 16 0 5 14 1 4 17 0 3 14 3 2 16 2 6 13 4 3 16 1 1 17 2 4 16 0 5 16 4 3 17 0 2 15 1 7 15 3 7 13 0 6 15 3 7 16 4 4 14 4 6 17 0 5 13 0 
 --- Bot used 47 milliseconds ---
-----------------------------------------------------------------------------
 --- Frame #114 ---
8 15 4 2 17 4 7 15 4 5 17 3 6 15 4 5 15 1 4 15 4 3 15 3 6 17 2 8 14 0 7 14 4 6 14 4 5 14 1 4 14 3 4 17 0 7 16 4 3 14 2 2 14 1 6 16 3 3 17 2 7 13 4 2 16 1 6 13 2 2 15 0 3 16 4 4 16 4 1 17 2 5 16 1 5 13 1 8 16 2 
 --- Bot used 89 milliseconds ---
-----------------------------------------------------------------------------
 --- Frame #115 ---
2 17 1 4 17 3 5 17 1 8 16 1 2 15 4 5 14 0 8 14 4 8 15 3 7 14 3 6 15 0 6 14 3 1 17 3 3 15 2 6 16 4 5 15 3 5 12 0 3 17 3 7 15 3 6 17 3 7 17 4 5 16 4 4 16 4 2 16 3 3 16 4 4 14 4 3 14 4 2 14 0 7 13 0 6 13 2 7 16 0 5 13 3 4 15 2 
 --- Bot used 60 milliseconds ---
-----------------------------------------------------------------------------
 --- Frame #116 ---
3 16 2 8 15 0 3 17 0 7 15 1 6 16 3 6 15 1 5 15 4 4 16 3 4 15 1 8 16 0 7 16 4 3 15 4 1 17 3 6 18 2 8 14 0 7 14 0 6 14 2 5 14 2 4 14 2 3 14 3 4 17 0 5 17 2 2 14 2 7 13 1 6 13 1 5 13 0 2 15 2 2 16 0 2 17 2 7 17 2 5 16 4 4 18 2 5 12 2 6 17 3 
 --- Bot used 45 milliseconds ---
-----------------------------------------------------------------------------
 --- Frame #117 ---
5 14 2 2 15 0 3 17 1 2 17 3 1 17 0 8 16 2 5 18 3 3 14 3 2 14 4 4 18 3 7 17 0 6 17 3 6 13 3 6 16 2 5 16 3 4 14 3 4 16 0 3 16 3 7 16 2 5 12 0 7 14 3 7 15 1 2 16 3 7 13 4 5 13 3 3 15 1 5 17 2 8 15 4 6 14 4 8 14 1 4 17 1 6 15 4 7 18 0 6 18 1 5 15 2 4 15 0 
 --- Bot used 52 milliseconds ---
-----------------------------------------------------------------------------
 --- Frame #118 ---
6 18 1 5 18 4 5 16 0 4 16 4 3 16 1 8 15 0 7 15 1 6 15 0 5 15 0 4 15 4 6 16 4 3 15 0 4 18 1 8 14 4 7 18 1 2 17 2 3 17 0 6 17 4 7 14 1 7 17 0 6 14 1 5 14 2 4 14 1 1 17 0 3 14 0 2 14 4 7 13 3 6 13 2 5 13 4 2 15 4 2 16 4 7 16 2 5 17 0 8 16 3 4 17 4 5 12 2 
 --- Bot used 57 milliseconds ---
-----------------------------------------------------------------------------
 --- Frame #119 ---
7 17 0 6 17 2 5 17 0 4 17 2 5 14 1 3 17 0 2 17 2 4 14 0 7 13 1 8 16 2 7 16 1 6 16 3 5 16 3 4 16 0 3 16 2 8 15 2 2 16 2 6 13 0 7 14 0 6 12 4 6 14 0 5 12 1 5 13 3 3 15 3 1 17 1 7 18 4 3 14 4 2 14 2 6 18 2 8 14 1 7 15 4 5 18 1 6 15 1 5 15 0 4 15 4 4 18 0 2 15 1 
 --- Bot used 50 milliseconds ---
-----------------------------------------------------------------------------
 --- Frame #120 ---
3 17 3 8 16 1 7 16 2 6 16 3 5 16 0 4 16 0 3 16 4 5 17 3 1 17 4 8 15 1 7 15 4 6 15 1 7 18 2 5 15 2 4 15 2 6 13 3 8 14 0 7 14 1 6 14 1 5 14 2 4 14 3 3 14 4 2 14 0 7 13 2 5 13 1 5 12 2 2 16 4 6 12 0 2 15 2 6 18 2 5 18 4 2 17 3 9 16 0 4 18 1 3 15 3 7 17 3 4 17 0 6 17 1 
 --- Bot used 102 milliseconds ---
-----------------------------------------------------------------------------
 --- Frame #121 ---
4 17 0 8 16 4 4 18 1 3 17 3 6 16 1 5 16 2 4 16 1 6 17 0 3 16 1 8 14 3 8 15 4 7 15 3 7 18 2 6 15 1 5 15 4 6 18 1 4 15 3 3 15 3 3 18 4 1 17 4 7 14 2 6 14 2 5 14 2 4 14 0 3 14 4 2 14 0 2 17 0 7 13 2 6 13 0 5 13 0 2 16 2 6 12 0 2 15 2 7 16 1 5 17 0 7 17 1 9 16 3 5 12 0 5 18 2 
 --- Bot used 64 milliseconds ---
-----------------------------------------------------------------------------
 --- Frame #122 ---
9 16 1 8 16 1 7 16 2 6 16 0 5 16 0 4 16 1 3 16 0 5 13 0 8 15 1 7 15 3 6 15 0 5 15 4 4 15 0 6 18 0 3 15 1 9 17 4 7 18 3 8 14 2 4 18 0 7 17 4 6 13 3 6 14 2 5 14 2 4 14 4 3 14 2 3 18 1 2 14 4 7 13 3 6 17 0 3 17 1 2 17 2 5 17 2 4 17 2 5 18 3 7 14 4 1 17 4 2 16 1 6 12 0 2 15 4 8 18 4 5 12 0 
 --- Bot used 84 milliseconds ---
-----------------------------------------------------------------------------
 --- Frame #123 ---
8 18 3 6 13 2 9 17 3 5 13 1 6 12 0 8 17 1 7 17 3 5 12 3 6 17 2 5 17 2 7 18 4 4 17 0 6 18 3 3 17 1 5 18 2 3 14 4 2 17 2 2 16 0 2 14 0 6 14 4 9 16 1 8 15 2 8 16 2 7 15 3 7 16 3 2 15 2 6 15 4 6 16 2 5 15 0 5 16 1 5 14 0 3 15 1 4 16 2 4 14 4 3 18 3 3 16 2 7 14 0 8 14 2 1 17 1 4 18 1 4 15 2 7 13 2 
 --- Bot used 68 milliseconds ---
-----------------------------------------------------------------------------
 --- Frame #124 ---
2 17 0 9 16 2 8 16 3 7 16 2 6 16 3 5 16 2 7 18 2 8 18 4 4 16 3 3 16 1 6 14 0 8 15 2 7 15 0 6 15 1 5 15 3 4 15 1 3 15 3 3 18 2 6 17 1 8 14 4 7 14 1 1 17 4 5 14 0 4 14 1 3 14 0 2 14 1 7 13 2 6 13 0 5 13 4 2 16 4 6 12 4 2 15 1 3 17 2 5 17 4 5 18 1 5 12 2 4 18 1 6 19 3 9 17 3 6 18 4 8 17 2 4 17 4 7 17 4 
 --- Bot used 50 milliseconds ---
-----------------------------------------------------------------------------
 --- Frame #125 ---
2 17 0 9 16 4 7 16 0 5 16 0 4 16 3 1 17 1 4 18 1 7 15 4 6 15 4 4 15 0 3 18 0 5 18 3 6 14 2 5 14 1 5 17 0 9 17 0 6 17 2 6 13 3 8 18 0 8 17 3 5 12 2 7 18 0 6 18 2 6 19 2 3 17 3 8 16 0 6 16 1 3 16 4 7 17 1 8 15 2 4 17 2 5 15 4 3 15 1 8 14 3 4 14 0 3 14 0 2 14 3 7 13 3 5 13 3 2 15 2 6 12 4 4 13 1 7 14 0 2 16 1 
 --- Bot used 61 milliseconds ---
-----------------------------------------------------------------------------
 --- Frame #126 ---
2 15 3 2 17 3 5 13 2 6 12 4 6 14 0 7 18 4 8 18 0 6 17 3 3 18 0 7 14 0 6 15 1 4 15 2 3 14 2 7 15 2 4 16 3 2 16 0 7 13 1 5 17 1 8 16 4 3 17 0 8 17 0 3 16 0 6 13 0 5 18 0 1 17 1 5 15 3 4 13 0 4 17 4 6 18 0 6 19 1 3 15 3 9 16 3 7 17 1 8 15 1 8 14 3 4 14 3 2 14 4 5 12 2 9 17 1 5 16 3 5 14 0 7 16 0 4 18 2 6 16 3 
 --- Bot used 54 milliseconds ---
-----------------------------------------------------------------------------
 --- Frame #127 ---
6 13 0 7 16 2 6 12 4 4 16 3 6 18 2 3 16 1 2 14 2 5 15 4 5 18 4 4 13 2 3 14 1 5 12 3 5 14 0 9 16 2 9 17 4 6 14 2 8 18 0 8 14 3 6 17 1 5 13 0 6 19 0 4 14 0 8 17 1 4 18 4 2 17 0 8 15 3 5 16 3 8 16 3 7 14 4 6 15 1 4 15 3 7 15 4 3 17 3 2 16 1 7 17 3 4 17 0 3 15 2 3 18 1 6 16 3 5 17 0 1 17 2 7 13 4 7 18 3 2 15 2 
 --- Bot used 59 milliseconds ---
-----------------------------------------------------------------------------
 --- Frame #128 ---
6 17 1 5 17 2 4 17 2 3 17 2 2 17 3 9 16 0 8 16 1 7 16 4 6 16 3 7 17 4 5 16 1 4 16 0 3 16 2 1 17 4 8 15 3 7 15 4 6 15 1 5 15 0 4 15 4 3 15 4 3 18 4 8 14 0 7 18 1 7 14 4 4 18 4 6 14 2 5 14 0 4 14 3 3 14 3 2 14 1 7 13 1 6 13 4 5 13 1 2 16 2 2 15 3 8 17 4 6 12 1 9 17 2 4 13 3 5 12 4 8 18 0 6 18 1 5 18 0 6 19 3 
 --- Bot used 56 milliseconds ---
-----------------------------------------------------------------------------
 --- Frame #129 ---
7 15 3 9 16 4 6 16 3 4 17 1 7 18 4 4 14 1 5 17 3 8 14 0 6 15 1 3 18 4 5 13 0 2 15 0 4 16 0 4 13 3 9 17 0 6 13 4 3 16 4 7 13 3 3 17 0 6 14 2 4 15 1 2 14 2 7 16 0 8 17 4 6 12 1 5 14 3 5 12 0 6 19 2 6 18 3 1 17 0 8 16 1 5 15 1 6 17 2 3 14 0 4 18 0 2 16 3 7 17 4 5 16 2 5 18 4 2 17 1 8 15 1 3 15 1 8 18 2 7 14 0 
 --- Bot used 56 milliseconds ---
-----------------------------------------------------------------------------
 --- Frame #130 ---
6 17 2 9 17 1 6 19 2 5 17 0 4 17 0 3 17 3 2 17 4 9 16 4 8 16 3 6 18 0 7 16 2 6 16 3 5 16 2 7 17 3 4 16 1 4 18 1 3 16 1 1 17 0 8 15 3 7 15 0 6 15 2 5 15 2 4 15 1 3 15 3 3 18 2 8 14 0 7 14 3 6 14 1 5 14 1 4 14 3 3 14 0 2 14 3 7 13 1 6 13 4 5 13 3 2 16 0 2 15 4 6 12 4 5 18 0 4 13 0 8 17 3 8 18 0 7 18 3 5 12 1 
 --- Bot used 57 milliseconds ---
-----------------------------------------------------------------------------
 --- Frame #131 ---
8 16 4 2 14 0 6 15 3 6 18 1 4 18 0 3 18 4 5 12 1 7 17 3 5 17 4 4 17 4 7 13 1 4 14 3 4 16 4 8 15 4 3 16 1 5 11 1 9 16 0 8 14 0 5 13 4 4 13 2 5 14 0 6 12 0 2 17 2 8 18 0 7 18 0 5 18 3 6 19 0 9 17 4 6 17 3 3 17 4 8 17 1 7 15 4 3 15 0 7 14 1 6 14 3 7 16 2 1 17 0 5 15 2 6 16 2 3 14 0 4 15 4 2 15 0 6 13 2 2 16 3 5 16 0 
 --- Bot used 51 milliseconds ---
-----------------------------------------------------------------------------
 --- Frame #132 ---
9 16 2 8 16 0 6 19 1 7 16 0 6 17 3 6 16 0 5 16 1 7 17 4 4 16 0 8 17 3 3 16 4 8 18 0 1 17 4 5 19 0 8 15 4 7 15 1 6 15 4 5 15 2 5 17 2 4 15 3 3 15 2 3 18 1 8 14 0 7 14 4 6 18 4 6 14 2 4 18 1 5 14 2 4 14 2 3 14 4 2 14 3 7 13 1 6 13 4 5 13 0 2 16 4 2 17 2 6 12 3 5 12 2 4 13 3 2 15 3 5 18 1 3 17 2 9 17 1 4 17 1 5 11 1 7 18 0 
 --- Bot used 72 milliseconds ---
-----------------------------------------------------------------------------
 --- Frame #133 ---
9 16 0 8 16 2 7 16 1 6 16 1 4 18 3 5 16 2 5 18 2 4 16 4 3 16 0 1 17 4 8 15 0 7 15 3 6 15 2 5 15 0 4 15 2 3 15 2 3 18 3 8 14 3 7 14 4 6 14 1 5 14 0 6 18 0 4 14 4 2 17 2 3 14 0 2 14 4 7 13 0 6 13 4 5 13 0 2 16 2 6 12 1 5 17 2 5 12 1 9 17 3 4 13 4 2 15 3 7 18 1 4 17 1 8 18 2 5 19 0 6 19 4 3 17 1 5 11 2 8 17 0 7 17 0 6 17 3 
 --- Bot used 52 milliseconds ---
-----------------------------------------------------------------------------
 --- Frame #134 ---
4 17 3 9 17 4 2 17 0 5 19 0 9 16 2 8 16 2 7 16 2 6 16 3 5 16 1 4 16 2 3 16 3 1 17 0 8 15 3 7 15 3 5 18 0 6 15 3 5 15 3 4 15 0 3 15 0 6 18 0 3 18 1 3 17 0 8 14 3 7 14 2 6 14 0 5 14 3 7 17 2 8 17 4 8 18 0 9 18 1 4 14 0 3 14 3 4 18 4 2 14 3 2 15 2 7 13 2 6 19 3 6 13 2 5 13 0 1 14 3 6 12 2 5 12 4 4 13 2 6 17 3 2 16 0 7 18 3 5 17 1 5 11 0 
 --- Bot used 76 milliseconds ---
-----------------------------------------------------------------------------
 --- Frame #135 ---
6 19 3 6 20 0 2 17 4 5 19 2 9 16 4 8 16 2 8 17 4 7 16 4 6 16 3 7 17 0 5 16 4 4 16 0 3 16 2 1 17 0 8 15 3 7 15 1 6 15 0 5 15 4 4 15 0 3 15 0 2 15 0 1 15 1 8 14 4 7 14 1 6 14 0 5 14 4 4 14 4 3 14 3 2 14 0 2 16 3 4 17 2 7 13 4 6 13 2 5 13 2 5 17 2 1 14 1 6 12 4 5 12 3 4 13 1 3 17 0 3 18 2 9 17 1 4 18 0 5 18 2 6 17 2 6 18 4 7 18 2 8 18 4 5 11 1 9 18 0 
 --- Bot used 55 milliseconds ---
-----------------------------------------------------------------------------
 --- Frame #136 ---
9 18 1 5 19 2 9 16 3 8 16 4 7 16 1 6 16 3 5 16 1 4 16 3 3 16 3 1 17 2 8 15 0 7 15 2 6 15 0 6 20 4 5 15 4 4 15 2 3 15 1 2 15 1 1 15 3 8 14 0 7 14 1 6 14 2 5 14 3 4 14 1 3 14 2 2 14 0 2 16 1 7 13 4 6 13 2 6 19 2 4 17 4 5 13 2 1 14 1 6 17 4 6 12 1 4 13 1 5 11 4 3 18 2 8 17 3 9 17 2 4 18 1 5 18 4 5 12 3 2 17 3 3 17 1 6 18 0 7 17 0 7 18 4 5 17 1 8 18 3 5 10 1 
 --- Bot used 76 milliseconds ---
-----------------------------------------------------------------------------
 --- Frame #137 ---
6 12 3 5 18 1 7 16 3 4 16 3 6 15 2 5 15 1 1 15 3 5 12 1 2 16 1 7 13 3 6 16 0 5 10 1 6 14 2 7 14 2 5 11 0 9 16 2 6 18 4 3 18 0 6 20 3 3 17 2 4 17 0 5 17 0 8 18 4 7 18 3 5 19 2 6 17 1 5 14 1 8 15 0 3 15 3 9 18 2 2 14 2 2 17 4 3 16 1 8 14 0 4 15 3 8 17 3 6 13 2 5 13 4 9 17 0 6 19 3 4 18 1 7 17 1 5 16 0 4 13 4 1 14 0 1 17 2 3 14 1 7 15 1 4 14 4 8 16 0 2 15 1 
 --- Bot used 58 milliseconds ---
-----------------------------------------------------------------------------
 --- Frame #138 ---
7 17 4 6 17 1 5 17 1 4 17 3 3 17 2 2 17 0 5 19 2 9 16 3 8 16 2 7 16 0 6 16 0 5 16 1 4 16 1 3 16 0 1 17 3 8 15 1 7 15 4 6 15 1 5 15 3 4 15 0 3 15 1 2 15 4 1 15 0 8 14 2 7 14 4 6 14 4 5 14 1 4 14 2 3 14 4 2 14 1 2 16 4 7 13 2 6 13 1 8 17 2 5 13 2 4 13 3 3 13 3 6 12 4 3 18 3 5 11 0 6 18 4 1 14 0 4 18 2 5 12 4 7 18 0 8 18 0 9 18 0 6 20 1 6 19 3 5 18 2 9 17 2 5 10 2 
 --- Bot used 67 milliseconds ---
-----------------------------------------------------------------------------
 --- Frame #139 ---
9 17 3 8 17 0 7 17 0 6 17 3 5 17 3 4 17 1 3 17 1 2 17 0 9 16 0 8 16 0 7 16 1 4 18 3 6 16 3 5 16 1 4 16 2 3 16 0 1 17 3 8 15 1 5 18 3 7 15 2 6 15 0 5 15 4 4 15 0 3 15 1 2 15 0 5 10 0 1 15 2 8 14 0 7 14 4 6 14 3 5 14 1 6 19 3 4 14 1 3 14 0 2 14 4 2 16 4 7 13 4 6 13 4 5 13 0 4 13 2 3 13 3 6 12 1 5 19 3 5 11 3 1 14 0 6 18 3 5 12 4 3 18 1 7 18 0 8 18 0 9 18 2 10 17 1 6 20 0 
 --- Bot used 94 milliseconds ---
-----------------------------------------------------------------------------
 --- Frame #140 ---
7 17 4 6 17 1 5 17 2 4 17 3 3 17 3 2 17 3 1 17 4 6 19 3 10 16 0 7 18 2 9 16 2 8 16 4 7 16 0 9 17 3 6 16 2 5 16 2 4 16 2 4 18 0 3 16 0 8 15 0 10 17 2 7 15 3 6 15 3 5 15 3 4 15 3 3 15 2 2 15 4 1 15 4 8 14 1 7 14 2 6 14 0 5 14 2 4 14 1 3 14 0 2 14 2 2 16 3 5 18 3 7 13 4 6 13 3 5 19 4 5 13 1 9 18 4 4 19 4 4 13 1 3 13 1 6 18 2 6 12 3 6 20 2 8 18 0 5 11 1 1 14 1 5 12 2 8 17 0 5 10 0 3 18 4 
 --- Bot used 65 milliseconds ---
-----------------------------------------------------------------------------
 --- Frame #141 ---
3 18 1 7 17 1 6 17 0 5 17 3 4 17 1 3 17 2 2 17 4 1 17 3 10 16 1 9 16 1 8 16 4 7 16 4 6 16 3 5 16 4 4 16 0 3 16 4 3 19 1 8 15 4 7 15 2 6 15 3 5 15 1 5 19 2 4 15 3 3 15 1 2 15 1 1 15 0 8 14 4 7 14 4 6 14 1 9 17 3 8 17 1 6 19 1 5 10 1 5 14 0 4 14 2 3 14 3 2 14 0 1 14 2 8 13 1 7 13 1 10 17 1 6 13 0 5 13 4 4 13 3 3 13 4 4 18 4 5 18 1 6 18 4 6 12 1 2 16 3 7 18 0 8 18 3 5 11 3 9 18 3 5 12 2 6 20 3 4 19 1 
 --- Bot used 74 milliseconds ---
-----------------------------------------------------------------------------
 --- Frame #142 ---
4 17 4 5 12 4 3 19 3 9 16 4 4 18 1 3 14 3 3 15 0 8 13 3 1 14 1 8 15 4 2 14 4 3 18 2 7 15 4 6 15 4 9 18 0 5 15 0 5 13 0 3 17 4 4 15 1 6 19 3 8 16 1 5 10 0 5 11 2 5 14 1 4 16 3 1 17 3 4 14 2 6 20 2 8 14 3 4 19 1 3 13 3 5 19 3 10 16 1 8 17 3 3 16 1 6 16 2 5 16 2 7 17 3 7 14 4 10 17 1 1 15 2 6 18 3 2 17 2 2 16 0 7 16 3 4 13 4 6 12 0 6 17 3 2 15 2 7 18 2 5 17 3 8 18 3 9 17 0 7 13 4 5 18 4 6 13 3 6 14 2 
 --- Bot used 63 milliseconds ---
-----------------------------------------------------------------------------
 --- Frame #143 ---
3 17 4 2 17 2 3 16 3 6 13 4 3 18 3 10 17 0 7 13 4 5 15 1 7 14 0 1 17 4 6 15 1 7 18 1 5 16 2 5 18 3 8 18 2 7 16 4 2 15 3 6 16 1 5 11 2 2 16 4 5 12 1 3 14 0 9 18 0 6 17 2 5 17 0 1 14 2 4 13 3 3 13 1 5 14 3 2 14 0 6 12 2 8 14 1 3 19 2 6 19 1 4 14 4 5 19 3 1 15 4 8 17 3 6 14 2 10 16 2 9 16 2 8 16 1 6 18 0 5 10 3 4 17 4 3 15 0 4 15 3 7 15 0 8 13 4 5 13 3 4 18 4 7 17 3 8 15 1 4 19 1 6 20 1 9 17 3 4 16 3 
 --- Bot used 85 milliseconds ---
-----------------------------------------------------------------------------
 --- Frame #144 ---
4 18 4 8 18 4 9 18 1 6 20 0 3 18 1 10 17 1 9 17 2 8 17 0 7 17 3 6 17 1 5 17 4 4 17 1 3 17 0 2 17 2 1 17 1 10 16 0 9 16 4 8 16 4 7 16 0 6 16 1 5 16 4 4 16 4 3 16 4 3 19 2 8 15 2 7 15 4 6 15 2 5 15 1 6 19 0 5 18 2 4 15 4 3 15 1 2 15 3 1 15 1 4 19 0 8 14 1 7 14 3 6 14 4 7 18 0 5 14 0 5 19 2 4 14 4 3 14 3 2 14 3 1 14 2 8 13 2 7 13 4 6 13 2 5 13 3 4 13 1 3 13 4 6 12 2 2 16 0 5 11 0 5 12 2 5 10 3 6 18 1 
 --- Bot used 58 milliseconds ---
-----------------------------------------------------------------------------
 --- Frame #145 ---
9 18 4 5 19 0 8 18 3 7 18 2 6 18 0 5 18 4 4 18 0 3 18 2 10 17 2 9 17 1 4 19 3 8 17 3 7 17 0 6 17 3 5 17 3 4 17 2 4 14 1 1 14 1 5 10 1 7 13 2 6 13 2 3 14 1 6 14 3 7 14 4 3 17 0 2 17 3 1 17 1 10 16 3 9 16 1 8 16 0 7 16 0 6 16 2 5 16 0 4 16 2 3 16 0 3 19 3 6 19 0 8 15 1 7 15 3 6 15 4 5 15 0 4 15 2 3 15 4 6 20 1 2 15 1 1 15 3 8 14 2 5 12 2 2 16 1 6 12 3 5 13 1 3 13 1 8 13 1 5 11 4 4 13 4 2 14 2 5 14 3 
 --- Bot used 98 milliseconds ---
-----------------------------------------------------------------------------
 --- Frame #146 ---
9 17 1 8 17 0 7 17 2 6 17 1 5 17 1 4 17 3 3 17 2 2 17 4 1 17 3 5 18 2 10 16 3 4 19 4 9 16 4 8 16 2 7 16 0 6 16 2 5 16 4 4 16 4 3 16 4 3 19 1 8 15 1 6 18 0 7 15 0 4 18 3 6 15 3 5 15 0 4 15 4 3 15 4 7 18 3 2 15 3 1 15 3 8 14 0 7 14 2 6 14 2 8 18 2 5 14 0 9 18 1 10 17 4 6 20 0 6 19 1 3 18 2 4 14 0 3 14 3 2 14 1 1 14 3 8 13 0 7 13 1 6 13 1 5 13 1 4 13 0 5 19 2 3 13 3 6 12 1 2 16 4 5 11 1 5 12 1 5 10 3 
 --- Bot used 90 milliseconds ---
-----------------------------------------------------------------------------
 --- Frame #147 ---
2 15 3 8 18 0 3 19 3 4 13 2 8 14 3 3 14 1 4 17 0 4 14 2 5 15 0 8 17 4 9 16 1 9 17 4 1 15 3 1 17 3 6 15 2 5 10 3 8 13 0 3 18 4 5 12 0 6 18 2 5 16 1 4 16 1 2 17 1 10 16 1 4 15 0 5 17 2 8 16 2 6 12 3 6 17 4 6 13 3 3 16 1 7 13 2 2 16 0 7 18 4 3 15 2 6 16 1 3 13 3 6 20 4 2 14 2 10 17 4 9 18 4 7 16 3 7 15 4 8 15 3 4 18 2 5 19 1 4 19 1 1 14 3 7 14 0 5 11 2 3 17 0 5 14 2 6 19 3 5 13 1 5 18 1 6 14 4 7 17 3 
 --- Bot used 71 milliseconds ---
-----------------------------------------------------------------------------
 --- Frame #148 ---
9 17 1 8 17 2 7 17 4 6 17 2 5 17 3 4 17 3 3 17 0 2 17 4 1 17 0 10 16 4 9 16 4 8 16 0 7 16 4 6 16 4 10 17 1 3 18 0 5 16 3 4 19 2 4 16 4 5 19 0 3 16 2 3 19 0 8 15 4 7 15 4 6 15 0 5 15 0 4 15 3 3 15 2 2 15 1 1 15 4 8 14 1 7 14 3 6 14 0 5 14 1 4 14 2 3 14 3 2 14 4 1 14 1 8 13 4 7 13 2 6 13 1 5 13 1 4 13 1 3 13 1 6 12 0 2 16 3 6 19 1 5 11 2 5 12 0 5 18 0 6 18 0 7 18 4 4 18 0 6 20 4 9 18 2 8 18 4 5 10 3 
 --- Bot used 59 milliseconds ---
-----------------------------------------------------------------------------
 --- Frame #149 ---
3 18 2 10 17 3 9 17 2 8 17 1 7 17 2 6 17 1 5 17 0 4 17 4 3 17 4 2 17 1 1 17 3 10 16 1 9 16 2 8 16 2 7 16 1 6 16 4 5 16 3 4 16 0 3 16 1 3 19 1 8 15 4 7 15 3 3 12 0 6 15 4 5 15 3 4 15 0 3 15 2 2 15 0 1 15 4 8 14 2 7 14 1 6 14 1 5 14 2 4 14 3 3 14 1 2 14 2 1 14 0 5 10 2 8 13 2 7 13 1 6 13 0 5 13 1 4 13 2 3 13 2 6 12 2 2 16 2 5 18 2 7 18 2 8 18 4 9 18 3 6 20 4 4 19 0 5 19 4 6 19 2 5 11 2 4 18 4 5 12 3 6 18 2 
 --- Bot used 78 milliseconds ---
-----------------------------------------------------------------------------
 --- Frame #150 ---
7 17 2 6 19 4 7 18 1 6 17 0 5 17 3 8 18 3 4 17 1 3 17 4 2 17 1 8 17 4 4 18 2 1 17 1 10 16 4 9 16 2 8 16 3 7 16 4 6 16 1 6 20 1 5 16 4 4 16 4 3 16 1 5 18 2 3 19 0 8 15 3 7 15 2 6 15 1 5 15 3 4 15 4 3 15 2 2 15 4 1 15 1 6 18 0 8 14 0 7 14 0 6 14 3 5 14 1 3 18 0 4 14 4 3 14 4 2 14 3 1 14 0 8 13 3 7 13 0 6 13 4 5 13 1 9 17 0 4 13 0 2 16 1 5 19 1 7 12 2 6 12 0 9 18 2 3 13 3 5 11 3 5 12 2 10 17 4 3 12 2 4 19 2 5 10 3 
 --- Bot used 63 milliseconds ---
-----------------------------------------------------------------------------
 --- Frame #151 ---
3 18 1 10 17 1 9 17 2 8 17 3 5 11 3 7 17 3 6 17 0 5 17 3 4 17 4 3 17 0 2 17 0 1 17 3 3 12 1 10 16 1 9 16 4 6 18 1 8 16 4 7 16 3 6 20 0 6 16 2 5 16 1 4 16 3 3 16 4 3 19 0 4 18 1 8 15 4 7 15 4 6 15 0 5 15 2 4 15 3 3 15 1 2 15 3 1 15 4 8 14 4 7 14 0 6 14 4 5 14 3 4 14 3 3 14 2 2 14 4 1 14 3 8 13 2 7 13 4 5 10 1 6 13 0 5 13 3 4 13 1 2 16 3 7 12 1 6 12 1 5 12 1 5 18 3 4 12 2 7 18 3 8 18 1 9 18 3 4 19 1 5 19 3 6 19 1 8 19 1 3 13 0 
 --- Bot used 76 milliseconds ---
-----------------------------------------------------------------------------
 --- Frame #152 ---
3 15 4 2 15 4 4 16 2 4 13 4 3 16 3 2 16 4 3 12 0 4 12 1 7 12 3 6 19 3 2 14 1 5 19 3 8 15 1 9 18 4 9 16 1 7 14 2 3 13 4 8 13 3 5 11 3 5 14 0 5 10 3 4 18 3 6 18 0 7 13 0 7 16 1 3 14 0 6 20 4 7 18 0 8 19 4 1 14 2 5 15 1 6 17 0 3 17 3 6 12 2 8 14 3 5 16 0 1 17 3 1 15 2 10 17 2 3 18 3 9 17 1 5 13 3 7 15 1 4 14 4 4 19 1 8 18 0 2 17 3 4 15 0 7 17 4 5 12 2 10 15 3 6 13 0 10 16 2 6 14 3 6 15 4 8 16 4 6 16 3 5 18 2 8 17 2 4 17 2 5 17 3 3 19 3 
 --- Bot used 66 milliseconds ---
-----------------------------------------------------------------------------
 --- Frame #153 ---
3 14 4 9 17 4 4 14 2 10 17 2 5 14 2 3 18 1 6 14 0 4 18 0 7 14 1 5 18 1 8 14 0 6 18 3 1 15 0 7 18 0 2 15 3 8 18 0 3 15 0 9 18 4 4 15 1 5 19 4 5 15 2 4 19 1 6 15 4 7 15 2 5 10 3 8 15 4 3 19 0 1 16 1 2 16 3 6 20 3 3 16 3 4 16 2 5 16 2 6 16 4 3 12 0 7 16 3 3 13 2 8 16 4 5 11 3 9 16 1 4 12 0 10 16 1 6 19 2 1 17 4 5 12 2 2 17 3 6 12 1 3 17 3 7 12 0 4 17 4 10 15 0 5 17 3 4 13 2 5 20 1 5 13 1 8 19 0 6 13 1 7 13 3 6 17 4 8 13 1 7 17 3 1 14 1 8 17 3 2 14 3 
 --- Bot used 74 milliseconds ---
-----------------------------------------------------------------------------
 --- Frame #154 ---
6 20 3 7 18 0 1 16 0 7 16 4 3 19 0 6 16 4 10 16 1 10 17 1 4 17 1 6 15 4 8 15 3 4 14 3 9 16 0 3 17 1 6 11 2 5 11 2 4 16 4 5 15 4 5 13 0 2 14 3 8 18 2 7 12 2 5 20 1 5 14 1 4 18 4 6 17 1 4 15 3 8 16 1 2 15 3 3 14 1 2 16 2 5 18 4 8 17 3 8 13 2 6 12 2 1 14 1 4 13 4 6 19 3 3 18 4 6 18 1 2 17 3 10 15 4 7 17 2 1 17 4 4 12 4 7 15 1 3 15 3 6 14 1 5 12 1 8 14 3 9 18 0 1 15 4 5 19 0 8 19 4 6 13 0 4 19 1 5 16 4 3 12 1 9 17 0 7 14 3 5 10 0 3 16 0 5 17 0 3 13 3 7 13 0 
 --- Bot used 81 milliseconds ---
-----------------------------------------------------------------------------
 --- Frame #155 ---
4 17 2 6 20 4 8 17 2 6 18 2 8 13 2 5 18 3 8 16 2 9 17 4 4 18 0 5 15 2 1 17 1 6 12 2 8 14 0 10 15 4 2 15 0 10 17 2 5 10 0 3 14 3 2 14 1 3 19 1 1 16 1 7 12 3 7 13 3 5 20 4 8 18 0 3 12 0 4 15 2 3 13 3 8 19 3 7 18 0 6 17 4 2 16 0 1 15 1 4 12 2 3 16 1 5 14 2 3 17 3 7 16 2 6 14 4 6 13 3 7 17 3 4 19 4 7 15 1 9 16 1 10 16 0 9 18 4 6 15 4 6 19 3 2 17 0 5 13 4 3 18 4 5 16 3 7 14 2 6 16 1 8 15 2 1 14 2 6 11 0 5 17 2 5 11 0 4 14 0 5 12 1 5 19 2 4 13 2 3 15 4 4 16 1 
 --- Bot used 68 milliseconds ---
-----------------------------------------------------------------------------
 --- Frame #156 ---
3 18 2 4 18 3 3 17 1 5 13 1 5 10 4 8 16 3 8 14 0 7 12 1 5 12 3 4 14 2 7 16 3 2 14 4 3 15 3 4 16 2 6 20 1 9 18 2 9 16 2 5 19 4 4 13 2 10 15 3 5 11 0 1 16 4 7 17 1 5 20 2 8 13 1 2 16 0 3 16 2 6 12 2 6 15 0 10 16 0 1 15 4 8 15 3 6 11 1 4 12 1 7 18 4 7 15 3 8 18 2 6 19 3 2 17 2 4 15 0 7 13 2 2 15 2 5 14 2 8 17 3 6 14 1 9 17 3 7 14 3 6 18 2 1 14 4 3 12 3 1 17 1 5 15 2 5 17 3 5 16 3 5 18 1 6 16 1 3 13 0 6 17 0 3 19 0 8 19 4 3 14 3 6 13 2 4 17 3 4 19 0 10 17 3 
 --- Bot used 72 milliseconds ---
-----------------------------------------------------------------------------
 --- Frame #157 ---
4 12 1 3 12 1 6 11 2 4 13 2 10 15 2 5 18 0 4 18 0 3 18 1 10 17 2 9 17 4 8 17 2 7 17 1 6 17 2 5 17 4 4 17 2 3 17 1 2 17 2 6 13 3 1 17 2 10 16 4 9 16 1 8 16 3 7 16 2 5 13 3 7 13 3 8 18 3 6 19 3 7 18 0 6 12 2 5 11 4 4 19 1 3 13 3 2 14 4 1 14 1 6 16 3 5 16 1 8 13 1 4 16 1 3 16 2 2 16 2 1 16 4 3 19 2 8 15 0 7 12 3 7 15 1 6 15 3 5 15 0 4 15 4 3 15 1 2 15 4 1 15 3 5 19 4 8 14 0 7 14 3 6 14 0 5 14 3 4 14 4 3 14 1 6 20 3 5 20 1 9 18 1 6 18 0 5 10 0 8 19 0 5 12 2 
 --- Bot used 73 milliseconds ---
-----------------------------------------------------------------------------
 --- Frame #158 ---
4 17 1 1 17 1 7 16 2 10 15 2 6 15 0 5 16 1 1 14 4 8 15 4 4 18 0 9 18 0 8 17 2 7 17 1 8 19 2 4 16 2 3 19 2 4 15 0 9 17 4 8 13 0 6 20 3 6 13 3 2 15 2 7 15 1 5 19 4 2 16 1 5 18 3 5 20 3 3 14 2 6 21 4 5 11 2 6 12 2 3 17 0 4 12 3 6 17 1 3 12 3 5 15 2 6 14 2 3 13 3 4 11 0 8 16 2 6 16 4 3 16 1 2 14 4 7 18 1 8 12 4 1 15 3 10 17 1 9 16 2 4 19 0 8 18 0 6 18 4 3 15 0 4 14 2 2 17 1 7 14 0 4 13 0 5 14 2 5 17 4 5 12 2 7 13 4 5 13 3 3 18 0 5 10 3 6 19 3 8 14 2 6 11 3 10 16 3 1 16 4 7 12 0 
 --- Bot used 89 milliseconds ---
-----------------------------------------------------------------------------
 --- Frame #159 ---
5 12 1 6 20 3 3 18 0 10 17 0 7 15 0 6 15 4 6 21 2 6 13 2 8 18 0 2 17 1 9 16 3 5 16 2 7 18 4 6 18 3 5 17 4 4 17 2 5 11 1 7 13 1 4 12 3 5 15 3 4 15 4 3 15 1 8 13 4 3 19 0 3 13 0 4 11 1 2 16 0 5 18 4 9 17 2 3 16 0 8 19 2 4 14 4 8 17 4 4 18 3 4 16 1 4 13 3 10 16 1 2 15 1 6 14 0 5 14 1 2 14 4 5 13 4 9 18 2 6 19 4 3 14 1 6 12 1 1 17 1 7 17 3 6 17 2 4 19 3 1 15 1 3 17 0 8 14 0 7 14 0 8 16 1 7 16 0 8 12 1 1 16 2 5 10 1 10 15 2 7 12 0 1 14 0 5 20 3 5 19 0 8 15 2 6 11 3 6 16 1 3 12 0 
 --- Bot used 72 milliseconds ---
-----------------------------------------------------------------------------
 --- Frame #160 ---
8 19 2 6 17 1 8 16 4 9 16 3 7 12 0 5 18 4 4 14 4 1 15 1 6 14 3 10 17 2 3 17 3 5 13 0 10 16 4 10 15 3 5 14 0 5 20 2 3 16 0 5 19 2 4 12 3 6 13 4 4 13 1 5 16 4 1 17 0 1 16 1 4 18 2 2 16 0 3 19 4 8 13 1 5 12 2 5 11 0 6 11 0 3 12 0 3 14 3 2 15 0 7 14 3 8 14 1 8 18 0 4 15 1 8 17 4 8 12 4 8 15 1 6 18 1 4 11 2 4 17 4 4 10 3 6 21 1 5 17 1 7 15 3 4 16 3 1 14 1 4 19 0 3 13 4 7 13 3 2 17 0 5 10 0 3 18 3 7 16 2 6 15 2 9 18 2 5 15 3 6 20 1 7 18 2 6 16 1 7 17 2 6 12 2 9 17 2 2 14 2 6 19 2 3 15 2 
 --- Bot used 76 milliseconds ---
-----------------------------------------------------------------------------
 --- Frame #161 ---
6 11 1 8 18 2 3 12 2 6 12 1 7 12 2 7 18 3 8 12 0 9 17 3 8 17 3 7 17 2 6 17 0 5 17 1 10 15 4 4 17 1 3 17 3 4 12 2 2 17 0 5 18 0 3 18 3 3 19 4 1 17 0 10 16 1 9 16 2 5 19 0 8 16 2 7 16 2 10 17 2 6 16 4 5 16 4 4 16 2 4 19 4 7 13 1 5 20 1 5 11 1 5 10 4 4 11 0 5 12 0 5 13 1 4 13 3 6 13 0 3 16 4 2 16 0 1 16 2 6 18 4 4 18 3 8 15 0 6 19 2 7 15 2 6 15 0 5 15 3 4 15 0 6 20 2 3 15 2 2 15 3 1 15 1 8 14 4 7 14 1 6 14 4 5 14 1 4 14 1 3 14 3 8 13 3 2 14 4 1 14 4 3 13 2 8 19 4 9 18 1 4 10 1 6 21 1 2 13 0 
 --- Bot used 87 milliseconds ---
-----------------------------------------------------------------------------
 --- Frame #162 ---
4 12 0 9 18 0 4 17 0 3 12 4 10 15 2 3 16 3 3 18 0 1 16 2 4 18 4 6 21 3 5 18 3 4 19 0 6 18 1 8 15 3 5 19 0 3 19 4 4 13 0 4 11 2 2 13 4 5 17 2 6 17 1 7 17 4 5 10 1 5 15 1 4 15 0 3 15 0 2 15 0 6 20 2 1 15 3 8 14 1 7 14 2 7 18 3 8 12 2 7 12 4 6 12 4 5 12 4 3 17 2 2 17 0 7 15 4 6 15 2 5 11 1 6 19 2 8 19 2 6 11 0 2 16 2 1 17 4 10 16 3 7 19 3 9 16 2 8 17 0 8 16 0 9 17 0 7 16 3 6 16 3 5 16 0 4 16 2 4 10 4 3 13 1 4 14 4 3 14 3 8 18 3 2 14 3 1 14 0 8 13 4 5 20 0 7 13 4 6 13 2 5 13 1 6 14 4 10 17 4 5 14 1 
 --- Bot used 70 milliseconds ---
-----------------------------------------------------------------------------
 --- Frame #163 ---
2 13 2 8 19 2 7 12 2 4 18 0 9 12 4 6 19 0 9 18 3 5 15 4 2 19 4 2 15 4 4 19 0 7 14 2 4 17 4 6 21 4 10 17 2 8 17 1 5 17 0 6 18 4 9 16 0 6 17 0 8 12 3 3 18 0 1 16 1 2 17 0 5 13 4 3 19 3 4 10 4 8 18 0 9 17 3 7 15 3 4 11 3 8 15 2 3 12 1 5 10 1 5 18 2 2 16 2 6 20 1 4 14 4 1 14 4 7 19 0 3 13 3 7 17 2 3 16 2 1 13 4 7 18 1 3 17 3 4 16 2 5 19 4 4 13 1 8 14 2 2 14 4 6 11 1 1 15 0 5 11 4 5 14 1 5 16 3 6 14 2 3 14 0 4 12 1 6 13 4 5 12 3 6 16 2 4 15 2 7 16 2 3 15 0 5 20 2 10 16 3 8 16 3 6 15 1 8 13 0 1 17 2 7 13 4 6 12 1 10 15 4 
 --- Bot used 87 milliseconds ---
-----------------------------------------------------------------------------
 --- Frame #164 ---
2 14 3 2 13 4 6 18 2 1 13 1 5 11 3 4 11 3 9 17 4 10 17 2 3 18 4 5 20 4 3 15 3 2 15 3 8 14 4 4 15 3 6 15 4 2 16 3 3 16 4 4 12 1 4 19 3 7 14 0 7 13 4 5 13 0 3 13 4 10 15 3 1 19 4 9 12 4 8 12 1 7 12 4 6 12 2 9 19 3 1 14 0 8 13 4 5 17 2 4 17 1 3 17 2 8 19 4 3 12 4 2 17 1 5 14 4 1 16 4 6 11 4 7 18 2 6 21 2 6 14 3 6 13 3 4 13 2 6 17 1 8 15 1 7 17 1 7 15 0 3 19 4 4 10 4 5 19 3 5 12 2 1 15 1 4 14 1 5 18 1 6 19 1 5 10 4 8 18 1 1 17 1 3 14 4 10 16 1 9 16 2 8 16 3 7 16 2 6 16 0 5 15 0 6 20 0 2 19 0 4 18 4 9 18 3 5 16 4 4 16 3 7 19 3 8 17 0 
 --- Bot used 110 milliseconds ---
-----------------------------------------------------------------------------
 --- Frame #165 ---
Traceback (most recent call last):
 --- Bot used 84 milliseconds ---
ERRORED!
Response received (if any):
Traceback (most recent call last):
 --- Bot was killed. Below is the rest of its output (if any): ---
  File "MyBot.py", line 200, in <module>
    loc_states = get_states(gameMap, myID)
  File "MyBot.py", line 44, in get_states
    ss = gameMap.getSite(loc)
  File "/home/michalis/Development/Halite/hlt.py", line 96, in getSite
    return self.contents[l.y][l.x]
IndexError: list index out of range

 --- End bot output ---